[0.021s] Invoking command in '/home/dhruv/rbe500-ros/src/build/open_manipulator_x_description': CMAKE_PREFIX_PATH=${CMAKE_PREFIX_PATH}:/home/dhruv/rbe500-ros/install/rbe500_example_py:/home/dhruv/rbe500-ros/install/open_manipulator_x_description:/home/dhruv/rbe500-ros/install/grp_assn_1:/home/dhruv/rbe500-ros/install/dynamixel_workbench:/home/dhruv/rbe500-ros/install/dynamixel_sdk:/opt/ros/humble /usr/bin/cmake --build /home/dhruv/rbe500-ros/src/build/open_manipulator_x_description -- -j32 -l32
[0.214s] Invoked command in '/home/dhruv/rbe500-ros/src/build/open_manipulator_x_description' returned '0': CMAKE_PREFIX_PATH=${CMAKE_PREFIX_PATH}:/home/dhruv/rbe500-ros/install/rbe500_example_py:/home/dhruv/rbe500-ros/install/open_manipulator_x_description:/home/dhruv/rbe500-ros/install/grp_assn_1:/home/dhruv/rbe500-ros/install/dynamixel_workbench:/home/dhruv/rbe500-ros/install/dynamixel_sdk:/opt/ros/humble /usr/bin/cmake --build /home/dhruv/rbe500-ros/src/build/open_manipulator_x_description -- -j32 -l32
[0.245s] Invoking command in '/home/dhruv/rbe500-ros/src/build/open_manipulator_x_description': CMAKE_PREFIX_PATH=${CMAKE_PREFIX_PATH}:/home/dhruv/rbe500-ros/install/rbe500_example_py:/home/dhruv/rbe500-ros/install/open_manipulator_x_description:/home/dhruv/rbe500-ros/install/grp_assn_1:/home/dhruv/rbe500-ros/install/dynamixel_workbench:/home/dhruv/rbe500-ros/install/dynamixel_sdk:/opt/ros/humble /usr/bin/cmake --install /home/dhruv/rbe500-ros/src/build/open_manipulator_x_description
[0.251s] -- Install configuration: ""
[0.251s] -- Up-to-date: /home/dhruv/rbe500-ros/src/install/open_manipulator_x_description/share/open_manipulator_x_description/launch
[0.252s] -- Up-to-date: /home/dhruv/rbe500-ros/src/install/open_manipulator_x_description/share/open_manipulator_x_description/launch/.DS_Store
[0.252s] -- Up-to-date: /home/dhruv/rbe500-ros/src/install/open_manipulator_x_description/share/open_manipulator_x_description/launch/open_manipulator_x_rviz.launch.py
[0.252s] -- Up-to-date: /home/dhruv/rbe500-ros/src/install/open_manipulator_x_description/share/open_manipulator_x_description/meshes
[0.252s] -- Up-to-date: /home/dhruv/rbe500-ros/src/install/open_manipulator_x_description/share/open_manipulator_x_description/meshes/chain_link4.stl
[0.252s] -- Up-to-date: /home/dhruv/rbe500-ros/src/install/open_manipulator_x_description/share/open_manipulator_x_description/meshes/chain_link5.stl
[0.252s] -- Up-to-date: /home/dhruv/rbe500-ros/src/install/open_manipulator_x_description/share/open_manipulator_x_description/meshes/chain_link3.stl
[0.252s] -- Up-to-date: /home/dhruv/rbe500-ros/src/install/open_manipulator_x_description/share/open_manipulator_x_description/meshes/chain_link1.stl
[0.252s] -- Up-to-date: /home/dhruv/rbe500-ros/src/install/open_manipulator_x_description/share/open_manipulator_x_description/meshes/chain_link_grip_l.stl
[0.252s] -- Up-to-date: /home/dhruv/rbe500-ros/src/install/open_manipulator_x_description/share/open_manipulator_x_description/meshes/chain_link2.stl
[0.252s] -- Up-to-date: /home/dhruv/rbe500-ros/src/install/open_manipulator_x_description/share/open_manipulator_x_description/meshes/chain_link_grip_r.stl
[0.252s] -- Up-to-date: /home/dhruv/rbe500-ros/src/install/open_manipulator_x_description/share/open_manipulator_x_description/rviz
[0.252s] -- Up-to-date: /home/dhruv/rbe500-ros/src/install/open_manipulator_x_description/share/open_manipulator_x_description/rviz/open_manipulator_x.rviz
[0.252s] -- Up-to-date: /home/dhruv/rbe500-ros/src/install/open_manipulator_x_description/share/open_manipulator_x_description/urdf
[0.253s] -- Up-to-date: /home/dhruv/rbe500-ros/src/install/open_manipulator_x_description/share/open_manipulator_x_description/urdf/open_manipulator_x.urdf.xacro
[0.253s] -- Up-to-date: /home/dhruv/rbe500-ros/src/install/open_manipulator_x_description/share/open_manipulator_x_description/urdf/materials.xacro
[0.253s] -- Up-to-date: /home/dhruv/rbe500-ros/src/install/open_manipulator_x_description/share/open_manipulator_x_description/urdf/open_manipulator_x.transmission.xacro
[0.253s] -- Up-to-date: /home/dhruv/rbe500-ros/src/install/open_manipulator_x_description/share/open_manipulator_x_description/urdf/open_manipulator_x.gazebo.xacro
[0.254s] -- Up-to-date: /home/dhruv/rbe500-ros/src/install/open_manipulator_x_description/share/open_manipulator_x_description/urdf/open_manipulator_x_robot.urdf.xacro
[0.254s] -- Up-to-date: /home/dhruv/rbe500-ros/src/install/open_manipulator_x_description/share/ament_index/resource_index/package_run_dependencies/open_manipulator_x_description
[0.254s] -- Up-to-date: /home/dhruv/rbe500-ros/src/install/open_manipulator_x_description/share/ament_index/resource_index/parent_prefix_path/open_manipulator_x_description
[0.254s] -- Up-to-date: /home/dhruv/rbe500-ros/src/install/open_manipulator_x_description/share/open_manipulator_x_description/environment/ament_prefix_path.sh
[0.254s] -- Up-to-date: /home/dhruv/rbe500-ros/src/install/open_manipulator_x_description/share/open_manipulator_x_description/environment/ament_prefix_path.dsv
[0.254s] -- Up-to-date: /home/dhruv/rbe500-ros/src/install/open_manipulator_x_description/share/open_manipulator_x_description/environment/path.sh
[0.254s] -- Up-to-date: /home/dhruv/rbe500-ros/src/install/open_manipulator_x_description/share/open_manipulator_x_description/environment/path.dsv
[0.255s] -- Up-to-date: /home/dhruv/rbe500-ros/src/install/open_manipulator_x_description/share/open_manipulator_x_description/local_setup.bash
[0.255s] -- Up-to-date: /home/dhruv/rbe500-ros/src/install/open_manipulator_x_description/share/open_manipulator_x_description/local_setup.sh
[0.255s] -- Up-to-date: /home/dhruv/rbe500-ros/src/install/open_manipulator_x_description/share/open_manipulator_x_description/local_setup.zsh
[0.256s] -- Up-to-date: /home/dhruv/rbe500-ros/src/install/open_manipulator_x_description/share/open_manipulator_x_description/local_setup.dsv
[0.256s] -- Installing: /home/dhruv/rbe500-ros/src/install/open_manipulator_x_description/share/open_manipulator_x_description/package.dsv
[0.256s] -- Up-to-date: /home/dhruv/rbe500-ros/src/install/open_manipulator_x_description/share/ament_index/resource_index/packages/open_manipulator_x_description
[0.256s] -- Up-to-date: /home/dhruv/rbe500-ros/src/install/open_manipulator_x_description/share/open_manipulator_x_description/cmake/open_manipulator_x_descriptionConfig.cmake
[0.256s] -- Up-to-date: /home/dhruv/rbe500-ros/src/install/open_manipulator_x_description/share/open_manipulator_x_description/cmake/open_manipulator_x_descriptionConfig-version.cmake
[0.256s] -- Up-to-date: /home/dhruv/rbe500-ros/src/install/open_manipulator_x_description/share/open_manipulator_x_description/package.xml
[0.258s] Invoked command in '/home/dhruv/rbe500-ros/src/build/open_manipulator_x_description' returned '0': CMAKE_PREFIX_PATH=${CMAKE_PREFIX_PATH}:/home/dhruv/rbe500-ros/install/rbe500_example_py:/home/dhruv/rbe500-ros/install/open_manipulator_x_description:/home/dhruv/rbe500-ros/install/grp_assn_1:/home/dhruv/rbe500-ros/install/dynamixel_workbench:/home/dhruv/rbe500-ros/install/dynamixel_sdk:/opt/ros/humble /usr/bin/cmake --install /home/dhruv/rbe500-ros/src/build/open_manipulator_x_description
