[0.029s] Invoking command in '/home/dhruv/rbe500-ros/src/build/robotis_manipulator': AMENT_PREFIX_PATH=/home/dhruv/rbe500-ros/src/install/cmake_modules:${AMENT_PREFIX_PATH} CMAKE_PREFIX_PATH=/home/dhruv/rbe500-ros/src/install/cmake_modules:/home/dhruv/rbe500-ros/install/open_manipulator:/home/dhruv/rbe500-ros/install/open_manipulator_x_controller:/home/dhruv/rbe500-ros/install/open_manipulator_x_libs:/home/dhruv/rbe500-ros/install/robotis_manipulator:/home/dhruv/rbe500-ros/install/rbe500-example:/home/dhruv/rbe500-ros/install/open_manipulator_msgs:/home/dhruv/rbe500-ros/install/dynamixel_workbench_toolbox:/home/dhruv/rbe500-ros/install/dynamixel_sdk_examples:/home/dhruv/rbe500-ros/install/dynamixel_sdk_custom_interfaces:/home/dhruv/rbe500-ros/install/custom_interfaces:/home/dhruv/rbe500-ros/install/cmake_modules:/home/dhruv/rbe500-ros/install/rbe500_example_py:/home/dhruv/rbe500-ros/install/open_manipulator_x_description:/home/dhruv/rbe500-ros/install/grp_assn_1:/home/dhruv/rbe500-ros/install/dynamixel_workbench:/home/dhruv/rbe500-ros/install/dynamixel_sdk:/opt/ros/humble /usr/bin/cmake --build /home/dhruv/rbe500-ros/src/build/robotis_manipulator -- -j32 -l32
[0.066s] [100%] Built target robotis_manipulator
[0.075s] Invoked command in '/home/dhruv/rbe500-ros/src/build/robotis_manipulator' returned '0': AMENT_PREFIX_PATH=/home/dhruv/rbe500-ros/src/install/cmake_modules:${AMENT_PREFIX_PATH} CMAKE_PREFIX_PATH=/home/dhruv/rbe500-ros/src/install/cmake_modules:/home/dhruv/rbe500-ros/install/open_manipulator:/home/dhruv/rbe500-ros/install/open_manipulator_x_controller:/home/dhruv/rbe500-ros/install/open_manipulator_x_libs:/home/dhruv/rbe500-ros/install/robotis_manipulator:/home/dhruv/rbe500-ros/install/rbe500-example:/home/dhruv/rbe500-ros/install/open_manipulator_msgs:/home/dhruv/rbe500-ros/install/dynamixel_workbench_toolbox:/home/dhruv/rbe500-ros/install/dynamixel_sdk_examples:/home/dhruv/rbe500-ros/install/dynamixel_sdk_custom_interfaces:/home/dhruv/rbe500-ros/install/custom_interfaces:/home/dhruv/rbe500-ros/install/cmake_modules:/home/dhruv/rbe500-ros/install/rbe500_example_py:/home/dhruv/rbe500-ros/install/open_manipulator_x_description:/home/dhruv/rbe500-ros/install/grp_assn_1:/home/dhruv/rbe500-ros/install/dynamixel_workbench:/home/dhruv/rbe500-ros/install/dynamixel_sdk:/opt/ros/humble /usr/bin/cmake --build /home/dhruv/rbe500-ros/src/build/robotis_manipulator -- -j32 -l32
[0.110s] Invoking command in '/home/dhruv/rbe500-ros/src/build/robotis_manipulator': AMENT_PREFIX_PATH=/home/dhruv/rbe500-ros/src/install/cmake_modules:${AMENT_PREFIX_PATH} CMAKE_PREFIX_PATH=/home/dhruv/rbe500-ros/src/install/cmake_modules:/home/dhruv/rbe500-ros/install/open_manipulator:/home/dhruv/rbe500-ros/install/open_manipulator_x_controller:/home/dhruv/rbe500-ros/install/open_manipulator_x_libs:/home/dhruv/rbe500-ros/install/robotis_manipulator:/home/dhruv/rbe500-ros/install/rbe500-example:/home/dhruv/rbe500-ros/install/open_manipulator_msgs:/home/dhruv/rbe500-ros/install/dynamixel_workbench_toolbox:/home/dhruv/rbe500-ros/install/dynamixel_sdk_examples:/home/dhruv/rbe500-ros/install/dynamixel_sdk_custom_interfaces:/home/dhruv/rbe500-ros/install/custom_interfaces:/home/dhruv/rbe500-ros/install/cmake_modules:/home/dhruv/rbe500-ros/install/rbe500_example_py:/home/dhruv/rbe500-ros/install/open_manipulator_x_description:/home/dhruv/rbe500-ros/install/grp_assn_1:/home/dhruv/rbe500-ros/install/dynamixel_workbench:/home/dhruv/rbe500-ros/install/dynamixel_sdk:/opt/ros/humble /usr/bin/cmake --install /home/dhruv/rbe500-ros/src/build/robotis_manipulator
[0.116s] -- Install configuration: ""
[0.118s] -- Up-to-date: /home/dhruv/rbe500-ros/src/install/robotis_manipulator/lib/librobotis_manipulator.so
[0.118s] -- Up-to-date: /home/dhruv/rbe500-ros/src/install/robotis_manipulator/include/
[0.118s] -- Up-to-date: /home/dhruv/rbe500-ros/src/install/robotis_manipulator/include//robotis_manipulator
[0.118s] -- Up-to-date: /home/dhruv/rbe500-ros/src/install/robotis_manipulator/include//robotis_manipulator/robotis_manipulator_trajectory_generator.h
[0.118s] -- Up-to-date: /home/dhruv/rbe500-ros/src/install/robotis_manipulator/include//robotis_manipulator/robotis_manipulator_log.h
[0.118s] -- Up-to-date: /home/dhruv/rbe500-ros/src/install/robotis_manipulator/include//robotis_manipulator/robotis_manipulator_common.h
[0.119s] -- Up-to-date: /home/dhruv/rbe500-ros/src/install/robotis_manipulator/include//robotis_manipulator/robotis_manipulator_manager.h
[0.119s] -- Up-to-date: /home/dhruv/rbe500-ros/src/install/robotis_manipulator/include//robotis_manipulator/robotis_manipulator.h
[0.119s] -- Up-to-date: /home/dhruv/rbe500-ros/src/install/robotis_manipulator/include//robotis_manipulator/robotis_manipulator_math.h
[0.119s] -- Up-to-date: /home/dhruv/rbe500-ros/src/install/robotis_manipulator/share/robotis_manipulator/environment/library_path.sh
[0.119s] -- Up-to-date: /home/dhruv/rbe500-ros/src/install/robotis_manipulator/share/robotis_manipulator/environment/library_path.dsv
[0.119s] -- Up-to-date: /home/dhruv/rbe500-ros/src/install/robotis_manipulator/share/ament_index/resource_index/package_run_dependencies/robotis_manipulator
[0.119s] -- Up-to-date: /home/dhruv/rbe500-ros/src/install/robotis_manipulator/share/ament_index/resource_index/parent_prefix_path/robotis_manipulator
[0.119s] -- Up-to-date: /home/dhruv/rbe500-ros/src/install/robotis_manipulator/share/robotis_manipulator/environment/ament_prefix_path.sh
[0.119s] -- Up-to-date: /home/dhruv/rbe500-ros/src/install/robotis_manipulator/share/robotis_manipulator/environment/ament_prefix_path.dsv
[0.119s] -- Up-to-date: /home/dhruv/rbe500-ros/src/install/robotis_manipulator/share/robotis_manipulator/environment/path.sh
[0.119s] -- Up-to-date: /home/dhruv/rbe500-ros/src/install/robotis_manipulator/share/robotis_manipulator/environment/path.dsv
[0.119s] -- Up-to-date: /home/dhruv/rbe500-ros/src/install/robotis_manipulator/share/robotis_manipulator/local_setup.bash
[0.119s] -- Up-to-date: /home/dhruv/rbe500-ros/src/install/robotis_manipulator/share/robotis_manipulator/local_setup.sh
[0.119s] -- Up-to-date: /home/dhruv/rbe500-ros/src/install/robotis_manipulator/share/robotis_manipulator/local_setup.zsh
[0.120s] -- Up-to-date: /home/dhruv/rbe500-ros/src/install/robotis_manipulator/share/robotis_manipulator/local_setup.dsv
[0.120s] -- Installing: /home/dhruv/rbe500-ros/src/install/robotis_manipulator/share/robotis_manipulator/package.dsv
[0.120s] -- Up-to-date: /home/dhruv/rbe500-ros/src/install/robotis_manipulator/share/ament_index/resource_index/packages/robotis_manipulator
[0.120s] -- Up-to-date: /home/dhruv/rbe500-ros/src/install/robotis_manipulator/share/robotis_manipulator/cmake/ament_cmake_export_include_directories-extras.cmake
[0.120s] -- Up-to-date: /home/dhruv/rbe500-ros/src/install/robotis_manipulator/share/robotis_manipulator/cmake/ament_cmake_export_dependencies-extras.cmake
[0.120s] -- Up-to-date: /home/dhruv/rbe500-ros/src/install/robotis_manipulator/share/robotis_manipulator/cmake/ament_cmake_export_libraries-extras.cmake
[0.120s] -- Up-to-date: /home/dhruv/rbe500-ros/src/install/robotis_manipulator/share/robotis_manipulator/cmake/robotis_manipulatorConfig.cmake
[0.120s] -- Up-to-date: /home/dhruv/rbe500-ros/src/install/robotis_manipulator/share/robotis_manipulator/cmake/robotis_manipulatorConfig-version.cmake
[0.120s] -- Up-to-date: /home/dhruv/rbe500-ros/src/install/robotis_manipulator/share/robotis_manipulator/package.xml
[0.131s] Invoked command in '/home/dhruv/rbe500-ros/src/build/robotis_manipulator' returned '0': AMENT_PREFIX_PATH=/home/dhruv/rbe500-ros/src/install/cmake_modules:${AMENT_PREFIX_PATH} CMAKE_PREFIX_PATH=/home/dhruv/rbe500-ros/src/install/cmake_modules:/home/dhruv/rbe500-ros/install/open_manipulator:/home/dhruv/rbe500-ros/install/open_manipulator_x_controller:/home/dhruv/rbe500-ros/install/open_manipulator_x_libs:/home/dhruv/rbe500-ros/install/robotis_manipulator:/home/dhruv/rbe500-ros/install/rbe500-example:/home/dhruv/rbe500-ros/install/open_manipulator_msgs:/home/dhruv/rbe500-ros/install/dynamixel_workbench_toolbox:/home/dhruv/rbe500-ros/install/dynamixel_sdk_examples:/home/dhruv/rbe500-ros/install/dynamixel_sdk_custom_interfaces:/home/dhruv/rbe500-ros/install/custom_interfaces:/home/dhruv/rbe500-ros/install/cmake_modules:/home/dhruv/rbe500-ros/install/rbe500_example_py:/home/dhruv/rbe500-ros/install/open_manipulator_x_description:/home/dhruv/rbe500-ros/install/grp_assn_1:/home/dhruv/rbe500-ros/install/dynamixel_workbench:/home/dhruv/rbe500-ros/install/dynamixel_sdk:/opt/ros/humble /usr/bin/cmake --install /home/dhruv/rbe500-ros/src/build/robotis_manipulator
