[0.010s] Invoking command in '/home/dhruv/rbe500-ros/src/build/dynamixel_sdk_examples': AMENT_PREFIX_PATH=/home/dhruv/rbe500-ros/src/install/dynamixel_sdk_custom_interfaces:/home/dhruv/rbe500-ros/src/install/dynamixel_sdk:${AMENT_PREFIX_PATH} CMAKE_PREFIX_PATH=/home/dhruv/rbe500-ros/src/install/dynamixel_sdk_custom_interfaces:/home/dhruv/rbe500-ros/src/install/dynamixel_sdk:/home/dhruv/rbe500-ros/install/open_manipulator:/home/dhruv/rbe500-ros/install/open_manipulator_x_controller:/home/dhruv/rbe500-ros/install/open_manipulator_x_libs:/home/dhruv/rbe500-ros/install/robotis_manipulator:/home/dhruv/rbe500-ros/install/rbe500-example:/home/dhruv/rbe500-ros/install/open_manipulator_x_description:/home/dhruv/rbe500-ros/install/open_manipulator_msgs:/home/dhruv/rbe500-ros/install/dynamixel_workbench:/home/dhruv/rbe500-ros/install/dynamixel_workbench_toolbox:/home/dhruv/rbe500-ros/install/dynamixel_sdk_examples:/home/dhruv/rbe500-ros/install/dynamixel_sdk_custom_interfaces:/home/dhruv/rbe500-ros/install/dynamixel_sdk:/home/dhruv/rbe500-ros/install/custom_interfaces:/home/dhruv/rbe500-ros/install/cmake_modules:/home/dhruv/rbe500-ros/install/rbe500_example_py:/home/dhruv/rbe500-ros/install/grp_assn_1:/opt/ros/humble LD_LIBRARY_PATH=/home/dhruv/rbe500-ros/src/install/dynamixel_sdk_custom_interfaces/lib:/home/dhruv/rbe500-ros/src/install/dynamixel_sdk/lib:${LD_LIBRARY_PATH} PYTHONPATH=/home/dhruv/rbe500-ros/src/install/dynamixel_sdk_custom_interfaces/local/lib/python3.10/dist-packages:${PYTHONPATH} /usr/bin/cmake /home/dhruv/rbe500-ros/src/DynamixelSDK/dynamixel_sdk_examples -DCMAKE_INSTALL_PREFIX=/home/dhruv/rbe500-ros/src/install/dynamixel_sdk_examples
[0.054s] -- The C compiler identification is GNU 11.4.0
[0.098s] -- The CXX compiler identification is GNU 11.4.0
[0.103s] -- Detecting C compiler ABI info
[0.167s] -- Detecting C compiler ABI info - done
[0.172s] -- Check for working C compiler: /usr/bin/cc - skipped
[0.172s] -- Detecting C compile features
[0.173s] -- Detecting C compile features - done
[0.175s] -- Detecting CXX compiler ABI info
[0.236s] -- Detecting CXX compiler ABI info - done
[0.244s] -- Check for working CXX compiler: /usr/bin/c++ - skipped
[0.244s] -- Detecting CXX compile features
[0.245s] -- Detecting CXX compile features - done
[0.248s] -- Found ament_cmake: 1.3.10 (/opt/ros/humble/share/ament_cmake/cmake)
[0.382s] -- Found Python3: /usr/bin/python3 (found version "3.10.12") found components: Interpreter 
[0.465s] -- Found dynamixel_sdk: 3.7.60 (/home/dhruv/rbe500-ros/src/install/dynamixel_sdk/share/dynamixel_sdk/cmake)
[0.467s] -- Found dynamixel_sdk_custom_interfaces: 3.7.60 (/home/dhruv/rbe500-ros/src/install/dynamixel_sdk_custom_interfaces/share/dynamixel_sdk_custom_interfaces/cmake)
[0.501s] -- Found rosidl_generator_c: 3.1.5 (/opt/ros/humble/share/rosidl_generator_c/cmake)
[0.505s] -- Found rosidl_adapter: 3.1.5 (/opt/ros/humble/share/rosidl_adapter/cmake)
[0.512s] -- Found rosidl_generator_cpp: 3.1.5 (/opt/ros/humble/share/rosidl_generator_cpp/cmake)
[0.521s] -- Using all available rosidl_typesupport_c: rosidl_typesupport_fastrtps_c;rosidl_typesupport_introspection_c
[0.533s] -- Using all available rosidl_typesupport_cpp: rosidl_typesupport_fastrtps_cpp;rosidl_typesupport_introspection_cpp
[0.552s] -- Found rclcpp: 16.0.10 (/opt/ros/humble/share/rclcpp/cmake)
[0.581s] -- Found rmw_implementation_cmake: 6.1.2 (/opt/ros/humble/share/rmw_implementation_cmake/cmake)
[0.584s] -- Found rmw_fastrtps_cpp: 6.2.7 (/opt/ros/humble/share/rmw_fastrtps_cpp/cmake)
[0.660s] -- Found OpenSSL: /usr/lib/x86_64-linux-gnu/libcrypto.so (found version "3.0.2")  
[0.681s] -- Found FastRTPS: /opt/ros/humble/include  
[0.713s] -- Using RMW implementation 'rmw_fastrtps_cpp' as default
[0.724s] -- Looking for pthread.h
[0.783s] -- Looking for pthread.h - found
[0.784s] -- Performing Test CMAKE_HAVE_LIBC_PTHREAD
[0.855s] -- Performing Test CMAKE_HAVE_LIBC_PTHREAD - Success
[0.855s] -- Found Threads: TRUE  
[0.892s] -- Found ament_lint_auto: 0.12.11 (/opt/ros/humble/share/ament_lint_auto/cmake)
[0.961s] -- Added test 'copyright' to check source files copyright and LICENSE
[0.962s] -- Added test 'cppcheck' to perform static code analysis on C / C++ code
[0.962s] -- Configured cppcheck include dirs: /home/dhruv/rbe500-ros/src/DynamixelSDK/dynamixel_sdk_examples/include
[0.962s] -- Configured cppcheck exclude dirs and/or files: 
[0.963s] -- Added test 'cpplint' to check C / C++ code against the Google style
[0.963s] -- Configured cpplint exclude dirs and/or files: 
[0.963s] -- Added test 'lint_cmake' to check CMake code style
[0.964s] -- Added test 'uncrustify' to check C / C++ code style
[0.964s] -- Configured uncrustify additional arguments: 
[0.964s] -- Added test 'xmllint' to check XML markup files
[0.965s] -- Configuring done
[0.971s] -- Generating done
[0.972s] -- Build files have been written to: /home/dhruv/rbe500-ros/src/build/dynamixel_sdk_examples
[0.980s] Invoked command in '/home/dhruv/rbe500-ros/src/build/dynamixel_sdk_examples' returned '0': AMENT_PREFIX_PATH=/home/dhruv/rbe500-ros/src/install/dynamixel_sdk_custom_interfaces:/home/dhruv/rbe500-ros/src/install/dynamixel_sdk:${AMENT_PREFIX_PATH} CMAKE_PREFIX_PATH=/home/dhruv/rbe500-ros/src/install/dynamixel_sdk_custom_interfaces:/home/dhruv/rbe500-ros/src/install/dynamixel_sdk:/home/dhruv/rbe500-ros/install/open_manipulator:/home/dhruv/rbe500-ros/install/open_manipulator_x_controller:/home/dhruv/rbe500-ros/install/open_manipulator_x_libs:/home/dhruv/rbe500-ros/install/robotis_manipulator:/home/dhruv/rbe500-ros/install/rbe500-example:/home/dhruv/rbe500-ros/install/open_manipulator_x_description:/home/dhruv/rbe500-ros/install/open_manipulator_msgs:/home/dhruv/rbe500-ros/install/dynamixel_workbench:/home/dhruv/rbe500-ros/install/dynamixel_workbench_toolbox:/home/dhruv/rbe500-ros/install/dynamixel_sdk_examples:/home/dhruv/rbe500-ros/install/dynamixel_sdk_custom_interfaces:/home/dhruv/rbe500-ros/install/dynamixel_sdk:/home/dhruv/rbe500-ros/install/custom_interfaces:/home/dhruv/rbe500-ros/install/cmake_modules:/home/dhruv/rbe500-ros/install/rbe500_example_py:/home/dhruv/rbe500-ros/install/grp_assn_1:/opt/ros/humble LD_LIBRARY_PATH=/home/dhruv/rbe500-ros/src/install/dynamixel_sdk_custom_interfaces/lib:/home/dhruv/rbe500-ros/src/install/dynamixel_sdk/lib:${LD_LIBRARY_PATH} PYTHONPATH=/home/dhruv/rbe500-ros/src/install/dynamixel_sdk_custom_interfaces/local/lib/python3.10/dist-packages:${PYTHONPATH} /usr/bin/cmake /home/dhruv/rbe500-ros/src/DynamixelSDK/dynamixel_sdk_examples -DCMAKE_INSTALL_PREFIX=/home/dhruv/rbe500-ros/src/install/dynamixel_sdk_examples
[0.982s] Invoking command in '/home/dhruv/rbe500-ros/src/build/dynamixel_sdk_examples': AMENT_PREFIX_PATH=/home/dhruv/rbe500-ros/src/install/dynamixel_sdk_custom_interfaces:/home/dhruv/rbe500-ros/src/install/dynamixel_sdk:${AMENT_PREFIX_PATH} CMAKE_PREFIX_PATH=/home/dhruv/rbe500-ros/src/install/dynamixel_sdk_custom_interfaces:/home/dhruv/rbe500-ros/src/install/dynamixel_sdk:/home/dhruv/rbe500-ros/install/open_manipulator:/home/dhruv/rbe500-ros/install/open_manipulator_x_controller:/home/dhruv/rbe500-ros/install/open_manipulator_x_libs:/home/dhruv/rbe500-ros/install/robotis_manipulator:/home/dhruv/rbe500-ros/install/rbe500-example:/home/dhruv/rbe500-ros/install/open_manipulator_x_description:/home/dhruv/rbe500-ros/install/open_manipulator_msgs:/home/dhruv/rbe500-ros/install/dynamixel_workbench:/home/dhruv/rbe500-ros/install/dynamixel_workbench_toolbox:/home/dhruv/rbe500-ros/install/dynamixel_sdk_examples:/home/dhruv/rbe500-ros/install/dynamixel_sdk_custom_interfaces:/home/dhruv/rbe500-ros/install/dynamixel_sdk:/home/dhruv/rbe500-ros/install/custom_interfaces:/home/dhruv/rbe500-ros/install/cmake_modules:/home/dhruv/rbe500-ros/install/rbe500_example_py:/home/dhruv/rbe500-ros/install/grp_assn_1:/opt/ros/humble LD_LIBRARY_PATH=/home/dhruv/rbe500-ros/src/install/dynamixel_sdk_custom_interfaces/lib:/home/dhruv/rbe500-ros/src/install/dynamixel_sdk/lib:${LD_LIBRARY_PATH} PYTHONPATH=/home/dhruv/rbe500-ros/src/install/dynamixel_sdk_custom_interfaces/local/lib/python3.10/dist-packages:${PYTHONPATH} /usr/bin/cmake --build /home/dhruv/rbe500-ros/src/build/dynamixel_sdk_examples -- -j32 -l32
[1.032s] [ 50%] [32mBuilding CXX object CMakeFiles/read_write_node.dir/src/read_write_node.cpp.o[0m
[6.093s] [100%] [32m[1mLinking CXX executable read_write_node[0m
[6.338s] [100%] Built target read_write_node
[6.349s] Invoked command in '/home/dhruv/rbe500-ros/src/build/dynamixel_sdk_examples' returned '0': AMENT_PREFIX_PATH=/home/dhruv/rbe500-ros/src/install/dynamixel_sdk_custom_interfaces:/home/dhruv/rbe500-ros/src/install/dynamixel_sdk:${AMENT_PREFIX_PATH} CMAKE_PREFIX_PATH=/home/dhruv/rbe500-ros/src/install/dynamixel_sdk_custom_interfaces:/home/dhruv/rbe500-ros/src/install/dynamixel_sdk:/home/dhruv/rbe500-ros/install/open_manipulator:/home/dhruv/rbe500-ros/install/open_manipulator_x_controller:/home/dhruv/rbe500-ros/install/open_manipulator_x_libs:/home/dhruv/rbe500-ros/install/robotis_manipulator:/home/dhruv/rbe500-ros/install/rbe500-example:/home/dhruv/rbe500-ros/install/open_manipulator_x_description:/home/dhruv/rbe500-ros/install/open_manipulator_msgs:/home/dhruv/rbe500-ros/install/dynamixel_workbench:/home/dhruv/rbe500-ros/install/dynamixel_workbench_toolbox:/home/dhruv/rbe500-ros/install/dynamixel_sdk_examples:/home/dhruv/rbe500-ros/install/dynamixel_sdk_custom_interfaces:/home/dhruv/rbe500-ros/install/dynamixel_sdk:/home/dhruv/rbe500-ros/install/custom_interfaces:/home/dhruv/rbe500-ros/install/cmake_modules:/home/dhruv/rbe500-ros/install/rbe500_example_py:/home/dhruv/rbe500-ros/install/grp_assn_1:/opt/ros/humble LD_LIBRARY_PATH=/home/dhruv/rbe500-ros/src/install/dynamixel_sdk_custom_interfaces/lib:/home/dhruv/rbe500-ros/src/install/dynamixel_sdk/lib:${LD_LIBRARY_PATH} PYTHONPATH=/home/dhruv/rbe500-ros/src/install/dynamixel_sdk_custom_interfaces/local/lib/python3.10/dist-packages:${PYTHONPATH} /usr/bin/cmake --build /home/dhruv/rbe500-ros/src/build/dynamixel_sdk_examples -- -j32 -l32
[6.376s] Invoking command in '/home/dhruv/rbe500-ros/src/build/dynamixel_sdk_examples': AMENT_PREFIX_PATH=/home/dhruv/rbe500-ros/src/install/dynamixel_sdk_custom_interfaces:/home/dhruv/rbe500-ros/src/install/dynamixel_sdk:${AMENT_PREFIX_PATH} CMAKE_PREFIX_PATH=/home/dhruv/rbe500-ros/src/install/dynamixel_sdk_custom_interfaces:/home/dhruv/rbe500-ros/src/install/dynamixel_sdk:/home/dhruv/rbe500-ros/install/open_manipulator:/home/dhruv/rbe500-ros/install/open_manipulator_x_controller:/home/dhruv/rbe500-ros/install/open_manipulator_x_libs:/home/dhruv/rbe500-ros/install/robotis_manipulator:/home/dhruv/rbe500-ros/install/rbe500-example:/home/dhruv/rbe500-ros/install/open_manipulator_x_description:/home/dhruv/rbe500-ros/install/open_manipulator_msgs:/home/dhruv/rbe500-ros/install/dynamixel_workbench:/home/dhruv/rbe500-ros/install/dynamixel_workbench_toolbox:/home/dhruv/rbe500-ros/install/dynamixel_sdk_examples:/home/dhruv/rbe500-ros/install/dynamixel_sdk_custom_interfaces:/home/dhruv/rbe500-ros/install/dynamixel_sdk:/home/dhruv/rbe500-ros/install/custom_interfaces:/home/dhruv/rbe500-ros/install/cmake_modules:/home/dhruv/rbe500-ros/install/rbe500_example_py:/home/dhruv/rbe500-ros/install/grp_assn_1:/opt/ros/humble LD_LIBRARY_PATH=/home/dhruv/rbe500-ros/src/install/dynamixel_sdk_custom_interfaces/lib:/home/dhruv/rbe500-ros/src/install/dynamixel_sdk/lib:${LD_LIBRARY_PATH} PYTHONPATH=/home/dhruv/rbe500-ros/src/install/dynamixel_sdk_custom_interfaces/local/lib/python3.10/dist-packages:${PYTHONPATH} /usr/bin/cmake --install /home/dhruv/rbe500-ros/src/build/dynamixel_sdk_examples
[6.382s] -- Install configuration: ""
[6.382s] -- Installing: /home/dhruv/rbe500-ros/src/install/dynamixel_sdk_examples/lib/dynamixel_sdk_examples/read_write_node
[6.384s] -- Set runtime path of "/home/dhruv/rbe500-ros/src/install/dynamixel_sdk_examples/lib/dynamixel_sdk_examples/read_write_node" to ""
[6.385s] -- Installing: /home/dhruv/rbe500-ros/src/install/dynamixel_sdk_examples/share/ament_index/resource_index/package_run_dependencies/dynamixel_sdk_examples
[6.385s] -- Installing: /home/dhruv/rbe500-ros/src/install/dynamixel_sdk_examples/share/ament_index/resource_index/parent_prefix_path/dynamixel_sdk_examples
[6.385s] -- Installing: /home/dhruv/rbe500-ros/src/install/dynamixel_sdk_examples/share/dynamixel_sdk_examples/environment/ament_prefix_path.sh
[6.385s] -- Installing: /home/dhruv/rbe500-ros/src/install/dynamixel_sdk_examples/share/dynamixel_sdk_examples/environment/ament_prefix_path.dsv
[6.385s] -- Installing: /home/dhruv/rbe500-ros/src/install/dynamixel_sdk_examples/share/dynamixel_sdk_examples/environment/path.sh
[6.385s] -- Installing: /home/dhruv/rbe500-ros/src/install/dynamixel_sdk_examples/share/dynamixel_sdk_examples/environment/path.dsv
[6.385s] -- Installing: /home/dhruv/rbe500-ros/src/install/dynamixel_sdk_examples/share/dynamixel_sdk_examples/local_setup.bash
[6.385s] -- Installing: /home/dhruv/rbe500-ros/src/install/dynamixel_sdk_examples/share/dynamixel_sdk_examples/local_setup.sh
[6.385s] -- Installing: /home/dhruv/rbe500-ros/src/install/dynamixel_sdk_examples/share/dynamixel_sdk_examples/local_setup.zsh
[6.385s] -- Installing: /home/dhruv/rbe500-ros/src/install/dynamixel_sdk_examples/share/dynamixel_sdk_examples/local_setup.dsv
[6.385s] -- Installing: /home/dhruv/rbe500-ros/src/install/dynamixel_sdk_examples/share/dynamixel_sdk_examples/package.dsv
[6.385s] -- Installing: /home/dhruv/rbe500-ros/src/install/dynamixel_sdk_examples/share/ament_index/resource_index/packages/dynamixel_sdk_examples
[6.385s] -- Installing: /home/dhruv/rbe500-ros/src/install/dynamixel_sdk_examples/share/dynamixel_sdk_examples/cmake/dynamixel_sdk_examplesConfig.cmake
[6.385s] -- Installing: /home/dhruv/rbe500-ros/src/install/dynamixel_sdk_examples/share/dynamixel_sdk_examples/cmake/dynamixel_sdk_examplesConfig-version.cmake
[6.385s] -- Installing: /home/dhruv/rbe500-ros/src/install/dynamixel_sdk_examples/share/dynamixel_sdk_examples/package.xml
[6.387s] Invoked command in '/home/dhruv/rbe500-ros/src/build/dynamixel_sdk_examples' returned '0': AMENT_PREFIX_PATH=/home/dhruv/rbe500-ros/src/install/dynamixel_sdk_custom_interfaces:/home/dhruv/rbe500-ros/src/install/dynamixel_sdk:${AMENT_PREFIX_PATH} CMAKE_PREFIX_PATH=/home/dhruv/rbe500-ros/src/install/dynamixel_sdk_custom_interfaces:/home/dhruv/rbe500-ros/src/install/dynamixel_sdk:/home/dhruv/rbe500-ros/install/open_manipulator:/home/dhruv/rbe500-ros/install/open_manipulator_x_controller:/home/dhruv/rbe500-ros/install/open_manipulator_x_libs:/home/dhruv/rbe500-ros/install/robotis_manipulator:/home/dhruv/rbe500-ros/install/rbe500-example:/home/dhruv/rbe500-ros/install/open_manipulator_x_description:/home/dhruv/rbe500-ros/install/open_manipulator_msgs:/home/dhruv/rbe500-ros/install/dynamixel_workbench:/home/dhruv/rbe500-ros/install/dynamixel_workbench_toolbox:/home/dhruv/rbe500-ros/install/dynamixel_sdk_examples:/home/dhruv/rbe500-ros/install/dynamixel_sdk_custom_interfaces:/home/dhruv/rbe500-ros/install/dynamixel_sdk:/home/dhruv/rbe500-ros/install/custom_interfaces:/home/dhruv/rbe500-ros/install/cmake_modules:/home/dhruv/rbe500-ros/install/rbe500_example_py:/home/dhruv/rbe500-ros/install/grp_assn_1:/opt/ros/humble LD_LIBRARY_PATH=/home/dhruv/rbe500-ros/src/install/dynamixel_sdk_custom_interfaces/lib:/home/dhruv/rbe500-ros/src/install/dynamixel_sdk/lib:${LD_LIBRARY_PATH} PYTHONPATH=/home/dhruv/rbe500-ros/src/install/dynamixel_sdk_custom_interfaces/local/lib/python3.10/dist-packages:${PYTHONPATH} /usr/bin/cmake --install /home/dhruv/rbe500-ros/src/build/dynamixel_sdk_examples
