/home/dhruv/rbe500-ros/src/install/grp_assn_1/lib/python3.10/site-packages/grp_assn_1/__init__.py
/home/dhruv/rbe500-ros/src/install/grp_assn_1/lib/python3.10/site-packages/grp_assn_1/inv_kn_client.py
/home/dhruv/rbe500-ros/src/install/grp_assn_1/lib/python3.10/site-packages/grp_assn_1/inv_kn_srv.py
/home/dhruv/rbe500-ros/src/install/grp_assn_1/lib/python3.10/site-packages/grp_assn_1/fwd_kn.py
/home/dhruv/rbe500-ros/src/install/grp_assn_1/lib/python3.10/site-packages/grp_assn_1/__pycache__/__init__.cpython-310.pyc
/home/dhruv/rbe500-ros/src/install/grp_assn_1/lib/python3.10/site-packages/grp_assn_1/__pycache__/inv_kn_client.cpython-310.pyc
/home/dhruv/rbe500-ros/src/install/grp_assn_1/lib/python3.10/site-packages/grp_assn_1/__pycache__/inv_kn_srv.cpython-310.pyc
/home/dhruv/rbe500-ros/src/install/grp_assn_1/lib/python3.10/site-packages/grp_assn_1/__pycache__/fwd_kn.cpython-310.pyc
/home/dhruv/rbe500-ros/src/install/grp_assn_1/share/ament_index/resource_index/packages/grp_assn_1
/home/dhruv/rbe500-ros/src/install/grp_assn_1/share/grp_assn_1/package.xml
/home/dhruv/rbe500-ros/src/install/grp_assn_1/lib/python3.10/site-packages/grp_assn_1-0.0.0-py3.10.egg-info/top_level.txt
/home/dhruv/rbe500-ros/src/install/grp_assn_1/lib/python3.10/site-packages/grp_assn_1-0.0.0-py3.10.egg-info/PKG-INFO
/home/dhruv/rbe500-ros/src/install/grp_assn_1/lib/python3.10/site-packages/grp_assn_1-0.0.0-py3.10.egg-info/requires.txt
/home/dhruv/rbe500-ros/src/install/grp_assn_1/lib/python3.10/site-packages/grp_assn_1-0.0.0-py3.10.egg-info/zip-safe
/home/dhruv/rbe500-ros/src/install/grp_assn_1/lib/python3.10/site-packages/grp_assn_1-0.0.0-py3.10.egg-info/entry_points.txt
/home/dhruv/rbe500-ros/src/install/grp_assn_1/lib/python3.10/site-packages/grp_assn_1-0.0.0-py3.10.egg-info/SOURCES.txt
/home/dhruv/rbe500-ros/src/install/grp_assn_1/lib/python3.10/site-packages/grp_assn_1-0.0.0-py3.10.egg-info/dependency_links.txt
/home/dhruv/rbe500-ros/src/install/grp_assn_1/lib/grp_assn_1/fwd_kin_exec
/home/dhruv/rbe500-ros/src/install/grp_assn_1/lib/grp_assn_1/inv_kn_cli
/home/dhruv/rbe500-ros/src/install/grp_assn_1/lib/grp_assn_1/inv_kn_server
