[0.019s] Invoking command in '/home/dhruv/rbe500-ros/src/build/custom_interfaces': CMAKE_PREFIX_PATH=${CMAKE_PREFIX_PATH}:/home/dhruv/rbe500-ros/install/rbe500_example_py:/home/dhruv/rbe500-ros/install/grp_assn_1:/opt/ros/humble /usr/bin/cmake --build /home/dhruv/rbe500-ros/src/build/custom_interfaces -- -j32 -l32
[0.049s] [35m[1mConsolidate compiler generated dependencies of target custom_interfaces__rosidl_generator_c[0m
[0.059s] [  3%] Built target custom_interfaces__cpp
[0.060s] [ 12%] Built target custom_interfaces__rosidl_generator_c
[0.069s] [35m[1mConsolidate compiler generated dependencies of target custom_interfaces__rosidl_typesupport_fastrtps_cpp[0m
[0.070s] [35m[1mConsolidate compiler generated dependencies of target custom_interfaces__rosidl_typesupport_cpp[0m
[0.071s] [35m[1mConsolidate compiler generated dependencies of target custom_interfaces__rosidl_typesupport_c[0m
[0.072s] [35m[1mConsolidate compiler generated dependencies of target custom_interfaces__rosidl_typesupport_introspection_c[0m
[0.074s] [ 12%] Built target ament_cmake_python_copy_custom_interfaces
[0.075s] [35m[1mConsolidate compiler generated dependencies of target custom_interfaces__rosidl_typesupport_introspection_cpp[0m
[0.076s] [35m[1mConsolidate compiler generated dependencies of target custom_interfaces__rosidl_typesupport_fastrtps_c[0m
[0.080s] [ 22%] Built target custom_interfaces__rosidl_typesupport_cpp
[0.080s] [ 32%] Built target custom_interfaces__rosidl_typesupport_fastrtps_cpp
[0.081s] [ 41%] Built target custom_interfaces__rosidl_typesupport_c
[0.086s] [ 51%] Built target custom_interfaces__rosidl_typesupport_introspection_cpp
[0.087s] [ 61%] Built target custom_interfaces__rosidl_typesupport_introspection_c
[0.091s] [ 70%] Built target custom_interfaces__rosidl_typesupport_fastrtps_c
[0.108s] [ 70%] Built target custom_interfaces
[0.125s] [ 74%] Built target custom_interfaces__py
[0.134s] [35m[1mConsolidate compiler generated dependencies of target custom_interfaces__rosidl_generator_py[0m
[0.144s] [ 80%] Built target custom_interfaces__rosidl_generator_py
[0.154s] [35m[1mConsolidate compiler generated dependencies of target custom_interfaces__rosidl_typesupport_fastrtps_c__pyext[0m
[0.154s] [35m[1mConsolidate compiler generated dependencies of target custom_interfaces__rosidl_typesupport_introspection_c__pyext[0m
[0.155s] [35m[1mConsolidate compiler generated dependencies of target custom_interfaces__rosidl_typesupport_c__pyext[0m
[0.163s] [ 87%] Built target custom_interfaces__rosidl_typesupport_fastrtps_c__pyext
[0.165s] [ 93%] Built target custom_interfaces__rosidl_typesupport_c__pyext
[0.166s] [100%] Built target custom_interfaces__rosidl_typesupport_introspection_c__pyext
[0.224s] running egg_info
[0.225s] writing custom_interfaces.egg-info/PKG-INFO
[0.225s] writing dependency_links to custom_interfaces.egg-info/dependency_links.txt
[0.225s] writing top-level names to custom_interfaces.egg-info/top_level.txt
[0.226s] reading manifest file 'custom_interfaces.egg-info/SOURCES.txt'
[0.226s] writing manifest file 'custom_interfaces.egg-info/SOURCES.txt'
[0.249s] [100%] Built target ament_cmake_python_build_custom_interfaces_egg
[0.256s] Invoked command in '/home/dhruv/rbe500-ros/src/build/custom_interfaces' returned '0': CMAKE_PREFIX_PATH=${CMAKE_PREFIX_PATH}:/home/dhruv/rbe500-ros/install/rbe500_example_py:/home/dhruv/rbe500-ros/install/grp_assn_1:/opt/ros/humble /usr/bin/cmake --build /home/dhruv/rbe500-ros/src/build/custom_interfaces -- -j32 -l32
[0.311s] Invoking command in '/home/dhruv/rbe500-ros/src/build/custom_interfaces': CMAKE_PREFIX_PATH=${CMAKE_PREFIX_PATH}:/home/dhruv/rbe500-ros/install/rbe500_example_py:/home/dhruv/rbe500-ros/install/grp_assn_1:/opt/ros/humble /usr/bin/cmake --install /home/dhruv/rbe500-ros/src/build/custom_interfaces
[0.317s] -- Install configuration: ""
[0.317s] -- Up-to-date: /home/dhruv/rbe500-ros/src/install/custom_interfaces/share/ament_index/resource_index/rosidl_interfaces/custom_interfaces
[0.318s] -- Up-to-date: /home/dhruv/rbe500-ros/src/install/custom_interfaces/include/custom_interfaces/custom_interfaces
[0.318s] -- Up-to-date: /home/dhruv/rbe500-ros/src/install/custom_interfaces/include/custom_interfaces/custom_interfaces/msg
[0.318s] -- Up-to-date: /home/dhruv/rbe500-ros/src/install/custom_interfaces/include/custom_interfaces/custom_interfaces/msg/rosidl_generator_c__visibility_control.h
[0.318s] -- Up-to-date: /home/dhruv/rbe500-ros/src/install/custom_interfaces/include/custom_interfaces/custom_interfaces/srv
[0.318s] -- Up-to-date: /home/dhruv/rbe500-ros/src/install/custom_interfaces/include/custom_interfaces/custom_interfaces/srv/detail
[0.318s] -- Up-to-date: /home/dhruv/rbe500-ros/src/install/custom_interfaces/include/custom_interfaces/custom_interfaces/srv/detail/inv_kin__functions.c
[0.318s] -- Up-to-date: /home/dhruv/rbe500-ros/src/install/custom_interfaces/include/custom_interfaces/custom_interfaces/srv/detail/inv_kin__struct.h
[0.319s] -- Up-to-date: /home/dhruv/rbe500-ros/src/install/custom_interfaces/include/custom_interfaces/custom_interfaces/srv/detail/inv_kin__type_support.h
[0.319s] -- Up-to-date: /home/dhruv/rbe500-ros/src/install/custom_interfaces/include/custom_interfaces/custom_interfaces/srv/detail/inv_kin__functions.h
[0.319s] -- Up-to-date: /home/dhruv/rbe500-ros/src/install/custom_interfaces/include/custom_interfaces/custom_interfaces/srv/inv_kin.h
[0.319s] -- Up-to-date: /home/dhruv/rbe500-ros/src/install/custom_interfaces/share/custom_interfaces/environment/library_path.sh
[0.319s] -- Up-to-date: /home/dhruv/rbe500-ros/src/install/custom_interfaces/share/custom_interfaces/environment/library_path.dsv
[0.319s] -- Up-to-date: /home/dhruv/rbe500-ros/src/install/custom_interfaces/lib/libcustom_interfaces__rosidl_generator_c.so
[0.319s] -- Up-to-date: /home/dhruv/rbe500-ros/src/install/custom_interfaces/include/custom_interfaces/custom_interfaces
[0.319s] -- Up-to-date: /home/dhruv/rbe500-ros/src/install/custom_interfaces/include/custom_interfaces/custom_interfaces/msg
[0.319s] -- Up-to-date: /home/dhruv/rbe500-ros/src/install/custom_interfaces/include/custom_interfaces/custom_interfaces/msg/rosidl_typesupport_fastrtps_c__visibility_control.h
[0.319s] -- Up-to-date: /home/dhruv/rbe500-ros/src/install/custom_interfaces/include/custom_interfaces/custom_interfaces/srv
[0.319s] -- Up-to-date: /home/dhruv/rbe500-ros/src/install/custom_interfaces/include/custom_interfaces/custom_interfaces/srv/detail
[0.320s] -- Up-to-date: /home/dhruv/rbe500-ros/src/install/custom_interfaces/include/custom_interfaces/custom_interfaces/srv/detail/inv_kin__rosidl_typesupport_fastrtps_c.h
[0.320s] -- Up-to-date: /home/dhruv/rbe500-ros/src/install/custom_interfaces/lib/libcustom_interfaces__rosidl_typesupport_fastrtps_c.so
[0.320s] -- Up-to-date: /home/dhruv/rbe500-ros/src/install/custom_interfaces/include/custom_interfaces/custom_interfaces
[0.320s] -- Up-to-date: /home/dhruv/rbe500-ros/src/install/custom_interfaces/include/custom_interfaces/custom_interfaces/srv
[0.320s] -- Up-to-date: /home/dhruv/rbe500-ros/src/install/custom_interfaces/include/custom_interfaces/custom_interfaces/srv/inv_kin.hpp
[0.320s] -- Up-to-date: /home/dhruv/rbe500-ros/src/install/custom_interfaces/include/custom_interfaces/custom_interfaces/srv/detail
[0.320s] -- Up-to-date: /home/dhruv/rbe500-ros/src/install/custom_interfaces/include/custom_interfaces/custom_interfaces/srv/detail/inv_kin__builder.hpp
[0.320s] -- Up-to-date: /home/dhruv/rbe500-ros/src/install/custom_interfaces/include/custom_interfaces/custom_interfaces/srv/detail/inv_kin__traits.hpp
[0.320s] -- Up-to-date: /home/dhruv/rbe500-ros/src/install/custom_interfaces/include/custom_interfaces/custom_interfaces/srv/detail/inv_kin__struct.hpp
[0.320s] -- Up-to-date: /home/dhruv/rbe500-ros/src/install/custom_interfaces/include/custom_interfaces/custom_interfaces
[0.320s] -- Up-to-date: /home/dhruv/rbe500-ros/src/install/custom_interfaces/include/custom_interfaces/custom_interfaces/msg
[0.320s] -- Up-to-date: /home/dhruv/rbe500-ros/src/install/custom_interfaces/include/custom_interfaces/custom_interfaces/msg/rosidl_typesupport_fastrtps_cpp__visibility_control.h
[0.320s] -- Up-to-date: /home/dhruv/rbe500-ros/src/install/custom_interfaces/include/custom_interfaces/custom_interfaces/srv
[0.320s] -- Up-to-date: /home/dhruv/rbe500-ros/src/install/custom_interfaces/include/custom_interfaces/custom_interfaces/srv/detail
[0.321s] -- Up-to-date: /home/dhruv/rbe500-ros/src/install/custom_interfaces/include/custom_interfaces/custom_interfaces/srv/detail/dds_fastrtps
[0.321s] -- Up-to-date: /home/dhruv/rbe500-ros/src/install/custom_interfaces/include/custom_interfaces/custom_interfaces/srv/detail/inv_kin__rosidl_typesupport_fastrtps_cpp.hpp
[0.321s] -- Up-to-date: /home/dhruv/rbe500-ros/src/install/custom_interfaces/lib/libcustom_interfaces__rosidl_typesupport_fastrtps_cpp.so
[0.321s] -- Up-to-date: /home/dhruv/rbe500-ros/src/install/custom_interfaces/include/custom_interfaces/custom_interfaces
[0.321s] -- Up-to-date: /home/dhruv/rbe500-ros/src/install/custom_interfaces/include/custom_interfaces/custom_interfaces/msg
[0.321s] -- Up-to-date: /home/dhruv/rbe500-ros/src/install/custom_interfaces/include/custom_interfaces/custom_interfaces/msg/rosidl_typesupport_introspection_c__visibility_control.h
[0.321s] -- Up-to-date: /home/dhruv/rbe500-ros/src/install/custom_interfaces/include/custom_interfaces/custom_interfaces/srv
[0.321s] -- Up-to-date: /home/dhruv/rbe500-ros/src/install/custom_interfaces/include/custom_interfaces/custom_interfaces/srv/detail
[0.321s] -- Up-to-date: /home/dhruv/rbe500-ros/src/install/custom_interfaces/include/custom_interfaces/custom_interfaces/srv/detail/inv_kin__type_support.c
[0.321s] -- Up-to-date: /home/dhruv/rbe500-ros/src/install/custom_interfaces/include/custom_interfaces/custom_interfaces/srv/detail/inv_kin__rosidl_typesupport_introspection_c.h
[0.321s] -- Up-to-date: /home/dhruv/rbe500-ros/src/install/custom_interfaces/lib/libcustom_interfaces__rosidl_typesupport_introspection_c.so
[0.321s] -- Up-to-date: /home/dhruv/rbe500-ros/src/install/custom_interfaces/lib/libcustom_interfaces__rosidl_typesupport_c.so
[0.321s] -- Up-to-date: /home/dhruv/rbe500-ros/src/install/custom_interfaces/include/custom_interfaces/custom_interfaces
[0.321s] -- Up-to-date: /home/dhruv/rbe500-ros/src/install/custom_interfaces/include/custom_interfaces/custom_interfaces/srv
[0.322s] -- Up-to-date: /home/dhruv/rbe500-ros/src/install/custom_interfaces/include/custom_interfaces/custom_interfaces/srv/detail
[0.322s] -- Up-to-date: /home/dhruv/rbe500-ros/src/install/custom_interfaces/include/custom_interfaces/custom_interfaces/srv/detail/inv_kin__rosidl_typesupport_introspection_cpp.hpp
[0.322s] -- Up-to-date: /home/dhruv/rbe500-ros/src/install/custom_interfaces/include/custom_interfaces/custom_interfaces/srv/detail/inv_kin__type_support.cpp
[0.322s] -- Up-to-date: /home/dhruv/rbe500-ros/src/install/custom_interfaces/lib/libcustom_interfaces__rosidl_typesupport_introspection_cpp.so
[0.322s] -- Up-to-date: /home/dhruv/rbe500-ros/src/install/custom_interfaces/lib/libcustom_interfaces__rosidl_typesupport_cpp.so
[0.322s] -- Up-to-date: /home/dhruv/rbe500-ros/src/install/custom_interfaces/share/custom_interfaces/environment/pythonpath.sh
[0.322s] -- Up-to-date: /home/dhruv/rbe500-ros/src/install/custom_interfaces/share/custom_interfaces/environment/pythonpath.dsv
[0.322s] -- Up-to-date: /home/dhruv/rbe500-ros/src/install/custom_interfaces/local/lib/python3.10/dist-packages/custom_interfaces-0.0.0-py3.10.egg-info
[0.322s] -- Installing: /home/dhruv/rbe500-ros/src/install/custom_interfaces/local/lib/python3.10/dist-packages/custom_interfaces-0.0.0-py3.10.egg-info/top_level.txt
[0.322s] -- Installing: /home/dhruv/rbe500-ros/src/install/custom_interfaces/local/lib/python3.10/dist-packages/custom_interfaces-0.0.0-py3.10.egg-info/PKG-INFO
[0.322s] -- Installing: /home/dhruv/rbe500-ros/src/install/custom_interfaces/local/lib/python3.10/dist-packages/custom_interfaces-0.0.0-py3.10.egg-info/SOURCES.txt
[0.322s] -- Installing: /home/dhruv/rbe500-ros/src/install/custom_interfaces/local/lib/python3.10/dist-packages/custom_interfaces-0.0.0-py3.10.egg-info/dependency_links.txt
[0.322s] -- Up-to-date: /home/dhruv/rbe500-ros/src/install/custom_interfaces/local/lib/python3.10/dist-packages/custom_interfaces
[0.322s] -- Up-to-date: /home/dhruv/rbe500-ros/src/install/custom_interfaces/local/lib/python3.10/dist-packages/custom_interfaces/__init__.py
[0.322s] -- Up-to-date: /home/dhruv/rbe500-ros/src/install/custom_interfaces/local/lib/python3.10/dist-packages/custom_interfaces/_custom_interfaces_s.ep.rosidl_typesupport_c.c
[0.322s] -- Up-to-date: /home/dhruv/rbe500-ros/src/install/custom_interfaces/local/lib/python3.10/dist-packages/custom_interfaces/libcustom_interfaces__rosidl_generator_py.so
[0.322s] -- Up-to-date: /home/dhruv/rbe500-ros/src/install/custom_interfaces/local/lib/python3.10/dist-packages/custom_interfaces/srv
[0.322s] -- Up-to-date: /home/dhruv/rbe500-ros/src/install/custom_interfaces/local/lib/python3.10/dist-packages/custom_interfaces/srv/__init__.py
[0.322s] -- Up-to-date: /home/dhruv/rbe500-ros/src/install/custom_interfaces/local/lib/python3.10/dist-packages/custom_interfaces/srv/_inv_kin_s.c
[0.322s] -- Up-to-date: /home/dhruv/rbe500-ros/src/install/custom_interfaces/local/lib/python3.10/dist-packages/custom_interfaces/srv/_inv_kin.py
[0.323s] -- Up-to-date: /home/dhruv/rbe500-ros/src/install/custom_interfaces/local/lib/python3.10/dist-packages/custom_interfaces/_custom_interfaces_s.ep.rosidl_typesupport_fastrtps_c.c
[0.323s] -- Up-to-date: /home/dhruv/rbe500-ros/src/install/custom_interfaces/local/lib/python3.10/dist-packages/custom_interfaces/custom_interfaces_s__rosidl_typesupport_introspection_c.cpython-310-x86_64-linux-gnu.so
[0.323s] -- Up-to-date: /home/dhruv/rbe500-ros/src/install/custom_interfaces/local/lib/python3.10/dist-packages/custom_interfaces/custom_interfaces_s__rosidl_typesupport_fastrtps_c.cpython-310-x86_64-linux-gnu.so
[0.323s] -- Up-to-date: /home/dhruv/rbe500-ros/src/install/custom_interfaces/local/lib/python3.10/dist-packages/custom_interfaces/custom_interfaces_s__rosidl_typesupport_c.cpython-310-x86_64-linux-gnu.so
[0.323s] -- Up-to-date: /home/dhruv/rbe500-ros/src/install/custom_interfaces/local/lib/python3.10/dist-packages/custom_interfaces/_custom_interfaces_s.ep.rosidl_typesupport_introspection_c.c
[0.343s] Listing '/home/dhruv/rbe500-ros/src/install/custom_interfaces/local/lib/python3.10/dist-packages/custom_interfaces'...
[0.343s] Listing '/home/dhruv/rbe500-ros/src/install/custom_interfaces/local/lib/python3.10/dist-packages/custom_interfaces/srv'...
[0.343s] -- Up-to-date: /home/dhruv/rbe500-ros/src/install/custom_interfaces/local/lib/python3.10/dist-packages/custom_interfaces/custom_interfaces_s__rosidl_typesupport_fastrtps_c.cpython-310-x86_64-linux-gnu.so
[0.343s] -- Up-to-date: /home/dhruv/rbe500-ros/src/install/custom_interfaces/local/lib/python3.10/dist-packages/custom_interfaces/custom_interfaces_s__rosidl_typesupport_introspection_c.cpython-310-x86_64-linux-gnu.so
[0.343s] -- Up-to-date: /home/dhruv/rbe500-ros/src/install/custom_interfaces/local/lib/python3.10/dist-packages/custom_interfaces/custom_interfaces_s__rosidl_typesupport_c.cpython-310-x86_64-linux-gnu.so
[0.343s] -- Up-to-date: /home/dhruv/rbe500-ros/src/install/custom_interfaces/lib/libcustom_interfaces__rosidl_generator_py.so
[0.343s] -- Up-to-date: /home/dhruv/rbe500-ros/src/install/custom_interfaces/share/custom_interfaces/srv/InvKin.idl
[0.343s] -- Up-to-date: /home/dhruv/rbe500-ros/src/install/custom_interfaces/share/custom_interfaces/srv/InvKin.srv
[0.344s] -- Up-to-date: /home/dhruv/rbe500-ros/src/install/custom_interfaces/share/custom_interfaces/srv/InvKin_Request.msg
[0.344s] -- Up-to-date: /home/dhruv/rbe500-ros/src/install/custom_interfaces/share/custom_interfaces/srv/InvKin_Response.msg
[0.344s] -- Up-to-date: /home/dhruv/rbe500-ros/src/install/custom_interfaces/share/ament_index/resource_index/package_run_dependencies/custom_interfaces
[0.344s] -- Up-to-date: /home/dhruv/rbe500-ros/src/install/custom_interfaces/share/ament_index/resource_index/parent_prefix_path/custom_interfaces
[0.344s] -- Up-to-date: /home/dhruv/rbe500-ros/src/install/custom_interfaces/share/custom_interfaces/environment/ament_prefix_path.sh
[0.344s] -- Up-to-date: /home/dhruv/rbe500-ros/src/install/custom_interfaces/share/custom_interfaces/environment/ament_prefix_path.dsv
[0.344s] -- Up-to-date: /home/dhruv/rbe500-ros/src/install/custom_interfaces/share/custom_interfaces/environment/path.sh
[0.344s] -- Up-to-date: /home/dhruv/rbe500-ros/src/install/custom_interfaces/share/custom_interfaces/environment/path.dsv
[0.344s] -- Up-to-date: /home/dhruv/rbe500-ros/src/install/custom_interfaces/share/custom_interfaces/local_setup.bash
[0.344s] -- Up-to-date: /home/dhruv/rbe500-ros/src/install/custom_interfaces/share/custom_interfaces/local_setup.sh
[0.344s] -- Up-to-date: /home/dhruv/rbe500-ros/src/install/custom_interfaces/share/custom_interfaces/local_setup.zsh
[0.344s] -- Up-to-date: /home/dhruv/rbe500-ros/src/install/custom_interfaces/share/custom_interfaces/local_setup.dsv
[0.345s] -- Installing: /home/dhruv/rbe500-ros/src/install/custom_interfaces/share/custom_interfaces/package.dsv
[0.345s] -- Up-to-date: /home/dhruv/rbe500-ros/src/install/custom_interfaces/share/ament_index/resource_index/packages/custom_interfaces
[0.345s] -- Up-to-date: /home/dhruv/rbe500-ros/src/install/custom_interfaces/share/custom_interfaces/cmake/export_custom_interfaces__rosidl_generator_cExport.cmake
[0.345s] -- Up-to-date: /home/dhruv/rbe500-ros/src/install/custom_interfaces/share/custom_interfaces/cmake/export_custom_interfaces__rosidl_generator_cExport-noconfig.cmake
[0.345s] -- Up-to-date: /home/dhruv/rbe500-ros/src/install/custom_interfaces/share/custom_interfaces/cmake/export_custom_interfaces__rosidl_typesupport_fastrtps_cExport.cmake
[0.345s] -- Up-to-date: /home/dhruv/rbe500-ros/src/install/custom_interfaces/share/custom_interfaces/cmake/export_custom_interfaces__rosidl_typesupport_fastrtps_cExport-noconfig.cmake
[0.345s] -- Up-to-date: /home/dhruv/rbe500-ros/src/install/custom_interfaces/share/custom_interfaces/cmake/export_custom_interfaces__rosidl_generator_cppExport.cmake
[0.345s] -- Up-to-date: /home/dhruv/rbe500-ros/src/install/custom_interfaces/share/custom_interfaces/cmake/export_custom_interfaces__rosidl_typesupport_fastrtps_cppExport.cmake
[0.345s] -- Up-to-date: /home/dhruv/rbe500-ros/src/install/custom_interfaces/share/custom_interfaces/cmake/export_custom_interfaces__rosidl_typesupport_fastrtps_cppExport-noconfig.cmake
[0.345s] -- Up-to-date: /home/dhruv/rbe500-ros/src/install/custom_interfaces/share/custom_interfaces/cmake/custom_interfaces__rosidl_typesupport_introspection_cExport.cmake
[0.345s] -- Up-to-date: /home/dhruv/rbe500-ros/src/install/custom_interfaces/share/custom_interfaces/cmake/custom_interfaces__rosidl_typesupport_introspection_cExport-noconfig.cmake
[0.345s] -- Up-to-date: /home/dhruv/rbe500-ros/src/install/custom_interfaces/share/custom_interfaces/cmake/custom_interfaces__rosidl_typesupport_cExport.cmake
[0.345s] -- Up-to-date: /home/dhruv/rbe500-ros/src/install/custom_interfaces/share/custom_interfaces/cmake/custom_interfaces__rosidl_typesupport_cExport-noconfig.cmake
[0.345s] -- Up-to-date: /home/dhruv/rbe500-ros/src/install/custom_interfaces/share/custom_interfaces/cmake/custom_interfaces__rosidl_typesupport_introspection_cppExport.cmake
[0.346s] -- Up-to-date: /home/dhruv/rbe500-ros/src/install/custom_interfaces/share/custom_interfaces/cmake/custom_interfaces__rosidl_typesupport_introspection_cppExport-noconfig.cmake
[0.346s] -- Up-to-date: /home/dhruv/rbe500-ros/src/install/custom_interfaces/share/custom_interfaces/cmake/custom_interfaces__rosidl_typesupport_cppExport.cmake
[0.346s] -- Up-to-date: /home/dhruv/rbe500-ros/src/install/custom_interfaces/share/custom_interfaces/cmake/custom_interfaces__rosidl_typesupport_cppExport-noconfig.cmake
[0.346s] -- Up-to-date: /home/dhruv/rbe500-ros/src/install/custom_interfaces/share/custom_interfaces/cmake/export_custom_interfaces__rosidl_generator_pyExport.cmake
[0.346s] -- Up-to-date: /home/dhruv/rbe500-ros/src/install/custom_interfaces/share/custom_interfaces/cmake/export_custom_interfaces__rosidl_generator_pyExport-noconfig.cmake
[0.346s] -- Up-to-date: /home/dhruv/rbe500-ros/src/install/custom_interfaces/share/custom_interfaces/cmake/rosidl_cmake-extras.cmake
[0.346s] -- Up-to-date: /home/dhruv/rbe500-ros/src/install/custom_interfaces/share/custom_interfaces/cmake/ament_cmake_export_dependencies-extras.cmake
[0.346s] -- Up-to-date: /home/dhruv/rbe500-ros/src/install/custom_interfaces/share/custom_interfaces/cmake/ament_cmake_export_include_directories-extras.cmake
[0.346s] -- Up-to-date: /home/dhruv/rbe500-ros/src/install/custom_interfaces/share/custom_interfaces/cmake/ament_cmake_export_libraries-extras.cmake
[0.346s] -- Up-to-date: /home/dhruv/rbe500-ros/src/install/custom_interfaces/share/custom_interfaces/cmake/ament_cmake_export_targets-extras.cmake
[0.346s] -- Up-to-date: /home/dhruv/rbe500-ros/src/install/custom_interfaces/share/custom_interfaces/cmake/rosidl_cmake_export_typesupport_targets-extras.cmake
[0.346s] -- Up-to-date: /home/dhruv/rbe500-ros/src/install/custom_interfaces/share/custom_interfaces/cmake/rosidl_cmake_export_typesupport_libraries-extras.cmake
[0.346s] -- Up-to-date: /home/dhruv/rbe500-ros/src/install/custom_interfaces/share/custom_interfaces/cmake/custom_interfacesConfig.cmake
[0.346s] -- Up-to-date: /home/dhruv/rbe500-ros/src/install/custom_interfaces/share/custom_interfaces/cmake/custom_interfacesConfig-version.cmake
[0.346s] -- Up-to-date: /home/dhruv/rbe500-ros/src/install/custom_interfaces/share/custom_interfaces/package.xml
[0.347s] Invoked command in '/home/dhruv/rbe500-ros/src/build/custom_interfaces' returned '0': CMAKE_PREFIX_PATH=${CMAKE_PREFIX_PATH}:/home/dhruv/rbe500-ros/install/rbe500_example_py:/home/dhruv/rbe500-ros/install/grp_assn_1:/opt/ros/humble /usr/bin/cmake --install /home/dhruv/rbe500-ros/src/build/custom_interfaces
