[0.020s] Invoking command in '/home/dhruv/rbe500-ros/src/build/open_manipulator_msgs': CMAKE_PREFIX_PATH=${CMAKE_PREFIX_PATH}:/home/dhruv/rbe500-ros/install/rbe500_example_py:/home/dhruv/rbe500-ros/install/open_manipulator_x_description:/home/dhruv/rbe500-ros/install/grp_assn_1:/home/dhruv/rbe500-ros/install/dynamixel_workbench:/home/dhruv/rbe500-ros/install/dynamixel_sdk:/opt/ros/humble /usr/bin/cmake --build /home/dhruv/rbe500-ros/src/build/open_manipulator_msgs -- -j32 -l32
[0.062s] [  1%] Built target open_manipulator_msgs__cpp
[0.066s] [ 12%] Built target open_manipulator_msgs__rosidl_generator_c
[0.080s] [ 12%] Built target ament_cmake_python_copy_open_manipulator_msgs
[0.089s] [ 24%] Built target open_manipulator_msgs__rosidl_typesupport_introspection_c
[0.093s] [ 35%] Built target open_manipulator_msgs__rosidl_typesupport_cpp
[0.093s] [ 47%] Built target open_manipulator_msgs__rosidl_typesupport_introspection_cpp
[0.095s] [ 58%] Built target open_manipulator_msgs__rosidl_typesupport_c
[0.096s] [ 82%] Built target open_manipulator_msgs__rosidl_typesupport_fastrtps_c
[0.096s] [ 82%] Built target open_manipulator_msgs__rosidl_typesupport_fastrtps_cpp
[0.113s] [ 82%] Built target open_manipulator_msgs
[0.132s] [ 83%] Built target open_manipulator_msgs__py
[0.158s] [ 93%] Built target open_manipulator_msgs__rosidl_generator_py
[0.182s] [ 97%] Built target open_manipulator_msgs__rosidl_typesupport_fastrtps_c__pyext
[0.182s] [ 97%] Built target open_manipulator_msgs__rosidl_typesupport_introspection_c__pyext
[0.182s] [100%] Built target open_manipulator_msgs__rosidl_typesupport_c__pyext
[0.239s] running egg_info
[0.240s] writing open_manipulator_msgs.egg-info/PKG-INFO
[0.240s] writing dependency_links to open_manipulator_msgs.egg-info/dependency_links.txt
[0.240s] writing top-level names to open_manipulator_msgs.egg-info/top_level.txt
[0.241s] reading manifest file 'open_manipulator_msgs.egg-info/SOURCES.txt'
[0.242s] writing manifest file 'open_manipulator_msgs.egg-info/SOURCES.txt'
[0.259s] [100%] Built target ament_cmake_python_build_open_manipulator_msgs_egg
[0.294s] Invoked command in '/home/dhruv/rbe500-ros/src/build/open_manipulator_msgs' returned '0': CMAKE_PREFIX_PATH=${CMAKE_PREFIX_PATH}:/home/dhruv/rbe500-ros/install/rbe500_example_py:/home/dhruv/rbe500-ros/install/open_manipulator_x_description:/home/dhruv/rbe500-ros/install/grp_assn_1:/home/dhruv/rbe500-ros/install/dynamixel_workbench:/home/dhruv/rbe500-ros/install/dynamixel_sdk:/opt/ros/humble /usr/bin/cmake --build /home/dhruv/rbe500-ros/src/build/open_manipulator_msgs -- -j32 -l32
[0.544s] Invoking command in '/home/dhruv/rbe500-ros/src/build/open_manipulator_msgs': CMAKE_PREFIX_PATH=${CMAKE_PREFIX_PATH}:/home/dhruv/rbe500-ros/install/rbe500_example_py:/home/dhruv/rbe500-ros/install/open_manipulator_x_description:/home/dhruv/rbe500-ros/install/grp_assn_1:/home/dhruv/rbe500-ros/install/dynamixel_workbench:/home/dhruv/rbe500-ros/install/dynamixel_sdk:/opt/ros/humble /usr/bin/cmake --install /home/dhruv/rbe500-ros/src/build/open_manipulator_msgs
[0.555s] -- Install configuration: ""
[0.555s] -- Up-to-date: /home/dhruv/rbe500-ros/src/install/open_manipulator_msgs/share/ament_index/resource_index/rosidl_interfaces/open_manipulator_msgs
[0.556s] -- Up-to-date: /home/dhruv/rbe500-ros/src/install/open_manipulator_msgs/include/open_manipulator_msgs/open_manipulator_msgs
[0.556s] -- Up-to-date: /home/dhruv/rbe500-ros/src/install/open_manipulator_msgs/include/open_manipulator_msgs/open_manipulator_msgs/msg
[0.556s] -- Up-to-date: /home/dhruv/rbe500-ros/src/install/open_manipulator_msgs/include/open_manipulator_msgs/open_manipulator_msgs/msg/joint_position.h
[0.556s] -- Up-to-date: /home/dhruv/rbe500-ros/src/install/open_manipulator_msgs/include/open_manipulator_msgs/open_manipulator_msgs/msg/rosidl_generator_c__visibility_control.h
[0.556s] -- Up-to-date: /home/dhruv/rbe500-ros/src/install/open_manipulator_msgs/include/open_manipulator_msgs/open_manipulator_msgs/msg/kinematics_pose.h
[0.557s] -- Up-to-date: /home/dhruv/rbe500-ros/src/install/open_manipulator_msgs/include/open_manipulator_msgs/open_manipulator_msgs/msg/open_manipulator_state.h
[0.557s] -- Up-to-date: /home/dhruv/rbe500-ros/src/install/open_manipulator_msgs/include/open_manipulator_msgs/open_manipulator_msgs/msg/detail
[0.557s] -- Up-to-date: /home/dhruv/rbe500-ros/src/install/open_manipulator_msgs/include/open_manipulator_msgs/open_manipulator_msgs/msg/detail/joint_position__struct.h
[0.557s] -- Up-to-date: /home/dhruv/rbe500-ros/src/install/open_manipulator_msgs/include/open_manipulator_msgs/open_manipulator_msgs/msg/detail/joint_position__functions.c
[0.557s] -- Up-to-date: /home/dhruv/rbe500-ros/src/install/open_manipulator_msgs/include/open_manipulator_msgs/open_manipulator_msgs/msg/detail/joint_position__type_support.h
[0.557s] -- Up-to-date: /home/dhruv/rbe500-ros/src/install/open_manipulator_msgs/include/open_manipulator_msgs/open_manipulator_msgs/msg/detail/kinematics_pose__functions.h
[0.558s] -- Up-to-date: /home/dhruv/rbe500-ros/src/install/open_manipulator_msgs/include/open_manipulator_msgs/open_manipulator_msgs/msg/detail/joint_position__functions.h
[0.558s] -- Up-to-date: /home/dhruv/rbe500-ros/src/install/open_manipulator_msgs/include/open_manipulator_msgs/open_manipulator_msgs/msg/detail/open_manipulator_state__functions.c
[0.558s] -- Up-to-date: /home/dhruv/rbe500-ros/src/install/open_manipulator_msgs/include/open_manipulator_msgs/open_manipulator_msgs/msg/detail/kinematics_pose__functions.c
[0.558s] -- Up-to-date: /home/dhruv/rbe500-ros/src/install/open_manipulator_msgs/include/open_manipulator_msgs/open_manipulator_msgs/msg/detail/kinematics_pose__struct.h
[0.558s] -- Up-to-date: /home/dhruv/rbe500-ros/src/install/open_manipulator_msgs/include/open_manipulator_msgs/open_manipulator_msgs/msg/detail/open_manipulator_state__type_support.h
[0.559s] -- Up-to-date: /home/dhruv/rbe500-ros/src/install/open_manipulator_msgs/include/open_manipulator_msgs/open_manipulator_msgs/msg/detail/open_manipulator_state__struct.h
[0.559s] -- Up-to-date: /home/dhruv/rbe500-ros/src/install/open_manipulator_msgs/include/open_manipulator_msgs/open_manipulator_msgs/msg/detail/open_manipulator_state__functions.h
[0.559s] -- Up-to-date: /home/dhruv/rbe500-ros/src/install/open_manipulator_msgs/include/open_manipulator_msgs/open_manipulator_msgs/msg/detail/kinematics_pose__type_support.h
[0.559s] -- Up-to-date: /home/dhruv/rbe500-ros/src/install/open_manipulator_msgs/include/open_manipulator_msgs/open_manipulator_msgs/srv
[0.559s] -- Up-to-date: /home/dhruv/rbe500-ros/src/install/open_manipulator_msgs/include/open_manipulator_msgs/open_manipulator_msgs/srv/set_drawing_trajectory.h
[0.559s] -- Up-to-date: /home/dhruv/rbe500-ros/src/install/open_manipulator_msgs/include/open_manipulator_msgs/open_manipulator_msgs/srv/get_kinematics_pose.h
[0.559s] -- Up-to-date: /home/dhruv/rbe500-ros/src/install/open_manipulator_msgs/include/open_manipulator_msgs/open_manipulator_msgs/srv/get_joint_position.h
[0.559s] -- Up-to-date: /home/dhruv/rbe500-ros/src/install/open_manipulator_msgs/include/open_manipulator_msgs/open_manipulator_msgs/srv/set_joint_position.h
[0.559s] -- Up-to-date: /home/dhruv/rbe500-ros/src/install/open_manipulator_msgs/include/open_manipulator_msgs/open_manipulator_msgs/srv/detail
[0.560s] -- Up-to-date: /home/dhruv/rbe500-ros/src/install/open_manipulator_msgs/include/open_manipulator_msgs/open_manipulator_msgs/srv/detail/get_kinematics_pose__type_support.h
[0.560s] -- Up-to-date: /home/dhruv/rbe500-ros/src/install/open_manipulator_msgs/include/open_manipulator_msgs/open_manipulator_msgs/srv/detail/set_kinematics_pose__struct.h
[0.560s] -- Up-to-date: /home/dhruv/rbe500-ros/src/install/open_manipulator_msgs/include/open_manipulator_msgs/open_manipulator_msgs/srv/detail/set_joint_position__functions.c
[0.560s] -- Up-to-date: /home/dhruv/rbe500-ros/src/install/open_manipulator_msgs/include/open_manipulator_msgs/open_manipulator_msgs/srv/detail/set_joint_position__type_support.h
[0.560s] -- Up-to-date: /home/dhruv/rbe500-ros/src/install/open_manipulator_msgs/include/open_manipulator_msgs/open_manipulator_msgs/srv/detail/set_kinematics_pose__type_support.h
[0.560s] -- Up-to-date: /home/dhruv/rbe500-ros/src/install/open_manipulator_msgs/include/open_manipulator_msgs/open_manipulator_msgs/srv/detail/set_joint_position__struct.h
[0.560s] -- Up-to-date: /home/dhruv/rbe500-ros/src/install/open_manipulator_msgs/include/open_manipulator_msgs/open_manipulator_msgs/srv/detail/get_kinematics_pose__functions.c
[0.560s] -- Up-to-date: /home/dhruv/rbe500-ros/src/install/open_manipulator_msgs/include/open_manipulator_msgs/open_manipulator_msgs/srv/detail/get_joint_position__functions.h
[0.560s] -- Up-to-date: /home/dhruv/rbe500-ros/src/install/open_manipulator_msgs/include/open_manipulator_msgs/open_manipulator_msgs/srv/detail/set_drawing_trajectory__struct.h
[0.560s] -- Up-to-date: /home/dhruv/rbe500-ros/src/install/open_manipulator_msgs/include/open_manipulator_msgs/open_manipulator_msgs/srv/detail/set_drawing_trajectory__type_support.h
[0.561s] -- Up-to-date: /home/dhruv/rbe500-ros/src/install/open_manipulator_msgs/include/open_manipulator_msgs/open_manipulator_msgs/srv/detail/set_actuator_state__type_support.h
[0.561s] -- Up-to-date: /home/dhruv/rbe500-ros/src/install/open_manipulator_msgs/include/open_manipulator_msgs/open_manipulator_msgs/srv/detail/set_actuator_state__functions.h
[0.561s] -- Up-to-date: /home/dhruv/rbe500-ros/src/install/open_manipulator_msgs/include/open_manipulator_msgs/open_manipulator_msgs/srv/detail/set_kinematics_pose__functions.h
[0.561s] -- Up-to-date: /home/dhruv/rbe500-ros/src/install/open_manipulator_msgs/include/open_manipulator_msgs/open_manipulator_msgs/srv/detail/set_drawing_trajectory__functions.h
[0.561s] -- Up-to-date: /home/dhruv/rbe500-ros/src/install/open_manipulator_msgs/include/open_manipulator_msgs/open_manipulator_msgs/srv/detail/get_kinematics_pose__struct.h
[0.561s] -- Up-to-date: /home/dhruv/rbe500-ros/src/install/open_manipulator_msgs/include/open_manipulator_msgs/open_manipulator_msgs/srv/detail/get_joint_position__struct.h
[0.561s] -- Up-to-date: /home/dhruv/rbe500-ros/src/install/open_manipulator_msgs/include/open_manipulator_msgs/open_manipulator_msgs/srv/detail/set_kinematics_pose__functions.c
[0.561s] -- Up-to-date: /home/dhruv/rbe500-ros/src/install/open_manipulator_msgs/include/open_manipulator_msgs/open_manipulator_msgs/srv/detail/set_actuator_state__functions.c
[0.561s] -- Up-to-date: /home/dhruv/rbe500-ros/src/install/open_manipulator_msgs/include/open_manipulator_msgs/open_manipulator_msgs/srv/detail/get_joint_position__functions.c
[0.561s] -- Up-to-date: /home/dhruv/rbe500-ros/src/install/open_manipulator_msgs/include/open_manipulator_msgs/open_manipulator_msgs/srv/detail/set_actuator_state__struct.h
[0.561s] -- Up-to-date: /home/dhruv/rbe500-ros/src/install/open_manipulator_msgs/include/open_manipulator_msgs/open_manipulator_msgs/srv/detail/set_drawing_trajectory__functions.c
[0.561s] -- Up-to-date: /home/dhruv/rbe500-ros/src/install/open_manipulator_msgs/include/open_manipulator_msgs/open_manipulator_msgs/srv/detail/get_joint_position__type_support.h
[0.561s] -- Up-to-date: /home/dhruv/rbe500-ros/src/install/open_manipulator_msgs/include/open_manipulator_msgs/open_manipulator_msgs/srv/detail/set_joint_position__functions.h
[0.561s] -- Up-to-date: /home/dhruv/rbe500-ros/src/install/open_manipulator_msgs/include/open_manipulator_msgs/open_manipulator_msgs/srv/detail/get_kinematics_pose__functions.h
[0.562s] -- Up-to-date: /home/dhruv/rbe500-ros/src/install/open_manipulator_msgs/include/open_manipulator_msgs/open_manipulator_msgs/srv/set_actuator_state.h
[0.562s] -- Up-to-date: /home/dhruv/rbe500-ros/src/install/open_manipulator_msgs/include/open_manipulator_msgs/open_manipulator_msgs/srv/set_kinematics_pose.h
[0.562s] -- Up-to-date: /home/dhruv/rbe500-ros/src/install/open_manipulator_msgs/share/open_manipulator_msgs/environment/library_path.sh
[0.562s] -- Up-to-date: /home/dhruv/rbe500-ros/src/install/open_manipulator_msgs/share/open_manipulator_msgs/environment/library_path.dsv
[0.562s] -- Up-to-date: /home/dhruv/rbe500-ros/src/install/open_manipulator_msgs/lib/libopen_manipulator_msgs__rosidl_generator_c.so
[0.562s] -- Up-to-date: /home/dhruv/rbe500-ros/src/install/open_manipulator_msgs/include/open_manipulator_msgs/open_manipulator_msgs
[0.562s] -- Up-to-date: /home/dhruv/rbe500-ros/src/install/open_manipulator_msgs/include/open_manipulator_msgs/open_manipulator_msgs/msg
[0.562s] -- Up-to-date: /home/dhruv/rbe500-ros/src/install/open_manipulator_msgs/include/open_manipulator_msgs/open_manipulator_msgs/msg/rosidl_typesupport_fastrtps_c__visibility_control.h
[0.562s] -- Up-to-date: /home/dhruv/rbe500-ros/src/install/open_manipulator_msgs/include/open_manipulator_msgs/open_manipulator_msgs/msg/detail
[0.563s] -- Up-to-date: /home/dhruv/rbe500-ros/src/install/open_manipulator_msgs/include/open_manipulator_msgs/open_manipulator_msgs/msg/detail/kinematics_pose__rosidl_typesupport_fastrtps_c.h
[0.563s] -- Up-to-date: /home/dhruv/rbe500-ros/src/install/open_manipulator_msgs/include/open_manipulator_msgs/open_manipulator_msgs/msg/detail/open_manipulator_state__rosidl_typesupport_fastrtps_c.h
[0.563s] -- Up-to-date: /home/dhruv/rbe500-ros/src/install/open_manipulator_msgs/include/open_manipulator_msgs/open_manipulator_msgs/msg/detail/joint_position__rosidl_typesupport_fastrtps_c.h
[0.563s] -- Up-to-date: /home/dhruv/rbe500-ros/src/install/open_manipulator_msgs/include/open_manipulator_msgs/open_manipulator_msgs/srv
[0.563s] -- Up-to-date: /home/dhruv/rbe500-ros/src/install/open_manipulator_msgs/include/open_manipulator_msgs/open_manipulator_msgs/srv/detail
[0.563s] -- Up-to-date: /home/dhruv/rbe500-ros/src/install/open_manipulator_msgs/include/open_manipulator_msgs/open_manipulator_msgs/srv/detail/set_kinematics_pose__rosidl_typesupport_fastrtps_c.h
[0.563s] -- Up-to-date: /home/dhruv/rbe500-ros/src/install/open_manipulator_msgs/include/open_manipulator_msgs/open_manipulator_msgs/srv/detail/set_drawing_trajectory__rosidl_typesupport_fastrtps_c.h
[0.564s] -- Up-to-date: /home/dhruv/rbe500-ros/src/install/open_manipulator_msgs/include/open_manipulator_msgs/open_manipulator_msgs/srv/detail/set_joint_position__rosidl_typesupport_fastrtps_c.h
[0.565s] -- Up-to-date: /home/dhruv/rbe500-ros/src/install/open_manipulator_msgs/include/open_manipulator_msgs/open_manipulator_msgs/srv/detail/get_joint_position__rosidl_typesupport_fastrtps_c.h
[0.565s] -- Up-to-date: /home/dhruv/rbe500-ros/src/install/open_manipulator_msgs/include/open_manipulator_msgs/open_manipulator_msgs/srv/detail/get_kinematics_pose__rosidl_typesupport_fastrtps_c.h
[0.565s] -- Up-to-date: /home/dhruv/rbe500-ros/src/install/open_manipulator_msgs/include/open_manipulator_msgs/open_manipulator_msgs/srv/detail/set_actuator_state__rosidl_typesupport_fastrtps_c.h
[0.565s] -- Up-to-date: /home/dhruv/rbe500-ros/src/install/open_manipulator_msgs/lib/libopen_manipulator_msgs__rosidl_typesupport_fastrtps_c.so
[0.565s] -- Up-to-date: /home/dhruv/rbe500-ros/src/install/open_manipulator_msgs/include/open_manipulator_msgs/open_manipulator_msgs
[0.565s] -- Up-to-date: /home/dhruv/rbe500-ros/src/install/open_manipulator_msgs/include/open_manipulator_msgs/open_manipulator_msgs/msg
[0.565s] -- Up-to-date: /home/dhruv/rbe500-ros/src/install/open_manipulator_msgs/include/open_manipulator_msgs/open_manipulator_msgs/msg/kinematics_pose.hpp
[0.565s] -- Up-to-date: /home/dhruv/rbe500-ros/src/install/open_manipulator_msgs/include/open_manipulator_msgs/open_manipulator_msgs/msg/joint_position.hpp
[0.566s] -- Up-to-date: /home/dhruv/rbe500-ros/src/install/open_manipulator_msgs/include/open_manipulator_msgs/open_manipulator_msgs/msg/open_manipulator_state.hpp
[0.566s] -- Up-to-date: /home/dhruv/rbe500-ros/src/install/open_manipulator_msgs/include/open_manipulator_msgs/open_manipulator_msgs/msg/detail
[0.566s] -- Up-to-date: /home/dhruv/rbe500-ros/src/install/open_manipulator_msgs/include/open_manipulator_msgs/open_manipulator_msgs/msg/detail/joint_position__traits.hpp
[0.566s] -- Up-to-date: /home/dhruv/rbe500-ros/src/install/open_manipulator_msgs/include/open_manipulator_msgs/open_manipulator_msgs/msg/detail/kinematics_pose__traits.hpp
[0.566s] -- Up-to-date: /home/dhruv/rbe500-ros/src/install/open_manipulator_msgs/include/open_manipulator_msgs/open_manipulator_msgs/msg/detail/kinematics_pose__builder.hpp
[0.566s] -- Up-to-date: /home/dhruv/rbe500-ros/src/install/open_manipulator_msgs/include/open_manipulator_msgs/open_manipulator_msgs/msg/detail/kinematics_pose__struct.hpp
[0.566s] -- Up-to-date: /home/dhruv/rbe500-ros/src/install/open_manipulator_msgs/include/open_manipulator_msgs/open_manipulator_msgs/msg/detail/joint_position__struct.hpp
[0.566s] -- Up-to-date: /home/dhruv/rbe500-ros/src/install/open_manipulator_msgs/include/open_manipulator_msgs/open_manipulator_msgs/msg/detail/open_manipulator_state__builder.hpp
[0.566s] -- Up-to-date: /home/dhruv/rbe500-ros/src/install/open_manipulator_msgs/include/open_manipulator_msgs/open_manipulator_msgs/msg/detail/open_manipulator_state__traits.hpp
[0.566s] -- Up-to-date: /home/dhruv/rbe500-ros/src/install/open_manipulator_msgs/include/open_manipulator_msgs/open_manipulator_msgs/msg/detail/joint_position__builder.hpp
[0.566s] -- Up-to-date: /home/dhruv/rbe500-ros/src/install/open_manipulator_msgs/include/open_manipulator_msgs/open_manipulator_msgs/msg/detail/open_manipulator_state__struct.hpp
[0.566s] -- Up-to-date: /home/dhruv/rbe500-ros/src/install/open_manipulator_msgs/include/open_manipulator_msgs/open_manipulator_msgs/srv
[0.566s] -- Up-to-date: /home/dhruv/rbe500-ros/src/install/open_manipulator_msgs/include/open_manipulator_msgs/open_manipulator_msgs/srv/set_actuator_state.hpp
[0.566s] -- Up-to-date: /home/dhruv/rbe500-ros/src/install/open_manipulator_msgs/include/open_manipulator_msgs/open_manipulator_msgs/srv/get_kinematics_pose.hpp
[0.567s] -- Up-to-date: /home/dhruv/rbe500-ros/src/install/open_manipulator_msgs/include/open_manipulator_msgs/open_manipulator_msgs/srv/set_joint_position.hpp
[0.567s] -- Up-to-date: /home/dhruv/rbe500-ros/src/install/open_manipulator_msgs/include/open_manipulator_msgs/open_manipulator_msgs/srv/get_joint_position.hpp
[0.567s] -- Up-to-date: /home/dhruv/rbe500-ros/src/install/open_manipulator_msgs/include/open_manipulator_msgs/open_manipulator_msgs/srv/detail
[0.567s] -- Up-to-date: /home/dhruv/rbe500-ros/src/install/open_manipulator_msgs/include/open_manipulator_msgs/open_manipulator_msgs/srv/detail/set_kinematics_pose__builder.hpp
[0.567s] -- Up-to-date: /home/dhruv/rbe500-ros/src/install/open_manipulator_msgs/include/open_manipulator_msgs/open_manipulator_msgs/srv/detail/get_kinematics_pose__builder.hpp
[0.567s] -- Up-to-date: /home/dhruv/rbe500-ros/src/install/open_manipulator_msgs/include/open_manipulator_msgs/open_manipulator_msgs/srv/detail/get_kinematics_pose__traits.hpp
[0.567s] -- Up-to-date: /home/dhruv/rbe500-ros/src/install/open_manipulator_msgs/include/open_manipulator_msgs/open_manipulator_msgs/srv/detail/set_drawing_trajectory__traits.hpp
[0.567s] -- Up-to-date: /home/dhruv/rbe500-ros/src/install/open_manipulator_msgs/include/open_manipulator_msgs/open_manipulator_msgs/srv/detail/set_joint_position__traits.hpp
[0.567s] -- Up-to-date: /home/dhruv/rbe500-ros/src/install/open_manipulator_msgs/include/open_manipulator_msgs/open_manipulator_msgs/srv/detail/set_actuator_state__builder.hpp
[0.567s] -- Up-to-date: /home/dhruv/rbe500-ros/src/install/open_manipulator_msgs/include/open_manipulator_msgs/open_manipulator_msgs/srv/detail/get_kinematics_pose__struct.hpp
[0.567s] -- Up-to-date: /home/dhruv/rbe500-ros/src/install/open_manipulator_msgs/include/open_manipulator_msgs/open_manipulator_msgs/srv/detail/get_joint_position__struct.hpp
[0.567s] -- Up-to-date: /home/dhruv/rbe500-ros/src/install/open_manipulator_msgs/include/open_manipulator_msgs/open_manipulator_msgs/srv/detail/set_joint_position__builder.hpp
[0.567s] -- Up-to-date: /home/dhruv/rbe500-ros/src/install/open_manipulator_msgs/include/open_manipulator_msgs/open_manipulator_msgs/srv/detail/get_joint_position__traits.hpp
[0.568s] -- Up-to-date: /home/dhruv/rbe500-ros/src/install/open_manipulator_msgs/include/open_manipulator_msgs/open_manipulator_msgs/srv/detail/get_joint_position__builder.hpp
[0.568s] -- Up-to-date: /home/dhruv/rbe500-ros/src/install/open_manipulator_msgs/include/open_manipulator_msgs/open_manipulator_msgs/srv/detail/set_joint_position__struct.hpp
[0.568s] -- Up-to-date: /home/dhruv/rbe500-ros/src/install/open_manipulator_msgs/include/open_manipulator_msgs/open_manipulator_msgs/srv/detail/set_drawing_trajectory__builder.hpp
[0.568s] -- Up-to-date: /home/dhruv/rbe500-ros/src/install/open_manipulator_msgs/include/open_manipulator_msgs/open_manipulator_msgs/srv/detail/set_kinematics_pose__struct.hpp
[0.568s] -- Up-to-date: /home/dhruv/rbe500-ros/src/install/open_manipulator_msgs/include/open_manipulator_msgs/open_manipulator_msgs/srv/detail/set_kinematics_pose__traits.hpp
[0.568s] -- Up-to-date: /home/dhruv/rbe500-ros/src/install/open_manipulator_msgs/include/open_manipulator_msgs/open_manipulator_msgs/srv/detail/set_actuator_state__struct.hpp
[0.568s] -- Up-to-date: /home/dhruv/rbe500-ros/src/install/open_manipulator_msgs/include/open_manipulator_msgs/open_manipulator_msgs/srv/detail/set_actuator_state__traits.hpp
[0.568s] -- Up-to-date: /home/dhruv/rbe500-ros/src/install/open_manipulator_msgs/include/open_manipulator_msgs/open_manipulator_msgs/srv/detail/set_drawing_trajectory__struct.hpp
[0.568s] -- Up-to-date: /home/dhruv/rbe500-ros/src/install/open_manipulator_msgs/include/open_manipulator_msgs/open_manipulator_msgs/srv/set_drawing_trajectory.hpp
[0.568s] -- Up-to-date: /home/dhruv/rbe500-ros/src/install/open_manipulator_msgs/include/open_manipulator_msgs/open_manipulator_msgs/srv/set_kinematics_pose.hpp
[0.568s] -- Up-to-date: /home/dhruv/rbe500-ros/src/install/open_manipulator_msgs/include/open_manipulator_msgs/open_manipulator_msgs
[0.568s] -- Up-to-date: /home/dhruv/rbe500-ros/src/install/open_manipulator_msgs/include/open_manipulator_msgs/open_manipulator_msgs/msg
[0.568s] -- Up-to-date: /home/dhruv/rbe500-ros/src/install/open_manipulator_msgs/include/open_manipulator_msgs/open_manipulator_msgs/msg/rosidl_typesupport_fastrtps_cpp__visibility_control.h
[0.569s] -- Up-to-date: /home/dhruv/rbe500-ros/src/install/open_manipulator_msgs/include/open_manipulator_msgs/open_manipulator_msgs/msg/detail
[0.569s] -- Up-to-date: /home/dhruv/rbe500-ros/src/install/open_manipulator_msgs/include/open_manipulator_msgs/open_manipulator_msgs/msg/detail/dds_fastrtps
[0.569s] -- Up-to-date: /home/dhruv/rbe500-ros/src/install/open_manipulator_msgs/include/open_manipulator_msgs/open_manipulator_msgs/msg/detail/open_manipulator_state__rosidl_typesupport_fastrtps_cpp.hpp
[0.569s] -- Up-to-date: /home/dhruv/rbe500-ros/src/install/open_manipulator_msgs/include/open_manipulator_msgs/open_manipulator_msgs/msg/detail/kinematics_pose__rosidl_typesupport_fastrtps_cpp.hpp
[0.569s] -- Up-to-date: /home/dhruv/rbe500-ros/src/install/open_manipulator_msgs/include/open_manipulator_msgs/open_manipulator_msgs/msg/detail/joint_position__rosidl_typesupport_fastrtps_cpp.hpp
[0.569s] -- Up-to-date: /home/dhruv/rbe500-ros/src/install/open_manipulator_msgs/include/open_manipulator_msgs/open_manipulator_msgs/srv
[0.569s] -- Up-to-date: /home/dhruv/rbe500-ros/src/install/open_manipulator_msgs/include/open_manipulator_msgs/open_manipulator_msgs/srv/detail
[0.569s] -- Up-to-date: /home/dhruv/rbe500-ros/src/install/open_manipulator_msgs/include/open_manipulator_msgs/open_manipulator_msgs/srv/detail/set_joint_position__rosidl_typesupport_fastrtps_cpp.hpp
[0.569s] -- Up-to-date: /home/dhruv/rbe500-ros/src/install/open_manipulator_msgs/include/open_manipulator_msgs/open_manipulator_msgs/srv/detail/dds_fastrtps
[0.569s] -- Up-to-date: /home/dhruv/rbe500-ros/src/install/open_manipulator_msgs/include/open_manipulator_msgs/open_manipulator_msgs/srv/detail/set_actuator_state__rosidl_typesupport_fastrtps_cpp.hpp
[0.569s] -- Up-to-date: /home/dhruv/rbe500-ros/src/install/open_manipulator_msgs/include/open_manipulator_msgs/open_manipulator_msgs/srv/detail/set_drawing_trajectory__rosidl_typesupport_fastrtps_cpp.hpp
[0.570s] -- Up-to-date: /home/dhruv/rbe500-ros/src/install/open_manipulator_msgs/include/open_manipulator_msgs/open_manipulator_msgs/srv/detail/get_joint_position__rosidl_typesupport_fastrtps_cpp.hpp
[0.570s] -- Up-to-date: /home/dhruv/rbe500-ros/src/install/open_manipulator_msgs/include/open_manipulator_msgs/open_manipulator_msgs/srv/detail/get_kinematics_pose__rosidl_typesupport_fastrtps_cpp.hpp
[0.570s] -- Up-to-date: /home/dhruv/rbe500-ros/src/install/open_manipulator_msgs/include/open_manipulator_msgs/open_manipulator_msgs/srv/detail/set_kinematics_pose__rosidl_typesupport_fastrtps_cpp.hpp
[0.570s] -- Up-to-date: /home/dhruv/rbe500-ros/src/install/open_manipulator_msgs/lib/libopen_manipulator_msgs__rosidl_typesupport_fastrtps_cpp.so
[0.570s] -- Up-to-date: /home/dhruv/rbe500-ros/src/install/open_manipulator_msgs/include/open_manipulator_msgs/open_manipulator_msgs
[0.570s] -- Up-to-date: /home/dhruv/rbe500-ros/src/install/open_manipulator_msgs/include/open_manipulator_msgs/open_manipulator_msgs/msg
[0.570s] -- Up-to-date: /home/dhruv/rbe500-ros/src/install/open_manipulator_msgs/include/open_manipulator_msgs/open_manipulator_msgs/msg/rosidl_typesupport_introspection_c__visibility_control.h
[0.570s] -- Up-to-date: /home/dhruv/rbe500-ros/src/install/open_manipulator_msgs/include/open_manipulator_msgs/open_manipulator_msgs/msg/detail
[0.570s] -- Up-to-date: /home/dhruv/rbe500-ros/src/install/open_manipulator_msgs/include/open_manipulator_msgs/open_manipulator_msgs/msg/detail/kinematics_pose__type_support.c
[0.570s] -- Up-to-date: /home/dhruv/rbe500-ros/src/install/open_manipulator_msgs/include/open_manipulator_msgs/open_manipulator_msgs/msg/detail/joint_position__rosidl_typesupport_introspection_c.h
[0.570s] -- Up-to-date: /home/dhruv/rbe500-ros/src/install/open_manipulator_msgs/include/open_manipulator_msgs/open_manipulator_msgs/msg/detail/kinematics_pose__rosidl_typesupport_introspection_c.h
[0.570s] -- Up-to-date: /home/dhruv/rbe500-ros/src/install/open_manipulator_msgs/include/open_manipulator_msgs/open_manipulator_msgs/msg/detail/open_manipulator_state__type_support.c
[0.570s] -- Up-to-date: /home/dhruv/rbe500-ros/src/install/open_manipulator_msgs/include/open_manipulator_msgs/open_manipulator_msgs/msg/detail/open_manipulator_state__rosidl_typesupport_introspection_c.h
[0.571s] -- Up-to-date: /home/dhruv/rbe500-ros/src/install/open_manipulator_msgs/include/open_manipulator_msgs/open_manipulator_msgs/msg/detail/joint_position__type_support.c
[0.571s] -- Up-to-date: /home/dhruv/rbe500-ros/src/install/open_manipulator_msgs/include/open_manipulator_msgs/open_manipulator_msgs/srv
[0.571s] -- Up-to-date: /home/dhruv/rbe500-ros/src/install/open_manipulator_msgs/include/open_manipulator_msgs/open_manipulator_msgs/srv/detail
[0.571s] -- Up-to-date: /home/dhruv/rbe500-ros/src/install/open_manipulator_msgs/include/open_manipulator_msgs/open_manipulator_msgs/srv/detail/set_kinematics_pose__type_support.c
[0.571s] -- Up-to-date: /home/dhruv/rbe500-ros/src/install/open_manipulator_msgs/include/open_manipulator_msgs/open_manipulator_msgs/srv/detail/set_kinematics_pose__rosidl_typesupport_introspection_c.h
[0.571s] -- Up-to-date: /home/dhruv/rbe500-ros/src/install/open_manipulator_msgs/include/open_manipulator_msgs/open_manipulator_msgs/srv/detail/set_joint_position__type_support.c
[0.571s] -- Up-to-date: /home/dhruv/rbe500-ros/src/install/open_manipulator_msgs/include/open_manipulator_msgs/open_manipulator_msgs/srv/detail/get_joint_position__rosidl_typesupport_introspection_c.h
[0.571s] -- Up-to-date: /home/dhruv/rbe500-ros/src/install/open_manipulator_msgs/include/open_manipulator_msgs/open_manipulator_msgs/srv/detail/set_actuator_state__type_support.c
[0.571s] -- Up-to-date: /home/dhruv/rbe500-ros/src/install/open_manipulator_msgs/include/open_manipulator_msgs/open_manipulator_msgs/srv/detail/set_drawing_trajectory__rosidl_typesupport_introspection_c.h
[0.571s] -- Up-to-date: /home/dhruv/rbe500-ros/src/install/open_manipulator_msgs/include/open_manipulator_msgs/open_manipulator_msgs/srv/detail/get_kinematics_pose__type_support.c
[0.571s] -- Up-to-date: /home/dhruv/rbe500-ros/src/install/open_manipulator_msgs/include/open_manipulator_msgs/open_manipulator_msgs/srv/detail/set_drawing_trajectory__type_support.c
[0.571s] -- Up-to-date: /home/dhruv/rbe500-ros/src/install/open_manipulator_msgs/include/open_manipulator_msgs/open_manipulator_msgs/srv/detail/get_kinematics_pose__rosidl_typesupport_introspection_c.h
[0.572s] -- Up-to-date: /home/dhruv/rbe500-ros/src/install/open_manipulator_msgs/include/open_manipulator_msgs/open_manipulator_msgs/srv/detail/set_actuator_state__rosidl_typesupport_introspection_c.h
[0.572s] -- Up-to-date: /home/dhruv/rbe500-ros/src/install/open_manipulator_msgs/include/open_manipulator_msgs/open_manipulator_msgs/srv/detail/get_joint_position__type_support.c
[0.572s] -- Up-to-date: /home/dhruv/rbe500-ros/src/install/open_manipulator_msgs/include/open_manipulator_msgs/open_manipulator_msgs/srv/detail/set_joint_position__rosidl_typesupport_introspection_c.h
[0.572s] -- Up-to-date: /home/dhruv/rbe500-ros/src/install/open_manipulator_msgs/lib/libopen_manipulator_msgs__rosidl_typesupport_introspection_c.so
[0.572s] -- Up-to-date: /home/dhruv/rbe500-ros/src/install/open_manipulator_msgs/lib/libopen_manipulator_msgs__rosidl_typesupport_c.so
[0.572s] -- Up-to-date: /home/dhruv/rbe500-ros/src/install/open_manipulator_msgs/include/open_manipulator_msgs/open_manipulator_msgs
[0.572s] -- Up-to-date: /home/dhruv/rbe500-ros/src/install/open_manipulator_msgs/include/open_manipulator_msgs/open_manipulator_msgs/msg
[0.572s] -- Up-to-date: /home/dhruv/rbe500-ros/src/install/open_manipulator_msgs/include/open_manipulator_msgs/open_manipulator_msgs/msg/detail
[0.572s] -- Up-to-date: /home/dhruv/rbe500-ros/src/install/open_manipulator_msgs/include/open_manipulator_msgs/open_manipulator_msgs/msg/detail/open_manipulator_state__type_support.cpp
[0.572s] -- Up-to-date: /home/dhruv/rbe500-ros/src/install/open_manipulator_msgs/include/open_manipulator_msgs/open_manipulator_msgs/msg/detail/joint_position__type_support.cpp
[0.572s] -- Up-to-date: /home/dhruv/rbe500-ros/src/install/open_manipulator_msgs/include/open_manipulator_msgs/open_manipulator_msgs/msg/detail/open_manipulator_state__rosidl_typesupport_introspection_cpp.hpp
[0.572s] -- Up-to-date: /home/dhruv/rbe500-ros/src/install/open_manipulator_msgs/include/open_manipulator_msgs/open_manipulator_msgs/msg/detail/kinematics_pose__type_support.cpp
[0.572s] -- Up-to-date: /home/dhruv/rbe500-ros/src/install/open_manipulator_msgs/include/open_manipulator_msgs/open_manipulator_msgs/msg/detail/kinematics_pose__rosidl_typesupport_introspection_cpp.hpp
[0.573s] -- Up-to-date: /home/dhruv/rbe500-ros/src/install/open_manipulator_msgs/include/open_manipulator_msgs/open_manipulator_msgs/msg/detail/joint_position__rosidl_typesupport_introspection_cpp.hpp
[0.573s] -- Up-to-date: /home/dhruv/rbe500-ros/src/install/open_manipulator_msgs/include/open_manipulator_msgs/open_manipulator_msgs/srv
[0.573s] -- Up-to-date: /home/dhruv/rbe500-ros/src/install/open_manipulator_msgs/include/open_manipulator_msgs/open_manipulator_msgs/srv/detail
[0.573s] -- Up-to-date: /home/dhruv/rbe500-ros/src/install/open_manipulator_msgs/include/open_manipulator_msgs/open_manipulator_msgs/srv/detail/set_actuator_state__rosidl_typesupport_introspection_cpp.hpp
[0.573s] -- Up-to-date: /home/dhruv/rbe500-ros/src/install/open_manipulator_msgs/include/open_manipulator_msgs/open_manipulator_msgs/srv/detail/get_joint_position__type_support.cpp
[0.573s] -- Up-to-date: /home/dhruv/rbe500-ros/src/install/open_manipulator_msgs/include/open_manipulator_msgs/open_manipulator_msgs/srv/detail/set_joint_position__type_support.cpp
[0.573s] -- Up-to-date: /home/dhruv/rbe500-ros/src/install/open_manipulator_msgs/include/open_manipulator_msgs/open_manipulator_msgs/srv/detail/set_joint_position__rosidl_typesupport_introspection_cpp.hpp
[0.573s] -- Up-to-date: /home/dhruv/rbe500-ros/src/install/open_manipulator_msgs/include/open_manipulator_msgs/open_manipulator_msgs/srv/detail/set_drawing_trajectory__type_support.cpp
[0.573s] -- Up-to-date: /home/dhruv/rbe500-ros/src/install/open_manipulator_msgs/include/open_manipulator_msgs/open_manipulator_msgs/srv/detail/set_actuator_state__type_support.cpp
[0.573s] -- Up-to-date: /home/dhruv/rbe500-ros/src/install/open_manipulator_msgs/include/open_manipulator_msgs/open_manipulator_msgs/srv/detail/get_joint_position__rosidl_typesupport_introspection_cpp.hpp
[0.573s] -- Up-to-date: /home/dhruv/rbe500-ros/src/install/open_manipulator_msgs/include/open_manipulator_msgs/open_manipulator_msgs/srv/detail/set_drawing_trajectory__rosidl_typesupport_introspection_cpp.hpp
[0.573s] -- Up-to-date: /home/dhruv/rbe500-ros/src/install/open_manipulator_msgs/include/open_manipulator_msgs/open_manipulator_msgs/srv/detail/set_kinematics_pose__rosidl_typesupport_introspection_cpp.hpp
[0.574s] -- Up-to-date: /home/dhruv/rbe500-ros/src/install/open_manipulator_msgs/include/open_manipulator_msgs/open_manipulator_msgs/srv/detail/get_kinematics_pose__rosidl_typesupport_introspection_cpp.hpp
[0.574s] -- Up-to-date: /home/dhruv/rbe500-ros/src/install/open_manipulator_msgs/include/open_manipulator_msgs/open_manipulator_msgs/srv/detail/get_kinematics_pose__type_support.cpp
[0.574s] -- Up-to-date: /home/dhruv/rbe500-ros/src/install/open_manipulator_msgs/include/open_manipulator_msgs/open_manipulator_msgs/srv/detail/set_kinematics_pose__type_support.cpp
[0.574s] -- Up-to-date: /home/dhruv/rbe500-ros/src/install/open_manipulator_msgs/lib/libopen_manipulator_msgs__rosidl_typesupport_introspection_cpp.so
[0.574s] -- Up-to-date: /home/dhruv/rbe500-ros/src/install/open_manipulator_msgs/lib/libopen_manipulator_msgs__rosidl_typesupport_cpp.so
[0.574s] -- Up-to-date: /home/dhruv/rbe500-ros/src/install/open_manipulator_msgs/share/open_manipulator_msgs/environment/pythonpath.sh
[0.574s] -- Up-to-date: /home/dhruv/rbe500-ros/src/install/open_manipulator_msgs/share/open_manipulator_msgs/environment/pythonpath.dsv
[0.574s] -- Up-to-date: /home/dhruv/rbe500-ros/src/install/open_manipulator_msgs/local/lib/python3.10/dist-packages/open_manipulator_msgs-2.2.0-py3.10.egg-info
[0.574s] -- Installing: /home/dhruv/rbe500-ros/src/install/open_manipulator_msgs/local/lib/python3.10/dist-packages/open_manipulator_msgs-2.2.0-py3.10.egg-info/top_level.txt
[0.574s] -- Installing: /home/dhruv/rbe500-ros/src/install/open_manipulator_msgs/local/lib/python3.10/dist-packages/open_manipulator_msgs-2.2.0-py3.10.egg-info/PKG-INFO
[0.574s] -- Installing: /home/dhruv/rbe500-ros/src/install/open_manipulator_msgs/local/lib/python3.10/dist-packages/open_manipulator_msgs-2.2.0-py3.10.egg-info/SOURCES.txt
[0.574s] -- Installing: /home/dhruv/rbe500-ros/src/install/open_manipulator_msgs/local/lib/python3.10/dist-packages/open_manipulator_msgs-2.2.0-py3.10.egg-info/dependency_links.txt
[0.574s] -- Up-to-date: /home/dhruv/rbe500-ros/src/install/open_manipulator_msgs/local/lib/python3.10/dist-packages/open_manipulator_msgs
[0.575s] -- Up-to-date: /home/dhruv/rbe500-ros/src/install/open_manipulator_msgs/local/lib/python3.10/dist-packages/open_manipulator_msgs/msg
[0.575s] -- Up-to-date: /home/dhruv/rbe500-ros/src/install/open_manipulator_msgs/local/lib/python3.10/dist-packages/open_manipulator_msgs/msg/__init__.py
[0.575s] -- Up-to-date: /home/dhruv/rbe500-ros/src/install/open_manipulator_msgs/local/lib/python3.10/dist-packages/open_manipulator_msgs/msg/_open_manipulator_state.py
[0.575s] -- Up-to-date: /home/dhruv/rbe500-ros/src/install/open_manipulator_msgs/local/lib/python3.10/dist-packages/open_manipulator_msgs/msg/_open_manipulator_state_s.c
[0.575s] -- Up-to-date: /home/dhruv/rbe500-ros/src/install/open_manipulator_msgs/local/lib/python3.10/dist-packages/open_manipulator_msgs/msg/_joint_position.py
[0.575s] -- Up-to-date: /home/dhruv/rbe500-ros/src/install/open_manipulator_msgs/local/lib/python3.10/dist-packages/open_manipulator_msgs/msg/_joint_position_s.c
[0.575s] -- Up-to-date: /home/dhruv/rbe500-ros/src/install/open_manipulator_msgs/local/lib/python3.10/dist-packages/open_manipulator_msgs/msg/_kinematics_pose.py
[0.575s] -- Up-to-date: /home/dhruv/rbe500-ros/src/install/open_manipulator_msgs/local/lib/python3.10/dist-packages/open_manipulator_msgs/msg/_kinematics_pose_s.c
[0.575s] -- Up-to-date: /home/dhruv/rbe500-ros/src/install/open_manipulator_msgs/local/lib/python3.10/dist-packages/open_manipulator_msgs/__init__.py
[0.575s] -- Up-to-date: /home/dhruv/rbe500-ros/src/install/open_manipulator_msgs/local/lib/python3.10/dist-packages/open_manipulator_msgs/_open_manipulator_msgs_s.ep.rosidl_typesupport_c.c
[0.575s] -- Up-to-date: /home/dhruv/rbe500-ros/src/install/open_manipulator_msgs/local/lib/python3.10/dist-packages/open_manipulator_msgs/_open_manipulator_msgs_s.ep.rosidl_typesupport_fastrtps_c.c
[0.576s] -- Up-to-date: /home/dhruv/rbe500-ros/src/install/open_manipulator_msgs/local/lib/python3.10/dist-packages/open_manipulator_msgs/_open_manipulator_msgs_s.ep.rosidl_typesupport_introspection_c.c
[0.576s] -- Up-to-date: /home/dhruv/rbe500-ros/src/install/open_manipulator_msgs/local/lib/python3.10/dist-packages/open_manipulator_msgs/open_manipulator_msgs_s__rosidl_typesupport_c.cpython-310-x86_64-linux-gnu.so
[0.576s] -- Up-to-date: /home/dhruv/rbe500-ros/src/install/open_manipulator_msgs/local/lib/python3.10/dist-packages/open_manipulator_msgs/srv
[0.576s] -- Up-to-date: /home/dhruv/rbe500-ros/src/install/open_manipulator_msgs/local/lib/python3.10/dist-packages/open_manipulator_msgs/srv/_set_joint_position.py
[0.576s] -- Up-to-date: /home/dhruv/rbe500-ros/src/install/open_manipulator_msgs/local/lib/python3.10/dist-packages/open_manipulator_msgs/srv/_set_actuator_state.py
[0.576s] -- Up-to-date: /home/dhruv/rbe500-ros/src/install/open_manipulator_msgs/local/lib/python3.10/dist-packages/open_manipulator_msgs/srv/__init__.py
[0.576s] -- Up-to-date: /home/dhruv/rbe500-ros/src/install/open_manipulator_msgs/local/lib/python3.10/dist-packages/open_manipulator_msgs/srv/_set_drawing_trajectory_s.c
[0.576s] -- Up-to-date: /home/dhruv/rbe500-ros/src/install/open_manipulator_msgs/local/lib/python3.10/dist-packages/open_manipulator_msgs/srv/_set_joint_position_s.c
[0.576s] -- Up-to-date: /home/dhruv/rbe500-ros/src/install/open_manipulator_msgs/local/lib/python3.10/dist-packages/open_manipulator_msgs/srv/_get_kinematics_pose_s.c
[0.577s] -- Up-to-date: /home/dhruv/rbe500-ros/src/install/open_manipulator_msgs/local/lib/python3.10/dist-packages/open_manipulator_msgs/srv/_set_drawing_trajectory.py
[0.577s] -- Up-to-date: /home/dhruv/rbe500-ros/src/install/open_manipulator_msgs/local/lib/python3.10/dist-packages/open_manipulator_msgs/srv/_set_kinematics_pose_s.c
[0.577s] -- Up-to-date: /home/dhruv/rbe500-ros/src/install/open_manipulator_msgs/local/lib/python3.10/dist-packages/open_manipulator_msgs/srv/_set_actuator_state_s.c
[0.577s] -- Up-to-date: /home/dhruv/rbe500-ros/src/install/open_manipulator_msgs/local/lib/python3.10/dist-packages/open_manipulator_msgs/srv/_get_joint_position_s.c
[0.577s] -- Up-to-date: /home/dhruv/rbe500-ros/src/install/open_manipulator_msgs/local/lib/python3.10/dist-packages/open_manipulator_msgs/srv/_get_joint_position.py
[0.577s] -- Up-to-date: /home/dhruv/rbe500-ros/src/install/open_manipulator_msgs/local/lib/python3.10/dist-packages/open_manipulator_msgs/srv/_set_kinematics_pose.py
[0.577s] -- Up-to-date: /home/dhruv/rbe500-ros/src/install/open_manipulator_msgs/local/lib/python3.10/dist-packages/open_manipulator_msgs/srv/_get_kinematics_pose.py
[0.577s] -- Up-to-date: /home/dhruv/rbe500-ros/src/install/open_manipulator_msgs/local/lib/python3.10/dist-packages/open_manipulator_msgs/libopen_manipulator_msgs__rosidl_generator_py.so
[0.577s] -- Up-to-date: /home/dhruv/rbe500-ros/src/install/open_manipulator_msgs/local/lib/python3.10/dist-packages/open_manipulator_msgs/open_manipulator_msgs_s__rosidl_typesupport_fastrtps_c.cpython-310-x86_64-linux-gnu.so
[0.577s] -- Up-to-date: /home/dhruv/rbe500-ros/src/install/open_manipulator_msgs/local/lib/python3.10/dist-packages/open_manipulator_msgs/open_manipulator_msgs_s__rosidl_typesupport_introspection_c.cpython-310-x86_64-linux-gnu.so
[0.581s] Listing '/home/dhruv/rbe500-ros/src/install/open_manipulator_msgs/local/lib/python3.10/dist-packages/open_manipulator_msgs'...
[0.581s] Listing '/home/dhruv/rbe500-ros/src/install/open_manipulator_msgs/local/lib/python3.10/dist-packages/open_manipulator_msgs/msg'...
[0.582s] Listing '/home/dhruv/rbe500-ros/src/install/open_manipulator_msgs/local/lib/python3.10/dist-packages/open_manipulator_msgs/srv'...
[0.584s] -- Up-to-date: /home/dhruv/rbe500-ros/src/install/open_manipulator_msgs/local/lib/python3.10/dist-packages/open_manipulator_msgs/open_manipulator_msgs_s__rosidl_typesupport_fastrtps_c.cpython-310-x86_64-linux-gnu.so
[0.584s] -- Up-to-date: /home/dhruv/rbe500-ros/src/install/open_manipulator_msgs/local/lib/python3.10/dist-packages/open_manipulator_msgs/open_manipulator_msgs_s__rosidl_typesupport_introspection_c.cpython-310-x86_64-linux-gnu.so
[0.585s] -- Up-to-date: /home/dhruv/rbe500-ros/src/install/open_manipulator_msgs/local/lib/python3.10/dist-packages/open_manipulator_msgs/open_manipulator_msgs_s__rosidl_typesupport_c.cpython-310-x86_64-linux-gnu.so
[0.585s] -- Up-to-date: /home/dhruv/rbe500-ros/src/install/open_manipulator_msgs/lib/libopen_manipulator_msgs__rosidl_generator_py.so
[0.585s] -- Up-to-date: /home/dhruv/rbe500-ros/src/install/open_manipulator_msgs/share/open_manipulator_msgs/msg/JointPosition.idl
[0.585s] -- Up-to-date: /home/dhruv/rbe500-ros/src/install/open_manipulator_msgs/share/open_manipulator_msgs/msg/KinematicsPose.idl
[0.585s] -- Up-to-date: /home/dhruv/rbe500-ros/src/install/open_manipulator_msgs/share/open_manipulator_msgs/msg/OpenManipulatorState.idl
[0.585s] -- Up-to-date: /home/dhruv/rbe500-ros/src/install/open_manipulator_msgs/share/open_manipulator_msgs/srv/GetJointPosition.idl
[0.585s] -- Up-to-date: /home/dhruv/rbe500-ros/src/install/open_manipulator_msgs/share/open_manipulator_msgs/srv/GetKinematicsPose.idl
[0.585s] -- Up-to-date: /home/dhruv/rbe500-ros/src/install/open_manipulator_msgs/share/open_manipulator_msgs/srv/SetJointPosition.idl
[0.586s] -- Up-to-date: /home/dhruv/rbe500-ros/src/install/open_manipulator_msgs/share/open_manipulator_msgs/srv/SetKinematicsPose.idl
[0.586s] -- Up-to-date: /home/dhruv/rbe500-ros/src/install/open_manipulator_msgs/share/open_manipulator_msgs/srv/SetDrawingTrajectory.idl
[0.586s] -- Up-to-date: /home/dhruv/rbe500-ros/src/install/open_manipulator_msgs/share/open_manipulator_msgs/srv/SetActuatorState.idl
[0.586s] -- Up-to-date: /home/dhruv/rbe500-ros/src/install/open_manipulator_msgs/share/open_manipulator_msgs/msg/JointPosition.msg
[0.586s] -- Up-to-date: /home/dhruv/rbe500-ros/src/install/open_manipulator_msgs/share/open_manipulator_msgs/msg/KinematicsPose.msg
[0.586s] -- Up-to-date: /home/dhruv/rbe500-ros/src/install/open_manipulator_msgs/share/open_manipulator_msgs/msg/OpenManipulatorState.msg
[0.586s] -- Up-to-date: /home/dhruv/rbe500-ros/src/install/open_manipulator_msgs/share/open_manipulator_msgs/srv/GetJointPosition.srv
[0.586s] -- Up-to-date: /home/dhruv/rbe500-ros/src/install/open_manipulator_msgs/share/open_manipulator_msgs/srv/GetJointPosition_Request.msg
[0.586s] -- Up-to-date: /home/dhruv/rbe500-ros/src/install/open_manipulator_msgs/share/open_manipulator_msgs/srv/GetJointPosition_Response.msg
[0.587s] -- Up-to-date: /home/dhruv/rbe500-ros/src/install/open_manipulator_msgs/share/open_manipulator_msgs/srv/GetKinematicsPose.srv
[0.587s] -- Up-to-date: /home/dhruv/rbe500-ros/src/install/open_manipulator_msgs/share/open_manipulator_msgs/srv/GetKinematicsPose_Request.msg
[0.587s] -- Up-to-date: /home/dhruv/rbe500-ros/src/install/open_manipulator_msgs/share/open_manipulator_msgs/srv/GetKinematicsPose_Response.msg
[0.587s] -- Up-to-date: /home/dhruv/rbe500-ros/src/install/open_manipulator_msgs/share/open_manipulator_msgs/srv/SetJointPosition.srv
[0.587s] -- Up-to-date: /home/dhruv/rbe500-ros/src/install/open_manipulator_msgs/share/open_manipulator_msgs/srv/SetJointPosition_Request.msg
[0.587s] -- Up-to-date: /home/dhruv/rbe500-ros/src/install/open_manipulator_msgs/share/open_manipulator_msgs/srv/SetJointPosition_Response.msg
[0.588s] -- Up-to-date: /home/dhruv/rbe500-ros/src/install/open_manipulator_msgs/share/open_manipulator_msgs/srv/SetKinematicsPose.srv
[0.588s] -- Up-to-date: /home/dhruv/rbe500-ros/src/install/open_manipulator_msgs/share/open_manipulator_msgs/srv/SetKinematicsPose_Request.msg
[0.588s] -- Up-to-date: /home/dhruv/rbe500-ros/src/install/open_manipulator_msgs/share/open_manipulator_msgs/srv/SetKinematicsPose_Response.msg
[0.588s] -- Up-to-date: /home/dhruv/rbe500-ros/src/install/open_manipulator_msgs/share/open_manipulator_msgs/srv/SetDrawingTrajectory.srv
[0.588s] -- Up-to-date: /home/dhruv/rbe500-ros/src/install/open_manipulator_msgs/share/open_manipulator_msgs/srv/SetDrawingTrajectory_Request.msg
[0.588s] -- Up-to-date: /home/dhruv/rbe500-ros/src/install/open_manipulator_msgs/share/open_manipulator_msgs/srv/SetDrawingTrajectory_Response.msg
[0.588s] -- Up-to-date: /home/dhruv/rbe500-ros/src/install/open_manipulator_msgs/share/open_manipulator_msgs/srv/SetActuatorState.srv
[0.589s] -- Up-to-date: /home/dhruv/rbe500-ros/src/install/open_manipulator_msgs/share/open_manipulator_msgs/srv/SetActuatorState_Request.msg
[0.589s] -- Up-to-date: /home/dhruv/rbe500-ros/src/install/open_manipulator_msgs/share/open_manipulator_msgs/srv/SetActuatorState_Response.msg
[0.589s] -- Up-to-date: /home/dhruv/rbe500-ros/src/install/open_manipulator_msgs/share/ament_index/resource_index/package_run_dependencies/open_manipulator_msgs
[0.589s] -- Up-to-date: /home/dhruv/rbe500-ros/src/install/open_manipulator_msgs/share/ament_index/resource_index/parent_prefix_path/open_manipulator_msgs
[0.589s] -- Up-to-date: /home/dhruv/rbe500-ros/src/install/open_manipulator_msgs/share/open_manipulator_msgs/environment/ament_prefix_path.sh
[0.589s] -- Up-to-date: /home/dhruv/rbe500-ros/src/install/open_manipulator_msgs/share/open_manipulator_msgs/environment/ament_prefix_path.dsv
[0.589s] -- Up-to-date: /home/dhruv/rbe500-ros/src/install/open_manipulator_msgs/share/open_manipulator_msgs/environment/path.sh
[0.589s] -- Up-to-date: /home/dhruv/rbe500-ros/src/install/open_manipulator_msgs/share/open_manipulator_msgs/environment/path.dsv
[0.589s] -- Up-to-date: /home/dhruv/rbe500-ros/src/install/open_manipulator_msgs/share/open_manipulator_msgs/local_setup.bash
[0.589s] -- Up-to-date: /home/dhruv/rbe500-ros/src/install/open_manipulator_msgs/share/open_manipulator_msgs/local_setup.sh
[0.589s] -- Up-to-date: /home/dhruv/rbe500-ros/src/install/open_manipulator_msgs/share/open_manipulator_msgs/local_setup.zsh
[0.589s] -- Up-to-date: /home/dhruv/rbe500-ros/src/install/open_manipulator_msgs/share/open_manipulator_msgs/local_setup.dsv
[0.590s] -- Installing: /home/dhruv/rbe500-ros/src/install/open_manipulator_msgs/share/open_manipulator_msgs/package.dsv
[0.590s] -- Up-to-date: /home/dhruv/rbe500-ros/src/install/open_manipulator_msgs/share/ament_index/resource_index/packages/open_manipulator_msgs
[0.590s] -- Up-to-date: /home/dhruv/rbe500-ros/src/install/open_manipulator_msgs/share/open_manipulator_msgs/cmake/export_open_manipulator_msgs__rosidl_generator_cExport.cmake
[0.590s] -- Up-to-date: /home/dhruv/rbe500-ros/src/install/open_manipulator_msgs/share/open_manipulator_msgs/cmake/export_open_manipulator_msgs__rosidl_generator_cExport-noconfig.cmake
[0.590s] -- Up-to-date: /home/dhruv/rbe500-ros/src/install/open_manipulator_msgs/share/open_manipulator_msgs/cmake/export_open_manipulator_msgs__rosidl_typesupport_fastrtps_cExport.cmake
[0.590s] -- Up-to-date: /home/dhruv/rbe500-ros/src/install/open_manipulator_msgs/share/open_manipulator_msgs/cmake/export_open_manipulator_msgs__rosidl_typesupport_fastrtps_cExport-noconfig.cmake
[0.590s] -- Up-to-date: /home/dhruv/rbe500-ros/src/install/open_manipulator_msgs/share/open_manipulator_msgs/cmake/export_open_manipulator_msgs__rosidl_generator_cppExport.cmake
[0.590s] -- Up-to-date: /home/dhruv/rbe500-ros/src/install/open_manipulator_msgs/share/open_manipulator_msgs/cmake/export_open_manipulator_msgs__rosidl_typesupport_fastrtps_cppExport.cmake
[0.590s] -- Up-to-date: /home/dhruv/rbe500-ros/src/install/open_manipulator_msgs/share/open_manipulator_msgs/cmake/export_open_manipulator_msgs__rosidl_typesupport_fastrtps_cppExport-noconfig.cmake
[0.590s] -- Up-to-date: /home/dhruv/rbe500-ros/src/install/open_manipulator_msgs/share/open_manipulator_msgs/cmake/open_manipulator_msgs__rosidl_typesupport_introspection_cExport.cmake
[0.591s] -- Up-to-date: /home/dhruv/rbe500-ros/src/install/open_manipulator_msgs/share/open_manipulator_msgs/cmake/open_manipulator_msgs__rosidl_typesupport_introspection_cExport-noconfig.cmake
[0.591s] -- Up-to-date: /home/dhruv/rbe500-ros/src/install/open_manipulator_msgs/share/open_manipulator_msgs/cmake/open_manipulator_msgs__rosidl_typesupport_cExport.cmake
[0.591s] -- Up-to-date: /home/dhruv/rbe500-ros/src/install/open_manipulator_msgs/share/open_manipulator_msgs/cmake/open_manipulator_msgs__rosidl_typesupport_cExport-noconfig.cmake
[0.591s] -- Up-to-date: /home/dhruv/rbe500-ros/src/install/open_manipulator_msgs/share/open_manipulator_msgs/cmake/open_manipulator_msgs__rosidl_typesupport_introspection_cppExport.cmake
[0.591s] -- Up-to-date: /home/dhruv/rbe500-ros/src/install/open_manipulator_msgs/share/open_manipulator_msgs/cmake/open_manipulator_msgs__rosidl_typesupport_introspection_cppExport-noconfig.cmake
[0.591s] -- Up-to-date: /home/dhruv/rbe500-ros/src/install/open_manipulator_msgs/share/open_manipulator_msgs/cmake/open_manipulator_msgs__rosidl_typesupport_cppExport.cmake
[0.591s] -- Up-to-date: /home/dhruv/rbe500-ros/src/install/open_manipulator_msgs/share/open_manipulator_msgs/cmake/open_manipulator_msgs__rosidl_typesupport_cppExport-noconfig.cmake
[0.591s] -- Up-to-date: /home/dhruv/rbe500-ros/src/install/open_manipulator_msgs/share/open_manipulator_msgs/cmake/export_open_manipulator_msgs__rosidl_generator_pyExport.cmake
[0.591s] -- Up-to-date: /home/dhruv/rbe500-ros/src/install/open_manipulator_msgs/share/open_manipulator_msgs/cmake/export_open_manipulator_msgs__rosidl_generator_pyExport-noconfig.cmake
[0.591s] -- Up-to-date: /home/dhruv/rbe500-ros/src/install/open_manipulator_msgs/share/open_manipulator_msgs/cmake/rosidl_cmake-extras.cmake
[0.592s] -- Up-to-date: /home/dhruv/rbe500-ros/src/install/open_manipulator_msgs/share/open_manipulator_msgs/cmake/ament_cmake_export_dependencies-extras.cmake
[0.592s] -- Up-to-date: /home/dhruv/rbe500-ros/src/install/open_manipulator_msgs/share/open_manipulator_msgs/cmake/ament_cmake_export_include_directories-extras.cmake
[0.592s] -- Up-to-date: /home/dhruv/rbe500-ros/src/install/open_manipulator_msgs/share/open_manipulator_msgs/cmake/ament_cmake_export_libraries-extras.cmake
[0.592s] -- Up-to-date: /home/dhruv/rbe500-ros/src/install/open_manipulator_msgs/share/open_manipulator_msgs/cmake/ament_cmake_export_targets-extras.cmake
[0.592s] -- Up-to-date: /home/dhruv/rbe500-ros/src/install/open_manipulator_msgs/share/open_manipulator_msgs/cmake/rosidl_cmake_export_typesupport_targets-extras.cmake
[0.592s] -- Up-to-date: /home/dhruv/rbe500-ros/src/install/open_manipulator_msgs/share/open_manipulator_msgs/cmake/rosidl_cmake_export_typesupport_libraries-extras.cmake
[0.592s] -- Up-to-date: /home/dhruv/rbe500-ros/src/install/open_manipulator_msgs/share/open_manipulator_msgs/cmake/open_manipulator_msgsConfig.cmake
[0.593s] -- Up-to-date: /home/dhruv/rbe500-ros/src/install/open_manipulator_msgs/share/open_manipulator_msgs/cmake/open_manipulator_msgsConfig-version.cmake
[0.593s] -- Up-to-date: /home/dhruv/rbe500-ros/src/install/open_manipulator_msgs/share/open_manipulator_msgs/package.xml
[0.606s] Invoked command in '/home/dhruv/rbe500-ros/src/build/open_manipulator_msgs' returned '0': CMAKE_PREFIX_PATH=${CMAKE_PREFIX_PATH}:/home/dhruv/rbe500-ros/install/rbe500_example_py:/home/dhruv/rbe500-ros/install/open_manipulator_x_description:/home/dhruv/rbe500-ros/install/grp_assn_1:/home/dhruv/rbe500-ros/install/dynamixel_workbench:/home/dhruv/rbe500-ros/install/dynamixel_sdk:/opt/ros/humble /usr/bin/cmake --install /home/dhruv/rbe500-ros/src/build/open_manipulator_msgs
