[0.432s] Invoking command in '/home/dhruv/rbe500-ros/src/rbe500_example_py': PYTHONPATH=/home/dhruv/rbe500-ros/src/build/rbe500_example_py/prefix_override:/usr/lib/python3/dist-packages/colcon_core/task/python/colcon_distutils_commands:/home/dhruv/rbe500-ros/src/install/rbe500_example_py/lib/python3.10/site-packages:${PYTHONPATH} /usr/bin/python3 -W ignore:setup.py install is deprecated setup.py egg_info --egg-base ../build/rbe500_example_py build --build-base /home/dhruv/rbe500-ros/src/build/rbe500_example_py/build install --record /home/dhruv/rbe500-ros/src/build/rbe500_example_py/install.log --single-version-externally-managed install_data
[0.585s] running egg_info
[0.585s] writing ../build/rbe500_example_py/rbe500_example_py.egg-info/PKG-INFO
[0.586s] writing dependency_links to ../build/rbe500_example_py/rbe500_example_py.egg-info/dependency_links.txt
[0.586s] writing entry points to ../build/rbe500_example_py/rbe500_example_py.egg-info/entry_points.txt
[0.586s] writing requirements to ../build/rbe500_example_py/rbe500_example_py.egg-info/requires.txt
[0.586s] writing top-level names to ../build/rbe500_example_py/rbe500_example_py.egg-info/top_level.txt
[0.587s] reading manifest file '../build/rbe500_example_py/rbe500_example_py.egg-info/SOURCES.txt'
[0.587s] writing manifest file '../build/rbe500_example_py/rbe500_example_py.egg-info/SOURCES.txt'
[0.587s] running build
[0.588s] running build_py
[0.588s] running install
[0.588s] running install_lib
[0.589s] running install_data
[0.589s] running install_egg_info
[0.590s] removing '/home/dhruv/rbe500-ros/src/install/rbe500_example_py/lib/python3.10/site-packages/rbe500_example_py-0.0.0-py3.10.egg-info' (and everything under it)
[0.591s] Copying ../build/rbe500_example_py/rbe500_example_py.egg-info to /home/dhruv/rbe500-ros/src/install/rbe500_example_py/lib/python3.10/site-packages/rbe500_example_py-0.0.0-py3.10.egg-info
[0.591s] running install_scripts
[0.604s] Installing basic_robot_control script to /home/dhruv/rbe500-ros/src/install/rbe500_example_py/lib/rbe500_example_py
[0.604s] writing list of installed files to '/home/dhruv/rbe500-ros/src/build/rbe500_example_py/install.log'
[0.632s] Invoked command in '/home/dhruv/rbe500-ros/src/rbe500_example_py' returned '0': PYTHONPATH=/home/dhruv/rbe500-ros/src/build/rbe500_example_py/prefix_override:/usr/lib/python3/dist-packages/colcon_core/task/python/colcon_distutils_commands:/home/dhruv/rbe500-ros/src/install/rbe500_example_py/lib/python3.10/site-packages:${PYTHONPATH} /usr/bin/python3 -W ignore:setup.py install is deprecated setup.py egg_info --egg-base ../build/rbe500_example_py build --build-base /home/dhruv/rbe500-ros/src/build/rbe500_example_py/build install --record /home/dhruv/rbe500-ros/src/build/rbe500_example_py/install.log --single-version-externally-managed install_data
