[0.024s] Invoking command in '/home/dhruv/rbe500-ros/src/build/dynamixel_sdk': CMAKE_PREFIX_PATH=${CMAKE_PREFIX_PATH}:/home/dhruv/rbe500-ros/install/rbe500_example_py:/home/dhruv/rbe500-ros/install/grp_assn_1:/opt/ros/humble /usr/bin/cmake /home/dhruv/rbe500-ros/src/DynamixelSDK/dynamixel_sdk -DCMAKE_INSTALL_PREFIX=/home/dhruv/rbe500-ros/src/install/dynamixel_sdk
[0.097s] -- The C compiler identification is GNU 11.4.0
[0.156s] -- The CXX compiler identification is GNU 11.4.0
[0.162s] -- Detecting C compiler ABI info
[0.216s] -- Detecting C compiler ABI info - done
[0.221s] -- Check for working C compiler: /usr/bin/cc - skipped
[0.221s] -- Detecting C compile features
[0.222s] -- Detecting C compile features - done
[0.225s] -- Detecting CXX compiler ABI info
[0.290s] -- Detecting CXX compiler ABI info - done
[0.298s] -- Check for working CXX compiler: /usr/bin/c++ - skipped
[0.298s] -- Detecting CXX compile features
[0.299s] -- Detecting CXX compile features - done
[0.301s] -- Found ament_cmake: 1.3.10 (/opt/ros/humble/share/ament_cmake/cmake)
[0.420s] -- Found Python3: /usr/bin/python3 (found version "3.10.12") found components: Interpreter 
[0.554s] -- Configuring done
[0.558s] -- Generating done
[0.560s] -- Build files have been written to: /home/dhruv/rbe500-ros/src/build/dynamixel_sdk
[0.561s] Invoked command in '/home/dhruv/rbe500-ros/src/build/dynamixel_sdk' returned '0': CMAKE_PREFIX_PATH=${CMAKE_PREFIX_PATH}:/home/dhruv/rbe500-ros/install/rbe500_example_py:/home/dhruv/rbe500-ros/install/grp_assn_1:/opt/ros/humble /usr/bin/cmake /home/dhruv/rbe500-ros/src/DynamixelSDK/dynamixel_sdk -DCMAKE_INSTALL_PREFIX=/home/dhruv/rbe500-ros/src/install/dynamixel_sdk
[0.562s] Invoking command in '/home/dhruv/rbe500-ros/src/build/dynamixel_sdk': CMAKE_PREFIX_PATH=${CMAKE_PREFIX_PATH}:/home/dhruv/rbe500-ros/install/rbe500_example_py:/home/dhruv/rbe500-ros/install/grp_assn_1:/opt/ros/humble /usr/bin/cmake --build /home/dhruv/rbe500-ros/src/build/dynamixel_sdk -- -j32 -l32
[0.600s] [ 10%] [32mBuilding CXX object CMakeFiles/dynamixel_sdk.dir/src/dynamixel_sdk/packet_handler.cpp.o[0m
[0.601s] [ 20%] [32mBuilding CXX object CMakeFiles/dynamixel_sdk.dir/src/dynamixel_sdk/group_bulk_write.cpp.o[0m
[0.602s] [ 40%] [32mBuilding CXX object CMakeFiles/dynamixel_sdk.dir/src/dynamixel_sdk/group_sync_read.cpp.o[0m
[0.602s] [ 40%] [32mBuilding CXX object CMakeFiles/dynamixel_sdk.dir/src/dynamixel_sdk/protocol1_packet_handler.cpp.o[0m
[0.602s] [ 50%] [32mBuilding CXX object CMakeFiles/dynamixel_sdk.dir/src/dynamixel_sdk/group_bulk_read.cpp.o[0m
[0.602s] [ 60%] [32mBuilding CXX object CMakeFiles/dynamixel_sdk.dir/src/dynamixel_sdk/protocol2_packet_handler.cpp.o[0m
[0.603s] [ 70%] [32mBuilding CXX object CMakeFiles/dynamixel_sdk.dir/src/dynamixel_sdk/group_sync_write.cpp.o[0m
[0.604s] [ 80%] [32mBuilding CXX object CMakeFiles/dynamixel_sdk.dir/src/dynamixel_sdk/port_handler.cpp.o[0m
[0.604s] [ 90%] [32mBuilding CXX object CMakeFiles/dynamixel_sdk.dir/src/dynamixel_sdk/port_handler_linux.cpp.o[0m
[0.924s] [100%] [32m[1mLinking CXX shared library libdynamixel_sdk.so[0m
[0.993s] [100%] Built target dynamixel_sdk
[1.002s] Invoked command in '/home/dhruv/rbe500-ros/src/build/dynamixel_sdk' returned '0': CMAKE_PREFIX_PATH=${CMAKE_PREFIX_PATH}:/home/dhruv/rbe500-ros/install/rbe500_example_py:/home/dhruv/rbe500-ros/install/grp_assn_1:/opt/ros/humble /usr/bin/cmake --build /home/dhruv/rbe500-ros/src/build/dynamixel_sdk -- -j32 -l32
[1.044s] Invoking command in '/home/dhruv/rbe500-ros/src/build/dynamixel_sdk': CMAKE_PREFIX_PATH=${CMAKE_PREFIX_PATH}:/home/dhruv/rbe500-ros/install/rbe500_example_py:/home/dhruv/rbe500-ros/install/grp_assn_1:/opt/ros/humble /usr/bin/cmake --install /home/dhruv/rbe500-ros/src/build/dynamixel_sdk
[1.050s] -- Install configuration: ""
[1.050s] -- Installing: /home/dhruv/rbe500-ros/src/install/dynamixel_sdk/include/
[1.050s] -- Installing: /home/dhruv/rbe500-ros/src/install/dynamixel_sdk/include//dynamixel_sdk
[1.050s] -- Installing: /home/dhruv/rbe500-ros/src/install/dynamixel_sdk/include//dynamixel_sdk/dynamixel_sdk.h
[1.051s] -- Installing: /home/dhruv/rbe500-ros/src/install/dynamixel_sdk/include//dynamixel_sdk/group_sync_write.h
[1.051s] -- Installing: /home/dhruv/rbe500-ros/src/install/dynamixel_sdk/include//dynamixel_sdk/port_handler.h
[1.051s] -- Installing: /home/dhruv/rbe500-ros/src/install/dynamixel_sdk/include//dynamixel_sdk/port_handler_arduino.h
[1.051s] -- Installing: /home/dhruv/rbe500-ros/src/install/dynamixel_sdk/include//dynamixel_sdk/packet_handler.h
[1.051s] -- Installing: /home/dhruv/rbe500-ros/src/install/dynamixel_sdk/include//dynamixel_sdk/group_sync_read.h
[1.051s] -- Installing: /home/dhruv/rbe500-ros/src/install/dynamixel_sdk/include//dynamixel_sdk/protocol2_packet_handler.h
[1.051s] -- Installing: /home/dhruv/rbe500-ros/src/install/dynamixel_sdk/include//dynamixel_sdk/group_bulk_write.h
[1.051s] -- Installing: /home/dhruv/rbe500-ros/src/install/dynamixel_sdk/include//dynamixel_sdk/port_handler_windows.h
[1.051s] -- Installing: /home/dhruv/rbe500-ros/src/install/dynamixel_sdk/include//dynamixel_sdk/protocol1_packet_handler.h
[1.051s] -- Installing: /home/dhruv/rbe500-ros/src/install/dynamixel_sdk/include//dynamixel_sdk/port_handler_linux.h
[1.051s] -- Installing: /home/dhruv/rbe500-ros/src/install/dynamixel_sdk/include//dynamixel_sdk/port_handler_mac.h
[1.051s] -- Installing: /home/dhruv/rbe500-ros/src/install/dynamixel_sdk/include//dynamixel_sdk/group_bulk_read.h
[1.052s] -- Installing: /home/dhruv/rbe500-ros/src/install/dynamixel_sdk/lib/libdynamixel_sdk.so
[1.052s] -- Installing: /home/dhruv/rbe500-ros/src/install/dynamixel_sdk/share/dynamixel_sdk/environment/library_path.sh
[1.052s] -- Installing: /home/dhruv/rbe500-ros/src/install/dynamixel_sdk/share/dynamixel_sdk/environment/library_path.dsv
[1.052s] -- Installing: /home/dhruv/rbe500-ros/src/install/dynamixel_sdk/share/ament_index/resource_index/package_run_dependencies/dynamixel_sdk
[1.052s] -- Installing: /home/dhruv/rbe500-ros/src/install/dynamixel_sdk/share/ament_index/resource_index/parent_prefix_path/dynamixel_sdk
[1.052s] -- Installing: /home/dhruv/rbe500-ros/src/install/dynamixel_sdk/share/dynamixel_sdk/environment/ament_prefix_path.sh
[1.052s] -- Installing: /home/dhruv/rbe500-ros/src/install/dynamixel_sdk/share/dynamixel_sdk/environment/ament_prefix_path.dsv
[1.052s] -- Installing: /home/dhruv/rbe500-ros/src/install/dynamixel_sdk/share/dynamixel_sdk/environment/path.sh
[1.052s] -- Installing: /home/dhruv/rbe500-ros/src/install/dynamixel_sdk/share/dynamixel_sdk/environment/path.dsv
[1.052s] -- Installing: /home/dhruv/rbe500-ros/src/install/dynamixel_sdk/share/dynamixel_sdk/local_setup.bash
[1.052s] -- Installing: /home/dhruv/rbe500-ros/src/install/dynamixel_sdk/share/dynamixel_sdk/local_setup.sh
[1.053s] -- Installing: /home/dhruv/rbe500-ros/src/install/dynamixel_sdk/share/dynamixel_sdk/local_setup.zsh
[1.053s] -- Installing: /home/dhruv/rbe500-ros/src/install/dynamixel_sdk/share/dynamixel_sdk/local_setup.dsv
[1.053s] -- Installing: /home/dhruv/rbe500-ros/src/install/dynamixel_sdk/share/dynamixel_sdk/package.dsv
[1.053s] -- Installing: /home/dhruv/rbe500-ros/src/install/dynamixel_sdk/share/ament_index/resource_index/packages/dynamixel_sdk
[1.053s] -- Installing: /home/dhruv/rbe500-ros/src/install/dynamixel_sdk/share/dynamixel_sdk/cmake/ament_cmake_export_include_directories-extras.cmake
[1.053s] -- Installing: /home/dhruv/rbe500-ros/src/install/dynamixel_sdk/share/dynamixel_sdk/cmake/ament_cmake_export_libraries-extras.cmake
[1.053s] -- Installing: /home/dhruv/rbe500-ros/src/install/dynamixel_sdk/share/dynamixel_sdk/cmake/dynamixel_sdkConfig.cmake
[1.053s] -- Installing: /home/dhruv/rbe500-ros/src/install/dynamixel_sdk/share/dynamixel_sdk/cmake/dynamixel_sdkConfig-version.cmake
[1.053s] -- Installing: /home/dhruv/rbe500-ros/src/install/dynamixel_sdk/share/dynamixel_sdk/package.xml
[1.054s] Invoked command in '/home/dhruv/rbe500-ros/src/build/dynamixel_sdk' returned '0': CMAKE_PREFIX_PATH=${CMAKE_PREFIX_PATH}:/home/dhruv/rbe500-ros/install/rbe500_example_py:/home/dhruv/rbe500-ros/install/grp_assn_1:/opt/ros/humble /usr/bin/cmake --install /home/dhruv/rbe500-ros/src/build/dynamixel_sdk
