[0.020s] Invoking command in '/home/dhruv/rbe500-ros/src/build/custom_interfaces': CMAKE_PREFIX_PATH=${CMAKE_PREFIX_PATH}:/home/dhruv/rbe500-ros/install/rbe500_example_py:/home/dhruv/rbe500-ros/install/open_manipulator_x_description:/home/dhruv/rbe500-ros/install/grp_assn_1:/home/dhruv/rbe500-ros/install/dynamixel_workbench:/home/dhruv/rbe500-ros/install/dynamixel_sdk:/opt/ros/humble /usr/bin/cmake --build /home/dhruv/rbe500-ros/src/build/custom_interfaces -- -j32 -l32
[0.066s] [  3%] Built target custom_interfaces__cpp
[0.068s] [ 12%] Built target custom_interfaces__rosidl_generator_c
[0.077s] [ 12%] Built target ament_cmake_python_copy_custom_interfaces
[0.090s] [ 22%] Built target custom_interfaces__rosidl_typesupport_cpp
[0.091s] [ 32%] Built target custom_interfaces__rosidl_typesupport_fastrtps_cpp
[0.092s] [ 41%] Built target custom_interfaces__rosidl_typesupport_c
[0.093s] [ 51%] Built target custom_interfaces__rosidl_typesupport_fastrtps_c
[0.093s] [ 61%] Built target custom_interfaces__rosidl_typesupport_introspection_cpp
[0.095s] [ 70%] Built target custom_interfaces__rosidl_typesupport_introspection_c
[0.115s] [ 70%] Built target custom_interfaces
[0.135s] [ 74%] Built target custom_interfaces__py
[0.154s] [ 80%] Built target custom_interfaces__rosidl_generator_py
[0.175s] [ 87%] Built target custom_interfaces__rosidl_typesupport_introspection_c__pyext
[0.177s] [100%] Built target custom_interfaces__rosidl_typesupport_fastrtps_c__pyext
[0.177s] [100%] Built target custom_interfaces__rosidl_typesupport_c__pyext
[0.240s] running egg_info
[0.241s] writing custom_interfaces.egg-info/PKG-INFO
[0.241s] writing dependency_links to custom_interfaces.egg-info/dependency_links.txt
[0.241s] writing top-level names to custom_interfaces.egg-info/top_level.txt
[0.242s] reading manifest file 'custom_interfaces.egg-info/SOURCES.txt'
[0.243s] writing manifest file 'custom_interfaces.egg-info/SOURCES.txt'
[0.261s] [100%] Built target ament_cmake_python_build_custom_interfaces_egg
[0.282s] Invoked command in '/home/dhruv/rbe500-ros/src/build/custom_interfaces' returned '0': CMAKE_PREFIX_PATH=${CMAKE_PREFIX_PATH}:/home/dhruv/rbe500-ros/install/rbe500_example_py:/home/dhruv/rbe500-ros/install/open_manipulator_x_description:/home/dhruv/rbe500-ros/install/grp_assn_1:/home/dhruv/rbe500-ros/install/dynamixel_workbench:/home/dhruv/rbe500-ros/install/dynamixel_sdk:/opt/ros/humble /usr/bin/cmake --build /home/dhruv/rbe500-ros/src/build/custom_interfaces -- -j32 -l32
[0.350s] Invoking command in '/home/dhruv/rbe500-ros/src/build/custom_interfaces': CMAKE_PREFIX_PATH=${CMAKE_PREFIX_PATH}:/home/dhruv/rbe500-ros/install/rbe500_example_py:/home/dhruv/rbe500-ros/install/open_manipulator_x_description:/home/dhruv/rbe500-ros/install/grp_assn_1:/home/dhruv/rbe500-ros/install/dynamixel_workbench:/home/dhruv/rbe500-ros/install/dynamixel_sdk:/opt/ros/humble /usr/bin/cmake --install /home/dhruv/rbe500-ros/src/build/custom_interfaces
[0.359s] -- Install configuration: ""
[0.359s] -- Up-to-date: /home/dhruv/rbe500-ros/src/install/custom_interfaces/share/ament_index/resource_index/rosidl_interfaces/custom_interfaces
[0.359s] -- Up-to-date: /home/dhruv/rbe500-ros/src/install/custom_interfaces/include/custom_interfaces/custom_interfaces
[0.359s] -- Up-to-date: /home/dhruv/rbe500-ros/src/install/custom_interfaces/include/custom_interfaces/custom_interfaces/msg
[0.360s] -- Up-to-date: /home/dhruv/rbe500-ros/src/install/custom_interfaces/include/custom_interfaces/custom_interfaces/msg/rosidl_generator_c__visibility_control.h
[0.360s] -- Up-to-date: /home/dhruv/rbe500-ros/src/install/custom_interfaces/include/custom_interfaces/custom_interfaces/srv
[0.360s] -- Up-to-date: /home/dhruv/rbe500-ros/src/install/custom_interfaces/include/custom_interfaces/custom_interfaces/srv/detail
[0.360s] -- Up-to-date: /home/dhruv/rbe500-ros/src/install/custom_interfaces/include/custom_interfaces/custom_interfaces/srv/detail/inv_kin__functions.c
[0.360s] -- Up-to-date: /home/dhruv/rbe500-ros/src/install/custom_interfaces/include/custom_interfaces/custom_interfaces/srv/detail/inv_kin__struct.h
[0.360s] -- Up-to-date: /home/dhruv/rbe500-ros/src/install/custom_interfaces/include/custom_interfaces/custom_interfaces/srv/detail/inv_kin__type_support.h
[0.360s] -- Up-to-date: /home/dhruv/rbe500-ros/src/install/custom_interfaces/include/custom_interfaces/custom_interfaces/srv/detail/inv_kin__functions.h
[0.360s] -- Up-to-date: /home/dhruv/rbe500-ros/src/install/custom_interfaces/include/custom_interfaces/custom_interfaces/srv/inv_kin.h
[0.360s] -- Up-to-date: /home/dhruv/rbe500-ros/src/install/custom_interfaces/share/custom_interfaces/environment/library_path.sh
[0.361s] -- Up-to-date: /home/dhruv/rbe500-ros/src/install/custom_interfaces/share/custom_interfaces/environment/library_path.dsv
[0.361s] -- Up-to-date: /home/dhruv/rbe500-ros/src/install/custom_interfaces/lib/libcustom_interfaces__rosidl_generator_c.so
[0.361s] -- Up-to-date: /home/dhruv/rbe500-ros/src/install/custom_interfaces/include/custom_interfaces/custom_interfaces
[0.361s] -- Up-to-date: /home/dhruv/rbe500-ros/src/install/custom_interfaces/include/custom_interfaces/custom_interfaces/msg
[0.361s] -- Up-to-date: /home/dhruv/rbe500-ros/src/install/custom_interfaces/include/custom_interfaces/custom_interfaces/msg/rosidl_typesupport_fastrtps_c__visibility_control.h
[0.361s] -- Up-to-date: /home/dhruv/rbe500-ros/src/install/custom_interfaces/include/custom_interfaces/custom_interfaces/srv
[0.361s] -- Up-to-date: /home/dhruv/rbe500-ros/src/install/custom_interfaces/include/custom_interfaces/custom_interfaces/srv/detail
[0.361s] -- Up-to-date: /home/dhruv/rbe500-ros/src/install/custom_interfaces/include/custom_interfaces/custom_interfaces/srv/detail/inv_kin__rosidl_typesupport_fastrtps_c.h
[0.361s] -- Up-to-date: /home/dhruv/rbe500-ros/src/install/custom_interfaces/lib/libcustom_interfaces__rosidl_typesupport_fastrtps_c.so
[0.361s] -- Up-to-date: /home/dhruv/rbe500-ros/src/install/custom_interfaces/include/custom_interfaces/custom_interfaces
[0.362s] -- Up-to-date: /home/dhruv/rbe500-ros/src/install/custom_interfaces/include/custom_interfaces/custom_interfaces/srv
[0.362s] -- Up-to-date: /home/dhruv/rbe500-ros/src/install/custom_interfaces/include/custom_interfaces/custom_interfaces/srv/inv_kin.hpp
[0.362s] -- Up-to-date: /home/dhruv/rbe500-ros/src/install/custom_interfaces/include/custom_interfaces/custom_interfaces/srv/detail
[0.362s] -- Up-to-date: /home/dhruv/rbe500-ros/src/install/custom_interfaces/include/custom_interfaces/custom_interfaces/srv/detail/inv_kin__builder.hpp
[0.362s] -- Up-to-date: /home/dhruv/rbe500-ros/src/install/custom_interfaces/include/custom_interfaces/custom_interfaces/srv/detail/inv_kin__traits.hpp
[0.362s] -- Up-to-date: /home/dhruv/rbe500-ros/src/install/custom_interfaces/include/custom_interfaces/custom_interfaces/srv/detail/inv_kin__struct.hpp
[0.362s] -- Up-to-date: /home/dhruv/rbe500-ros/src/install/custom_interfaces/include/custom_interfaces/custom_interfaces
[0.362s] -- Up-to-date: /home/dhruv/rbe500-ros/src/install/custom_interfaces/include/custom_interfaces/custom_interfaces/msg
[0.362s] -- Up-to-date: /home/dhruv/rbe500-ros/src/install/custom_interfaces/include/custom_interfaces/custom_interfaces/msg/rosidl_typesupport_fastrtps_cpp__visibility_control.h
[0.363s] -- Up-to-date: /home/dhruv/rbe500-ros/src/install/custom_interfaces/include/custom_interfaces/custom_interfaces/srv
[0.363s] -- Up-to-date: /home/dhruv/rbe500-ros/src/install/custom_interfaces/include/custom_interfaces/custom_interfaces/srv/detail
[0.363s] -- Up-to-date: /home/dhruv/rbe500-ros/src/install/custom_interfaces/include/custom_interfaces/custom_interfaces/srv/detail/dds_fastrtps
[0.363s] -- Up-to-date: /home/dhruv/rbe500-ros/src/install/custom_interfaces/include/custom_interfaces/custom_interfaces/srv/detail/inv_kin__rosidl_typesupport_fastrtps_cpp.hpp
[0.363s] -- Up-to-date: /home/dhruv/rbe500-ros/src/install/custom_interfaces/lib/libcustom_interfaces__rosidl_typesupport_fastrtps_cpp.so
[0.363s] -- Up-to-date: /home/dhruv/rbe500-ros/src/install/custom_interfaces/include/custom_interfaces/custom_interfaces
[0.363s] -- Up-to-date: /home/dhruv/rbe500-ros/src/install/custom_interfaces/include/custom_interfaces/custom_interfaces/msg
[0.363s] -- Up-to-date: /home/dhruv/rbe500-ros/src/install/custom_interfaces/include/custom_interfaces/custom_interfaces/msg/rosidl_typesupport_introspection_c__visibility_control.h
[0.363s] -- Up-to-date: /home/dhruv/rbe500-ros/src/install/custom_interfaces/include/custom_interfaces/custom_interfaces/srv
[0.363s] -- Up-to-date: /home/dhruv/rbe500-ros/src/install/custom_interfaces/include/custom_interfaces/custom_interfaces/srv/detail
[0.363s] -- Up-to-date: /home/dhruv/rbe500-ros/src/install/custom_interfaces/include/custom_interfaces/custom_interfaces/srv/detail/inv_kin__type_support.c
[0.363s] -- Up-to-date: /home/dhruv/rbe500-ros/src/install/custom_interfaces/include/custom_interfaces/custom_interfaces/srv/detail/inv_kin__rosidl_typesupport_introspection_c.h
[0.364s] -- Up-to-date: /home/dhruv/rbe500-ros/src/install/custom_interfaces/lib/libcustom_interfaces__rosidl_typesupport_introspection_c.so
[0.364s] -- Up-to-date: /home/dhruv/rbe500-ros/src/install/custom_interfaces/lib/libcustom_interfaces__rosidl_typesupport_c.so
[0.364s] -- Up-to-date: /home/dhruv/rbe500-ros/src/install/custom_interfaces/include/custom_interfaces/custom_interfaces
[0.364s] -- Up-to-date: /home/dhruv/rbe500-ros/src/install/custom_interfaces/include/custom_interfaces/custom_interfaces/srv
[0.364s] -- Up-to-date: /home/dhruv/rbe500-ros/src/install/custom_interfaces/include/custom_interfaces/custom_interfaces/srv/detail
[0.364s] -- Up-to-date: /home/dhruv/rbe500-ros/src/install/custom_interfaces/include/custom_interfaces/custom_interfaces/srv/detail/inv_kin__rosidl_typesupport_introspection_cpp.hpp
[0.364s] -- Up-to-date: /home/dhruv/rbe500-ros/src/install/custom_interfaces/include/custom_interfaces/custom_interfaces/srv/detail/inv_kin__type_support.cpp
[0.364s] -- Up-to-date: /home/dhruv/rbe500-ros/src/install/custom_interfaces/lib/libcustom_interfaces__rosidl_typesupport_introspection_cpp.so
[0.364s] -- Up-to-date: /home/dhruv/rbe500-ros/src/install/custom_interfaces/lib/libcustom_interfaces__rosidl_typesupport_cpp.so
[0.364s] -- Up-to-date: /home/dhruv/rbe500-ros/src/install/custom_interfaces/share/custom_interfaces/environment/pythonpath.sh
[0.364s] -- Up-to-date: /home/dhruv/rbe500-ros/src/install/custom_interfaces/share/custom_interfaces/environment/pythonpath.dsv
[0.365s] -- Up-to-date: /home/dhruv/rbe500-ros/src/install/custom_interfaces/local/lib/python3.10/dist-packages/custom_interfaces-0.0.0-py3.10.egg-info
[0.365s] -- Installing: /home/dhruv/rbe500-ros/src/install/custom_interfaces/local/lib/python3.10/dist-packages/custom_interfaces-0.0.0-py3.10.egg-info/top_level.txt
[0.365s] -- Installing: /home/dhruv/rbe500-ros/src/install/custom_interfaces/local/lib/python3.10/dist-packages/custom_interfaces-0.0.0-py3.10.egg-info/PKG-INFO
[0.365s] -- Installing: /home/dhruv/rbe500-ros/src/install/custom_interfaces/local/lib/python3.10/dist-packages/custom_interfaces-0.0.0-py3.10.egg-info/SOURCES.txt
[0.365s] -- Installing: /home/dhruv/rbe500-ros/src/install/custom_interfaces/local/lib/python3.10/dist-packages/custom_interfaces-0.0.0-py3.10.egg-info/dependency_links.txt
[0.365s] -- Up-to-date: /home/dhruv/rbe500-ros/src/install/custom_interfaces/local/lib/python3.10/dist-packages/custom_interfaces
[0.365s] -- Up-to-date: /home/dhruv/rbe500-ros/src/install/custom_interfaces/local/lib/python3.10/dist-packages/custom_interfaces/__init__.py
[0.365s] -- Up-to-date: /home/dhruv/rbe500-ros/src/install/custom_interfaces/local/lib/python3.10/dist-packages/custom_interfaces/_custom_interfaces_s.ep.rosidl_typesupport_c.c
[0.365s] -- Up-to-date: /home/dhruv/rbe500-ros/src/install/custom_interfaces/local/lib/python3.10/dist-packages/custom_interfaces/libcustom_interfaces__rosidl_generator_py.so
[0.365s] -- Up-to-date: /home/dhruv/rbe500-ros/src/install/custom_interfaces/local/lib/python3.10/dist-packages/custom_interfaces/srv
[0.366s] -- Up-to-date: /home/dhruv/rbe500-ros/src/install/custom_interfaces/local/lib/python3.10/dist-packages/custom_interfaces/srv/__init__.py
[0.366s] -- Up-to-date: /home/dhruv/rbe500-ros/src/install/custom_interfaces/local/lib/python3.10/dist-packages/custom_interfaces/srv/_inv_kin_s.c
[0.366s] -- Up-to-date: /home/dhruv/rbe500-ros/src/install/custom_interfaces/local/lib/python3.10/dist-packages/custom_interfaces/srv/_inv_kin.py
[0.366s] -- Up-to-date: /home/dhruv/rbe500-ros/src/install/custom_interfaces/local/lib/python3.10/dist-packages/custom_interfaces/_custom_interfaces_s.ep.rosidl_typesupport_fastrtps_c.c
[0.366s] -- Up-to-date: /home/dhruv/rbe500-ros/src/install/custom_interfaces/local/lib/python3.10/dist-packages/custom_interfaces/custom_interfaces_s__rosidl_typesupport_introspection_c.cpython-310-x86_64-linux-gnu.so
[0.366s] -- Up-to-date: /home/dhruv/rbe500-ros/src/install/custom_interfaces/local/lib/python3.10/dist-packages/custom_interfaces/custom_interfaces_s__rosidl_typesupport_fastrtps_c.cpython-310-x86_64-linux-gnu.so
[0.366s] -- Up-to-date: /home/dhruv/rbe500-ros/src/install/custom_interfaces/local/lib/python3.10/dist-packages/custom_interfaces/custom_interfaces_s__rosidl_typesupport_c.cpython-310-x86_64-linux-gnu.so
[0.367s] -- Up-to-date: /home/dhruv/rbe500-ros/src/install/custom_interfaces/local/lib/python3.10/dist-packages/custom_interfaces/_custom_interfaces_s.ep.rosidl_typesupport_introspection_c.c
[0.392s] Listing '/home/dhruv/rbe500-ros/src/install/custom_interfaces/local/lib/python3.10/dist-packages/custom_interfaces'...
[0.392s] Listing '/home/dhruv/rbe500-ros/src/install/custom_interfaces/local/lib/python3.10/dist-packages/custom_interfaces/srv'...
[0.395s] -- Up-to-date: /home/dhruv/rbe500-ros/src/install/custom_interfaces/local/lib/python3.10/dist-packages/custom_interfaces/custom_interfaces_s__rosidl_typesupport_fastrtps_c.cpython-310-x86_64-linux-gnu.so
[0.395s] -- Up-to-date: /home/dhruv/rbe500-ros/src/install/custom_interfaces/local/lib/python3.10/dist-packages/custom_interfaces/custom_interfaces_s__rosidl_typesupport_introspection_c.cpython-310-x86_64-linux-gnu.so
[0.395s] -- Up-to-date: /home/dhruv/rbe500-ros/src/install/custom_interfaces/local/lib/python3.10/dist-packages/custom_interfaces/custom_interfaces_s__rosidl_typesupport_c.cpython-310-x86_64-linux-gnu.so
[0.396s] -- Up-to-date: /home/dhruv/rbe500-ros/src/install/custom_interfaces/lib/libcustom_interfaces__rosidl_generator_py.so
[0.396s] -- Up-to-date: /home/dhruv/rbe500-ros/src/install/custom_interfaces/share/custom_interfaces/srv/InvKin.idl
[0.396s] -- Up-to-date: /home/dhruv/rbe500-ros/src/install/custom_interfaces/share/custom_interfaces/srv/InvKin.srv
[0.396s] -- Up-to-date: /home/dhruv/rbe500-ros/src/install/custom_interfaces/share/custom_interfaces/srv/InvKin_Request.msg
[0.396s] -- Up-to-date: /home/dhruv/rbe500-ros/src/install/custom_interfaces/share/custom_interfaces/srv/InvKin_Response.msg
[0.396s] -- Up-to-date: /home/dhruv/rbe500-ros/src/install/custom_interfaces/share/ament_index/resource_index/package_run_dependencies/custom_interfaces
[0.396s] -- Up-to-date: /home/dhruv/rbe500-ros/src/install/custom_interfaces/share/ament_index/resource_index/parent_prefix_path/custom_interfaces
[0.396s] -- Up-to-date: /home/dhruv/rbe500-ros/src/install/custom_interfaces/share/custom_interfaces/environment/ament_prefix_path.sh
[0.396s] -- Up-to-date: /home/dhruv/rbe500-ros/src/install/custom_interfaces/share/custom_interfaces/environment/ament_prefix_path.dsv
[0.397s] -- Up-to-date: /home/dhruv/rbe500-ros/src/install/custom_interfaces/share/custom_interfaces/environment/path.sh
[0.397s] -- Up-to-date: /home/dhruv/rbe500-ros/src/install/custom_interfaces/share/custom_interfaces/environment/path.dsv
[0.397s] -- Up-to-date: /home/dhruv/rbe500-ros/src/install/custom_interfaces/share/custom_interfaces/local_setup.bash
[0.397s] -- Up-to-date: /home/dhruv/rbe500-ros/src/install/custom_interfaces/share/custom_interfaces/local_setup.sh
[0.397s] -- Up-to-date: /home/dhruv/rbe500-ros/src/install/custom_interfaces/share/custom_interfaces/local_setup.zsh
[0.397s] -- Up-to-date: /home/dhruv/rbe500-ros/src/install/custom_interfaces/share/custom_interfaces/local_setup.dsv
[0.397s] -- Installing: /home/dhruv/rbe500-ros/src/install/custom_interfaces/share/custom_interfaces/package.dsv
[0.397s] -- Up-to-date: /home/dhruv/rbe500-ros/src/install/custom_interfaces/share/ament_index/resource_index/packages/custom_interfaces
[0.397s] -- Up-to-date: /home/dhruv/rbe500-ros/src/install/custom_interfaces/share/custom_interfaces/cmake/export_custom_interfaces__rosidl_generator_cExport.cmake
[0.397s] -- Up-to-date: /home/dhruv/rbe500-ros/src/install/custom_interfaces/share/custom_interfaces/cmake/export_custom_interfaces__rosidl_generator_cExport-noconfig.cmake
[0.397s] -- Up-to-date: /home/dhruv/rbe500-ros/src/install/custom_interfaces/share/custom_interfaces/cmake/export_custom_interfaces__rosidl_typesupport_fastrtps_cExport.cmake
[0.397s] -- Up-to-date: /home/dhruv/rbe500-ros/src/install/custom_interfaces/share/custom_interfaces/cmake/export_custom_interfaces__rosidl_typesupport_fastrtps_cExport-noconfig.cmake
[0.397s] -- Up-to-date: /home/dhruv/rbe500-ros/src/install/custom_interfaces/share/custom_interfaces/cmake/export_custom_interfaces__rosidl_generator_cppExport.cmake
[0.397s] -- Up-to-date: /home/dhruv/rbe500-ros/src/install/custom_interfaces/share/custom_interfaces/cmake/export_custom_interfaces__rosidl_typesupport_fastrtps_cppExport.cmake
[0.397s] -- Up-to-date: /home/dhruv/rbe500-ros/src/install/custom_interfaces/share/custom_interfaces/cmake/export_custom_interfaces__rosidl_typesupport_fastrtps_cppExport-noconfig.cmake
[0.397s] -- Up-to-date: /home/dhruv/rbe500-ros/src/install/custom_interfaces/share/custom_interfaces/cmake/custom_interfaces__rosidl_typesupport_introspection_cExport.cmake
[0.398s] -- Up-to-date: /home/dhruv/rbe500-ros/src/install/custom_interfaces/share/custom_interfaces/cmake/custom_interfaces__rosidl_typesupport_introspection_cExport-noconfig.cmake
[0.398s] -- Up-to-date: /home/dhruv/rbe500-ros/src/install/custom_interfaces/share/custom_interfaces/cmake/custom_interfaces__rosidl_typesupport_cExport.cmake
[0.398s] -- Up-to-date: /home/dhruv/rbe500-ros/src/install/custom_interfaces/share/custom_interfaces/cmake/custom_interfaces__rosidl_typesupport_cExport-noconfig.cmake
[0.398s] -- Up-to-date: /home/dhruv/rbe500-ros/src/install/custom_interfaces/share/custom_interfaces/cmake/custom_interfaces__rosidl_typesupport_introspection_cppExport.cmake
[0.398s] -- Up-to-date: /home/dhruv/rbe500-ros/src/install/custom_interfaces/share/custom_interfaces/cmake/custom_interfaces__rosidl_typesupport_introspection_cppExport-noconfig.cmake
[0.398s] -- Up-to-date: /home/dhruv/rbe500-ros/src/install/custom_interfaces/share/custom_interfaces/cmake/custom_interfaces__rosidl_typesupport_cppExport.cmake
[0.398s] -- Up-to-date: /home/dhruv/rbe500-ros/src/install/custom_interfaces/share/custom_interfaces/cmake/custom_interfaces__rosidl_typesupport_cppExport-noconfig.cmake
[0.398s] -- Up-to-date: /home/dhruv/rbe500-ros/src/install/custom_interfaces/share/custom_interfaces/cmake/export_custom_interfaces__rosidl_generator_pyExport.cmake
[0.398s] -- Up-to-date: /home/dhruv/rbe500-ros/src/install/custom_interfaces/share/custom_interfaces/cmake/export_custom_interfaces__rosidl_generator_pyExport-noconfig.cmake
[0.398s] -- Up-to-date: /home/dhruv/rbe500-ros/src/install/custom_interfaces/share/custom_interfaces/cmake/rosidl_cmake-extras.cmake
[0.398s] -- Up-to-date: /home/dhruv/rbe500-ros/src/install/custom_interfaces/share/custom_interfaces/cmake/ament_cmake_export_dependencies-extras.cmake
[0.398s] -- Up-to-date: /home/dhruv/rbe500-ros/src/install/custom_interfaces/share/custom_interfaces/cmake/ament_cmake_export_include_directories-extras.cmake
[0.398s] -- Up-to-date: /home/dhruv/rbe500-ros/src/install/custom_interfaces/share/custom_interfaces/cmake/ament_cmake_export_libraries-extras.cmake
[0.398s] -- Up-to-date: /home/dhruv/rbe500-ros/src/install/custom_interfaces/share/custom_interfaces/cmake/ament_cmake_export_targets-extras.cmake
[0.398s] -- Up-to-date: /home/dhruv/rbe500-ros/src/install/custom_interfaces/share/custom_interfaces/cmake/rosidl_cmake_export_typesupport_targets-extras.cmake
[0.399s] -- Up-to-date: /home/dhruv/rbe500-ros/src/install/custom_interfaces/share/custom_interfaces/cmake/rosidl_cmake_export_typesupport_libraries-extras.cmake
[0.399s] -- Up-to-date: /home/dhruv/rbe500-ros/src/install/custom_interfaces/share/custom_interfaces/cmake/custom_interfacesConfig.cmake
[0.399s] -- Up-to-date: /home/dhruv/rbe500-ros/src/install/custom_interfaces/share/custom_interfaces/cmake/custom_interfacesConfig-version.cmake
[0.399s] -- Up-to-date: /home/dhruv/rbe500-ros/src/install/custom_interfaces/share/custom_interfaces/package.xml
[0.401s] Invoked command in '/home/dhruv/rbe500-ros/src/build/custom_interfaces' returned '0': CMAKE_PREFIX_PATH=${CMAKE_PREFIX_PATH}:/home/dhruv/rbe500-ros/install/rbe500_example_py:/home/dhruv/rbe500-ros/install/open_manipulator_x_description:/home/dhruv/rbe500-ros/install/grp_assn_1:/home/dhruv/rbe500-ros/install/dynamixel_workbench:/home/dhruv/rbe500-ros/install/dynamixel_sdk:/opt/ros/humble /usr/bin/cmake --install /home/dhruv/rbe500-ros/src/build/custom_interfaces
