[0.020s] Invoking command in '/home/dhruv/rbe500-ros/src/build/open_manipulator_msgs': CMAKE_PREFIX_PATH=${CMAKE_PREFIX_PATH}:/home/dhruv/rbe500-ros/install/rbe500_example_py:/home/dhruv/rbe500-ros/install/grp_assn_1:/opt/ros/humble /usr/bin/cmake /home/dhruv/rbe500-ros/src/open_manipulator_msgs -DCMAKE_INSTALL_PREFIX=/home/dhruv/rbe500-ros/src/install/open_manipulator_msgs
[0.090s] -- The C compiler identification is GNU 11.4.0
[0.149s] -- The CXX compiler identification is GNU 11.4.0
[0.156s] -- Detecting C compiler ABI info
[0.214s] -- Detecting C compiler ABI info - done
[0.219s] -- Check for working C compiler: /usr/bin/cc - skipped
[0.219s] -- Detecting C compile features
[0.219s] -- Detecting C compile features - done
[0.221s] -- Detecting CXX compiler ABI info
[0.286s] -- Detecting CXX compiler ABI info - done
[0.291s] -- Check for working CXX compiler: /usr/bin/c++ - skipped
[0.291s] -- Detecting CXX compile features
[0.292s] -- Detecting CXX compile features - done
[0.293s] -- Found ament_cmake: 1.3.10 (/opt/ros/humble/share/ament_cmake/cmake)
[0.417s] -- Found Python3: /usr/bin/python3 (found version "3.10.12") found components: Interpreter 
[0.503s] -- Found geometry_msgs: 4.2.4 (/opt/ros/humble/share/geometry_msgs/cmake)
[0.537s] -- Found rosidl_generator_c: 3.1.5 (/opt/ros/humble/share/rosidl_generator_c/cmake)
[0.542s] -- Found rosidl_adapter: 3.1.5 (/opt/ros/humble/share/rosidl_adapter/cmake)
[0.554s] -- Found rosidl_generator_cpp: 3.1.5 (/opt/ros/humble/share/rosidl_generator_cpp/cmake)
[0.566s] -- Using all available rosidl_typesupport_c: rosidl_typesupport_fastrtps_c;rosidl_typesupport_introspection_c
[0.585s] -- Using all available rosidl_typesupport_cpp: rosidl_typesupport_fastrtps_cpp;rosidl_typesupport_introspection_cpp
[0.616s] -- Found rosidl_default_generators: 1.2.0 (/opt/ros/humble/share/rosidl_default_generators/cmake)
[0.872s] -- Found ament_cmake_cppcheck: 0.12.11 (/opt/ros/humble/share/ament_cmake_cppcheck/cmake)
[0.874s] -- Found ament_cmake_cpplint: 0.12.11 (/opt/ros/humble/share/ament_cmake_cpplint/cmake)
[0.877s] -- Found ament_cmake_uncrustify: 0.12.11 (/opt/ros/humble/share/ament_cmake_uncrustify/cmake)
[0.879s] -- Found ament_cmake_ros: 0.10.0 (/opt/ros/humble/share/ament_cmake_ros/cmake)
[1.211s] -- Using all available rosidl_typesupport_c: rosidl_typesupport_fastrtps_c;rosidl_typesupport_introspection_c
[1.328s] -- Using all available rosidl_typesupport_cpp: rosidl_typesupport_fastrtps_cpp;rosidl_typesupport_introspection_cpp
[1.346s] -- Found PythonInterp: /usr/bin/python3 (found suitable version "3.10.12", minimum required is "3.6") 
[1.348s] -- Found python_cmake_module: 0.10.0 (/opt/ros/humble/share/python_cmake_module/cmake)
[1.368s] -- Found PythonLibs: /usr/lib/x86_64-linux-gnu/libpython3.10.so (found suitable version "3.10.12", minimum required is "3.5") 
[1.368s] -- Using PYTHON_EXECUTABLE: /usr/bin/python3
[1.368s] -- Using PYTHON_INCLUDE_DIRS: /usr/include/python3.10
[1.368s] -- Using PYTHON_LIBRARIES: /usr/lib/x86_64-linux-gnu/libpython3.10.so
[1.386s] -- Found PythonExtra: .so  
[1.435s] -- Found ament_cmake_flake8: 0.12.11 (/opt/ros/humble/share/ament_cmake_flake8/cmake)
[1.437s] -- Found ament_cmake_pep257: 0.12.11 (/opt/ros/humble/share/ament_cmake_pep257/cmake)
[1.442s] -- Configuring done
[1.472s] -- Generating done
[1.473s] -- Build files have been written to: /home/dhruv/rbe500-ros/src/build/open_manipulator_msgs
[1.482s] Invoked command in '/home/dhruv/rbe500-ros/src/build/open_manipulator_msgs' returned '0': CMAKE_PREFIX_PATH=${CMAKE_PREFIX_PATH}:/home/dhruv/rbe500-ros/install/rbe500_example_py:/home/dhruv/rbe500-ros/install/grp_assn_1:/opt/ros/humble /usr/bin/cmake /home/dhruv/rbe500-ros/src/open_manipulator_msgs -DCMAKE_INSTALL_PREFIX=/home/dhruv/rbe500-ros/src/install/open_manipulator_msgs
[1.483s] Invoking command in '/home/dhruv/rbe500-ros/src/build/open_manipulator_msgs': CMAKE_PREFIX_PATH=${CMAKE_PREFIX_PATH}:/home/dhruv/rbe500-ros/install/rbe500_example_py:/home/dhruv/rbe500-ros/install/grp_assn_1:/opt/ros/humble /usr/bin/cmake --build /home/dhruv/rbe500-ros/src/build/open_manipulator_msgs -- -j32 -l32
[1.522s] [  1%] [34m[1mGenerating C code for ROS interfaces[0m
[1.531s] [  2%] [34m[1mGenerating C++ code for ROS interfaces[0m
[1.540s] [  2%] Built target ament_cmake_python_copy_open_manipulator_msgs
[1.695s] running egg_info
[1.696s] creating open_manipulator_msgs.egg-info
[1.696s] writing open_manipulator_msgs.egg-info/PKG-INFO
[1.696s] writing dependency_links to open_manipulator_msgs.egg-info/dependency_links.txt
[1.696s] writing top-level names to open_manipulator_msgs.egg-info/top_level.txt
[1.697s] writing manifest file 'open_manipulator_msgs.egg-info/SOURCES.txt'
[1.698s] reading manifest file 'open_manipulator_msgs.egg-info/SOURCES.txt'
[1.698s] writing manifest file 'open_manipulator_msgs.egg-info/SOURCES.txt'
[1.717s] [  2%] Built target ament_cmake_python_build_open_manipulator_msgs_egg
[2.067s] [  2%] Built target open_manipulator_msgs__cpp
[2.076s] [  3%] [34m[1mGenerating C++ type support for eProsima Fast-RTPS[0m
[2.076s] [  4%] [34m[1mGenerating C++ introspection for ROS interfaces[0m
[2.077s] [  5%] [34m[1mGenerating C++ type support dispatch for ROS interfaces[0m
[2.178s] [  6%] [32mBuilding C object CMakeFiles/open_manipulator_msgs__rosidl_generator_c.dir/rosidl_generator_c/open_manipulator_msgs/msg/detail/kinematics_pose__functions.c.o[0m
[2.178s] [  7%] [32mBuilding C object CMakeFiles/open_manipulator_msgs__rosidl_generator_c.dir/rosidl_generator_c/open_manipulator_msgs/srv/detail/get_kinematics_pose__functions.c.o[0m
[2.179s] [ 10%] [32mBuilding C object CMakeFiles/open_manipulator_msgs__rosidl_generator_c.dir/rosidl_generator_c/open_manipulator_msgs/srv/detail/set_drawing_trajectory__functions.c.o[0m
[2.179s] [ 10%] [32mBuilding C object CMakeFiles/open_manipulator_msgs__rosidl_generator_c.dir/rosidl_generator_c/open_manipulator_msgs/srv/detail/set_kinematics_pose__functions.c.o[0m
[2.179s] [ 11%] [32mBuilding C object CMakeFiles/open_manipulator_msgs__rosidl_generator_c.dir/rosidl_generator_c/open_manipulator_msgs/srv/detail/get_joint_position__functions.c.o[0m
[2.179s] [ 12%] [32mBuilding C object CMakeFiles/open_manipulator_msgs__rosidl_generator_c.dir/rosidl_generator_c/open_manipulator_msgs/msg/detail/joint_position__functions.c.o[0m
[2.179s] [ 12%] [32mBuilding C object CMakeFiles/open_manipulator_msgs__rosidl_generator_c.dir/rosidl_generator_c/open_manipulator_msgs/msg/detail/open_manipulator_state__functions.c.o[0m
[2.179s] [ 13%] [32mBuilding C object CMakeFiles/open_manipulator_msgs__rosidl_generator_c.dir/rosidl_generator_c/open_manipulator_msgs/srv/detail/set_joint_position__functions.c.o[0m
[2.179s] [ 14%] [32mBuilding C object CMakeFiles/open_manipulator_msgs__rosidl_generator_c.dir/rosidl_generator_c/open_manipulator_msgs/srv/detail/set_actuator_state__functions.c.o[0m
[2.234s] [ 15%] [32m[1mLinking C shared library libopen_manipulator_msgs__rosidl_generator_c.so[0m
[2.262s] [ 15%] Built target open_manipulator_msgs__rosidl_generator_c
[2.270s] [ 16%] [34m[1mGenerating C type support dispatch for ROS interfaces[0m
[2.270s] [ 17%] [34m[1mGenerating C type support for eProsima Fast-RTPS[0m
[2.273s] [ 18%] [34m[1mGenerating C introspection for ROS interfaces[0m
[2.406s] [ 20%] [32mBuilding CXX object CMakeFiles/open_manipulator_msgs__rosidl_typesupport_cpp.dir/rosidl_typesupport_cpp/open_manipulator_msgs/srv/set_kinematics_pose__type_support.cpp.o[0m
[2.406s] [ 21%] [32mBuilding CXX object CMakeFiles/open_manipulator_msgs__rosidl_typesupport_cpp.dir/rosidl_typesupport_cpp/open_manipulator_msgs/srv/set_drawing_trajectory__type_support.cpp.o[0m
[2.406s] [ 22%] [32mBuilding CXX object CMakeFiles/open_manipulator_msgs__rosidl_typesupport_cpp.dir/rosidl_typesupport_cpp/open_manipulator_msgs/srv/set_actuator_state__type_support.cpp.o[0m
[2.407s] [ 23%] [32mBuilding CXX object CMakeFiles/open_manipulator_msgs__rosidl_typesupport_cpp.dir/rosidl_typesupport_cpp/open_manipulator_msgs/msg/joint_position__type_support.cpp.o[0m
[2.407s] [ 24%] [32mBuilding CXX object CMakeFiles/open_manipulator_msgs__rosidl_typesupport_cpp.dir/rosidl_typesupport_cpp/open_manipulator_msgs/msg/open_manipulator_state__type_support.cpp.o[0m
[2.407s] [ 25%] [32mBuilding CXX object CMakeFiles/open_manipulator_msgs__rosidl_typesupport_cpp.dir/rosidl_typesupport_cpp/open_manipulator_msgs/msg/kinematics_pose__type_support.cpp.o[0m
[2.407s] [ 26%] [32mBuilding CXX object CMakeFiles/open_manipulator_msgs__rosidl_typesupport_cpp.dir/rosidl_typesupport_cpp/open_manipulator_msgs/srv/get_joint_position__type_support.cpp.o[0m
[2.408s] [ 27%] [32mBuilding CXX object CMakeFiles/open_manipulator_msgs__rosidl_typesupport_cpp.dir/rosidl_typesupport_cpp/open_manipulator_msgs/srv/set_joint_position__type_support.cpp.o[0m
[2.408s] [ 28%] [32mBuilding CXX object CMakeFiles/open_manipulator_msgs__rosidl_typesupport_cpp.dir/rosidl_typesupport_cpp/open_manipulator_msgs/srv/get_kinematics_pose__type_support.cpp.o[0m
[2.480s] [ 29%] [32mBuilding CXX object CMakeFiles/open_manipulator_msgs__rosidl_typesupport_introspection_cpp.dir/rosidl_typesupport_introspection_cpp/open_manipulator_msgs/msg/detail/joint_position__type_support.cpp.o[0m
[2.481s] [ 30%] [32mBuilding CXX object CMakeFiles/open_manipulator_msgs__rosidl_typesupport_introspection_cpp.dir/rosidl_typesupport_introspection_cpp/open_manipulator_msgs/srv/detail/get_joint_position__type_support.cpp.o[0m
[2.481s] [ 31%] [32mBuilding CXX object CMakeFiles/open_manipulator_msgs__rosidl_typesupport_introspection_cpp.dir/rosidl_typesupport_introspection_cpp/open_manipulator_msgs/msg/detail/kinematics_pose__type_support.cpp.o[0m
[2.481s] [ 33%] [32mBuilding CXX object CMakeFiles/open_manipulator_msgs__rosidl_typesupport_introspection_cpp.dir/rosidl_typesupport_introspection_cpp/open_manipulator_msgs/srv/detail/set_joint_position__type_support.cpp.o[0m
[2.482s] [ 32%] [32mBuilding CXX object CMakeFiles/open_manipulator_msgs__rosidl_typesupport_introspection_cpp.dir/rosidl_typesupport_introspection_cpp/open_manipulator_msgs/msg/detail/open_manipulator_state__type_support.cpp.o[0m
[2.482s] [ 34%] [32mBuilding CXX object CMakeFiles/open_manipulator_msgs__rosidl_typesupport_introspection_cpp.dir/rosidl_typesupport_introspection_cpp/open_manipulator_msgs/srv/detail/set_drawing_trajectory__type_support.cpp.o[0m
[2.482s] [ 35%] [32mBuilding CXX object CMakeFiles/open_manipulator_msgs__rosidl_typesupport_introspection_cpp.dir/rosidl_typesupport_introspection_cpp/open_manipulator_msgs/srv/detail/get_kinematics_pose__type_support.cpp.o[0m
[2.482s] [ 36%] [32mBuilding CXX object CMakeFiles/open_manipulator_msgs__rosidl_typesupport_introspection_cpp.dir/rosidl_typesupport_introspection_cpp/open_manipulator_msgs/srv/detail/set_actuator_state__type_support.cpp.o[0m
[2.486s] [ 37%] [32mBuilding CXX object CMakeFiles/open_manipulator_msgs__rosidl_typesupport_introspection_cpp.dir/rosidl_typesupport_introspection_cpp/open_manipulator_msgs/srv/detail/set_kinematics_pose__type_support.cpp.o[0m
[2.654s] [ 41%] [32mBuilding CXX object CMakeFiles/open_manipulator_msgs__rosidl_typesupport_c.dir/rosidl_typesupport_c/open_manipulator_msgs/msg/kinematics_pose__type_support.cpp.o[0m
[2.654s] [ 41%] [32mBuilding CXX object CMakeFiles/open_manipulator_msgs__rosidl_typesupport_c.dir/rosidl_typesupport_c/open_manipulator_msgs/msg/joint_position__type_support.cpp.o[0m
[2.654s] [ 42%] [32mBuilding CXX object CMakeFiles/open_manipulator_msgs__rosidl_typesupport_c.dir/rosidl_typesupport_c/open_manipulator_msgs/srv/set_joint_position__type_support.cpp.o[0m
[2.654s] [ 42%] [32mBuilding CXX object CMakeFiles/open_manipulator_msgs__rosidl_typesupport_c.dir/rosidl_typesupport_c/open_manipulator_msgs/msg/open_manipulator_state__type_support.cpp.o[0m
[2.654s] [ 43%] [32mBuilding CXX object CMakeFiles/open_manipulator_msgs__rosidl_typesupport_c.dir/rosidl_typesupport_c/open_manipulator_msgs/srv/set_kinematics_pose__type_support.cpp.o[0m
[2.654s] [ 45%] [32mBuilding CXX object CMakeFiles/open_manipulator_msgs__rosidl_typesupport_c.dir/rosidl_typesupport_c/open_manipulator_msgs/srv/get_kinematics_pose__type_support.cpp.o[0m
[2.659s] [ 45%] [32mBuilding CXX object CMakeFiles/open_manipulator_msgs__rosidl_typesupport_c.dir/rosidl_typesupport_c/open_manipulator_msgs/srv/get_joint_position__type_support.cpp.o[0m
[2.660s] [ 46%] [32mBuilding CXX object CMakeFiles/open_manipulator_msgs__rosidl_typesupport_c.dir/rosidl_typesupport_c/open_manipulator_msgs/srv/set_drawing_trajectory__type_support.cpp.o[0m
[2.660s] [ 47%] [32mBuilding CXX object CMakeFiles/open_manipulator_msgs__rosidl_typesupport_c.dir/rosidl_typesupport_c/open_manipulator_msgs/srv/set_actuator_state__type_support.cpp.o[0m
[2.677s] [ 48%] [32m[1mLinking CXX shared library libopen_manipulator_msgs__rosidl_typesupport_cpp.so[0m
[2.693s] [ 49%] [32m[1mLinking CXX shared library libopen_manipulator_msgs__rosidl_typesupport_c.so[0m
[2.721s] [ 49%] Built target open_manipulator_msgs__rosidl_typesupport_cpp
[2.739s] [ 49%] Built target open_manipulator_msgs__rosidl_typesupport_c
[2.759s] [ 50%] [32mBuilding CXX object CMakeFiles/open_manipulator_msgs__rosidl_typesupport_fastrtps_c.dir/rosidl_typesupport_fastrtps_c/open_manipulator_msgs/srv/detail/set_joint_position__type_support_c.cpp.o[0m
[2.760s] [ 51%] [32mBuilding CXX object CMakeFiles/open_manipulator_msgs__rosidl_typesupport_fastrtps_c.dir/rosidl_typesupport_fastrtps_c/open_manipulator_msgs/msg/detail/joint_position__type_support_c.cpp.o[0m
[2.760s] [ 52%] [32mBuilding CXX object CMakeFiles/open_manipulator_msgs__rosidl_typesupport_fastrtps_c.dir/rosidl_typesupport_fastrtps_c/open_manipulator_msgs/msg/detail/open_manipulator_state__type_support_c.cpp.o[0m
[2.760s] [ 53%] [32mBuilding CXX object CMakeFiles/open_manipulator_msgs__rosidl_typesupport_fastrtps_c.dir/rosidl_typesupport_fastrtps_c/open_manipulator_msgs/srv/detail/get_kinematics_pose__type_support_c.cpp.o[0m
[2.760s] [ 54%] [32mBuilding CXX object CMakeFiles/open_manipulator_msgs__rosidl_typesupport_fastrtps_c.dir/rosidl_typesupport_fastrtps_c/open_manipulator_msgs/msg/detail/kinematics_pose__type_support_c.cpp.o[0m
[2.761s] [ 55%] [32mBuilding CXX object CMakeFiles/open_manipulator_msgs__rosidl_typesupport_fastrtps_c.dir/rosidl_typesupport_fastrtps_c/open_manipulator_msgs/srv/detail/get_joint_position__type_support_c.cpp.o[0m
[2.761s] [ 56%] [32mBuilding CXX object CMakeFiles/open_manipulator_msgs__rosidl_typesupport_fastrtps_c.dir/rosidl_typesupport_fastrtps_c/open_manipulator_msgs/srv/detail/set_kinematics_pose__type_support_c.cpp.o[0m
[2.761s] [ 57%] [32mBuilding CXX object CMakeFiles/open_manipulator_msgs__rosidl_typesupport_fastrtps_c.dir/rosidl_typesupport_fastrtps_c/open_manipulator_msgs/srv/detail/set_actuator_state__type_support_c.cpp.o[0m
[2.761s] [ 58%] [32mBuilding CXX object CMakeFiles/open_manipulator_msgs__rosidl_typesupport_fastrtps_c.dir/rosidl_typesupport_fastrtps_c/open_manipulator_msgs/srv/detail/set_drawing_trajectory__type_support_c.cpp.o[0m
[2.807s] [ 61%] [32mBuilding CXX object CMakeFiles/open_manipulator_msgs__rosidl_typesupport_fastrtps_cpp.dir/rosidl_typesupport_fastrtps_cpp/open_manipulator_msgs/msg/detail/dds_fastrtps/joint_position__type_support.cpp.o[0m
[2.808s] [ 61%] [32mBuilding CXX object CMakeFiles/open_manipulator_msgs__rosidl_typesupport_fastrtps_cpp.dir/rosidl_typesupport_fastrtps_cpp/open_manipulator_msgs/msg/detail/dds_fastrtps/kinematics_pose__type_support.cpp.o[0m
[2.808s] [ 62%] [32mBuilding CXX object CMakeFiles/open_manipulator_msgs__rosidl_typesupport_fastrtps_cpp.dir/rosidl_typesupport_fastrtps_cpp/open_manipulator_msgs/msg/detail/dds_fastrtps/open_manipulator_state__type_support.cpp.o[0m
[2.808s] [ 63%] [32mBuilding CXX object CMakeFiles/open_manipulator_msgs__rosidl_typesupport_fastrtps_cpp.dir/rosidl_typesupport_fastrtps_cpp/open_manipulator_msgs/srv/detail/dds_fastrtps/get_kinematics_pose__type_support.cpp.o[0m
[2.808s] [ 64%] [32mBuilding CXX object CMakeFiles/open_manipulator_msgs__rosidl_typesupport_fastrtps_cpp.dir/rosidl_typesupport_fastrtps_cpp/open_manipulator_msgs/srv/detail/dds_fastrtps/set_kinematics_pose__type_support.cpp.o[0m
[2.808s] [ 65%] [32mBuilding CXX object CMakeFiles/open_manipulator_msgs__rosidl_typesupport_fastrtps_cpp.dir/rosidl_typesupport_fastrtps_cpp/open_manipulator_msgs/srv/detail/dds_fastrtps/set_joint_position__type_support.cpp.o[0m
[2.808s] [ 66%] [32mBuilding CXX object CMakeFiles/open_manipulator_msgs__rosidl_typesupport_fastrtps_cpp.dir/rosidl_typesupport_fastrtps_cpp/open_manipulator_msgs/srv/detail/dds_fastrtps/get_joint_position__type_support.cpp.o[0m
[2.809s] [ 67%] [32mBuilding CXX object CMakeFiles/open_manipulator_msgs__rosidl_typesupport_fastrtps_cpp.dir/rosidl_typesupport_fastrtps_cpp/open_manipulator_msgs/srv/detail/dds_fastrtps/set_actuator_state__type_support.cpp.o[0m
[2.810s] [ 68%] [32mBuilding CXX object CMakeFiles/open_manipulator_msgs__rosidl_typesupport_fastrtps_cpp.dir/rosidl_typesupport_fastrtps_cpp/open_manipulator_msgs/srv/detail/dds_fastrtps/set_drawing_trajectory__type_support.cpp.o[0m
[2.865s] [ 69%] [32mBuilding C object CMakeFiles/open_manipulator_msgs__rosidl_typesupport_introspection_c.dir/rosidl_typesupport_introspection_c/open_manipulator_msgs/msg/detail/kinematics_pose__type_support.c.o[0m
[2.868s] [ 70%] [32mBuilding C object CMakeFiles/open_manipulator_msgs__rosidl_typesupport_introspection_c.dir/rosidl_typesupport_introspection_c/open_manipulator_msgs/msg/detail/open_manipulator_state__type_support.c.o[0m
[2.868s] [ 71%] [32mBuilding C object CMakeFiles/open_manipulator_msgs__rosidl_typesupport_introspection_c.dir/rosidl_typesupport_introspection_c/open_manipulator_msgs/srv/detail/get_joint_position__type_support.c.o[0m
[2.870s] [ 72%] [32mBuilding C object CMakeFiles/open_manipulator_msgs__rosidl_typesupport_introspection_c.dir/rosidl_typesupport_introspection_c/open_manipulator_msgs/srv/detail/get_kinematics_pose__type_support.c.o[0m
[2.872s] [ 73%] [32mBuilding C object CMakeFiles/open_manipulator_msgs__rosidl_typesupport_introspection_c.dir/rosidl_typesupport_introspection_c/open_manipulator_msgs/msg/detail/joint_position__type_support.c.o[0m
[2.877s] [ 74%] [32mBuilding C object CMakeFiles/open_manipulator_msgs__rosidl_typesupport_introspection_c.dir/rosidl_typesupport_introspection_c/open_manipulator_msgs/srv/detail/set_joint_position__type_support.c.o[0m
[2.877s] [ 75%] [32m[1mLinking CXX shared library libopen_manipulator_msgs__rosidl_typesupport_introspection_cpp.so[0m
[2.895s] [ 76%] [32mBuilding C object CMakeFiles/open_manipulator_msgs__rosidl_typesupport_introspection_c.dir/rosidl_typesupport_introspection_c/open_manipulator_msgs/srv/detail/set_kinematics_pose__type_support.c.o[0m
[2.896s] [ 77%] [32mBuilding C object CMakeFiles/open_manipulator_msgs__rosidl_typesupport_introspection_c.dir/rosidl_typesupport_introspection_c/open_manipulator_msgs/srv/detail/set_actuator_state__type_support.c.o[0m
[2.905s] [ 78%] [32mBuilding C object CMakeFiles/open_manipulator_msgs__rosidl_typesupport_introspection_c.dir/rosidl_typesupport_introspection_c/open_manipulator_msgs/srv/detail/set_drawing_trajectory__type_support.c.o[0m
[2.956s] [ 80%] [32m[1mLinking C shared library libopen_manipulator_msgs__rosidl_typesupport_introspection_c.so[0m
[2.974s] [ 80%] Built target open_manipulator_msgs__rosidl_typesupport_introspection_cpp
[2.994s] [ 80%] Built target open_manipulator_msgs__rosidl_typesupport_introspection_c
[3.123s] [ 81%] [32m[1mLinking CXX shared library libopen_manipulator_msgs__rosidl_typesupport_fastrtps_c.so[0m
[3.174s] [ 81%] Built target open_manipulator_msgs__rosidl_typesupport_fastrtps_c
[3.251s] [ 82%] [32m[1mLinking CXX shared library libopen_manipulator_msgs__rosidl_typesupport_fastrtps_cpp.so[0m
[3.310s] [ 82%] Built target open_manipulator_msgs__rosidl_typesupport_fastrtps_cpp
[3.328s] [ 82%] Built target open_manipulator_msgs
[3.347s] [ 83%] [34m[1mGenerating Python code for ROS interfaces[0m
[4.158s] [ 83%] Built target open_manipulator_msgs__py
[4.179s] [ 84%] [32mBuilding C object CMakeFiles/open_manipulator_msgs__rosidl_generator_py.dir/rosidl_generator_py/open_manipulator_msgs/srv/_set_actuator_state_s.c.o[0m
[4.179s] [ 85%] [32mBuilding C object CMakeFiles/open_manipulator_msgs__rosidl_generator_py.dir/rosidl_generator_py/open_manipulator_msgs/msg/_open_manipulator_state_s.c.o[0m
[4.179s] [ 86%] [32mBuilding C object CMakeFiles/open_manipulator_msgs__rosidl_generator_py.dir/rosidl_generator_py/open_manipulator_msgs/msg/_joint_position_s.c.o[0m
[4.180s] [ 87%] [32mBuilding C object CMakeFiles/open_manipulator_msgs__rosidl_generator_py.dir/rosidl_generator_py/open_manipulator_msgs/msg/_kinematics_pose_s.c.o[0m
[4.181s] [ 88%] [32mBuilding C object CMakeFiles/open_manipulator_msgs__rosidl_generator_py.dir/rosidl_generator_py/open_manipulator_msgs/srv/_set_joint_position_s.c.o[0m
[4.181s] [ 90%] [32mBuilding C object CMakeFiles/open_manipulator_msgs__rosidl_generator_py.dir/rosidl_generator_py/open_manipulator_msgs/srv/_get_kinematics_pose_s.c.o[0m
[4.181s] [ 90%] [32mBuilding C object CMakeFiles/open_manipulator_msgs__rosidl_generator_py.dir/rosidl_generator_py/open_manipulator_msgs/srv/_get_joint_position_s.c.o[0m
[4.181s] [ 91%] [32mBuilding C object CMakeFiles/open_manipulator_msgs__rosidl_generator_py.dir/rosidl_generator_py/open_manipulator_msgs/srv/_set_kinematics_pose_s.c.o[0m
[4.181s] [ 92%] [32mBuilding C object CMakeFiles/open_manipulator_msgs__rosidl_generator_py.dir/rosidl_generator_py/open_manipulator_msgs/srv/_set_drawing_trajectory_s.c.o[0m
[4.285s] [ 93%] [32m[1mLinking C shared library rosidl_generator_py/open_manipulator_msgs/libopen_manipulator_msgs__rosidl_generator_py.so[0m
[4.319s] [ 93%] Built target open_manipulator_msgs__rosidl_generator_py
[4.339s] [ 94%] [32mBuilding C object CMakeFiles/open_manipulator_msgs__rosidl_typesupport_introspection_c__pyext.dir/rosidl_generator_py/open_manipulator_msgs/_open_manipulator_msgs_s.ep.rosidl_typesupport_introspection_c.c.o[0m
[4.339s] [ 95%] [32mBuilding C object CMakeFiles/open_manipulator_msgs__rosidl_typesupport_fastrtps_c__pyext.dir/rosidl_generator_py/open_manipulator_msgs/_open_manipulator_msgs_s.ep.rosidl_typesupport_fastrtps_c.c.o[0m
[4.340s] [ 96%] [32mBuilding C object CMakeFiles/open_manipulator_msgs__rosidl_typesupport_c__pyext.dir/rosidl_generator_py/open_manipulator_msgs/_open_manipulator_msgs_s.ep.rosidl_typesupport_c.c.o[0m
[4.434s] [ 97%] [32m[1mLinking C shared library rosidl_generator_py/open_manipulator_msgs/open_manipulator_msgs_s__rosidl_typesupport_introspection_c.cpython-310-x86_64-linux-gnu.so[0m
[4.436s] [ 98%] [32m[1mLinking C shared library rosidl_generator_py/open_manipulator_msgs/open_manipulator_msgs_s__rosidl_typesupport_c.cpython-310-x86_64-linux-gnu.so[0m
[4.438s] [100%] [32m[1mLinking C shared library rosidl_generator_py/open_manipulator_msgs/open_manipulator_msgs_s__rosidl_typesupport_fastrtps_c.cpython-310-x86_64-linux-gnu.so[0m
[4.466s] [100%] Built target open_manipulator_msgs__rosidl_typesupport_introspection_c__pyext
[4.473s] [100%] Built target open_manipulator_msgs__rosidl_typesupport_fastrtps_c__pyext
[4.474s] [100%] Built target open_manipulator_msgs__rosidl_typesupport_c__pyext
[4.486s] Invoked command in '/home/dhruv/rbe500-ros/src/build/open_manipulator_msgs' returned '0': CMAKE_PREFIX_PATH=${CMAKE_PREFIX_PATH}:/home/dhruv/rbe500-ros/install/rbe500_example_py:/home/dhruv/rbe500-ros/install/grp_assn_1:/opt/ros/humble /usr/bin/cmake --build /home/dhruv/rbe500-ros/src/build/open_manipulator_msgs -- -j32 -l32
[4.703s] Invoking command in '/home/dhruv/rbe500-ros/src/build/open_manipulator_msgs': CMAKE_PREFIX_PATH=${CMAKE_PREFIX_PATH}:/home/dhruv/rbe500-ros/install/rbe500_example_py:/home/dhruv/rbe500-ros/install/grp_assn_1:/opt/ros/humble /usr/bin/cmake --install /home/dhruv/rbe500-ros/src/build/open_manipulator_msgs
[4.710s] -- Install configuration: ""
[4.710s] -- Installing: /home/dhruv/rbe500-ros/src/install/open_manipulator_msgs/share/ament_index/resource_index/rosidl_interfaces/open_manipulator_msgs
[4.710s] -- Installing: /home/dhruv/rbe500-ros/src/install/open_manipulator_msgs/include/open_manipulator_msgs/open_manipulator_msgs
[4.710s] -- Installing: /home/dhruv/rbe500-ros/src/install/open_manipulator_msgs/include/open_manipulator_msgs/open_manipulator_msgs/msg
[4.710s] -- Installing: /home/dhruv/rbe500-ros/src/install/open_manipulator_msgs/include/open_manipulator_msgs/open_manipulator_msgs/msg/joint_position.h
[4.710s] -- Installing: /home/dhruv/rbe500-ros/src/install/open_manipulator_msgs/include/open_manipulator_msgs/open_manipulator_msgs/msg/rosidl_generator_c__visibility_control.h
[4.711s] -- Installing: /home/dhruv/rbe500-ros/src/install/open_manipulator_msgs/include/open_manipulator_msgs/open_manipulator_msgs/msg/kinematics_pose.h
[4.711s] -- Installing: /home/dhruv/rbe500-ros/src/install/open_manipulator_msgs/include/open_manipulator_msgs/open_manipulator_msgs/msg/open_manipulator_state.h
[4.711s] -- Installing: /home/dhruv/rbe500-ros/src/install/open_manipulator_msgs/include/open_manipulator_msgs/open_manipulator_msgs/msg/detail
[4.711s] -- Installing: /home/dhruv/rbe500-ros/src/install/open_manipulator_msgs/include/open_manipulator_msgs/open_manipulator_msgs/msg/detail/joint_position__struct.h
[4.711s] -- Installing: /home/dhruv/rbe500-ros/src/install/open_manipulator_msgs/include/open_manipulator_msgs/open_manipulator_msgs/msg/detail/joint_position__functions.c
[4.711s] -- Installing: /home/dhruv/rbe500-ros/src/install/open_manipulator_msgs/include/open_manipulator_msgs/open_manipulator_msgs/msg/detail/joint_position__type_support.h
[4.711s] -- Installing: /home/dhruv/rbe500-ros/src/install/open_manipulator_msgs/include/open_manipulator_msgs/open_manipulator_msgs/msg/detail/kinematics_pose__functions.h
[4.711s] -- Installing: /home/dhruv/rbe500-ros/src/install/open_manipulator_msgs/include/open_manipulator_msgs/open_manipulator_msgs/msg/detail/joint_position__functions.h
[4.711s] -- Installing: /home/dhruv/rbe500-ros/src/install/open_manipulator_msgs/include/open_manipulator_msgs/open_manipulator_msgs/msg/detail/open_manipulator_state__functions.c
[4.711s] -- Installing: /home/dhruv/rbe500-ros/src/install/open_manipulator_msgs/include/open_manipulator_msgs/open_manipulator_msgs/msg/detail/kinematics_pose__functions.c
[4.711s] -- Installing: /home/dhruv/rbe500-ros/src/install/open_manipulator_msgs/include/open_manipulator_msgs/open_manipulator_msgs/msg/detail/kinematics_pose__struct.h
[4.711s] -- Installing: /home/dhruv/rbe500-ros/src/install/open_manipulator_msgs/include/open_manipulator_msgs/open_manipulator_msgs/msg/detail/open_manipulator_state__type_support.h
[4.711s] -- Installing: /home/dhruv/rbe500-ros/src/install/open_manipulator_msgs/include/open_manipulator_msgs/open_manipulator_msgs/msg/detail/open_manipulator_state__struct.h
[4.711s] -- Installing: /home/dhruv/rbe500-ros/src/install/open_manipulator_msgs/include/open_manipulator_msgs/open_manipulator_msgs/msg/detail/open_manipulator_state__functions.h
[4.712s] -- Installing: /home/dhruv/rbe500-ros/src/install/open_manipulator_msgs/include/open_manipulator_msgs/open_manipulator_msgs/msg/detail/kinematics_pose__type_support.h
[4.712s] -- Installing: /home/dhruv/rbe500-ros/src/install/open_manipulator_msgs/include/open_manipulator_msgs/open_manipulator_msgs/srv
[4.712s] -- Installing: /home/dhruv/rbe500-ros/src/install/open_manipulator_msgs/include/open_manipulator_msgs/open_manipulator_msgs/srv/set_drawing_trajectory.h
[4.712s] -- Installing: /home/dhruv/rbe500-ros/src/install/open_manipulator_msgs/include/open_manipulator_msgs/open_manipulator_msgs/srv/get_kinematics_pose.h
[4.712s] -- Installing: /home/dhruv/rbe500-ros/src/install/open_manipulator_msgs/include/open_manipulator_msgs/open_manipulator_msgs/srv/get_joint_position.h
[4.712s] -- Installing: /home/dhruv/rbe500-ros/src/install/open_manipulator_msgs/include/open_manipulator_msgs/open_manipulator_msgs/srv/set_joint_position.h
[4.712s] -- Installing: /home/dhruv/rbe500-ros/src/install/open_manipulator_msgs/include/open_manipulator_msgs/open_manipulator_msgs/srv/detail
[4.712s] -- Installing: /home/dhruv/rbe500-ros/src/install/open_manipulator_msgs/include/open_manipulator_msgs/open_manipulator_msgs/srv/detail/get_kinematics_pose__type_support.h
[4.712s] -- Installing: /home/dhruv/rbe500-ros/src/install/open_manipulator_msgs/include/open_manipulator_msgs/open_manipulator_msgs/srv/detail/set_kinematics_pose__struct.h
[4.712s] -- Installing: /home/dhruv/rbe500-ros/src/install/open_manipulator_msgs/include/open_manipulator_msgs/open_manipulator_msgs/srv/detail/set_joint_position__functions.c
[4.712s] -- Installing: /home/dhruv/rbe500-ros/src/install/open_manipulator_msgs/include/open_manipulator_msgs/open_manipulator_msgs/srv/detail/set_joint_position__type_support.h
[4.712s] -- Installing: /home/dhruv/rbe500-ros/src/install/open_manipulator_msgs/include/open_manipulator_msgs/open_manipulator_msgs/srv/detail/set_kinematics_pose__type_support.h
[4.712s] -- Installing: /home/dhruv/rbe500-ros/src/install/open_manipulator_msgs/include/open_manipulator_msgs/open_manipulator_msgs/srv/detail/set_joint_position__struct.h
[4.713s] -- Installing: /home/dhruv/rbe500-ros/src/install/open_manipulator_msgs/include/open_manipulator_msgs/open_manipulator_msgs/srv/detail/get_kinematics_pose__functions.c
[4.713s] -- Installing: /home/dhruv/rbe500-ros/src/install/open_manipulator_msgs/include/open_manipulator_msgs/open_manipulator_msgs/srv/detail/get_joint_position__functions.h
[4.713s] -- Installing: /home/dhruv/rbe500-ros/src/install/open_manipulator_msgs/include/open_manipulator_msgs/open_manipulator_msgs/srv/detail/set_drawing_trajectory__struct.h
[4.713s] -- Installing: /home/dhruv/rbe500-ros/src/install/open_manipulator_msgs/include/open_manipulator_msgs/open_manipulator_msgs/srv/detail/set_drawing_trajectory__type_support.h
[4.713s] -- Installing: /home/dhruv/rbe500-ros/src/install/open_manipulator_msgs/include/open_manipulator_msgs/open_manipulator_msgs/srv/detail/set_actuator_state__type_support.h
[4.713s] -- Installing: /home/dhruv/rbe500-ros/src/install/open_manipulator_msgs/include/open_manipulator_msgs/open_manipulator_msgs/srv/detail/set_actuator_state__functions.h
[4.713s] -- Installing: /home/dhruv/rbe500-ros/src/install/open_manipulator_msgs/include/open_manipulator_msgs/open_manipulator_msgs/srv/detail/set_kinematics_pose__functions.h
[4.713s] -- Installing: /home/dhruv/rbe500-ros/src/install/open_manipulator_msgs/include/open_manipulator_msgs/open_manipulator_msgs/srv/detail/set_drawing_trajectory__functions.h
[4.713s] -- Installing: /home/dhruv/rbe500-ros/src/install/open_manipulator_msgs/include/open_manipulator_msgs/open_manipulator_msgs/srv/detail/get_kinematics_pose__struct.h
[4.713s] -- Installing: /home/dhruv/rbe500-ros/src/install/open_manipulator_msgs/include/open_manipulator_msgs/open_manipulator_msgs/srv/detail/get_joint_position__struct.h
[4.713s] -- Installing: /home/dhruv/rbe500-ros/src/install/open_manipulator_msgs/include/open_manipulator_msgs/open_manipulator_msgs/srv/detail/set_kinematics_pose__functions.c
[4.713s] -- Installing: /home/dhruv/rbe500-ros/src/install/open_manipulator_msgs/include/open_manipulator_msgs/open_manipulator_msgs/srv/detail/set_actuator_state__functions.c
[4.713s] -- Installing: /home/dhruv/rbe500-ros/src/install/open_manipulator_msgs/include/open_manipulator_msgs/open_manipulator_msgs/srv/detail/get_joint_position__functions.c
[4.713s] -- Installing: /home/dhruv/rbe500-ros/src/install/open_manipulator_msgs/include/open_manipulator_msgs/open_manipulator_msgs/srv/detail/set_actuator_state__struct.h
[4.714s] -- Installing: /home/dhruv/rbe500-ros/src/install/open_manipulator_msgs/include/open_manipulator_msgs/open_manipulator_msgs/srv/detail/set_drawing_trajectory__functions.c
[4.714s] -- Installing: /home/dhruv/rbe500-ros/src/install/open_manipulator_msgs/include/open_manipulator_msgs/open_manipulator_msgs/srv/detail/get_joint_position__type_support.h
[4.714s] -- Installing: /home/dhruv/rbe500-ros/src/install/open_manipulator_msgs/include/open_manipulator_msgs/open_manipulator_msgs/srv/detail/set_joint_position__functions.h
[4.714s] -- Installing: /home/dhruv/rbe500-ros/src/install/open_manipulator_msgs/include/open_manipulator_msgs/open_manipulator_msgs/srv/detail/get_kinematics_pose__functions.h
[4.714s] -- Installing: /home/dhruv/rbe500-ros/src/install/open_manipulator_msgs/include/open_manipulator_msgs/open_manipulator_msgs/srv/set_actuator_state.h
[4.714s] -- Installing: /home/dhruv/rbe500-ros/src/install/open_manipulator_msgs/include/open_manipulator_msgs/open_manipulator_msgs/srv/set_kinematics_pose.h
[4.714s] -- Installing: /home/dhruv/rbe500-ros/src/install/open_manipulator_msgs/share/open_manipulator_msgs/environment/library_path.sh
[4.714s] -- Installing: /home/dhruv/rbe500-ros/src/install/open_manipulator_msgs/share/open_manipulator_msgs/environment/library_path.dsv
[4.714s] -- Installing: /home/dhruv/rbe500-ros/src/install/open_manipulator_msgs/lib/libopen_manipulator_msgs__rosidl_generator_c.so
[4.714s] -- Set runtime path of "/home/dhruv/rbe500-ros/src/install/open_manipulator_msgs/lib/libopen_manipulator_msgs__rosidl_generator_c.so" to ""
[4.714s] -- Up-to-date: /home/dhruv/rbe500-ros/src/install/open_manipulator_msgs/include/open_manipulator_msgs/open_manipulator_msgs
[4.714s] -- Up-to-date: /home/dhruv/rbe500-ros/src/install/open_manipulator_msgs/include/open_manipulator_msgs/open_manipulator_msgs/msg
[4.714s] -- Installing: /home/dhruv/rbe500-ros/src/install/open_manipulator_msgs/include/open_manipulator_msgs/open_manipulator_msgs/msg/rosidl_typesupport_fastrtps_c__visibility_control.h
[4.714s] -- Up-to-date: /home/dhruv/rbe500-ros/src/install/open_manipulator_msgs/include/open_manipulator_msgs/open_manipulator_msgs/msg/detail
[4.715s] -- Installing: /home/dhruv/rbe500-ros/src/install/open_manipulator_msgs/include/open_manipulator_msgs/open_manipulator_msgs/msg/detail/kinematics_pose__rosidl_typesupport_fastrtps_c.h
[4.715s] -- Installing: /home/dhruv/rbe500-ros/src/install/open_manipulator_msgs/include/open_manipulator_msgs/open_manipulator_msgs/msg/detail/open_manipulator_state__rosidl_typesupport_fastrtps_c.h
[4.715s] -- Installing: /home/dhruv/rbe500-ros/src/install/open_manipulator_msgs/include/open_manipulator_msgs/open_manipulator_msgs/msg/detail/joint_position__rosidl_typesupport_fastrtps_c.h
[4.715s] -- Up-to-date: /home/dhruv/rbe500-ros/src/install/open_manipulator_msgs/include/open_manipulator_msgs/open_manipulator_msgs/srv
[4.715s] -- Up-to-date: /home/dhruv/rbe500-ros/src/install/open_manipulator_msgs/include/open_manipulator_msgs/open_manipulator_msgs/srv/detail
[4.715s] -- Installing: /home/dhruv/rbe500-ros/src/install/open_manipulator_msgs/include/open_manipulator_msgs/open_manipulator_msgs/srv/detail/set_kinematics_pose__rosidl_typesupport_fastrtps_c.h
[4.715s] -- Installing: /home/dhruv/rbe500-ros/src/install/open_manipulator_msgs/include/open_manipulator_msgs/open_manipulator_msgs/srv/detail/set_drawing_trajectory__rosidl_typesupport_fastrtps_c.h
[4.715s] -- Installing: /home/dhruv/rbe500-ros/src/install/open_manipulator_msgs/include/open_manipulator_msgs/open_manipulator_msgs/srv/detail/set_joint_position__rosidl_typesupport_fastrtps_c.h
[4.715s] -- Installing: /home/dhruv/rbe500-ros/src/install/open_manipulator_msgs/include/open_manipulator_msgs/open_manipulator_msgs/srv/detail/get_joint_position__rosidl_typesupport_fastrtps_c.h
[4.715s] -- Installing: /home/dhruv/rbe500-ros/src/install/open_manipulator_msgs/include/open_manipulator_msgs/open_manipulator_msgs/srv/detail/get_kinematics_pose__rosidl_typesupport_fastrtps_c.h
[4.715s] -- Installing: /home/dhruv/rbe500-ros/src/install/open_manipulator_msgs/include/open_manipulator_msgs/open_manipulator_msgs/srv/detail/set_actuator_state__rosidl_typesupport_fastrtps_c.h
[4.715s] -- Installing: /home/dhruv/rbe500-ros/src/install/open_manipulator_msgs/lib/libopen_manipulator_msgs__rosidl_typesupport_fastrtps_c.so
[4.715s] -- Set runtime path of "/home/dhruv/rbe500-ros/src/install/open_manipulator_msgs/lib/libopen_manipulator_msgs__rosidl_typesupport_fastrtps_c.so" to ""
[4.715s] -- Up-to-date: /home/dhruv/rbe500-ros/src/install/open_manipulator_msgs/include/open_manipulator_msgs/open_manipulator_msgs
[4.716s] -- Up-to-date: /home/dhruv/rbe500-ros/src/install/open_manipulator_msgs/include/open_manipulator_msgs/open_manipulator_msgs/msg
[4.716s] -- Installing: /home/dhruv/rbe500-ros/src/install/open_manipulator_msgs/include/open_manipulator_msgs/open_manipulator_msgs/msg/kinematics_pose.hpp
[4.716s] -- Installing: /home/dhruv/rbe500-ros/src/install/open_manipulator_msgs/include/open_manipulator_msgs/open_manipulator_msgs/msg/joint_position.hpp
[4.716s] -- Installing: /home/dhruv/rbe500-ros/src/install/open_manipulator_msgs/include/open_manipulator_msgs/open_manipulator_msgs/msg/open_manipulator_state.hpp
[4.716s] -- Up-to-date: /home/dhruv/rbe500-ros/src/install/open_manipulator_msgs/include/open_manipulator_msgs/open_manipulator_msgs/msg/detail
[4.716s] -- Installing: /home/dhruv/rbe500-ros/src/install/open_manipulator_msgs/include/open_manipulator_msgs/open_manipulator_msgs/msg/detail/joint_position__traits.hpp
[4.716s] -- Installing: /home/dhruv/rbe500-ros/src/install/open_manipulator_msgs/include/open_manipulator_msgs/open_manipulator_msgs/msg/detail/kinematics_pose__traits.hpp
[4.716s] -- Installing: /home/dhruv/rbe500-ros/src/install/open_manipulator_msgs/include/open_manipulator_msgs/open_manipulator_msgs/msg/detail/kinematics_pose__builder.hpp
[4.716s] -- Installing: /home/dhruv/rbe500-ros/src/install/open_manipulator_msgs/include/open_manipulator_msgs/open_manipulator_msgs/msg/detail/kinematics_pose__struct.hpp
[4.716s] -- Installing: /home/dhruv/rbe500-ros/src/install/open_manipulator_msgs/include/open_manipulator_msgs/open_manipulator_msgs/msg/detail/joint_position__struct.hpp
[4.716s] -- Installing: /home/dhruv/rbe500-ros/src/install/open_manipulator_msgs/include/open_manipulator_msgs/open_manipulator_msgs/msg/detail/open_manipulator_state__builder.hpp
[4.716s] -- Installing: /home/dhruv/rbe500-ros/src/install/open_manipulator_msgs/include/open_manipulator_msgs/open_manipulator_msgs/msg/detail/open_manipulator_state__traits.hpp
[4.716s] -- Installing: /home/dhruv/rbe500-ros/src/install/open_manipulator_msgs/include/open_manipulator_msgs/open_manipulator_msgs/msg/detail/joint_position__builder.hpp
[4.716s] -- Installing: /home/dhruv/rbe500-ros/src/install/open_manipulator_msgs/include/open_manipulator_msgs/open_manipulator_msgs/msg/detail/open_manipulator_state__struct.hpp
[4.717s] -- Up-to-date: /home/dhruv/rbe500-ros/src/install/open_manipulator_msgs/include/open_manipulator_msgs/open_manipulator_msgs/srv
[4.717s] -- Installing: /home/dhruv/rbe500-ros/src/install/open_manipulator_msgs/include/open_manipulator_msgs/open_manipulator_msgs/srv/set_actuator_state.hpp
[4.717s] -- Installing: /home/dhruv/rbe500-ros/src/install/open_manipulator_msgs/include/open_manipulator_msgs/open_manipulator_msgs/srv/get_kinematics_pose.hpp
[4.717s] -- Installing: /home/dhruv/rbe500-ros/src/install/open_manipulator_msgs/include/open_manipulator_msgs/open_manipulator_msgs/srv/set_joint_position.hpp
[4.717s] -- Installing: /home/dhruv/rbe500-ros/src/install/open_manipulator_msgs/include/open_manipulator_msgs/open_manipulator_msgs/srv/get_joint_position.hpp
[4.717s] -- Up-to-date: /home/dhruv/rbe500-ros/src/install/open_manipulator_msgs/include/open_manipulator_msgs/open_manipulator_msgs/srv/detail
[4.717s] -- Installing: /home/dhruv/rbe500-ros/src/install/open_manipulator_msgs/include/open_manipulator_msgs/open_manipulator_msgs/srv/detail/set_kinematics_pose__builder.hpp
[4.717s] -- Installing: /home/dhruv/rbe500-ros/src/install/open_manipulator_msgs/include/open_manipulator_msgs/open_manipulator_msgs/srv/detail/get_kinematics_pose__builder.hpp
[4.717s] -- Installing: /home/dhruv/rbe500-ros/src/install/open_manipulator_msgs/include/open_manipulator_msgs/open_manipulator_msgs/srv/detail/get_kinematics_pose__traits.hpp
[4.717s] -- Installing: /home/dhruv/rbe500-ros/src/install/open_manipulator_msgs/include/open_manipulator_msgs/open_manipulator_msgs/srv/detail/set_drawing_trajectory__traits.hpp
[4.717s] -- Installing: /home/dhruv/rbe500-ros/src/install/open_manipulator_msgs/include/open_manipulator_msgs/open_manipulator_msgs/srv/detail/set_joint_position__traits.hpp
[4.717s] -- Installing: /home/dhruv/rbe500-ros/src/install/open_manipulator_msgs/include/open_manipulator_msgs/open_manipulator_msgs/srv/detail/set_actuator_state__builder.hpp
[4.717s] -- Installing: /home/dhruv/rbe500-ros/src/install/open_manipulator_msgs/include/open_manipulator_msgs/open_manipulator_msgs/srv/detail/get_kinematics_pose__struct.hpp
[4.717s] -- Installing: /home/dhruv/rbe500-ros/src/install/open_manipulator_msgs/include/open_manipulator_msgs/open_manipulator_msgs/srv/detail/get_joint_position__struct.hpp
[4.718s] -- Installing: /home/dhruv/rbe500-ros/src/install/open_manipulator_msgs/include/open_manipulator_msgs/open_manipulator_msgs/srv/detail/set_joint_position__builder.hpp
[4.718s] -- Installing: /home/dhruv/rbe500-ros/src/install/open_manipulator_msgs/include/open_manipulator_msgs/open_manipulator_msgs/srv/detail/get_joint_position__traits.hpp
[4.718s] -- Installing: /home/dhruv/rbe500-ros/src/install/open_manipulator_msgs/include/open_manipulator_msgs/open_manipulator_msgs/srv/detail/get_joint_position__builder.hpp
[4.718s] -- Installing: /home/dhruv/rbe500-ros/src/install/open_manipulator_msgs/include/open_manipulator_msgs/open_manipulator_msgs/srv/detail/set_joint_position__struct.hpp
[4.718s] -- Installing: /home/dhruv/rbe500-ros/src/install/open_manipulator_msgs/include/open_manipulator_msgs/open_manipulator_msgs/srv/detail/set_drawing_trajectory__builder.hpp
[4.718s] -- Installing: /home/dhruv/rbe500-ros/src/install/open_manipulator_msgs/include/open_manipulator_msgs/open_manipulator_msgs/srv/detail/set_kinematics_pose__struct.hpp
[4.718s] -- Installing: /home/dhruv/rbe500-ros/src/install/open_manipulator_msgs/include/open_manipulator_msgs/open_manipulator_msgs/srv/detail/set_kinematics_pose__traits.hpp
[4.718s] -- Installing: /home/dhruv/rbe500-ros/src/install/open_manipulator_msgs/include/open_manipulator_msgs/open_manipulator_msgs/srv/detail/set_actuator_state__struct.hpp
[4.718s] -- Installing: /home/dhruv/rbe500-ros/src/install/open_manipulator_msgs/include/open_manipulator_msgs/open_manipulator_msgs/srv/detail/set_actuator_state__traits.hpp
[4.718s] -- Installing: /home/dhruv/rbe500-ros/src/install/open_manipulator_msgs/include/open_manipulator_msgs/open_manipulator_msgs/srv/detail/set_drawing_trajectory__struct.hpp
[4.718s] -- Installing: /home/dhruv/rbe500-ros/src/install/open_manipulator_msgs/include/open_manipulator_msgs/open_manipulator_msgs/srv/set_drawing_trajectory.hpp
[4.718s] -- Installing: /home/dhruv/rbe500-ros/src/install/open_manipulator_msgs/include/open_manipulator_msgs/open_manipulator_msgs/srv/set_kinematics_pose.hpp
[4.718s] -- Up-to-date: /home/dhruv/rbe500-ros/src/install/open_manipulator_msgs/include/open_manipulator_msgs/open_manipulator_msgs
[4.718s] -- Up-to-date: /home/dhruv/rbe500-ros/src/install/open_manipulator_msgs/include/open_manipulator_msgs/open_manipulator_msgs/msg
[4.718s] -- Installing: /home/dhruv/rbe500-ros/src/install/open_manipulator_msgs/include/open_manipulator_msgs/open_manipulator_msgs/msg/rosidl_typesupport_fastrtps_cpp__visibility_control.h
[4.719s] -- Up-to-date: /home/dhruv/rbe500-ros/src/install/open_manipulator_msgs/include/open_manipulator_msgs/open_manipulator_msgs/msg/detail
[4.719s] -- Installing: /home/dhruv/rbe500-ros/src/install/open_manipulator_msgs/include/open_manipulator_msgs/open_manipulator_msgs/msg/detail/dds_fastrtps
[4.719s] -- Installing: /home/dhruv/rbe500-ros/src/install/open_manipulator_msgs/include/open_manipulator_msgs/open_manipulator_msgs/msg/detail/open_manipulator_state__rosidl_typesupport_fastrtps_cpp.hpp
[4.719s] -- Installing: /home/dhruv/rbe500-ros/src/install/open_manipulator_msgs/include/open_manipulator_msgs/open_manipulator_msgs/msg/detail/kinematics_pose__rosidl_typesupport_fastrtps_cpp.hpp
[4.719s] -- Installing: /home/dhruv/rbe500-ros/src/install/open_manipulator_msgs/include/open_manipulator_msgs/open_manipulator_msgs/msg/detail/joint_position__rosidl_typesupport_fastrtps_cpp.hpp
[4.719s] -- Up-to-date: /home/dhruv/rbe500-ros/src/install/open_manipulator_msgs/include/open_manipulator_msgs/open_manipulator_msgs/srv
[4.719s] -- Up-to-date: /home/dhruv/rbe500-ros/src/install/open_manipulator_msgs/include/open_manipulator_msgs/open_manipulator_msgs/srv/detail
[4.719s] -- Installing: /home/dhruv/rbe500-ros/src/install/open_manipulator_msgs/include/open_manipulator_msgs/open_manipulator_msgs/srv/detail/set_joint_position__rosidl_typesupport_fastrtps_cpp.hpp
[4.719s] -- Installing: /home/dhruv/rbe500-ros/src/install/open_manipulator_msgs/include/open_manipulator_msgs/open_manipulator_msgs/srv/detail/dds_fastrtps
[4.719s] -- Installing: /home/dhruv/rbe500-ros/src/install/open_manipulator_msgs/include/open_manipulator_msgs/open_manipulator_msgs/srv/detail/set_actuator_state__rosidl_typesupport_fastrtps_cpp.hpp
[4.719s] -- Installing: /home/dhruv/rbe500-ros/src/install/open_manipulator_msgs/include/open_manipulator_msgs/open_manipulator_msgs/srv/detail/set_drawing_trajectory__rosidl_typesupport_fastrtps_cpp.hpp
[4.719s] -- Installing: /home/dhruv/rbe500-ros/src/install/open_manipulator_msgs/include/open_manipulator_msgs/open_manipulator_msgs/srv/detail/get_joint_position__rosidl_typesupport_fastrtps_cpp.hpp
[4.719s] -- Installing: /home/dhruv/rbe500-ros/src/install/open_manipulator_msgs/include/open_manipulator_msgs/open_manipulator_msgs/srv/detail/get_kinematics_pose__rosidl_typesupport_fastrtps_cpp.hpp
[4.720s] -- Installing: /home/dhruv/rbe500-ros/src/install/open_manipulator_msgs/include/open_manipulator_msgs/open_manipulator_msgs/srv/detail/set_kinematics_pose__rosidl_typesupport_fastrtps_cpp.hpp
[4.720s] -- Installing: /home/dhruv/rbe500-ros/src/install/open_manipulator_msgs/lib/libopen_manipulator_msgs__rosidl_typesupport_fastrtps_cpp.so
[4.720s] -- Set runtime path of "/home/dhruv/rbe500-ros/src/install/open_manipulator_msgs/lib/libopen_manipulator_msgs__rosidl_typesupport_fastrtps_cpp.so" to ""
[4.720s] -- Up-to-date: /home/dhruv/rbe500-ros/src/install/open_manipulator_msgs/include/open_manipulator_msgs/open_manipulator_msgs
[4.720s] -- Up-to-date: /home/dhruv/rbe500-ros/src/install/open_manipulator_msgs/include/open_manipulator_msgs/open_manipulator_msgs/msg
[4.720s] -- Installing: /home/dhruv/rbe500-ros/src/install/open_manipulator_msgs/include/open_manipulator_msgs/open_manipulator_msgs/msg/rosidl_typesupport_introspection_c__visibility_control.h
[4.720s] -- Up-to-date: /home/dhruv/rbe500-ros/src/install/open_manipulator_msgs/include/open_manipulator_msgs/open_manipulator_msgs/msg/detail
[4.720s] -- Installing: /home/dhruv/rbe500-ros/src/install/open_manipulator_msgs/include/open_manipulator_msgs/open_manipulator_msgs/msg/detail/kinematics_pose__type_support.c
[4.720s] -- Installing: /home/dhruv/rbe500-ros/src/install/open_manipulator_msgs/include/open_manipulator_msgs/open_manipulator_msgs/msg/detail/joint_position__rosidl_typesupport_introspection_c.h
[4.720s] -- Installing: /home/dhruv/rbe500-ros/src/install/open_manipulator_msgs/include/open_manipulator_msgs/open_manipulator_msgs/msg/detail/kinematics_pose__rosidl_typesupport_introspection_c.h
[4.720s] -- Installing: /home/dhruv/rbe500-ros/src/install/open_manipulator_msgs/include/open_manipulator_msgs/open_manipulator_msgs/msg/detail/open_manipulator_state__type_support.c
[4.720s] -- Installing: /home/dhruv/rbe500-ros/src/install/open_manipulator_msgs/include/open_manipulator_msgs/open_manipulator_msgs/msg/detail/open_manipulator_state__rosidl_typesupport_introspection_c.h
[4.720s] -- Installing: /home/dhruv/rbe500-ros/src/install/open_manipulator_msgs/include/open_manipulator_msgs/open_manipulator_msgs/msg/detail/joint_position__type_support.c
[4.720s] -- Up-to-date: /home/dhruv/rbe500-ros/src/install/open_manipulator_msgs/include/open_manipulator_msgs/open_manipulator_msgs/srv
[4.720s] -- Up-to-date: /home/dhruv/rbe500-ros/src/install/open_manipulator_msgs/include/open_manipulator_msgs/open_manipulator_msgs/srv/detail
[4.721s] -- Installing: /home/dhruv/rbe500-ros/src/install/open_manipulator_msgs/include/open_manipulator_msgs/open_manipulator_msgs/srv/detail/set_kinematics_pose__type_support.c
[4.721s] -- Installing: /home/dhruv/rbe500-ros/src/install/open_manipulator_msgs/include/open_manipulator_msgs/open_manipulator_msgs/srv/detail/set_kinematics_pose__rosidl_typesupport_introspection_c.h
[4.721s] -- Installing: /home/dhruv/rbe500-ros/src/install/open_manipulator_msgs/include/open_manipulator_msgs/open_manipulator_msgs/srv/detail/set_joint_position__type_support.c
[4.721s] -- Installing: /home/dhruv/rbe500-ros/src/install/open_manipulator_msgs/include/open_manipulator_msgs/open_manipulator_msgs/srv/detail/get_joint_position__rosidl_typesupport_introspection_c.h
[4.721s] -- Installing: /home/dhruv/rbe500-ros/src/install/open_manipulator_msgs/include/open_manipulator_msgs/open_manipulator_msgs/srv/detail/set_actuator_state__type_support.c
[4.721s] -- Installing: /home/dhruv/rbe500-ros/src/install/open_manipulator_msgs/include/open_manipulator_msgs/open_manipulator_msgs/srv/detail/set_drawing_trajectory__rosidl_typesupport_introspection_c.h
[4.721s] -- Installing: /home/dhruv/rbe500-ros/src/install/open_manipulator_msgs/include/open_manipulator_msgs/open_manipulator_msgs/srv/detail/get_kinematics_pose__type_support.c
[4.721s] -- Installing: /home/dhruv/rbe500-ros/src/install/open_manipulator_msgs/include/open_manipulator_msgs/open_manipulator_msgs/srv/detail/set_drawing_trajectory__type_support.c
[4.721s] -- Installing: /home/dhruv/rbe500-ros/src/install/open_manipulator_msgs/include/open_manipulator_msgs/open_manipulator_msgs/srv/detail/get_kinematics_pose__rosidl_typesupport_introspection_c.h
[4.721s] -- Installing: /home/dhruv/rbe500-ros/src/install/open_manipulator_msgs/include/open_manipulator_msgs/open_manipulator_msgs/srv/detail/set_actuator_state__rosidl_typesupport_introspection_c.h
[4.721s] -- Installing: /home/dhruv/rbe500-ros/src/install/open_manipulator_msgs/include/open_manipulator_msgs/open_manipulator_msgs/srv/detail/get_joint_position__type_support.c
[4.721s] -- Installing: /home/dhruv/rbe500-ros/src/install/open_manipulator_msgs/include/open_manipulator_msgs/open_manipulator_msgs/srv/detail/set_joint_position__rosidl_typesupport_introspection_c.h
[4.721s] -- Installing: /home/dhruv/rbe500-ros/src/install/open_manipulator_msgs/lib/libopen_manipulator_msgs__rosidl_typesupport_introspection_c.so
[4.721s] -- Set runtime path of "/home/dhruv/rbe500-ros/src/install/open_manipulator_msgs/lib/libopen_manipulator_msgs__rosidl_typesupport_introspection_c.so" to ""
[4.721s] -- Installing: /home/dhruv/rbe500-ros/src/install/open_manipulator_msgs/lib/libopen_manipulator_msgs__rosidl_typesupport_c.so
[4.721s] -- Set runtime path of "/home/dhruv/rbe500-ros/src/install/open_manipulator_msgs/lib/libopen_manipulator_msgs__rosidl_typesupport_c.so" to ""
[4.721s] -- Up-to-date: /home/dhruv/rbe500-ros/src/install/open_manipulator_msgs/include/open_manipulator_msgs/open_manipulator_msgs
[4.722s] -- Up-to-date: /home/dhruv/rbe500-ros/src/install/open_manipulator_msgs/include/open_manipulator_msgs/open_manipulator_msgs/msg
[4.722s] -- Up-to-date: /home/dhruv/rbe500-ros/src/install/open_manipulator_msgs/include/open_manipulator_msgs/open_manipulator_msgs/msg/detail
[4.722s] -- Installing: /home/dhruv/rbe500-ros/src/install/open_manipulator_msgs/include/open_manipulator_msgs/open_manipulator_msgs/msg/detail/open_manipulator_state__type_support.cpp
[4.722s] -- Installing: /home/dhruv/rbe500-ros/src/install/open_manipulator_msgs/include/open_manipulator_msgs/open_manipulator_msgs/msg/detail/joint_position__type_support.cpp
[4.722s] -- Installing: /home/dhruv/rbe500-ros/src/install/open_manipulator_msgs/include/open_manipulator_msgs/open_manipulator_msgs/msg/detail/open_manipulator_state__rosidl_typesupport_introspection_cpp.hpp
[4.722s] -- Installing: /home/dhruv/rbe500-ros/src/install/open_manipulator_msgs/include/open_manipulator_msgs/open_manipulator_msgs/msg/detail/kinematics_pose__type_support.cpp
[4.722s] -- Installing: /home/dhruv/rbe500-ros/src/install/open_manipulator_msgs/include/open_manipulator_msgs/open_manipulator_msgs/msg/detail/kinematics_pose__rosidl_typesupport_introspection_cpp.hpp
[4.722s] -- Installing: /home/dhruv/rbe500-ros/src/install/open_manipulator_msgs/include/open_manipulator_msgs/open_manipulator_msgs/msg/detail/joint_position__rosidl_typesupport_introspection_cpp.hpp
[4.722s] -- Up-to-date: /home/dhruv/rbe500-ros/src/install/open_manipulator_msgs/include/open_manipulator_msgs/open_manipulator_msgs/srv
[4.722s] -- Up-to-date: /home/dhruv/rbe500-ros/src/install/open_manipulator_msgs/include/open_manipulator_msgs/open_manipulator_msgs/srv/detail
[4.722s] -- Installing: /home/dhruv/rbe500-ros/src/install/open_manipulator_msgs/include/open_manipulator_msgs/open_manipulator_msgs/srv/detail/set_actuator_state__rosidl_typesupport_introspection_cpp.hpp
[4.722s] -- Installing: /home/dhruv/rbe500-ros/src/install/open_manipulator_msgs/include/open_manipulator_msgs/open_manipulator_msgs/srv/detail/get_joint_position__type_support.cpp
[4.722s] -- Installing: /home/dhruv/rbe500-ros/src/install/open_manipulator_msgs/include/open_manipulator_msgs/open_manipulator_msgs/srv/detail/set_joint_position__type_support.cpp
[4.722s] -- Installing: /home/dhruv/rbe500-ros/src/install/open_manipulator_msgs/include/open_manipulator_msgs/open_manipulator_msgs/srv/detail/set_joint_position__rosidl_typesupport_introspection_cpp.hpp
[4.722s] -- Installing: /home/dhruv/rbe500-ros/src/install/open_manipulator_msgs/include/open_manipulator_msgs/open_manipulator_msgs/srv/detail/set_drawing_trajectory__type_support.cpp
[4.722s] -- Installing: /home/dhruv/rbe500-ros/src/install/open_manipulator_msgs/include/open_manipulator_msgs/open_manipulator_msgs/srv/detail/set_actuator_state__type_support.cpp
[4.722s] -- Installing: /home/dhruv/rbe500-ros/src/install/open_manipulator_msgs/include/open_manipulator_msgs/open_manipulator_msgs/srv/detail/get_joint_position__rosidl_typesupport_introspection_cpp.hpp
[4.722s] -- Installing: /home/dhruv/rbe500-ros/src/install/open_manipulator_msgs/include/open_manipulator_msgs/open_manipulator_msgs/srv/detail/set_drawing_trajectory__rosidl_typesupport_introspection_cpp.hpp
[4.723s] -- Installing: /home/dhruv/rbe500-ros/src/install/open_manipulator_msgs/include/open_manipulator_msgs/open_manipulator_msgs/srv/detail/set_kinematics_pose__rosidl_typesupport_introspection_cpp.hpp
[4.723s] -- Installing: /home/dhruv/rbe500-ros/src/install/open_manipulator_msgs/include/open_manipulator_msgs/open_manipulator_msgs/srv/detail/get_kinematics_pose__rosidl_typesupport_introspection_cpp.hpp
[4.723s] -- Installing: /home/dhruv/rbe500-ros/src/install/open_manipulator_msgs/include/open_manipulator_msgs/open_manipulator_msgs/srv/detail/get_kinematics_pose__type_support.cpp
[4.723s] -- Installing: /home/dhruv/rbe500-ros/src/install/open_manipulator_msgs/include/open_manipulator_msgs/open_manipulator_msgs/srv/detail/set_kinematics_pose__type_support.cpp
[4.723s] -- Installing: /home/dhruv/rbe500-ros/src/install/open_manipulator_msgs/lib/libopen_manipulator_msgs__rosidl_typesupport_introspection_cpp.so
[4.723s] -- Set runtime path of "/home/dhruv/rbe500-ros/src/install/open_manipulator_msgs/lib/libopen_manipulator_msgs__rosidl_typesupport_introspection_cpp.so" to ""
[4.723s] -- Installing: /home/dhruv/rbe500-ros/src/install/open_manipulator_msgs/lib/libopen_manipulator_msgs__rosidl_typesupport_cpp.so
[4.723s] -- Set runtime path of "/home/dhruv/rbe500-ros/src/install/open_manipulator_msgs/lib/libopen_manipulator_msgs__rosidl_typesupport_cpp.so" to ""
[4.723s] -- Installing: /home/dhruv/rbe500-ros/src/install/open_manipulator_msgs/share/open_manipulator_msgs/environment/pythonpath.sh
[4.723s] -- Installing: /home/dhruv/rbe500-ros/src/install/open_manipulator_msgs/share/open_manipulator_msgs/environment/pythonpath.dsv
[4.723s] -- Installing: /home/dhruv/rbe500-ros/src/install/open_manipulator_msgs/local/lib/python3.10/dist-packages/open_manipulator_msgs-2.2.0-py3.10.egg-info
[4.723s] -- Installing: /home/dhruv/rbe500-ros/src/install/open_manipulator_msgs/local/lib/python3.10/dist-packages/open_manipulator_msgs-2.2.0-py3.10.egg-info/top_level.txt
[4.723s] -- Installing: /home/dhruv/rbe500-ros/src/install/open_manipulator_msgs/local/lib/python3.10/dist-packages/open_manipulator_msgs-2.2.0-py3.10.egg-info/PKG-INFO
[4.723s] -- Installing: /home/dhruv/rbe500-ros/src/install/open_manipulator_msgs/local/lib/python3.10/dist-packages/open_manipulator_msgs-2.2.0-py3.10.egg-info/SOURCES.txt
[4.723s] -- Installing: /home/dhruv/rbe500-ros/src/install/open_manipulator_msgs/local/lib/python3.10/dist-packages/open_manipulator_msgs-2.2.0-py3.10.egg-info/dependency_links.txt
[4.723s] -- Installing: /home/dhruv/rbe500-ros/src/install/open_manipulator_msgs/local/lib/python3.10/dist-packages/open_manipulator_msgs
[4.723s] -- Installing: /home/dhruv/rbe500-ros/src/install/open_manipulator_msgs/local/lib/python3.10/dist-packages/open_manipulator_msgs/msg
[4.723s] -- Installing: /home/dhruv/rbe500-ros/src/install/open_manipulator_msgs/local/lib/python3.10/dist-packages/open_manipulator_msgs/msg/__init__.py
[4.724s] -- Installing: /home/dhruv/rbe500-ros/src/install/open_manipulator_msgs/local/lib/python3.10/dist-packages/open_manipulator_msgs/msg/_open_manipulator_state.py
[4.724s] -- Installing: /home/dhruv/rbe500-ros/src/install/open_manipulator_msgs/local/lib/python3.10/dist-packages/open_manipulator_msgs/msg/_open_manipulator_state_s.c
[4.724s] -- Installing: /home/dhruv/rbe500-ros/src/install/open_manipulator_msgs/local/lib/python3.10/dist-packages/open_manipulator_msgs/msg/_joint_position.py
[4.724s] -- Installing: /home/dhruv/rbe500-ros/src/install/open_manipulator_msgs/local/lib/python3.10/dist-packages/open_manipulator_msgs/msg/_joint_position_s.c
[4.724s] -- Installing: /home/dhruv/rbe500-ros/src/install/open_manipulator_msgs/local/lib/python3.10/dist-packages/open_manipulator_msgs/msg/_kinematics_pose.py
[4.724s] -- Installing: /home/dhruv/rbe500-ros/src/install/open_manipulator_msgs/local/lib/python3.10/dist-packages/open_manipulator_msgs/msg/_kinematics_pose_s.c
[4.724s] -- Installing: /home/dhruv/rbe500-ros/src/install/open_manipulator_msgs/local/lib/python3.10/dist-packages/open_manipulator_msgs/__init__.py
[4.724s] -- Installing: /home/dhruv/rbe500-ros/src/install/open_manipulator_msgs/local/lib/python3.10/dist-packages/open_manipulator_msgs/_open_manipulator_msgs_s.ep.rosidl_typesupport_c.c
[4.724s] -- Installing: /home/dhruv/rbe500-ros/src/install/open_manipulator_msgs/local/lib/python3.10/dist-packages/open_manipulator_msgs/_open_manipulator_msgs_s.ep.rosidl_typesupport_fastrtps_c.c
[4.724s] -- Installing: /home/dhruv/rbe500-ros/src/install/open_manipulator_msgs/local/lib/python3.10/dist-packages/open_manipulator_msgs/_open_manipulator_msgs_s.ep.rosidl_typesupport_introspection_c.c
[4.724s] -- Installing: /home/dhruv/rbe500-ros/src/install/open_manipulator_msgs/local/lib/python3.10/dist-packages/open_manipulator_msgs/open_manipulator_msgs_s__rosidl_typesupport_c.cpython-310-x86_64-linux-gnu.so
[4.724s] -- Installing: /home/dhruv/rbe500-ros/src/install/open_manipulator_msgs/local/lib/python3.10/dist-packages/open_manipulator_msgs/srv
[4.724s] -- Installing: /home/dhruv/rbe500-ros/src/install/open_manipulator_msgs/local/lib/python3.10/dist-packages/open_manipulator_msgs/srv/_set_joint_position.py
[4.724s] -- Installing: /home/dhruv/rbe500-ros/src/install/open_manipulator_msgs/local/lib/python3.10/dist-packages/open_manipulator_msgs/srv/_set_actuator_state.py
[4.724s] -- Installing: /home/dhruv/rbe500-ros/src/install/open_manipulator_msgs/local/lib/python3.10/dist-packages/open_manipulator_msgs/srv/__init__.py
[4.724s] -- Installing: /home/dhruv/rbe500-ros/src/install/open_manipulator_msgs/local/lib/python3.10/dist-packages/open_manipulator_msgs/srv/_set_drawing_trajectory_s.c
[4.724s] -- Installing: /home/dhruv/rbe500-ros/src/install/open_manipulator_msgs/local/lib/python3.10/dist-packages/open_manipulator_msgs/srv/_set_joint_position_s.c
[4.724s] -- Installing: /home/dhruv/rbe500-ros/src/install/open_manipulator_msgs/local/lib/python3.10/dist-packages/open_manipulator_msgs/srv/_get_kinematics_pose_s.c
[4.725s] -- Installing: /home/dhruv/rbe500-ros/src/install/open_manipulator_msgs/local/lib/python3.10/dist-packages/open_manipulator_msgs/srv/_set_drawing_trajectory.py
[4.725s] -- Installing: /home/dhruv/rbe500-ros/src/install/open_manipulator_msgs/local/lib/python3.10/dist-packages/open_manipulator_msgs/srv/_set_kinematics_pose_s.c
[4.725s] -- Installing: /home/dhruv/rbe500-ros/src/install/open_manipulator_msgs/local/lib/python3.10/dist-packages/open_manipulator_msgs/srv/_set_actuator_state_s.c
[4.725s] -- Installing: /home/dhruv/rbe500-ros/src/install/open_manipulator_msgs/local/lib/python3.10/dist-packages/open_manipulator_msgs/srv/_get_joint_position_s.c
[4.725s] -- Installing: /home/dhruv/rbe500-ros/src/install/open_manipulator_msgs/local/lib/python3.10/dist-packages/open_manipulator_msgs/srv/_get_joint_position.py
[4.725s] -- Installing: /home/dhruv/rbe500-ros/src/install/open_manipulator_msgs/local/lib/python3.10/dist-packages/open_manipulator_msgs/srv/_set_kinematics_pose.py
[4.725s] -- Installing: /home/dhruv/rbe500-ros/src/install/open_manipulator_msgs/local/lib/python3.10/dist-packages/open_manipulator_msgs/srv/_get_kinematics_pose.py
[4.725s] -- Installing: /home/dhruv/rbe500-ros/src/install/open_manipulator_msgs/local/lib/python3.10/dist-packages/open_manipulator_msgs/libopen_manipulator_msgs__rosidl_generator_py.so
[4.725s] -- Installing: /home/dhruv/rbe500-ros/src/install/open_manipulator_msgs/local/lib/python3.10/dist-packages/open_manipulator_msgs/open_manipulator_msgs_s__rosidl_typesupport_fastrtps_c.cpython-310-x86_64-linux-gnu.so
[4.725s] -- Installing: /home/dhruv/rbe500-ros/src/install/open_manipulator_msgs/local/lib/python3.10/dist-packages/open_manipulator_msgs/open_manipulator_msgs_s__rosidl_typesupport_introspection_c.cpython-310-x86_64-linux-gnu.so
[4.751s] Listing '/home/dhruv/rbe500-ros/src/install/open_manipulator_msgs/local/lib/python3.10/dist-packages/open_manipulator_msgs'...
[4.751s] Compiling '/home/dhruv/rbe500-ros/src/install/open_manipulator_msgs/local/lib/python3.10/dist-packages/open_manipulator_msgs/__init__.py'...
[4.751s] Listing '/home/dhruv/rbe500-ros/src/install/open_manipulator_msgs/local/lib/python3.10/dist-packages/open_manipulator_msgs/msg'...
[4.751s] Compiling '/home/dhruv/rbe500-ros/src/install/open_manipulator_msgs/local/lib/python3.10/dist-packages/open_manipulator_msgs/msg/__init__.py'...
[4.751s] Compiling '/home/dhruv/rbe500-ros/src/install/open_manipulator_msgs/local/lib/python3.10/dist-packages/open_manipulator_msgs/msg/_joint_position.py'...
[4.751s] Compiling '/home/dhruv/rbe500-ros/src/install/open_manipulator_msgs/local/lib/python3.10/dist-packages/open_manipulator_msgs/msg/_kinematics_pose.py'...
[4.751s] Compiling '/home/dhruv/rbe500-ros/src/install/open_manipulator_msgs/local/lib/python3.10/dist-packages/open_manipulator_msgs/msg/_open_manipulator_state.py'...
[4.751s] Listing '/home/dhruv/rbe500-ros/src/install/open_manipulator_msgs/local/lib/python3.10/dist-packages/open_manipulator_msgs/srv'...
[4.751s] Compiling '/home/dhruv/rbe500-ros/src/install/open_manipulator_msgs/local/lib/python3.10/dist-packages/open_manipulator_msgs/srv/__init__.py'...
[4.751s] Compiling '/home/dhruv/rbe500-ros/src/install/open_manipulator_msgs/local/lib/python3.10/dist-packages/open_manipulator_msgs/srv/_get_joint_position.py'...
[4.752s] Compiling '/home/dhruv/rbe500-ros/src/install/open_manipulator_msgs/local/lib/python3.10/dist-packages/open_manipulator_msgs/srv/_get_kinematics_pose.py'...
[4.752s] Compiling '/home/dhruv/rbe500-ros/src/install/open_manipulator_msgs/local/lib/python3.10/dist-packages/open_manipulator_msgs/srv/_set_actuator_state.py'...
[4.752s] Compiling '/home/dhruv/rbe500-ros/src/install/open_manipulator_msgs/local/lib/python3.10/dist-packages/open_manipulator_msgs/srv/_set_drawing_trajectory.py'...
[4.752s] Compiling '/home/dhruv/rbe500-ros/src/install/open_manipulator_msgs/local/lib/python3.10/dist-packages/open_manipulator_msgs/srv/_set_joint_position.py'...
[4.752s] Compiling '/home/dhruv/rbe500-ros/src/install/open_manipulator_msgs/local/lib/python3.10/dist-packages/open_manipulator_msgs/srv/_set_kinematics_pose.py'...
[4.754s] -- Installing: /home/dhruv/rbe500-ros/src/install/open_manipulator_msgs/local/lib/python3.10/dist-packages/open_manipulator_msgs/open_manipulator_msgs_s__rosidl_typesupport_fastrtps_c.cpython-310-x86_64-linux-gnu.so
[4.755s] -- Set runtime path of "/home/dhruv/rbe500-ros/src/install/open_manipulator_msgs/local/lib/python3.10/dist-packages/open_manipulator_msgs/open_manipulator_msgs_s__rosidl_typesupport_fastrtps_c.cpython-310-x86_64-linux-gnu.so" to ""
[4.755s] -- Installing: /home/dhruv/rbe500-ros/src/install/open_manipulator_msgs/local/lib/python3.10/dist-packages/open_manipulator_msgs/open_manipulator_msgs_s__rosidl_typesupport_introspection_c.cpython-310-x86_64-linux-gnu.so
[4.755s] -- Set runtime path of "/home/dhruv/rbe500-ros/src/install/open_manipulator_msgs/local/lib/python3.10/dist-packages/open_manipulator_msgs/open_manipulator_msgs_s__rosidl_typesupport_introspection_c.cpython-310-x86_64-linux-gnu.so" to ""
[4.755s] -- Installing: /home/dhruv/rbe500-ros/src/install/open_manipulator_msgs/local/lib/python3.10/dist-packages/open_manipulator_msgs/open_manipulator_msgs_s__rosidl_typesupport_c.cpython-310-x86_64-linux-gnu.so
[4.755s] -- Set runtime path of "/home/dhruv/rbe500-ros/src/install/open_manipulator_msgs/local/lib/python3.10/dist-packages/open_manipulator_msgs/open_manipulator_msgs_s__rosidl_typesupport_c.cpython-310-x86_64-linux-gnu.so" to ""
[4.755s] -- Installing: /home/dhruv/rbe500-ros/src/install/open_manipulator_msgs/lib/libopen_manipulator_msgs__rosidl_generator_py.so
[4.755s] -- Set runtime path of "/home/dhruv/rbe500-ros/src/install/open_manipulator_msgs/lib/libopen_manipulator_msgs__rosidl_generator_py.so" to ""
[4.755s] -- Installing: /home/dhruv/rbe500-ros/src/install/open_manipulator_msgs/share/open_manipulator_msgs/msg/JointPosition.idl
[4.755s] -- Installing: /home/dhruv/rbe500-ros/src/install/open_manipulator_msgs/share/open_manipulator_msgs/msg/KinematicsPose.idl
[4.755s] -- Installing: /home/dhruv/rbe500-ros/src/install/open_manipulator_msgs/share/open_manipulator_msgs/msg/OpenManipulatorState.idl
[4.755s] -- Installing: /home/dhruv/rbe500-ros/src/install/open_manipulator_msgs/share/open_manipulator_msgs/srv/GetJointPosition.idl
[4.756s] -- Installing: /home/dhruv/rbe500-ros/src/install/open_manipulator_msgs/share/open_manipulator_msgs/srv/GetKinematicsPose.idl
[4.756s] -- Installing: /home/dhruv/rbe500-ros/src/install/open_manipulator_msgs/share/open_manipulator_msgs/srv/SetJointPosition.idl
[4.756s] -- Installing: /home/dhruv/rbe500-ros/src/install/open_manipulator_msgs/share/open_manipulator_msgs/srv/SetKinematicsPose.idl
[4.756s] -- Installing: /home/dhruv/rbe500-ros/src/install/open_manipulator_msgs/share/open_manipulator_msgs/srv/SetDrawingTrajectory.idl
[4.756s] -- Installing: /home/dhruv/rbe500-ros/src/install/open_manipulator_msgs/share/open_manipulator_msgs/srv/SetActuatorState.idl
[4.756s] -- Installing: /home/dhruv/rbe500-ros/src/install/open_manipulator_msgs/share/open_manipulator_msgs/msg/JointPosition.msg
[4.756s] -- Installing: /home/dhruv/rbe500-ros/src/install/open_manipulator_msgs/share/open_manipulator_msgs/msg/KinematicsPose.msg
[4.756s] -- Installing: /home/dhruv/rbe500-ros/src/install/open_manipulator_msgs/share/open_manipulator_msgs/msg/OpenManipulatorState.msg
[4.756s] -- Installing: /home/dhruv/rbe500-ros/src/install/open_manipulator_msgs/share/open_manipulator_msgs/srv/GetJointPosition.srv
[4.756s] -- Installing: /home/dhruv/rbe500-ros/src/install/open_manipulator_msgs/share/open_manipulator_msgs/srv/GetJointPosition_Request.msg
[4.756s] -- Installing: /home/dhruv/rbe500-ros/src/install/open_manipulator_msgs/share/open_manipulator_msgs/srv/GetJointPosition_Response.msg
[4.756s] -- Installing: /home/dhruv/rbe500-ros/src/install/open_manipulator_msgs/share/open_manipulator_msgs/srv/GetKinematicsPose.srv
[4.757s] -- Installing: /home/dhruv/rbe500-ros/src/install/open_manipulator_msgs/share/open_manipulator_msgs/srv/GetKinematicsPose_Request.msg
[4.757s] -- Installing: /home/dhruv/rbe500-ros/src/install/open_manipulator_msgs/share/open_manipulator_msgs/srv/GetKinematicsPose_Response.msg
[4.757s] -- Installing: /home/dhruv/rbe500-ros/src/install/open_manipulator_msgs/share/open_manipulator_msgs/srv/SetJointPosition.srv
[4.757s] -- Installing: /home/dhruv/rbe500-ros/src/install/open_manipulator_msgs/share/open_manipulator_msgs/srv/SetJointPosition_Request.msg
[4.757s] -- Installing: /home/dhruv/rbe500-ros/src/install/open_manipulator_msgs/share/open_manipulator_msgs/srv/SetJointPosition_Response.msg
[4.757s] -- Installing: /home/dhruv/rbe500-ros/src/install/open_manipulator_msgs/share/open_manipulator_msgs/srv/SetKinematicsPose.srv
[4.757s] -- Installing: /home/dhruv/rbe500-ros/src/install/open_manipulator_msgs/share/open_manipulator_msgs/srv/SetKinematicsPose_Request.msg
[4.757s] -- Installing: /home/dhruv/rbe500-ros/src/install/open_manipulator_msgs/share/open_manipulator_msgs/srv/SetKinematicsPose_Response.msg
[4.757s] -- Installing: /home/dhruv/rbe500-ros/src/install/open_manipulator_msgs/share/open_manipulator_msgs/srv/SetDrawingTrajectory.srv
[4.757s] -- Installing: /home/dhruv/rbe500-ros/src/install/open_manipulator_msgs/share/open_manipulator_msgs/srv/SetDrawingTrajectory_Request.msg
[4.757s] -- Installing: /home/dhruv/rbe500-ros/src/install/open_manipulator_msgs/share/open_manipulator_msgs/srv/SetDrawingTrajectory_Response.msg
[4.757s] -- Installing: /home/dhruv/rbe500-ros/src/install/open_manipulator_msgs/share/open_manipulator_msgs/srv/SetActuatorState.srv
[4.757s] -- Installing: /home/dhruv/rbe500-ros/src/install/open_manipulator_msgs/share/open_manipulator_msgs/srv/SetActuatorState_Request.msg
[4.757s] -- Installing: /home/dhruv/rbe500-ros/src/install/open_manipulator_msgs/share/open_manipulator_msgs/srv/SetActuatorState_Response.msg
[4.757s] -- Installing: /home/dhruv/rbe500-ros/src/install/open_manipulator_msgs/share/ament_index/resource_index/package_run_dependencies/open_manipulator_msgs
[4.757s] -- Installing: /home/dhruv/rbe500-ros/src/install/open_manipulator_msgs/share/ament_index/resource_index/parent_prefix_path/open_manipulator_msgs
[4.758s] -- Installing: /home/dhruv/rbe500-ros/src/install/open_manipulator_msgs/share/open_manipulator_msgs/environment/ament_prefix_path.sh
[4.758s] -- Installing: /home/dhruv/rbe500-ros/src/install/open_manipulator_msgs/share/open_manipulator_msgs/environment/ament_prefix_path.dsv
[4.758s] -- Installing: /home/dhruv/rbe500-ros/src/install/open_manipulator_msgs/share/open_manipulator_msgs/environment/path.sh
[4.758s] -- Installing: /home/dhruv/rbe500-ros/src/install/open_manipulator_msgs/share/open_manipulator_msgs/environment/path.dsv
[4.758s] -- Installing: /home/dhruv/rbe500-ros/src/install/open_manipulator_msgs/share/open_manipulator_msgs/local_setup.bash
[4.758s] -- Installing: /home/dhruv/rbe500-ros/src/install/open_manipulator_msgs/share/open_manipulator_msgs/local_setup.sh
[4.758s] -- Installing: /home/dhruv/rbe500-ros/src/install/open_manipulator_msgs/share/open_manipulator_msgs/local_setup.zsh
[4.758s] -- Installing: /home/dhruv/rbe500-ros/src/install/open_manipulator_msgs/share/open_manipulator_msgs/local_setup.dsv
[4.758s] -- Installing: /home/dhruv/rbe500-ros/src/install/open_manipulator_msgs/share/open_manipulator_msgs/package.dsv
[4.758s] -- Installing: /home/dhruv/rbe500-ros/src/install/open_manipulator_msgs/share/ament_index/resource_index/packages/open_manipulator_msgs
[4.758s] -- Installing: /home/dhruv/rbe500-ros/src/install/open_manipulator_msgs/share/open_manipulator_msgs/cmake/export_open_manipulator_msgs__rosidl_generator_cExport.cmake
[4.758s] -- Installing: /home/dhruv/rbe500-ros/src/install/open_manipulator_msgs/share/open_manipulator_msgs/cmake/export_open_manipulator_msgs__rosidl_generator_cExport-noconfig.cmake
[4.758s] -- Installing: /home/dhruv/rbe500-ros/src/install/open_manipulator_msgs/share/open_manipulator_msgs/cmake/export_open_manipulator_msgs__rosidl_typesupport_fastrtps_cExport.cmake
[4.758s] -- Installing: /home/dhruv/rbe500-ros/src/install/open_manipulator_msgs/share/open_manipulator_msgs/cmake/export_open_manipulator_msgs__rosidl_typesupport_fastrtps_cExport-noconfig.cmake
[4.758s] -- Installing: /home/dhruv/rbe500-ros/src/install/open_manipulator_msgs/share/open_manipulator_msgs/cmake/export_open_manipulator_msgs__rosidl_generator_cppExport.cmake
[4.759s] -- Installing: /home/dhruv/rbe500-ros/src/install/open_manipulator_msgs/share/open_manipulator_msgs/cmake/export_open_manipulator_msgs__rosidl_typesupport_fastrtps_cppExport.cmake
[4.759s] -- Installing: /home/dhruv/rbe500-ros/src/install/open_manipulator_msgs/share/open_manipulator_msgs/cmake/export_open_manipulator_msgs__rosidl_typesupport_fastrtps_cppExport-noconfig.cmake
[4.759s] -- Installing: /home/dhruv/rbe500-ros/src/install/open_manipulator_msgs/share/open_manipulator_msgs/cmake/open_manipulator_msgs__rosidl_typesupport_introspection_cExport.cmake
[4.759s] -- Installing: /home/dhruv/rbe500-ros/src/install/open_manipulator_msgs/share/open_manipulator_msgs/cmake/open_manipulator_msgs__rosidl_typesupport_introspection_cExport-noconfig.cmake
[4.759s] -- Installing: /home/dhruv/rbe500-ros/src/install/open_manipulator_msgs/share/open_manipulator_msgs/cmake/open_manipulator_msgs__rosidl_typesupport_cExport.cmake
[4.759s] -- Installing: /home/dhruv/rbe500-ros/src/install/open_manipulator_msgs/share/open_manipulator_msgs/cmake/open_manipulator_msgs__rosidl_typesupport_cExport-noconfig.cmake
[4.759s] -- Installing: /home/dhruv/rbe500-ros/src/install/open_manipulator_msgs/share/open_manipulator_msgs/cmake/open_manipulator_msgs__rosidl_typesupport_introspection_cppExport.cmake
[4.759s] -- Installing: /home/dhruv/rbe500-ros/src/install/open_manipulator_msgs/share/open_manipulator_msgs/cmake/open_manipulator_msgs__rosidl_typesupport_introspection_cppExport-noconfig.cmake
[4.759s] -- Installing: /home/dhruv/rbe500-ros/src/install/open_manipulator_msgs/share/open_manipulator_msgs/cmake/open_manipulator_msgs__rosidl_typesupport_cppExport.cmake
[4.759s] -- Installing: /home/dhruv/rbe500-ros/src/install/open_manipulator_msgs/share/open_manipulator_msgs/cmake/open_manipulator_msgs__rosidl_typesupport_cppExport-noconfig.cmake
[4.759s] -- Installing: /home/dhruv/rbe500-ros/src/install/open_manipulator_msgs/share/open_manipulator_msgs/cmake/export_open_manipulator_msgs__rosidl_generator_pyExport.cmake
[4.759s] -- Installing: /home/dhruv/rbe500-ros/src/install/open_manipulator_msgs/share/open_manipulator_msgs/cmake/export_open_manipulator_msgs__rosidl_generator_pyExport-noconfig.cmake
[4.759s] -- Installing: /home/dhruv/rbe500-ros/src/install/open_manipulator_msgs/share/open_manipulator_msgs/cmake/rosidl_cmake-extras.cmake
[4.759s] -- Installing: /home/dhruv/rbe500-ros/src/install/open_manipulator_msgs/share/open_manipulator_msgs/cmake/ament_cmake_export_dependencies-extras.cmake
[4.759s] -- Installing: /home/dhruv/rbe500-ros/src/install/open_manipulator_msgs/share/open_manipulator_msgs/cmake/ament_cmake_export_include_directories-extras.cmake
[4.759s] -- Installing: /home/dhruv/rbe500-ros/src/install/open_manipulator_msgs/share/open_manipulator_msgs/cmake/ament_cmake_export_libraries-extras.cmake
[4.759s] -- Installing: /home/dhruv/rbe500-ros/src/install/open_manipulator_msgs/share/open_manipulator_msgs/cmake/ament_cmake_export_targets-extras.cmake
[4.760s] -- Installing: /home/dhruv/rbe500-ros/src/install/open_manipulator_msgs/share/open_manipulator_msgs/cmake/rosidl_cmake_export_typesupport_targets-extras.cmake
[4.760s] -- Installing: /home/dhruv/rbe500-ros/src/install/open_manipulator_msgs/share/open_manipulator_msgs/cmake/rosidl_cmake_export_typesupport_libraries-extras.cmake
[4.760s] -- Installing: /home/dhruv/rbe500-ros/src/install/open_manipulator_msgs/share/open_manipulator_msgs/cmake/open_manipulator_msgsConfig.cmake
[4.760s] -- Installing: /home/dhruv/rbe500-ros/src/install/open_manipulator_msgs/share/open_manipulator_msgs/cmake/open_manipulator_msgsConfig-version.cmake
[4.760s] -- Installing: /home/dhruv/rbe500-ros/src/install/open_manipulator_msgs/share/open_manipulator_msgs/package.xml
[4.761s] Invoked command in '/home/dhruv/rbe500-ros/src/build/open_manipulator_msgs' returned '0': CMAKE_PREFIX_PATH=${CMAKE_PREFIX_PATH}:/home/dhruv/rbe500-ros/install/rbe500_example_py:/home/dhruv/rbe500-ros/install/grp_assn_1:/opt/ros/humble /usr/bin/cmake --install /home/dhruv/rbe500-ros/src/build/open_manipulator_msgs
