[0.016s] Invoking command in '/home/dhruv/rbe500-ros/src/build/open_manipulator_x_description': CMAKE_PREFIX_PATH=${CMAKE_PREFIX_PATH}:/home/dhruv/rbe500-ros/install/rbe500_example_py:/home/dhruv/rbe500-ros/install/grp_assn_1:/opt/ros/humble /usr/bin/cmake /home/dhruv/rbe500-ros/src/open_manipulator/open_manipulator_x_description -DCMAKE_INSTALL_PREFIX=/home/dhruv/rbe500-ros/src/install/open_manipulator_x_description
[0.080s] -- The C compiler identification is GNU 11.4.0
[0.139s] -- The CXX compiler identification is GNU 11.4.0
[0.147s] -- Detecting C compiler ABI info
[0.203s] -- Detecting C compiler ABI info - done
[0.207s] -- Check for working C compiler: /usr/bin/cc - skipped
[0.208s] -- Detecting C compile features
[0.208s] -- Detecting C compile features - done
[0.210s] -- Detecting CXX compiler ABI info
[0.276s] -- Detecting CXX compiler ABI info - done
[0.281s] -- Check for working CXX compiler: /usr/bin/c++ - skipped
[0.281s] -- Detecting CXX compile features
[0.281s] -- Detecting CXX compile features - done
[0.285s] -- Found ament_cmake: 1.3.10 (/opt/ros/humble/share/ament_cmake/cmake)
[0.412s] -- Found Python3: /usr/bin/python3 (found version "3.10.12") found components: Interpreter 
[0.536s] -- Configuring done
[0.538s] -- Generating done
[0.538s] -- Build files have been written to: /home/dhruv/rbe500-ros/src/build/open_manipulator_x_description
[0.541s] Invoked command in '/home/dhruv/rbe500-ros/src/build/open_manipulator_x_description' returned '0': CMAKE_PREFIX_PATH=${CMAKE_PREFIX_PATH}:/home/dhruv/rbe500-ros/install/rbe500_example_py:/home/dhruv/rbe500-ros/install/grp_assn_1:/opt/ros/humble /usr/bin/cmake /home/dhruv/rbe500-ros/src/open_manipulator/open_manipulator_x_description -DCMAKE_INSTALL_PREFIX=/home/dhruv/rbe500-ros/src/install/open_manipulator_x_description
[0.545s] Invoking command in '/home/dhruv/rbe500-ros/src/build/open_manipulator_x_description': CMAKE_PREFIX_PATH=${CMAKE_PREFIX_PATH}:/home/dhruv/rbe500-ros/install/rbe500_example_py:/home/dhruv/rbe500-ros/install/grp_assn_1:/opt/ros/humble /usr/bin/cmake --build /home/dhruv/rbe500-ros/src/build/open_manipulator_x_description -- -j32 -l32
[0.576s] Invoked command in '/home/dhruv/rbe500-ros/src/build/open_manipulator_x_description' returned '0': CMAKE_PREFIX_PATH=${CMAKE_PREFIX_PATH}:/home/dhruv/rbe500-ros/install/rbe500_example_py:/home/dhruv/rbe500-ros/install/grp_assn_1:/opt/ros/humble /usr/bin/cmake --build /home/dhruv/rbe500-ros/src/build/open_manipulator_x_description -- -j32 -l32
[0.602s] Invoking command in '/home/dhruv/rbe500-ros/src/build/open_manipulator_x_description': CMAKE_PREFIX_PATH=${CMAKE_PREFIX_PATH}:/home/dhruv/rbe500-ros/install/rbe500_example_py:/home/dhruv/rbe500-ros/install/grp_assn_1:/opt/ros/humble /usr/bin/cmake --install /home/dhruv/rbe500-ros/src/build/open_manipulator_x_description
[0.607s] -- Install configuration: ""
[0.607s] -- Installing: /home/dhruv/rbe500-ros/src/install/open_manipulator_x_description/share/open_manipulator_x_description/launch
[0.607s] -- Installing: /home/dhruv/rbe500-ros/src/install/open_manipulator_x_description/share/open_manipulator_x_description/launch/.DS_Store
[0.607s] -- Installing: /home/dhruv/rbe500-ros/src/install/open_manipulator_x_description/share/open_manipulator_x_description/launch/open_manipulator_x_rviz.launch.py
[0.607s] -- Installing: /home/dhruv/rbe500-ros/src/install/open_manipulator_x_description/share/open_manipulator_x_description/meshes
[0.607s] -- Installing: /home/dhruv/rbe500-ros/src/install/open_manipulator_x_description/share/open_manipulator_x_description/meshes/chain_link4.stl
[0.608s] -- Installing: /home/dhruv/rbe500-ros/src/install/open_manipulator_x_description/share/open_manipulator_x_description/meshes/chain_link5.stl
[0.609s] -- Installing: /home/dhruv/rbe500-ros/src/install/open_manipulator_x_description/share/open_manipulator_x_description/meshes/chain_link3.stl
[0.610s] -- Installing: /home/dhruv/rbe500-ros/src/install/open_manipulator_x_description/share/open_manipulator_x_description/meshes/chain_link1.stl
[0.611s] -- Installing: /home/dhruv/rbe500-ros/src/install/open_manipulator_x_description/share/open_manipulator_x_description/meshes/chain_link_grip_l.stl
[0.611s] -- Installing: /home/dhruv/rbe500-ros/src/install/open_manipulator_x_description/share/open_manipulator_x_description/meshes/chain_link2.stl
[0.611s] -- Installing: /home/dhruv/rbe500-ros/src/install/open_manipulator_x_description/share/open_manipulator_x_description/meshes/chain_link_grip_r.stl
[0.612s] -- Installing: /home/dhruv/rbe500-ros/src/install/open_manipulator_x_description/share/open_manipulator_x_description/rviz
[0.612s] -- Installing: /home/dhruv/rbe500-ros/src/install/open_manipulator_x_description/share/open_manipulator_x_description/rviz/open_manipulator_x.rviz
[0.612s] -- Installing: /home/dhruv/rbe500-ros/src/install/open_manipulator_x_description/share/open_manipulator_x_description/urdf
[0.612s] -- Installing: /home/dhruv/rbe500-ros/src/install/open_manipulator_x_description/share/open_manipulator_x_description/urdf/open_manipulator_x.urdf.xacro
[0.613s] -- Installing: /home/dhruv/rbe500-ros/src/install/open_manipulator_x_description/share/open_manipulator_x_description/urdf/materials.xacro
[0.613s] -- Installing: /home/dhruv/rbe500-ros/src/install/open_manipulator_x_description/share/open_manipulator_x_description/urdf/open_manipulator_x.transmission.xacro
[0.613s] -- Installing: /home/dhruv/rbe500-ros/src/install/open_manipulator_x_description/share/open_manipulator_x_description/urdf/open_manipulator_x.gazebo.xacro
[0.613s] -- Installing: /home/dhruv/rbe500-ros/src/install/open_manipulator_x_description/share/open_manipulator_x_description/urdf/open_manipulator_x_robot.urdf.xacro
[0.613s] -- Installing: /home/dhruv/rbe500-ros/src/install/open_manipulator_x_description/share/ament_index/resource_index/package_run_dependencies/open_manipulator_x_description
[0.613s] -- Installing: /home/dhruv/rbe500-ros/src/install/open_manipulator_x_description/share/ament_index/resource_index/parent_prefix_path/open_manipulator_x_description
[0.613s] -- Installing: /home/dhruv/rbe500-ros/src/install/open_manipulator_x_description/share/open_manipulator_x_description/environment/ament_prefix_path.sh
[0.614s] -- Installing: /home/dhruv/rbe500-ros/src/install/open_manipulator_x_description/share/open_manipulator_x_description/environment/ament_prefix_path.dsv
[0.614s] -- Installing: /home/dhruv/rbe500-ros/src/install/open_manipulator_x_description/share/open_manipulator_x_description/environment/path.sh
[0.614s] -- Installing: /home/dhruv/rbe500-ros/src/install/open_manipulator_x_description/share/open_manipulator_x_description/environment/path.dsv
[0.614s] -- Installing: /home/dhruv/rbe500-ros/src/install/open_manipulator_x_description/share/open_manipulator_x_description/local_setup.bash
[0.614s] -- Installing: /home/dhruv/rbe500-ros/src/install/open_manipulator_x_description/share/open_manipulator_x_description/local_setup.sh
[0.614s] -- Installing: /home/dhruv/rbe500-ros/src/install/open_manipulator_x_description/share/open_manipulator_x_description/local_setup.zsh
[0.614s] -- Installing: /home/dhruv/rbe500-ros/src/install/open_manipulator_x_description/share/open_manipulator_x_description/local_setup.dsv
[0.614s] -- Installing: /home/dhruv/rbe500-ros/src/install/open_manipulator_x_description/share/open_manipulator_x_description/package.dsv
[0.614s] -- Installing: /home/dhruv/rbe500-ros/src/install/open_manipulator_x_description/share/ament_index/resource_index/packages/open_manipulator_x_description
[0.614s] -- Installing: /home/dhruv/rbe500-ros/src/install/open_manipulator_x_description/share/open_manipulator_x_description/cmake/open_manipulator_x_descriptionConfig.cmake
[0.614s] -- Installing: /home/dhruv/rbe500-ros/src/install/open_manipulator_x_description/share/open_manipulator_x_description/cmake/open_manipulator_x_descriptionConfig-version.cmake
[0.614s] -- Installing: /home/dhruv/rbe500-ros/src/install/open_manipulator_x_description/share/open_manipulator_x_description/package.xml
[0.626s] Invoked command in '/home/dhruv/rbe500-ros/src/build/open_manipulator_x_description' returned '0': CMAKE_PREFIX_PATH=${CMAKE_PREFIX_PATH}:/home/dhruv/rbe500-ros/install/rbe500_example_py:/home/dhruv/rbe500-ros/install/grp_assn_1:/opt/ros/humble /usr/bin/cmake --install /home/dhruv/rbe500-ros/src/build/open_manipulator_x_description
