[0.030s] Invoking command in '/home/dhruv/rbe500-ros/src/build/open_manipulator_x_controller': AMENT_PREFIX_PATH=/home/dhruv/rbe500-ros/src/install/open_manipulator_x_libs:/home/dhruv/rbe500-ros/src/install/robotis_manipulator:/home/dhruv/rbe500-ros/src/install/dynamixel_workbench_toolbox:/home/dhruv/rbe500-ros/src/install/open_manipulator_msgs:/home/dhruv/rbe500-ros/src/install/dynamixel_sdk:/home/dhruv/rbe500-ros/src/install/cmake_modules:${AMENT_PREFIX_PATH} CMAKE_PREFIX_PATH=/home/dhruv/rbe500-ros/src/install/open_manipulator_x_libs:/home/dhruv/rbe500-ros/src/install/robotis_manipulator:/home/dhruv/rbe500-ros/src/install/dynamixel_workbench_toolbox:/home/dhruv/rbe500-ros/src/install/open_manipulator_msgs:/home/dhruv/rbe500-ros/src/install/dynamixel_sdk:/home/dhruv/rbe500-ros/src/install/cmake_modules:/home/dhruv/rbe500-ros/install/open_manipulator:/home/dhruv/rbe500-ros/install/open_manipulator_x_controller:/home/dhruv/rbe500-ros/install/open_manipulator_x_libs:/home/dhruv/rbe500-ros/install/robotis_manipulator:/home/dhruv/rbe500-ros/install/rbe500-example:/home/dhruv/rbe500-ros/install/open_manipulator_x_description:/home/dhruv/rbe500-ros/install/open_manipulator_msgs:/home/dhruv/rbe500-ros/install/dynamixel_workbench:/home/dhruv/rbe500-ros/install/dynamixel_workbench_toolbox:/home/dhruv/rbe500-ros/install/dynamixel_sdk_examples:/home/dhruv/rbe500-ros/install/dynamixel_sdk_custom_interfaces:/home/dhruv/rbe500-ros/install/dynamixel_sdk:/home/dhruv/rbe500-ros/install/custom_interfaces:/home/dhruv/rbe500-ros/install/cmake_modules:/home/dhruv/rbe500-ros/install/rbe500_example_py:/home/dhruv/rbe500-ros/install/grp_assn_1:/opt/ros/humble LD_LIBRARY_PATH=/home/dhruv/rbe500-ros/src/install/open_manipulator_x_libs/lib:/home/dhruv/rbe500-ros/src/install/robotis_manipulator/lib:/home/dhruv/rbe500-ros/src/install/dynamixel_workbench_toolbox/lib:/home/dhruv/rbe500-ros/src/install/open_manipulator_msgs/lib:/home/dhruv/rbe500-ros/src/install/dynamixel_sdk/lib:${LD_LIBRARY_PATH} PYTHONPATH=/home/dhruv/rbe500-ros/src/install/open_manipulator_msgs/local/lib/python3.10/dist-packages:${PYTHONPATH} /usr/bin/cmake /home/dhruv/rbe500-ros/src/open_manipulator/open_manipulator_x_controller -DCMAKE_INSTALL_PREFIX=/home/dhruv/rbe500-ros/src/install/open_manipulator_x_controller
[0.097s] -- The C compiler identification is GNU 11.4.0
[0.156s] -- The CXX compiler identification is GNU 11.4.0
[0.163s] -- Detecting C compiler ABI info
[0.241s] -- Detecting C compiler ABI info - done
[0.249s] -- Check for working C compiler: /usr/bin/cc - skipped
[0.249s] -- Detecting C compile features
[0.250s] -- Detecting C compile features - done
[0.253s] -- Detecting CXX compiler ABI info
[0.340s] -- Detecting CXX compiler ABI info - done
[0.345s] -- Check for working CXX compiler: /usr/bin/c++ - skipped
[0.345s] -- Detecting CXX compile features
[0.345s] -- Detecting CXX compile features - done
[0.348s] -- Found ament_cmake: 1.3.10 (/opt/ros/humble/share/ament_cmake/cmake)
[0.466s] -- Found Python3: /usr/bin/python3 (found version "3.10.12") found components: Interpreter 
[0.541s] -- Found geometry_msgs: 4.2.4 (/opt/ros/humble/share/geometry_msgs/cmake)
[0.573s] -- Found rosidl_generator_c: 3.1.5 (/opt/ros/humble/share/rosidl_generator_c/cmake)
[0.578s] -- Found rosidl_adapter: 3.1.5 (/opt/ros/humble/share/rosidl_adapter/cmake)
[0.585s] -- Found rosidl_generator_cpp: 3.1.5 (/opt/ros/humble/share/rosidl_generator_cpp/cmake)
[0.595s] -- Using all available rosidl_typesupport_c: rosidl_typesupport_fastrtps_c;rosidl_typesupport_introspection_c
[0.608s] -- Using all available rosidl_typesupport_cpp: rosidl_typesupport_fastrtps_cpp;rosidl_typesupport_introspection_cpp
[0.634s] -- Found open_manipulator_msgs: 2.2.0 (/home/dhruv/rbe500-ros/src/install/open_manipulator_msgs/share/open_manipulator_msgs/cmake)
[0.645s] -- Found open_manipulator_x_libs: 2.3.0 (/home/dhruv/rbe500-ros/src/install/open_manipulator_x_libs/share/open_manipulator_x_libs/cmake)
[0.686s] -- Found rmw_implementation_cmake: 6.1.2 (/opt/ros/humble/share/rmw_implementation_cmake/cmake)
[0.688s] -- Found rmw_fastrtps_cpp: 6.2.7 (/opt/ros/humble/share/rmw_fastrtps_cpp/cmake)
[0.781s] -- Found OpenSSL: /usr/lib/x86_64-linux-gnu/libcrypto.so (found version "3.0.2")  
[0.803s] -- Found FastRTPS: /opt/ros/humble/include  
[0.837s] -- Using RMW implementation 'rmw_fastrtps_cpp' as default
[0.844s] -- Looking for pthread.h
[0.929s] -- Looking for pthread.h - found
[0.929s] -- Performing Test CMAKE_HAVE_LIBC_PTHREAD
[1.018s] -- Performing Test CMAKE_HAVE_LIBC_PTHREAD - Success
[1.019s] -- Found Threads: TRUE  
[1.057s] -- Found sensor_msgs: 4.2.4 (/opt/ros/humble/share/sensor_msgs/cmake)
[1.072s] -- Found trajectory_msgs: 4.2.4 (/opt/ros/humble/share/trajectory_msgs/cmake)
[1.134s] -- Configuring done
[1.144s] -- Generating done
[1.145s] -- Build files have been written to: /home/dhruv/rbe500-ros/src/build/open_manipulator_x_controller
[1.152s] Invoked command in '/home/dhruv/rbe500-ros/src/build/open_manipulator_x_controller' returned '0': AMENT_PREFIX_PATH=/home/dhruv/rbe500-ros/src/install/open_manipulator_x_libs:/home/dhruv/rbe500-ros/src/install/robotis_manipulator:/home/dhruv/rbe500-ros/src/install/dynamixel_workbench_toolbox:/home/dhruv/rbe500-ros/src/install/open_manipulator_msgs:/home/dhruv/rbe500-ros/src/install/dynamixel_sdk:/home/dhruv/rbe500-ros/src/install/cmake_modules:${AMENT_PREFIX_PATH} CMAKE_PREFIX_PATH=/home/dhruv/rbe500-ros/src/install/open_manipulator_x_libs:/home/dhruv/rbe500-ros/src/install/robotis_manipulator:/home/dhruv/rbe500-ros/src/install/dynamixel_workbench_toolbox:/home/dhruv/rbe500-ros/src/install/open_manipulator_msgs:/home/dhruv/rbe500-ros/src/install/dynamixel_sdk:/home/dhruv/rbe500-ros/src/install/cmake_modules:/home/dhruv/rbe500-ros/install/open_manipulator:/home/dhruv/rbe500-ros/install/open_manipulator_x_controller:/home/dhruv/rbe500-ros/install/open_manipulator_x_libs:/home/dhruv/rbe500-ros/install/robotis_manipulator:/home/dhruv/rbe500-ros/install/rbe500-example:/home/dhruv/rbe500-ros/install/open_manipulator_x_description:/home/dhruv/rbe500-ros/install/open_manipulator_msgs:/home/dhruv/rbe500-ros/install/dynamixel_workbench:/home/dhruv/rbe500-ros/install/dynamixel_workbench_toolbox:/home/dhruv/rbe500-ros/install/dynamixel_sdk_examples:/home/dhruv/rbe500-ros/install/dynamixel_sdk_custom_interfaces:/home/dhruv/rbe500-ros/install/dynamixel_sdk:/home/dhruv/rbe500-ros/install/custom_interfaces:/home/dhruv/rbe500-ros/install/cmake_modules:/home/dhruv/rbe500-ros/install/rbe500_example_py:/home/dhruv/rbe500-ros/install/grp_assn_1:/opt/ros/humble LD_LIBRARY_PATH=/home/dhruv/rbe500-ros/src/install/open_manipulator_x_libs/lib:/home/dhruv/rbe500-ros/src/install/robotis_manipulator/lib:/home/dhruv/rbe500-ros/src/install/dynamixel_workbench_toolbox/lib:/home/dhruv/rbe500-ros/src/install/open_manipulator_msgs/lib:/home/dhruv/rbe500-ros/src/install/dynamixel_sdk/lib:${LD_LIBRARY_PATH} PYTHONPATH=/home/dhruv/rbe500-ros/src/install/open_manipulator_msgs/local/lib/python3.10/dist-packages:${PYTHONPATH} /usr/bin/cmake /home/dhruv/rbe500-ros/src/open_manipulator/open_manipulator_x_controller -DCMAKE_INSTALL_PREFIX=/home/dhruv/rbe500-ros/src/install/open_manipulator_x_controller
[1.152s] Invoking command in '/home/dhruv/rbe500-ros/src/build/open_manipulator_x_controller': AMENT_PREFIX_PATH=/home/dhruv/rbe500-ros/src/install/open_manipulator_x_libs:/home/dhruv/rbe500-ros/src/install/robotis_manipulator:/home/dhruv/rbe500-ros/src/install/dynamixel_workbench_toolbox:/home/dhruv/rbe500-ros/src/install/open_manipulator_msgs:/home/dhruv/rbe500-ros/src/install/dynamixel_sdk:/home/dhruv/rbe500-ros/src/install/cmake_modules:${AMENT_PREFIX_PATH} CMAKE_PREFIX_PATH=/home/dhruv/rbe500-ros/src/install/open_manipulator_x_libs:/home/dhruv/rbe500-ros/src/install/robotis_manipulator:/home/dhruv/rbe500-ros/src/install/dynamixel_workbench_toolbox:/home/dhruv/rbe500-ros/src/install/open_manipulator_msgs:/home/dhruv/rbe500-ros/src/install/dynamixel_sdk:/home/dhruv/rbe500-ros/src/install/cmake_modules:/home/dhruv/rbe500-ros/install/open_manipulator:/home/dhruv/rbe500-ros/install/open_manipulator_x_controller:/home/dhruv/rbe500-ros/install/open_manipulator_x_libs:/home/dhruv/rbe500-ros/install/robotis_manipulator:/home/dhruv/rbe500-ros/install/rbe500-example:/home/dhruv/rbe500-ros/install/open_manipulator_x_description:/home/dhruv/rbe500-ros/install/open_manipulator_msgs:/home/dhruv/rbe500-ros/install/dynamixel_workbench:/home/dhruv/rbe500-ros/install/dynamixel_workbench_toolbox:/home/dhruv/rbe500-ros/install/dynamixel_sdk_examples:/home/dhruv/rbe500-ros/install/dynamixel_sdk_custom_interfaces:/home/dhruv/rbe500-ros/install/dynamixel_sdk:/home/dhruv/rbe500-ros/install/custom_interfaces:/home/dhruv/rbe500-ros/install/cmake_modules:/home/dhruv/rbe500-ros/install/rbe500_example_py:/home/dhruv/rbe500-ros/install/grp_assn_1:/opt/ros/humble LD_LIBRARY_PATH=/home/dhruv/rbe500-ros/src/install/open_manipulator_x_libs/lib:/home/dhruv/rbe500-ros/src/install/robotis_manipulator/lib:/home/dhruv/rbe500-ros/src/install/dynamixel_workbench_toolbox/lib:/home/dhruv/rbe500-ros/src/install/open_manipulator_msgs/lib:/home/dhruv/rbe500-ros/src/install/dynamixel_sdk/lib:${LD_LIBRARY_PATH} PYTHONPATH=/home/dhruv/rbe500-ros/src/install/open_manipulator_msgs/local/lib/python3.10/dist-packages:${PYTHONPATH} /usr/bin/cmake --build /home/dhruv/rbe500-ros/src/build/open_manipulator_x_controller -- -j32 -l32
[1.210s] [ 50%] [32mBuilding CXX object CMakeFiles/open_manipulator_x_controller.dir/src/open_manipulator_x_controller.cpp.o[0m
[3.046s] [01m[K/home/dhruv/rbe500-ros/src/open_manipulator/open_manipulator_x_controller/src/open_manipulator_x_controller.cpp:[m[K In member function ‘[01m[Kvoid open_manipulator_x_controller::OpenManipulatorXController::init_publisher()[m[K’:
[3.047s] [01m[K/home/dhruv/rbe500-ros/src/open_manipulator/open_manipulator_x_controller/src/open_manipulator_x_controller.cpp:103:21:[m[K [01;35m[Kwarning: [m[Kunused variable ‘[01m[Kname[m[K’ [[01;35m[K]8;;https://gcc.gnu.org/onlinedocs/gcc/Warning-Options.html#index-Wunused-variable-Wunused-variable]8;;[m[K]
[3.047s]   103 |   for (auto const & [01;35m[Kname[m[K:tools_name)
[3.047s]       |                     [01;35m[K^~~~[m[K
[9.112s] [100%] [32m[1mLinking CXX executable open_manipulator_x_controller[0m
[9.640s] [100%] Built target open_manipulator_x_controller
[9.652s] Invoked command in '/home/dhruv/rbe500-ros/src/build/open_manipulator_x_controller' returned '0': AMENT_PREFIX_PATH=/home/dhruv/rbe500-ros/src/install/open_manipulator_x_libs:/home/dhruv/rbe500-ros/src/install/robotis_manipulator:/home/dhruv/rbe500-ros/src/install/dynamixel_workbench_toolbox:/home/dhruv/rbe500-ros/src/install/open_manipulator_msgs:/home/dhruv/rbe500-ros/src/install/dynamixel_sdk:/home/dhruv/rbe500-ros/src/install/cmake_modules:${AMENT_PREFIX_PATH} CMAKE_PREFIX_PATH=/home/dhruv/rbe500-ros/src/install/open_manipulator_x_libs:/home/dhruv/rbe500-ros/src/install/robotis_manipulator:/home/dhruv/rbe500-ros/src/install/dynamixel_workbench_toolbox:/home/dhruv/rbe500-ros/src/install/open_manipulator_msgs:/home/dhruv/rbe500-ros/src/install/dynamixel_sdk:/home/dhruv/rbe500-ros/src/install/cmake_modules:/home/dhruv/rbe500-ros/install/open_manipulator:/home/dhruv/rbe500-ros/install/open_manipulator_x_controller:/home/dhruv/rbe500-ros/install/open_manipulator_x_libs:/home/dhruv/rbe500-ros/install/robotis_manipulator:/home/dhruv/rbe500-ros/install/rbe500-example:/home/dhruv/rbe500-ros/install/open_manipulator_x_description:/home/dhruv/rbe500-ros/install/open_manipulator_msgs:/home/dhruv/rbe500-ros/install/dynamixel_workbench:/home/dhruv/rbe500-ros/install/dynamixel_workbench_toolbox:/home/dhruv/rbe500-ros/install/dynamixel_sdk_examples:/home/dhruv/rbe500-ros/install/dynamixel_sdk_custom_interfaces:/home/dhruv/rbe500-ros/install/dynamixel_sdk:/home/dhruv/rbe500-ros/install/custom_interfaces:/home/dhruv/rbe500-ros/install/cmake_modules:/home/dhruv/rbe500-ros/install/rbe500_example_py:/home/dhruv/rbe500-ros/install/grp_assn_1:/opt/ros/humble LD_LIBRARY_PATH=/home/dhruv/rbe500-ros/src/install/open_manipulator_x_libs/lib:/home/dhruv/rbe500-ros/src/install/robotis_manipulator/lib:/home/dhruv/rbe500-ros/src/install/dynamixel_workbench_toolbox/lib:/home/dhruv/rbe500-ros/src/install/open_manipulator_msgs/lib:/home/dhruv/rbe500-ros/src/install/dynamixel_sdk/lib:${LD_LIBRARY_PATH} PYTHONPATH=/home/dhruv/rbe500-ros/src/install/open_manipulator_msgs/local/lib/python3.10/dist-packages:${PYTHONPATH} /usr/bin/cmake --build /home/dhruv/rbe500-ros/src/build/open_manipulator_x_controller -- -j32 -l32
[9.692s] Invoking command in '/home/dhruv/rbe500-ros/src/build/open_manipulator_x_controller': AMENT_PREFIX_PATH=/home/dhruv/rbe500-ros/src/install/open_manipulator_x_libs:/home/dhruv/rbe500-ros/src/install/robotis_manipulator:/home/dhruv/rbe500-ros/src/install/dynamixel_workbench_toolbox:/home/dhruv/rbe500-ros/src/install/open_manipulator_msgs:/home/dhruv/rbe500-ros/src/install/dynamixel_sdk:/home/dhruv/rbe500-ros/src/install/cmake_modules:${AMENT_PREFIX_PATH} CMAKE_PREFIX_PATH=/home/dhruv/rbe500-ros/src/install/open_manipulator_x_libs:/home/dhruv/rbe500-ros/src/install/robotis_manipulator:/home/dhruv/rbe500-ros/src/install/dynamixel_workbench_toolbox:/home/dhruv/rbe500-ros/src/install/open_manipulator_msgs:/home/dhruv/rbe500-ros/src/install/dynamixel_sdk:/home/dhruv/rbe500-ros/src/install/cmake_modules:/home/dhruv/rbe500-ros/install/open_manipulator:/home/dhruv/rbe500-ros/install/open_manipulator_x_controller:/home/dhruv/rbe500-ros/install/open_manipulator_x_libs:/home/dhruv/rbe500-ros/install/robotis_manipulator:/home/dhruv/rbe500-ros/install/rbe500-example:/home/dhruv/rbe500-ros/install/open_manipulator_x_description:/home/dhruv/rbe500-ros/install/open_manipulator_msgs:/home/dhruv/rbe500-ros/install/dynamixel_workbench:/home/dhruv/rbe500-ros/install/dynamixel_workbench_toolbox:/home/dhruv/rbe500-ros/install/dynamixel_sdk_examples:/home/dhruv/rbe500-ros/install/dynamixel_sdk_custom_interfaces:/home/dhruv/rbe500-ros/install/dynamixel_sdk:/home/dhruv/rbe500-ros/install/custom_interfaces:/home/dhruv/rbe500-ros/install/cmake_modules:/home/dhruv/rbe500-ros/install/rbe500_example_py:/home/dhruv/rbe500-ros/install/grp_assn_1:/opt/ros/humble LD_LIBRARY_PATH=/home/dhruv/rbe500-ros/src/install/open_manipulator_x_libs/lib:/home/dhruv/rbe500-ros/src/install/robotis_manipulator/lib:/home/dhruv/rbe500-ros/src/install/dynamixel_workbench_toolbox/lib:/home/dhruv/rbe500-ros/src/install/open_manipulator_msgs/lib:/home/dhruv/rbe500-ros/src/install/dynamixel_sdk/lib:${LD_LIBRARY_PATH} PYTHONPATH=/home/dhruv/rbe500-ros/src/install/open_manipulator_msgs/local/lib/python3.10/dist-packages:${PYTHONPATH} /usr/bin/cmake --install /home/dhruv/rbe500-ros/src/build/open_manipulator_x_controller
[9.700s] -- Install configuration: ""
[9.700s] -- Installing: /home/dhruv/rbe500-ros/src/install/open_manipulator_x_controller/lib/open_manipulator_x_controller/open_manipulator_x_controller
[9.704s] -- Set runtime path of "/home/dhruv/rbe500-ros/src/install/open_manipulator_x_controller/lib/open_manipulator_x_controller/open_manipulator_x_controller" to ""
[9.705s] -- Installing: /home/dhruv/rbe500-ros/src/install/open_manipulator_x_controller/share/open_manipulator_x_controller/99-open-manipulator-cdc.rules
[9.705s] -- Installing: /home/dhruv/rbe500-ros/src/install/open_manipulator_x_controller/share/open_manipulator_x_controller/launch
[9.705s] -- Installing: /home/dhruv/rbe500-ros/src/install/open_manipulator_x_controller/share/open_manipulator_x_controller/launch/open_manipulator_x_controller.launch.py
[9.705s] -- Installing: /home/dhruv/rbe500-ros/src/install/open_manipulator_x_controller/share/open_manipulator_x_controller/param
[9.705s] -- Installing: /home/dhruv/rbe500-ros/src/install/open_manipulator_x_controller/share/open_manipulator_x_controller/param/open_manipulator_x_controller_params.yaml
[9.705s] -- Installing: /home/dhruv/rbe500-ros/src/install/open_manipulator_x_controller/lib/open_manipulator_x_controller/create_udev_rules
[9.705s] -- Installing: /home/dhruv/rbe500-ros/src/install/open_manipulator_x_controller/share/ament_index/resource_index/package_run_dependencies/open_manipulator_x_controller
[9.705s] -- Installing: /home/dhruv/rbe500-ros/src/install/open_manipulator_x_controller/share/ament_index/resource_index/parent_prefix_path/open_manipulator_x_controller
[9.705s] -- Installing: /home/dhruv/rbe500-ros/src/install/open_manipulator_x_controller/share/open_manipulator_x_controller/environment/ament_prefix_path.sh
[9.705s] -- Installing: /home/dhruv/rbe500-ros/src/install/open_manipulator_x_controller/share/open_manipulator_x_controller/environment/ament_prefix_path.dsv
[9.705s] -- Installing: /home/dhruv/rbe500-ros/src/install/open_manipulator_x_controller/share/open_manipulator_x_controller/environment/path.sh
[9.706s] -- Installing: /home/dhruv/rbe500-ros/src/install/open_manipulator_x_controller/share/open_manipulator_x_controller/environment/path.dsv
[9.706s] -- Installing: /home/dhruv/rbe500-ros/src/install/open_manipulator_x_controller/share/open_manipulator_x_controller/local_setup.bash
[9.706s] -- Installing: /home/dhruv/rbe500-ros/src/install/open_manipulator_x_controller/share/open_manipulator_x_controller/local_setup.sh
[9.706s] -- Installing: /home/dhruv/rbe500-ros/src/install/open_manipulator_x_controller/share/open_manipulator_x_controller/local_setup.zsh
[9.706s] -- Installing: /home/dhruv/rbe500-ros/src/install/open_manipulator_x_controller/share/open_manipulator_x_controller/local_setup.dsv
[9.706s] -- Installing: /home/dhruv/rbe500-ros/src/install/open_manipulator_x_controller/share/open_manipulator_x_controller/package.dsv
[9.706s] -- Installing: /home/dhruv/rbe500-ros/src/install/open_manipulator_x_controller/share/ament_index/resource_index/packages/open_manipulator_x_controller
[9.706s] -- Installing: /home/dhruv/rbe500-ros/src/install/open_manipulator_x_controller/share/open_manipulator_x_controller/cmake/ament_cmake_export_include_directories-extras.cmake
[9.706s] -- Installing: /home/dhruv/rbe500-ros/src/install/open_manipulator_x_controller/share/open_manipulator_x_controller/cmake/ament_cmake_export_dependencies-extras.cmake
[9.706s] -- Installing: /home/dhruv/rbe500-ros/src/install/open_manipulator_x_controller/share/open_manipulator_x_controller/cmake/open_manipulator_x_controllerConfig.cmake
[9.706s] -- Installing: /home/dhruv/rbe500-ros/src/install/open_manipulator_x_controller/share/open_manipulator_x_controller/cmake/open_manipulator_x_controllerConfig-version.cmake
[9.707s] -- Installing: /home/dhruv/rbe500-ros/src/install/open_manipulator_x_controller/share/open_manipulator_x_controller/package.xml
[9.709s] Invoked command in '/home/dhruv/rbe500-ros/src/build/open_manipulator_x_controller' returned '0': AMENT_PREFIX_PATH=/home/dhruv/rbe500-ros/src/install/open_manipulator_x_libs:/home/dhruv/rbe500-ros/src/install/robotis_manipulator:/home/dhruv/rbe500-ros/src/install/dynamixel_workbench_toolbox:/home/dhruv/rbe500-ros/src/install/open_manipulator_msgs:/home/dhruv/rbe500-ros/src/install/dynamixel_sdk:/home/dhruv/rbe500-ros/src/install/cmake_modules:${AMENT_PREFIX_PATH} CMAKE_PREFIX_PATH=/home/dhruv/rbe500-ros/src/install/open_manipulator_x_libs:/home/dhruv/rbe500-ros/src/install/robotis_manipulator:/home/dhruv/rbe500-ros/src/install/dynamixel_workbench_toolbox:/home/dhruv/rbe500-ros/src/install/open_manipulator_msgs:/home/dhruv/rbe500-ros/src/install/dynamixel_sdk:/home/dhruv/rbe500-ros/src/install/cmake_modules:/home/dhruv/rbe500-ros/install/open_manipulator:/home/dhruv/rbe500-ros/install/open_manipulator_x_controller:/home/dhruv/rbe500-ros/install/open_manipulator_x_libs:/home/dhruv/rbe500-ros/install/robotis_manipulator:/home/dhruv/rbe500-ros/install/rbe500-example:/home/dhruv/rbe500-ros/install/open_manipulator_x_description:/home/dhruv/rbe500-ros/install/open_manipulator_msgs:/home/dhruv/rbe500-ros/install/dynamixel_workbench:/home/dhruv/rbe500-ros/install/dynamixel_workbench_toolbox:/home/dhruv/rbe500-ros/install/dynamixel_sdk_examples:/home/dhruv/rbe500-ros/install/dynamixel_sdk_custom_interfaces:/home/dhruv/rbe500-ros/install/dynamixel_sdk:/home/dhruv/rbe500-ros/install/custom_interfaces:/home/dhruv/rbe500-ros/install/cmake_modules:/home/dhruv/rbe500-ros/install/rbe500_example_py:/home/dhruv/rbe500-ros/install/grp_assn_1:/opt/ros/humble LD_LIBRARY_PATH=/home/dhruv/rbe500-ros/src/install/open_manipulator_x_libs/lib:/home/dhruv/rbe500-ros/src/install/robotis_manipulator/lib:/home/dhruv/rbe500-ros/src/install/dynamixel_workbench_toolbox/lib:/home/dhruv/rbe500-ros/src/install/open_manipulator_msgs/lib:/home/dhruv/rbe500-ros/src/install/dynamixel_sdk/lib:${LD_LIBRARY_PATH} PYTHONPATH=/home/dhruv/rbe500-ros/src/install/open_manipulator_msgs/local/lib/python3.10/dist-packages:${PYTHONPATH} /usr/bin/cmake --install /home/dhruv/rbe500-ros/src/build/open_manipulator_x_controller
