[0.013s] Invoking command in '/home/dhruv/rbe500-ros/src/build/robotis_manipulator': AMENT_PREFIX_PATH=/home/dhruv/rbe500-ros/src/install/cmake_modules:${AMENT_PREFIX_PATH} CMAKE_PREFIX_PATH=/home/dhruv/rbe500-ros/src/install/cmake_modules:/home/dhruv/rbe500-ros/install/open_manipulator:/home/dhruv/rbe500-ros/install/open_manipulator_x_controller:/home/dhruv/rbe500-ros/install/open_manipulator_x_libs:/home/dhruv/rbe500-ros/install/robotis_manipulator:/home/dhruv/rbe500-ros/install/rbe500-example:/home/dhruv/rbe500-ros/install/open_manipulator_x_description:/home/dhruv/rbe500-ros/install/open_manipulator_msgs:/home/dhruv/rbe500-ros/install/dynamixel_workbench:/home/dhruv/rbe500-ros/install/dynamixel_workbench_toolbox:/home/dhruv/rbe500-ros/install/dynamixel_sdk_examples:/home/dhruv/rbe500-ros/install/dynamixel_sdk_custom_interfaces:/home/dhruv/rbe500-ros/install/dynamixel_sdk:/home/dhruv/rbe500-ros/install/custom_interfaces:/home/dhruv/rbe500-ros/install/cmake_modules:/home/dhruv/rbe500-ros/install/rbe500_example_py:/home/dhruv/rbe500-ros/install/grp_assn_1:/opt/ros/humble /usr/bin/cmake /home/dhruv/rbe500-ros/src/robotis_manipulator -DCMAKE_INSTALL_PREFIX=/home/dhruv/rbe500-ros/src/install/robotis_manipulator
[0.062s] -- The C compiler identification is GNU 11.4.0
[0.107s] -- The CXX compiler identification is GNU 11.4.0
[0.113s] -- Detecting C compiler ABI info
[0.176s] -- Detecting C compiler ABI info - done
[0.183s] -- Check for working C compiler: /usr/bin/cc - skipped
[0.183s] -- Detecting C compile features
[0.184s] -- Detecting C compile features - done
[0.187s] -- Detecting CXX compiler ABI info
[0.256s] -- Detecting CXX compiler ABI info - done
[0.261s] -- Check for working CXX compiler: /usr/bin/c++ - skipped
[0.262s] -- Detecting CXX compile features
[0.262s] -- Detecting CXX compile features - done
[0.269s] -- Found ament_cmake: 1.3.10 (/opt/ros/humble/share/ament_cmake/cmake)
[0.400s] -- Found Python3: /usr/bin/python3 (found version "3.10.12") found components: Interpreter 
[0.468s] -- Found cmake_modules: 0.4.1 (/home/dhruv/rbe500-ros/src/install/cmake_modules/share/cmake_modules/cmake)
[0.470s] -- Found rclcpp: 16.0.10 (/opt/ros/humble/share/rclcpp/cmake)
[0.506s] -- Found rosidl_generator_c: 3.1.5 (/opt/ros/humble/share/rosidl_generator_c/cmake)
[0.510s] -- Found rosidl_adapter: 3.1.5 (/opt/ros/humble/share/rosidl_adapter/cmake)
[0.517s] -- Found rosidl_generator_cpp: 3.1.5 (/opt/ros/humble/share/rosidl_generator_cpp/cmake)
[0.526s] -- Using all available rosidl_typesupport_c: rosidl_typesupport_fastrtps_c;rosidl_typesupport_introspection_c
[0.538s] -- Using all available rosidl_typesupport_cpp: rosidl_typesupport_fastrtps_cpp;rosidl_typesupport_introspection_cpp
[0.582s] -- Found rmw_implementation_cmake: 6.1.2 (/opt/ros/humble/share/rmw_implementation_cmake/cmake)
[0.586s] -- Found rmw_fastrtps_cpp: 6.2.7 (/opt/ros/humble/share/rmw_fastrtps_cpp/cmake)
[0.663s] -- Found OpenSSL: /usr/lib/x86_64-linux-gnu/libcrypto.so (found version "3.0.2")  
[0.683s] -- Found FastRTPS: /opt/ros/humble/include  
[0.706s] -- Using RMW implementation 'rmw_fastrtps_cpp' as default
[0.715s] -- Looking for pthread.h
[0.778s] -- Looking for pthread.h - found
[0.778s] -- Performing Test CMAKE_HAVE_LIBC_PTHREAD
[0.845s] -- Performing Test CMAKE_HAVE_LIBC_PTHREAD - Success
[0.845s] -- Found Threads: TRUE  
[0.947s] -- Configuring done
[0.956s] -- Generating done
[0.957s] -- Build files have been written to: /home/dhruv/rbe500-ros/src/build/robotis_manipulator
[0.969s] Invoked command in '/home/dhruv/rbe500-ros/src/build/robotis_manipulator' returned '0': AMENT_PREFIX_PATH=/home/dhruv/rbe500-ros/src/install/cmake_modules:${AMENT_PREFIX_PATH} CMAKE_PREFIX_PATH=/home/dhruv/rbe500-ros/src/install/cmake_modules:/home/dhruv/rbe500-ros/install/open_manipulator:/home/dhruv/rbe500-ros/install/open_manipulator_x_controller:/home/dhruv/rbe500-ros/install/open_manipulator_x_libs:/home/dhruv/rbe500-ros/install/robotis_manipulator:/home/dhruv/rbe500-ros/install/rbe500-example:/home/dhruv/rbe500-ros/install/open_manipulator_x_description:/home/dhruv/rbe500-ros/install/open_manipulator_msgs:/home/dhruv/rbe500-ros/install/dynamixel_workbench:/home/dhruv/rbe500-ros/install/dynamixel_workbench_toolbox:/home/dhruv/rbe500-ros/install/dynamixel_sdk_examples:/home/dhruv/rbe500-ros/install/dynamixel_sdk_custom_interfaces:/home/dhruv/rbe500-ros/install/dynamixel_sdk:/home/dhruv/rbe500-ros/install/custom_interfaces:/home/dhruv/rbe500-ros/install/cmake_modules:/home/dhruv/rbe500-ros/install/rbe500_example_py:/home/dhruv/rbe500-ros/install/grp_assn_1:/opt/ros/humble /usr/bin/cmake /home/dhruv/rbe500-ros/src/robotis_manipulator -DCMAKE_INSTALL_PREFIX=/home/dhruv/rbe500-ros/src/install/robotis_manipulator
[0.970s] Invoking command in '/home/dhruv/rbe500-ros/src/build/robotis_manipulator': AMENT_PREFIX_PATH=/home/dhruv/rbe500-ros/src/install/cmake_modules:${AMENT_PREFIX_PATH} CMAKE_PREFIX_PATH=/home/dhruv/rbe500-ros/src/install/cmake_modules:/home/dhruv/rbe500-ros/install/open_manipulator:/home/dhruv/rbe500-ros/install/open_manipulator_x_controller:/home/dhruv/rbe500-ros/install/open_manipulator_x_libs:/home/dhruv/rbe500-ros/install/robotis_manipulator:/home/dhruv/rbe500-ros/install/rbe500-example:/home/dhruv/rbe500-ros/install/open_manipulator_x_description:/home/dhruv/rbe500-ros/install/open_manipulator_msgs:/home/dhruv/rbe500-ros/install/dynamixel_workbench:/home/dhruv/rbe500-ros/install/dynamixel_workbench_toolbox:/home/dhruv/rbe500-ros/install/dynamixel_sdk_examples:/home/dhruv/rbe500-ros/install/dynamixel_sdk_custom_interfaces:/home/dhruv/rbe500-ros/install/dynamixel_sdk:/home/dhruv/rbe500-ros/install/custom_interfaces:/home/dhruv/rbe500-ros/install/cmake_modules:/home/dhruv/rbe500-ros/install/rbe500_example_py:/home/dhruv/rbe500-ros/install/grp_assn_1:/opt/ros/humble /usr/bin/cmake --build /home/dhruv/rbe500-ros/src/build/robotis_manipulator -- -j32 -l32
[1.021s] [ 14%] [32mBuilding CXX object CMakeFiles/robotis_manipulator.dir/src/robotis_manipulator/robotis_manipulator_manager.cpp.o[0m
[1.022s] [ 71%] [32mBuilding CXX object CMakeFiles/robotis_manipulator.dir/src/robotis_manipulator/robotis_manipulator.cpp.o[0m
[1.022s] [ 71%] [32mBuilding CXX object CMakeFiles/robotis_manipulator.dir/src/robotis_manipulator/robotis_manipulator_log.cpp.o[0m
[1.022s] [ 71%] [32mBuilding CXX object CMakeFiles/robotis_manipulator.dir/src/robotis_manipulator/robotis_manipulator_trajectory_generator.cpp.o[0m
[1.022s] [ 71%] [32mBuilding CXX object CMakeFiles/robotis_manipulator.dir/src/robotis_manipulator/robotis_manipulator_common.cpp.o[0m
[1.023s] [ 85%] [32mBuilding CXX object CMakeFiles/robotis_manipulator.dir/src/robotis_manipulator/robotis_manipulator_math.cpp.o[0m
[5.852s] [100%] [32m[1mLinking CXX shared library librobotis_manipulator.so[0m
[6.068s] [100%] Built target robotis_manipulator
[6.081s] Invoked command in '/home/dhruv/rbe500-ros/src/build/robotis_manipulator' returned '0': AMENT_PREFIX_PATH=/home/dhruv/rbe500-ros/src/install/cmake_modules:${AMENT_PREFIX_PATH} CMAKE_PREFIX_PATH=/home/dhruv/rbe500-ros/src/install/cmake_modules:/home/dhruv/rbe500-ros/install/open_manipulator:/home/dhruv/rbe500-ros/install/open_manipulator_x_controller:/home/dhruv/rbe500-ros/install/open_manipulator_x_libs:/home/dhruv/rbe500-ros/install/robotis_manipulator:/home/dhruv/rbe500-ros/install/rbe500-example:/home/dhruv/rbe500-ros/install/open_manipulator_x_description:/home/dhruv/rbe500-ros/install/open_manipulator_msgs:/home/dhruv/rbe500-ros/install/dynamixel_workbench:/home/dhruv/rbe500-ros/install/dynamixel_workbench_toolbox:/home/dhruv/rbe500-ros/install/dynamixel_sdk_examples:/home/dhruv/rbe500-ros/install/dynamixel_sdk_custom_interfaces:/home/dhruv/rbe500-ros/install/dynamixel_sdk:/home/dhruv/rbe500-ros/install/custom_interfaces:/home/dhruv/rbe500-ros/install/cmake_modules:/home/dhruv/rbe500-ros/install/rbe500_example_py:/home/dhruv/rbe500-ros/install/grp_assn_1:/opt/ros/humble /usr/bin/cmake --build /home/dhruv/rbe500-ros/src/build/robotis_manipulator -- -j32 -l32
[6.119s] Invoking command in '/home/dhruv/rbe500-ros/src/build/robotis_manipulator': AMENT_PREFIX_PATH=/home/dhruv/rbe500-ros/src/install/cmake_modules:${AMENT_PREFIX_PATH} CMAKE_PREFIX_PATH=/home/dhruv/rbe500-ros/src/install/cmake_modules:/home/dhruv/rbe500-ros/install/open_manipulator:/home/dhruv/rbe500-ros/install/open_manipulator_x_controller:/home/dhruv/rbe500-ros/install/open_manipulator_x_libs:/home/dhruv/rbe500-ros/install/robotis_manipulator:/home/dhruv/rbe500-ros/install/rbe500-example:/home/dhruv/rbe500-ros/install/open_manipulator_x_description:/home/dhruv/rbe500-ros/install/open_manipulator_msgs:/home/dhruv/rbe500-ros/install/dynamixel_workbench:/home/dhruv/rbe500-ros/install/dynamixel_workbench_toolbox:/home/dhruv/rbe500-ros/install/dynamixel_sdk_examples:/home/dhruv/rbe500-ros/install/dynamixel_sdk_custom_interfaces:/home/dhruv/rbe500-ros/install/dynamixel_sdk:/home/dhruv/rbe500-ros/install/custom_interfaces:/home/dhruv/rbe500-ros/install/cmake_modules:/home/dhruv/rbe500-ros/install/rbe500_example_py:/home/dhruv/rbe500-ros/install/grp_assn_1:/opt/ros/humble /usr/bin/cmake --install /home/dhruv/rbe500-ros/src/build/robotis_manipulator
[6.125s] -- Install configuration: ""
[6.125s] -- Installing: /home/dhruv/rbe500-ros/src/install/robotis_manipulator/lib/librobotis_manipulator.so
[6.127s] -- Set runtime path of "/home/dhruv/rbe500-ros/src/install/robotis_manipulator/lib/librobotis_manipulator.so" to ""
[6.127s] -- Installing: /home/dhruv/rbe500-ros/src/install/robotis_manipulator/include/
[6.127s] -- Installing: /home/dhruv/rbe500-ros/src/install/robotis_manipulator/include//robotis_manipulator
[6.127s] -- Installing: /home/dhruv/rbe500-ros/src/install/robotis_manipulator/include//robotis_manipulator/robotis_manipulator_trajectory_generator.h
[6.127s] -- Installing: /home/dhruv/rbe500-ros/src/install/robotis_manipulator/include//robotis_manipulator/robotis_manipulator_log.h
[6.127s] -- Installing: /home/dhruv/rbe500-ros/src/install/robotis_manipulator/include//robotis_manipulator/robotis_manipulator_common.h
[6.128s] -- Installing: /home/dhruv/rbe500-ros/src/install/robotis_manipulator/include//robotis_manipulator/robotis_manipulator_manager.h
[6.128s] -- Installing: /home/dhruv/rbe500-ros/src/install/robotis_manipulator/include//robotis_manipulator/robotis_manipulator.h
[6.128s] -- Installing: /home/dhruv/rbe500-ros/src/install/robotis_manipulator/include//robotis_manipulator/robotis_manipulator_math.h
[6.128s] -- Installing: /home/dhruv/rbe500-ros/src/install/robotis_manipulator/share/robotis_manipulator/environment/library_path.sh
[6.128s] -- Installing: /home/dhruv/rbe500-ros/src/install/robotis_manipulator/share/robotis_manipulator/environment/library_path.dsv
[6.128s] -- Installing: /home/dhruv/rbe500-ros/src/install/robotis_manipulator/share/ament_index/resource_index/package_run_dependencies/robotis_manipulator
[6.128s] -- Installing: /home/dhruv/rbe500-ros/src/install/robotis_manipulator/share/ament_index/resource_index/parent_prefix_path/robotis_manipulator
[6.128s] -- Installing: /home/dhruv/rbe500-ros/src/install/robotis_manipulator/share/robotis_manipulator/environment/ament_prefix_path.sh
[6.128s] -- Installing: /home/dhruv/rbe500-ros/src/install/robotis_manipulator/share/robotis_manipulator/environment/ament_prefix_path.dsv
[6.128s] -- Installing: /home/dhruv/rbe500-ros/src/install/robotis_manipulator/share/robotis_manipulator/environment/path.sh
[6.128s] -- Installing: /home/dhruv/rbe500-ros/src/install/robotis_manipulator/share/robotis_manipulator/environment/path.dsv
[6.128s] -- Installing: /home/dhruv/rbe500-ros/src/install/robotis_manipulator/share/robotis_manipulator/local_setup.bash
[6.128s] -- Installing: /home/dhruv/rbe500-ros/src/install/robotis_manipulator/share/robotis_manipulator/local_setup.sh
[6.128s] -- Installing: /home/dhruv/rbe500-ros/src/install/robotis_manipulator/share/robotis_manipulator/local_setup.zsh
[6.128s] -- Installing: /home/dhruv/rbe500-ros/src/install/robotis_manipulator/share/robotis_manipulator/local_setup.dsv
[6.128s] -- Installing: /home/dhruv/rbe500-ros/src/install/robotis_manipulator/share/robotis_manipulator/package.dsv
[6.128s] -- Installing: /home/dhruv/rbe500-ros/src/install/robotis_manipulator/share/ament_index/resource_index/packages/robotis_manipulator
[6.128s] -- Installing: /home/dhruv/rbe500-ros/src/install/robotis_manipulator/share/robotis_manipulator/cmake/ament_cmake_export_include_directories-extras.cmake
[6.129s] -- Installing: /home/dhruv/rbe500-ros/src/install/robotis_manipulator/share/robotis_manipulator/cmake/ament_cmake_export_dependencies-extras.cmake
[6.129s] -- Installing: /home/dhruv/rbe500-ros/src/install/robotis_manipulator/share/robotis_manipulator/cmake/ament_cmake_export_libraries-extras.cmake
[6.129s] -- Installing: /home/dhruv/rbe500-ros/src/install/robotis_manipulator/share/robotis_manipulator/cmake/robotis_manipulatorConfig.cmake
[6.129s] -- Installing: /home/dhruv/rbe500-ros/src/install/robotis_manipulator/share/robotis_manipulator/cmake/robotis_manipulatorConfig-version.cmake
[6.129s] -- Installing: /home/dhruv/rbe500-ros/src/install/robotis_manipulator/share/robotis_manipulator/package.xml
[6.130s] Invoked command in '/home/dhruv/rbe500-ros/src/build/robotis_manipulator' returned '0': AMENT_PREFIX_PATH=/home/dhruv/rbe500-ros/src/install/cmake_modules:${AMENT_PREFIX_PATH} CMAKE_PREFIX_PATH=/home/dhruv/rbe500-ros/src/install/cmake_modules:/home/dhruv/rbe500-ros/install/open_manipulator:/home/dhruv/rbe500-ros/install/open_manipulator_x_controller:/home/dhruv/rbe500-ros/install/open_manipulator_x_libs:/home/dhruv/rbe500-ros/install/robotis_manipulator:/home/dhruv/rbe500-ros/install/rbe500-example:/home/dhruv/rbe500-ros/install/open_manipulator_x_description:/home/dhruv/rbe500-ros/install/open_manipulator_msgs:/home/dhruv/rbe500-ros/install/dynamixel_workbench:/home/dhruv/rbe500-ros/install/dynamixel_workbench_toolbox:/home/dhruv/rbe500-ros/install/dynamixel_sdk_examples:/home/dhruv/rbe500-ros/install/dynamixel_sdk_custom_interfaces:/home/dhruv/rbe500-ros/install/dynamixel_sdk:/home/dhruv/rbe500-ros/install/custom_interfaces:/home/dhruv/rbe500-ros/install/cmake_modules:/home/dhruv/rbe500-ros/install/rbe500_example_py:/home/dhruv/rbe500-ros/install/grp_assn_1:/opt/ros/humble /usr/bin/cmake --install /home/dhruv/rbe500-ros/src/build/robotis_manipulator
