[0.396s] Invoking command in '/home/dhruv/rbe500-ros/src/grp_assn_1': AMENT_PREFIX_PATH=/home/dhruv/rbe500-ros/src/install/open_manipulator_msgs:/home/dhruv/rbe500-ros/src/install/custom_interfaces:${AMENT_PREFIX_PATH} CMAKE_PREFIX_PATH=/home/dhruv/rbe500-ros/src/install/open_manipulator_msgs:/home/dhruv/rbe500-ros/src/install/custom_interfaces:${CMAKE_PREFIX_PATH} LD_LIBRARY_PATH=/home/dhruv/rbe500-ros/src/install/open_manipulator_msgs/lib:/home/dhruv/rbe500-ros/src/install/custom_interfaces/lib:${LD_LIBRARY_PATH} PYTHONPATH=/home/dhruv/rbe500-ros/src/build/grp_assn_1/prefix_override:/usr/lib/python3/dist-packages/colcon_core/task/python/colcon_distutils_commands:/home/dhruv/rbe500-ros/src/install/grp_assn_1/lib/python3.10/site-packages:/home/dhruv/rbe500-ros/src/install/open_manipulator_msgs/local/lib/python3.10/dist-packages:/home/dhruv/rbe500-ros/src/install/custom_interfaces/local/lib/python3.10/dist-packages:${PYTHONPATH} /usr/bin/python3 -W ignore:setup.py install is deprecated setup.py egg_info --egg-base ../build/grp_assn_1 build --build-base /home/dhruv/rbe500-ros/src/build/grp_assn_1/build install --record /home/dhruv/rbe500-ros/src/build/grp_assn_1/install.log --single-version-externally-managed install_data
[0.537s] running egg_info
[0.538s] creating ../build/grp_assn_1/grp_assn_1.egg-info
[0.538s] writing ../build/grp_assn_1/grp_assn_1.egg-info/PKG-INFO
[0.538s] writing dependency_links to ../build/grp_assn_1/grp_assn_1.egg-info/dependency_links.txt
[0.538s] writing entry points to ../build/grp_assn_1/grp_assn_1.egg-info/entry_points.txt
[0.538s] writing requirements to ../build/grp_assn_1/grp_assn_1.egg-info/requires.txt
[0.538s] writing top-level names to ../build/grp_assn_1/grp_assn_1.egg-info/top_level.txt
[0.538s] writing manifest file '../build/grp_assn_1/grp_assn_1.egg-info/SOURCES.txt'
[0.539s] reading manifest file '../build/grp_assn_1/grp_assn_1.egg-info/SOURCES.txt'
[0.539s] adding license file 'LICENSE'
[0.539s] writing manifest file '../build/grp_assn_1/grp_assn_1.egg-info/SOURCES.txt'
[0.539s] running build
[0.539s] running build_py
[0.540s] creating /home/dhruv/rbe500-ros/src/build/grp_assn_1/build
[0.540s] creating /home/dhruv/rbe500-ros/src/build/grp_assn_1/build/lib
[0.540s] creating /home/dhruv/rbe500-ros/src/build/grp_assn_1/build/lib/grp_assn_1
[0.540s] copying grp_assn_1/__init__.py -> /home/dhruv/rbe500-ros/src/build/grp_assn_1/build/lib/grp_assn_1
[0.540s] copying grp_assn_1/inv_kn_client.py -> /home/dhruv/rbe500-ros/src/build/grp_assn_1/build/lib/grp_assn_1
[0.540s] copying grp_assn_1/inv_kn_srv.py -> /home/dhruv/rbe500-ros/src/build/grp_assn_1/build/lib/grp_assn_1
[0.540s] copying grp_assn_1/fwd_kn.py -> /home/dhruv/rbe500-ros/src/build/grp_assn_1/build/lib/grp_assn_1
[0.540s] running install
[0.540s] running install_lib
[0.540s] creating /home/dhruv/rbe500-ros/src/install/grp_assn_1/lib/python3.10/site-packages/grp_assn_1
[0.541s] copying /home/dhruv/rbe500-ros/src/build/grp_assn_1/build/lib/grp_assn_1/__init__.py -> /home/dhruv/rbe500-ros/src/install/grp_assn_1/lib/python3.10/site-packages/grp_assn_1
[0.541s] copying /home/dhruv/rbe500-ros/src/build/grp_assn_1/build/lib/grp_assn_1/inv_kn_client.py -> /home/dhruv/rbe500-ros/src/install/grp_assn_1/lib/python3.10/site-packages/grp_assn_1
[0.541s] copying /home/dhruv/rbe500-ros/src/build/grp_assn_1/build/lib/grp_assn_1/inv_kn_srv.py -> /home/dhruv/rbe500-ros/src/install/grp_assn_1/lib/python3.10/site-packages/grp_assn_1
[0.541s] copying /home/dhruv/rbe500-ros/src/build/grp_assn_1/build/lib/grp_assn_1/fwd_kn.py -> /home/dhruv/rbe500-ros/src/install/grp_assn_1/lib/python3.10/site-packages/grp_assn_1
[0.541s] byte-compiling /home/dhruv/rbe500-ros/src/install/grp_assn_1/lib/python3.10/site-packages/grp_assn_1/__init__.py to __init__.cpython-310.pyc
[0.541s] byte-compiling /home/dhruv/rbe500-ros/src/install/grp_assn_1/lib/python3.10/site-packages/grp_assn_1/inv_kn_client.py to inv_kn_client.cpython-310.pyc
[0.541s] byte-compiling /home/dhruv/rbe500-ros/src/install/grp_assn_1/lib/python3.10/site-packages/grp_assn_1/inv_kn_srv.py to inv_kn_srv.cpython-310.pyc
[0.542s] byte-compiling /home/dhruv/rbe500-ros/src/install/grp_assn_1/lib/python3.10/site-packages/grp_assn_1/fwd_kn.py to fwd_kn.cpython-310.pyc
[0.542s] running install_data
[0.542s] creating /home/dhruv/rbe500-ros/src/install/grp_assn_1/share/ament_index
[0.543s] creating /home/dhruv/rbe500-ros/src/install/grp_assn_1/share/ament_index/resource_index
[0.543s] creating /home/dhruv/rbe500-ros/src/install/grp_assn_1/share/ament_index/resource_index/packages
[0.543s] copying resource/grp_assn_1 -> /home/dhruv/rbe500-ros/src/install/grp_assn_1/share/ament_index/resource_index/packages
[0.543s] copying package.xml -> /home/dhruv/rbe500-ros/src/install/grp_assn_1/share/grp_assn_1
[0.543s] running install_egg_info
[0.544s] Copying ../build/grp_assn_1/grp_assn_1.egg-info to /home/dhruv/rbe500-ros/src/install/grp_assn_1/lib/python3.10/site-packages/grp_assn_1-0.0.0-py3.10.egg-info
[0.544s] running install_scripts
[0.558s] Installing fwd_kin_exec script to /home/dhruv/rbe500-ros/src/install/grp_assn_1/lib/grp_assn_1
[0.558s] Installing inv_kn_cli script to /home/dhruv/rbe500-ros/src/install/grp_assn_1/lib/grp_assn_1
[0.558s] Installing inv_kn_server script to /home/dhruv/rbe500-ros/src/install/grp_assn_1/lib/grp_assn_1
[0.558s] writing list of installed files to '/home/dhruv/rbe500-ros/src/build/grp_assn_1/install.log'
[0.572s] Invoked command in '/home/dhruv/rbe500-ros/src/grp_assn_1' returned '0': AMENT_PREFIX_PATH=/home/dhruv/rbe500-ros/src/install/open_manipulator_msgs:/home/dhruv/rbe500-ros/src/install/custom_interfaces:${AMENT_PREFIX_PATH} CMAKE_PREFIX_PATH=/home/dhruv/rbe500-ros/src/install/open_manipulator_msgs:/home/dhruv/rbe500-ros/src/install/custom_interfaces:${CMAKE_PREFIX_PATH} LD_LIBRARY_PATH=/home/dhruv/rbe500-ros/src/install/open_manipulator_msgs/lib:/home/dhruv/rbe500-ros/src/install/custom_interfaces/lib:${LD_LIBRARY_PATH} PYTHONPATH=/home/dhruv/rbe500-ros/src/build/grp_assn_1/prefix_override:/usr/lib/python3/dist-packages/colcon_core/task/python/colcon_distutils_commands:/home/dhruv/rbe500-ros/src/install/grp_assn_1/lib/python3.10/site-packages:/home/dhruv/rbe500-ros/src/install/open_manipulator_msgs/local/lib/python3.10/dist-packages:/home/dhruv/rbe500-ros/src/install/custom_interfaces/local/lib/python3.10/dist-packages:${PYTHONPATH} /usr/bin/python3 -W ignore:setup.py install is deprecated setup.py egg_info --egg-base ../build/grp_assn_1 build --build-base /home/dhruv/rbe500-ros/src/build/grp_assn_1/build install --record /home/dhruv/rbe500-ros/src/build/grp_assn_1/install.log --single-version-externally-managed install_data
