[0.022s] Invoking command in '/home/dhruv/rbe500-ros/src/build/cmake_modules': CMAKE_PREFIX_PATH=${CMAKE_PREFIX_PATH}:/home/dhruv/rbe500-ros/install/rbe500_example_py:/home/dhruv/rbe500-ros/install/grp_assn_1:/opt/ros/humble /usr/bin/cmake /home/dhruv/rbe500-ros/src/open_manipulator_dependencies/cmake_modules -DCMAKE_INSTALL_PREFIX=/home/dhruv/rbe500-ros/src/install/cmake_modules
[0.092s] -- The C compiler identification is GNU 11.4.0
[0.150s] -- The CXX compiler identification is GNU 11.4.0
[0.157s] -- Detecting C compiler ABI info
[0.213s] -- Detecting C compiler ABI info - done
[0.218s] -- Check for working C compiler: /usr/bin/cc - skipped
[0.218s] -- Detecting C compile features
[0.218s] -- Detecting C compile features - done
[0.220s] -- Detecting CXX compiler ABI info
[0.286s] -- Detecting CXX compiler ABI info - done
[0.294s] -- Check for working CXX compiler: /usr/bin/c++ - skipped
[0.294s] -- Detecting CXX compile features
[0.295s] -- Detecting CXX compile features - done
[0.298s] -- Found ament_cmake: 1.3.10 (/opt/ros/humble/share/ament_cmake/cmake)
[0.417s] -- Found Python3: /usr/bin/python3 (found version "3.10.12") found components: Interpreter 
[0.547s] -- Configuring done
[0.548s] -- Generating done
[0.548s] -- Build files have been written to: /home/dhruv/rbe500-ros/src/build/cmake_modules
[0.556s] Invoked command in '/home/dhruv/rbe500-ros/src/build/cmake_modules' returned '0': CMAKE_PREFIX_PATH=${CMAKE_PREFIX_PATH}:/home/dhruv/rbe500-ros/install/rbe500_example_py:/home/dhruv/rbe500-ros/install/grp_assn_1:/opt/ros/humble /usr/bin/cmake /home/dhruv/rbe500-ros/src/open_manipulator_dependencies/cmake_modules -DCMAKE_INSTALL_PREFIX=/home/dhruv/rbe500-ros/src/install/cmake_modules
[0.557s] Invoking command in '/home/dhruv/rbe500-ros/src/build/cmake_modules': CMAKE_PREFIX_PATH=${CMAKE_PREFIX_PATH}:/home/dhruv/rbe500-ros/install/rbe500_example_py:/home/dhruv/rbe500-ros/install/grp_assn_1:/opt/ros/humble /usr/bin/cmake --build /home/dhruv/rbe500-ros/src/build/cmake_modules -- -j32 -l32
[0.584s] Invoked command in '/home/dhruv/rbe500-ros/src/build/cmake_modules' returned '0': CMAKE_PREFIX_PATH=${CMAKE_PREFIX_PATH}:/home/dhruv/rbe500-ros/install/rbe500_example_py:/home/dhruv/rbe500-ros/install/grp_assn_1:/opt/ros/humble /usr/bin/cmake --build /home/dhruv/rbe500-ros/src/build/cmake_modules -- -j32 -l32
[0.611s] Invoking command in '/home/dhruv/rbe500-ros/src/build/cmake_modules': CMAKE_PREFIX_PATH=${CMAKE_PREFIX_PATH}:/home/dhruv/rbe500-ros/install/rbe500_example_py:/home/dhruv/rbe500-ros/install/grp_assn_1:/opt/ros/humble /usr/bin/cmake --install /home/dhruv/rbe500-ros/src/build/cmake_modules
[0.616s] -- Install configuration: ""
[0.616s] -- Installing: /home/dhruv/rbe500-ros/src/install/cmake_modules/share/cmake_modules/cmake/Modules
[0.616s] -- Installing: /home/dhruv/rbe500-ros/src/install/cmake_modules/share/cmake_modules/cmake/Modules/FindTinyXML.cmake
[0.616s] -- Installing: /home/dhruv/rbe500-ros/src/install/cmake_modules/share/cmake_modules/cmake/Modules/FindTBB.cmake
[0.616s] -- Installing: /home/dhruv/rbe500-ros/src/install/cmake_modules/share/cmake_modules/cmake/Modules/FindPoco.cmake
[0.617s] -- Installing: /home/dhruv/rbe500-ros/src/install/cmake_modules/share/cmake_modules/cmake/Modules/FindUUID.cmake
[0.617s] -- Installing: /home/dhruv/rbe500-ros/src/install/cmake_modules/share/cmake_modules/cmake/Modules/FindXenomai.cmake
[0.617s] -- Installing: /home/dhruv/rbe500-ros/src/install/cmake_modules/share/cmake_modules/cmake/Modules/FindGflags.cmake
[0.617s] -- Installing: /home/dhruv/rbe500-ros/src/install/cmake_modules/share/cmake_modules/cmake/Modules/FindNUMPY.cmake
[0.617s] -- Installing: /home/dhruv/rbe500-ros/src/install/cmake_modules/share/cmake_modules/cmake/Modules/FindGSL.cmake
[0.617s] -- Installing: /home/dhruv/rbe500-ros/src/install/cmake_modules/share/cmake_modules/cmake/Modules/FindTinyXML2.cmake
[0.618s] -- Installing: /home/dhruv/rbe500-ros/src/install/cmake_modules/share/ament_index/resource_index/package_run_dependencies/cmake_modules
[0.618s] -- Installing: /home/dhruv/rbe500-ros/src/install/cmake_modules/share/ament_index/resource_index/parent_prefix_path/cmake_modules
[0.618s] -- Installing: /home/dhruv/rbe500-ros/src/install/cmake_modules/share/cmake_modules/environment/ament_prefix_path.sh
[0.618s] -- Installing: /home/dhruv/rbe500-ros/src/install/cmake_modules/share/cmake_modules/environment/ament_prefix_path.dsv
[0.618s] -- Installing: /home/dhruv/rbe500-ros/src/install/cmake_modules/share/cmake_modules/environment/path.sh
[0.618s] -- Installing: /home/dhruv/rbe500-ros/src/install/cmake_modules/share/cmake_modules/environment/path.dsv
[0.618s] -- Installing: /home/dhruv/rbe500-ros/src/install/cmake_modules/share/cmake_modules/local_setup.bash
[0.618s] -- Installing: /home/dhruv/rbe500-ros/src/install/cmake_modules/share/cmake_modules/local_setup.sh
[0.618s] -- Installing: /home/dhruv/rbe500-ros/src/install/cmake_modules/share/cmake_modules/local_setup.zsh
[0.618s] -- Installing: /home/dhruv/rbe500-ros/src/install/cmake_modules/share/cmake_modules/local_setup.dsv
[0.619s] -- Installing: /home/dhruv/rbe500-ros/src/install/cmake_modules/share/cmake_modules/package.dsv
[0.619s] -- Installing: /home/dhruv/rbe500-ros/src/install/cmake_modules/share/ament_index/resource_index/packages/cmake_modules
[0.619s] -- Installing: /home/dhruv/rbe500-ros/src/install/cmake_modules/share/cmake_modules/cmake/cmake_modules-extras.cmake
[0.619s] -- Installing: /home/dhruv/rbe500-ros/src/install/cmake_modules/share/cmake_modules/cmake/ament_cmake_export_dependencies-extras.cmake
[0.619s] -- Installing: /home/dhruv/rbe500-ros/src/install/cmake_modules/share/cmake_modules/cmake/cmake_modulesConfig.cmake
[0.619s] -- Installing: /home/dhruv/rbe500-ros/src/install/cmake_modules/share/cmake_modules/cmake/cmake_modulesConfig-version.cmake
[0.619s] -- Installing: /home/dhruv/rbe500-ros/src/install/cmake_modules/share/cmake_modules/package.xml
[0.620s] Invoked command in '/home/dhruv/rbe500-ros/src/build/cmake_modules' returned '0': CMAKE_PREFIX_PATH=${CMAKE_PREFIX_PATH}:/home/dhruv/rbe500-ros/install/rbe500_example_py:/home/dhruv/rbe500-ros/install/grp_assn_1:/opt/ros/humble /usr/bin/cmake --install /home/dhruv/rbe500-ros/src/build/cmake_modules
