[0.019s] Invoking command in '/home/dhruv/rbe500-ros/src/build/custom_interfaces': CMAKE_PREFIX_PATH=${CMAKE_PREFIX_PATH}:/home/dhruv/rbe500-ros/install/rbe500_example_py:/home/dhruv/rbe500-ros/install/grp_assn_1:/opt/ros/humble /usr/bin/cmake /home/dhruv/rbe500-ros/src/custom_interfaces -DCMAKE_INSTALL_PREFIX=/home/dhruv/rbe500-ros/src/install/custom_interfaces
[0.087s] -- The C compiler identification is GNU 11.4.0
[0.146s] -- The CXX compiler identification is GNU 11.4.0
[0.152s] -- Detecting C compiler ABI info
[0.209s] -- Detecting C compiler ABI info - done
[0.213s] -- Check for working C compiler: /usr/bin/cc - skipped
[0.214s] -- Detecting C compile features
[0.214s] -- Detecting C compile features - done
[0.216s] -- Detecting CXX compiler ABI info
[0.284s] -- Detecting CXX compiler ABI info - done
[0.290s] -- Check for working CXX compiler: /usr/bin/c++ - skipped
[0.290s] -- Detecting CXX compile features
[0.290s] -- Detecting CXX compile features - done
[0.291s] -- Found ament_cmake: 1.3.10 (/opt/ros/humble/share/ament_cmake/cmake)
[0.405s] -- Found Python3: /usr/bin/python3 (found version "3.10.12") found components: Interpreter 
[0.498s] -- Found geometry_msgs: 4.2.4 (/opt/ros/humble/share/geometry_msgs/cmake)
[0.534s] -- Found rosidl_generator_c: 3.1.5 (/opt/ros/humble/share/rosidl_generator_c/cmake)
[0.539s] -- Found rosidl_adapter: 3.1.5 (/opt/ros/humble/share/rosidl_adapter/cmake)
[0.550s] -- Found rosidl_generator_cpp: 3.1.5 (/opt/ros/humble/share/rosidl_generator_cpp/cmake)
[0.559s] -- Using all available rosidl_typesupport_c: rosidl_typesupport_fastrtps_c;rosidl_typesupport_introspection_c
[0.575s] -- Using all available rosidl_typesupport_cpp: rosidl_typesupport_fastrtps_cpp;rosidl_typesupport_introspection_cpp
[0.615s] -- Found rosidl_default_generators: 1.2.0 (/opt/ros/humble/share/rosidl_default_generators/cmake)
[0.873s] -- Found ament_cmake_ros: 0.10.0 (/opt/ros/humble/share/ament_cmake_ros/cmake)
[1.205s] -- Using all available rosidl_typesupport_c: rosidl_typesupport_fastrtps_c;rosidl_typesupport_introspection_c
[1.332s] -- Using all available rosidl_typesupport_cpp: rosidl_typesupport_fastrtps_cpp;rosidl_typesupport_introspection_cpp
[1.349s] -- Found PythonInterp: /usr/bin/python3 (found suitable version "3.10.12", minimum required is "3.6") 
[1.351s] -- Found python_cmake_module: 0.10.0 (/opt/ros/humble/share/python_cmake_module/cmake)
[1.374s] -- Found PythonLibs: /usr/lib/x86_64-linux-gnu/libpython3.10.so (found suitable version "3.10.12", minimum required is "3.5") 
[1.374s] -- Using PYTHON_EXECUTABLE: /usr/bin/python3
[1.375s] -- Using PYTHON_INCLUDE_DIRS: /usr/include/python3.10
[1.375s] -- Using PYTHON_LIBRARIES: /usr/lib/x86_64-linux-gnu/libpython3.10.so
[1.392s] -- Found PythonExtra: .so  
[1.438s] -- Found ament_lint_auto: 0.12.11 (/opt/ros/humble/share/ament_lint_auto/cmake)
[1.455s] -- Added test 'lint_cmake' to check CMake code style
[1.456s] -- Added test 'xmllint' to check XML markup files
[1.457s] -- Configuring done
[1.477s] -- Generating done
[1.480s] -- Build files have been written to: /home/dhruv/rbe500-ros/src/build/custom_interfaces
[1.487s] Invoked command in '/home/dhruv/rbe500-ros/src/build/custom_interfaces' returned '0': CMAKE_PREFIX_PATH=${CMAKE_PREFIX_PATH}:/home/dhruv/rbe500-ros/install/rbe500_example_py:/home/dhruv/rbe500-ros/install/grp_assn_1:/opt/ros/humble /usr/bin/cmake /home/dhruv/rbe500-ros/src/custom_interfaces -DCMAKE_INSTALL_PREFIX=/home/dhruv/rbe500-ros/src/install/custom_interfaces
[1.488s] Invoking command in '/home/dhruv/rbe500-ros/src/build/custom_interfaces': CMAKE_PREFIX_PATH=${CMAKE_PREFIX_PATH}:/home/dhruv/rbe500-ros/install/rbe500_example_py:/home/dhruv/rbe500-ros/install/grp_assn_1:/opt/ros/humble /usr/bin/cmake --build /home/dhruv/rbe500-ros/src/build/custom_interfaces -- -j32 -l32
[1.526s] [  3%] [34m[1mGenerating C code for ROS interfaces[0m
[1.534s] [  6%] [34m[1mGenerating C++ code for ROS interfaces[0m
[1.543s] [  6%] Built target ament_cmake_python_copy_custom_interfaces
[1.708s] [  9%] [32mBuilding C object CMakeFiles/custom_interfaces__rosidl_generator_c.dir/rosidl_generator_c/custom_interfaces/srv/detail/inv_kin__functions.c.o[0m
[1.710s] [  9%] Built target custom_interfaces__cpp
[1.717s] [ 12%] [34m[1mGenerating C++ type support dispatch for ROS interfaces[0m
[1.718s] [ 16%] [34m[1mGenerating C++ type support for eProsima Fast-RTPS[0m
[1.718s] [ 19%] [34m[1mGenerating C++ introspection for ROS interfaces[0m
[1.769s] [ 22%] [32m[1mLinking C shared library libcustom_interfaces__rosidl_generator_c.so[0m
[1.798s] running egg_info
[1.799s] creating custom_interfaces.egg-info
[1.799s] writing custom_interfaces.egg-info/PKG-INFO
[1.799s] writing dependency_links to custom_interfaces.egg-info/dependency_links.txt
[1.799s] writing top-level names to custom_interfaces.egg-info/top_level.txt
[1.800s] writing manifest file 'custom_interfaces.egg-info/SOURCES.txt'
[1.801s] reading manifest file 'custom_interfaces.egg-info/SOURCES.txt'
[1.802s] writing manifest file 'custom_interfaces.egg-info/SOURCES.txt'
[1.804s] [ 22%] Built target custom_interfaces__rosidl_generator_c
[1.811s] [ 25%] [34m[1mGenerating C introspection for ROS interfaces[0m
[1.814s] [ 32%] [34m[1mGenerating C type support dispatch for ROS interfaces[0m
[1.814s] [ 32%] [34m[1mGenerating C type support for eProsima Fast-RTPS[0m
[1.828s] [ 32%] Built target ament_cmake_python_build_custom_interfaces_egg
[1.860s] [ 35%] [32mBuilding CXX object CMakeFiles/custom_interfaces__rosidl_typesupport_cpp.dir/rosidl_typesupport_cpp/custom_interfaces/srv/inv_kin__type_support.cpp.o[0m
[1.877s] [ 38%] [32mBuilding CXX object CMakeFiles/custom_interfaces__rosidl_typesupport_introspection_cpp.dir/rosidl_typesupport_introspection_cpp/custom_interfaces/srv/detail/inv_kin__type_support.cpp.o[0m
[1.887s] [ 41%] [32mBuilding CXX object CMakeFiles/custom_interfaces__rosidl_typesupport_fastrtps_cpp.dir/rosidl_typesupport_fastrtps_cpp/custom_interfaces/srv/detail/dds_fastrtps/inv_kin__type_support.cpp.o[0m
[1.974s] [ 45%] [32mBuilding CXX object CMakeFiles/custom_interfaces__rosidl_typesupport_c.dir/rosidl_typesupport_c/custom_interfaces/srv/inv_kin__type_support.cpp.o[0m
[1.990s] [ 48%] [32mBuilding C object CMakeFiles/custom_interfaces__rosidl_typesupport_introspection_c.dir/rosidl_typesupport_introspection_c/custom_interfaces/srv/detail/inv_kin__type_support.c.o[0m
[1.991s] [ 51%] [32mBuilding CXX object CMakeFiles/custom_interfaces__rosidl_typesupport_fastrtps_c.dir/rosidl_typesupport_fastrtps_c/custom_interfaces/srv/detail/inv_kin__type_support_c.cpp.o[0m
[1.998s] [ 54%] [32m[1mLinking CXX shared library libcustom_interfaces__rosidl_typesupport_c.so[0m
[2.024s] [ 58%] [32m[1mLinking C shared library libcustom_interfaces__rosidl_typesupport_introspection_c.so[0m
[2.042s] [ 58%] Built target custom_interfaces__rosidl_typesupport_c
[2.063s] [ 58%] Built target custom_interfaces__rosidl_typesupport_introspection_c
[2.069s] [ 61%] [32m[1mLinking CXX shared library libcustom_interfaces__rosidl_typesupport_cpp.so[0m
[2.105s] [ 61%] Built target custom_interfaces__rosidl_typesupport_cpp
[2.199s] [ 64%] [32m[1mLinking CXX shared library libcustom_interfaces__rosidl_typesupport_fastrtps_cpp.so[0m
[2.221s] [ 67%] [32m[1mLinking CXX shared library libcustom_interfaces__rosidl_typesupport_fastrtps_c.so[0m
[2.256s] [ 67%] Built target custom_interfaces__rosidl_typesupport_fastrtps_cpp
[2.276s] [ 67%] Built target custom_interfaces__rosidl_typesupport_fastrtps_c
[2.290s] [ 70%] [32m[1mLinking CXX shared library libcustom_interfaces__rosidl_typesupport_introspection_cpp.so[0m
[2.339s] [ 70%] Built target custom_interfaces__rosidl_typesupport_introspection_cpp
[2.359s] [ 70%] Built target custom_interfaces
[2.380s] [ 74%] [34m[1mGenerating Python code for ROS interfaces[0m
[2.674s] [ 74%] Built target custom_interfaces__py
[2.690s] [ 77%] [32mBuilding C object CMakeFiles/custom_interfaces__rosidl_generator_py.dir/rosidl_generator_py/custom_interfaces/srv/_inv_kin_s.c.o[0m
[2.795s] [ 80%] [32m[1mLinking C shared library rosidl_generator_py/custom_interfaces/libcustom_interfaces__rosidl_generator_py.so[0m
[2.844s] [ 80%] Built target custom_interfaces__rosidl_generator_py
[2.864s] [ 83%] [32mBuilding C object CMakeFiles/custom_interfaces__rosidl_typesupport_fastrtps_c__pyext.dir/rosidl_generator_py/custom_interfaces/_custom_interfaces_s.ep.rosidl_typesupport_fastrtps_c.c.o[0m
[2.864s] [ 87%] [32mBuilding C object CMakeFiles/custom_interfaces__rosidl_typesupport_introspection_c__pyext.dir/rosidl_generator_py/custom_interfaces/_custom_interfaces_s.ep.rosidl_typesupport_introspection_c.c.o[0m
[2.864s] [ 90%] [32mBuilding C object CMakeFiles/custom_interfaces__rosidl_typesupport_c__pyext.dir/rosidl_generator_py/custom_interfaces/_custom_interfaces_s.ep.rosidl_typesupport_c.c.o[0m
[2.973s] [ 93%] [32m[1mLinking C shared library rosidl_generator_py/custom_interfaces/custom_interfaces_s__rosidl_typesupport_fastrtps_c.cpython-310-x86_64-linux-gnu.so[0m
[2.973s] [ 96%] [32m[1mLinking C shared library rosidl_generator_py/custom_interfaces/custom_interfaces_s__rosidl_typesupport_c.cpython-310-x86_64-linux-gnu.so[0m
[2.981s] [100%] [32m[1mLinking C shared library rosidl_generator_py/custom_interfaces/custom_interfaces_s__rosidl_typesupport_introspection_c.cpython-310-x86_64-linux-gnu.so[0m
[3.012s] [100%] Built target custom_interfaces__rosidl_typesupport_fastrtps_c__pyext
[3.012s] [100%] Built target custom_interfaces__rosidl_typesupport_c__pyext
[3.022s] [100%] Built target custom_interfaces__rosidl_typesupport_introspection_c__pyext
[3.034s] Invoked command in '/home/dhruv/rbe500-ros/src/build/custom_interfaces' returned '0': CMAKE_PREFIX_PATH=${CMAKE_PREFIX_PATH}:/home/dhruv/rbe500-ros/install/rbe500_example_py:/home/dhruv/rbe500-ros/install/grp_assn_1:/opt/ros/humble /usr/bin/cmake --build /home/dhruv/rbe500-ros/src/build/custom_interfaces -- -j32 -l32
[3.080s] Invoking command in '/home/dhruv/rbe500-ros/src/build/custom_interfaces': CMAKE_PREFIX_PATH=${CMAKE_PREFIX_PATH}:/home/dhruv/rbe500-ros/install/rbe500_example_py:/home/dhruv/rbe500-ros/install/grp_assn_1:/opt/ros/humble /usr/bin/cmake --install /home/dhruv/rbe500-ros/src/build/custom_interfaces
[3.089s] -- Install configuration: ""
[3.089s] -- Installing: /home/dhruv/rbe500-ros/src/install/custom_interfaces/share/ament_index/resource_index/rosidl_interfaces/custom_interfaces
[3.089s] -- Installing: /home/dhruv/rbe500-ros/src/install/custom_interfaces/include/custom_interfaces/custom_interfaces
[3.089s] -- Installing: /home/dhruv/rbe500-ros/src/install/custom_interfaces/include/custom_interfaces/custom_interfaces/msg
[3.089s] -- Installing: /home/dhruv/rbe500-ros/src/install/custom_interfaces/include/custom_interfaces/custom_interfaces/msg/rosidl_generator_c__visibility_control.h
[3.089s] -- Installing: /home/dhruv/rbe500-ros/src/install/custom_interfaces/include/custom_interfaces/custom_interfaces/srv
[3.089s] -- Installing: /home/dhruv/rbe500-ros/src/install/custom_interfaces/include/custom_interfaces/custom_interfaces/srv/detail
[3.089s] -- Installing: /home/dhruv/rbe500-ros/src/install/custom_interfaces/include/custom_interfaces/custom_interfaces/srv/detail/inv_kin__functions.c
[3.089s] -- Installing: /home/dhruv/rbe500-ros/src/install/custom_interfaces/include/custom_interfaces/custom_interfaces/srv/detail/inv_kin__struct.h
[3.090s] -- Installing: /home/dhruv/rbe500-ros/src/install/custom_interfaces/include/custom_interfaces/custom_interfaces/srv/detail/inv_kin__type_support.h
[3.090s] -- Installing: /home/dhruv/rbe500-ros/src/install/custom_interfaces/include/custom_interfaces/custom_interfaces/srv/detail/inv_kin__functions.h
[3.090s] -- Installing: /home/dhruv/rbe500-ros/src/install/custom_interfaces/include/custom_interfaces/custom_interfaces/srv/inv_kin.h
[3.090s] -- Installing: /home/dhruv/rbe500-ros/src/install/custom_interfaces/share/custom_interfaces/environment/library_path.sh
[3.090s] -- Installing: /home/dhruv/rbe500-ros/src/install/custom_interfaces/share/custom_interfaces/environment/library_path.dsv
[3.090s] -- Installing: /home/dhruv/rbe500-ros/src/install/custom_interfaces/lib/libcustom_interfaces__rosidl_generator_c.so
[3.090s] -- Set runtime path of "/home/dhruv/rbe500-ros/src/install/custom_interfaces/lib/libcustom_interfaces__rosidl_generator_c.so" to ""
[3.091s] -- Up-to-date: /home/dhruv/rbe500-ros/src/install/custom_interfaces/include/custom_interfaces/custom_interfaces
[3.091s] -- Up-to-date: /home/dhruv/rbe500-ros/src/install/custom_interfaces/include/custom_interfaces/custom_interfaces/msg
[3.091s] -- Installing: /home/dhruv/rbe500-ros/src/install/custom_interfaces/include/custom_interfaces/custom_interfaces/msg/rosidl_typesupport_fastrtps_c__visibility_control.h
[3.091s] -- Up-to-date: /home/dhruv/rbe500-ros/src/install/custom_interfaces/include/custom_interfaces/custom_interfaces/srv
[3.091s] -- Up-to-date: /home/dhruv/rbe500-ros/src/install/custom_interfaces/include/custom_interfaces/custom_interfaces/srv/detail
[3.091s] -- Installing: /home/dhruv/rbe500-ros/src/install/custom_interfaces/include/custom_interfaces/custom_interfaces/srv/detail/inv_kin__rosidl_typesupport_fastrtps_c.h
[3.091s] -- Installing: /home/dhruv/rbe500-ros/src/install/custom_interfaces/lib/libcustom_interfaces__rosidl_typesupport_fastrtps_c.so
[3.091s] -- Set runtime path of "/home/dhruv/rbe500-ros/src/install/custom_interfaces/lib/libcustom_interfaces__rosidl_typesupport_fastrtps_c.so" to ""
[3.091s] -- Up-to-date: /home/dhruv/rbe500-ros/src/install/custom_interfaces/include/custom_interfaces/custom_interfaces
[3.091s] -- Up-to-date: /home/dhruv/rbe500-ros/src/install/custom_interfaces/include/custom_interfaces/custom_interfaces/srv
[3.091s] -- Installing: /home/dhruv/rbe500-ros/src/install/custom_interfaces/include/custom_interfaces/custom_interfaces/srv/inv_kin.hpp
[3.092s] -- Up-to-date: /home/dhruv/rbe500-ros/src/install/custom_interfaces/include/custom_interfaces/custom_interfaces/srv/detail
[3.092s] -- Installing: /home/dhruv/rbe500-ros/src/install/custom_interfaces/include/custom_interfaces/custom_interfaces/srv/detail/inv_kin__builder.hpp
[3.092s] -- Installing: /home/dhruv/rbe500-ros/src/install/custom_interfaces/include/custom_interfaces/custom_interfaces/srv/detail/inv_kin__traits.hpp
[3.092s] -- Installing: /home/dhruv/rbe500-ros/src/install/custom_interfaces/include/custom_interfaces/custom_interfaces/srv/detail/inv_kin__struct.hpp
[3.092s] -- Up-to-date: /home/dhruv/rbe500-ros/src/install/custom_interfaces/include/custom_interfaces/custom_interfaces
[3.092s] -- Up-to-date: /home/dhruv/rbe500-ros/src/install/custom_interfaces/include/custom_interfaces/custom_interfaces/msg
[3.092s] -- Installing: /home/dhruv/rbe500-ros/src/install/custom_interfaces/include/custom_interfaces/custom_interfaces/msg/rosidl_typesupport_fastrtps_cpp__visibility_control.h
[3.092s] -- Up-to-date: /home/dhruv/rbe500-ros/src/install/custom_interfaces/include/custom_interfaces/custom_interfaces/srv
[3.092s] -- Up-to-date: /home/dhruv/rbe500-ros/src/install/custom_interfaces/include/custom_interfaces/custom_interfaces/srv/detail
[3.092s] -- Installing: /home/dhruv/rbe500-ros/src/install/custom_interfaces/include/custom_interfaces/custom_interfaces/srv/detail/dds_fastrtps
[3.092s] -- Installing: /home/dhruv/rbe500-ros/src/install/custom_interfaces/include/custom_interfaces/custom_interfaces/srv/detail/inv_kin__rosidl_typesupport_fastrtps_cpp.hpp
[3.092s] -- Installing: /home/dhruv/rbe500-ros/src/install/custom_interfaces/lib/libcustom_interfaces__rosidl_typesupport_fastrtps_cpp.so
[3.092s] -- Set runtime path of "/home/dhruv/rbe500-ros/src/install/custom_interfaces/lib/libcustom_interfaces__rosidl_typesupport_fastrtps_cpp.so" to ""
[3.093s] -- Up-to-date: /home/dhruv/rbe500-ros/src/install/custom_interfaces/include/custom_interfaces/custom_interfaces
[3.093s] -- Up-to-date: /home/dhruv/rbe500-ros/src/install/custom_interfaces/include/custom_interfaces/custom_interfaces/msg
[3.093s] -- Installing: /home/dhruv/rbe500-ros/src/install/custom_interfaces/include/custom_interfaces/custom_interfaces/msg/rosidl_typesupport_introspection_c__visibility_control.h
[3.093s] -- Up-to-date: /home/dhruv/rbe500-ros/src/install/custom_interfaces/include/custom_interfaces/custom_interfaces/srv
[3.093s] -- Up-to-date: /home/dhruv/rbe500-ros/src/install/custom_interfaces/include/custom_interfaces/custom_interfaces/srv/detail
[3.093s] -- Installing: /home/dhruv/rbe500-ros/src/install/custom_interfaces/include/custom_interfaces/custom_interfaces/srv/detail/inv_kin__type_support.c
[3.093s] -- Installing: /home/dhruv/rbe500-ros/src/install/custom_interfaces/include/custom_interfaces/custom_interfaces/srv/detail/inv_kin__rosidl_typesupport_introspection_c.h
[3.093s] -- Installing: /home/dhruv/rbe500-ros/src/install/custom_interfaces/lib/libcustom_interfaces__rosidl_typesupport_introspection_c.so
[3.093s] -- Set runtime path of "/home/dhruv/rbe500-ros/src/install/custom_interfaces/lib/libcustom_interfaces__rosidl_typesupport_introspection_c.so" to ""
[3.093s] -- Installing: /home/dhruv/rbe500-ros/src/install/custom_interfaces/lib/libcustom_interfaces__rosidl_typesupport_c.so
[3.094s] -- Set runtime path of "/home/dhruv/rbe500-ros/src/install/custom_interfaces/lib/libcustom_interfaces__rosidl_typesupport_c.so" to ""
[3.094s] -- Up-to-date: /home/dhruv/rbe500-ros/src/install/custom_interfaces/include/custom_interfaces/custom_interfaces
[3.094s] -- Up-to-date: /home/dhruv/rbe500-ros/src/install/custom_interfaces/include/custom_interfaces/custom_interfaces/srv
[3.094s] -- Up-to-date: /home/dhruv/rbe500-ros/src/install/custom_interfaces/include/custom_interfaces/custom_interfaces/srv/detail
[3.094s] -- Installing: /home/dhruv/rbe500-ros/src/install/custom_interfaces/include/custom_interfaces/custom_interfaces/srv/detail/inv_kin__rosidl_typesupport_introspection_cpp.hpp
[3.094s] -- Installing: /home/dhruv/rbe500-ros/src/install/custom_interfaces/include/custom_interfaces/custom_interfaces/srv/detail/inv_kin__type_support.cpp
[3.094s] -- Installing: /home/dhruv/rbe500-ros/src/install/custom_interfaces/lib/libcustom_interfaces__rosidl_typesupport_introspection_cpp.so
[3.094s] -- Set runtime path of "/home/dhruv/rbe500-ros/src/install/custom_interfaces/lib/libcustom_interfaces__rosidl_typesupport_introspection_cpp.so" to ""
[3.094s] -- Installing: /home/dhruv/rbe500-ros/src/install/custom_interfaces/lib/libcustom_interfaces__rosidl_typesupport_cpp.so
[3.095s] -- Set runtime path of "/home/dhruv/rbe500-ros/src/install/custom_interfaces/lib/libcustom_interfaces__rosidl_typesupport_cpp.so" to ""
[3.095s] -- Installing: /home/dhruv/rbe500-ros/src/install/custom_interfaces/share/custom_interfaces/environment/pythonpath.sh
[3.095s] -- Installing: /home/dhruv/rbe500-ros/src/install/custom_interfaces/share/custom_interfaces/environment/pythonpath.dsv
[3.095s] -- Installing: /home/dhruv/rbe500-ros/src/install/custom_interfaces/local/lib/python3.10/dist-packages/custom_interfaces-0.0.0-py3.10.egg-info
[3.095s] -- Installing: /home/dhruv/rbe500-ros/src/install/custom_interfaces/local/lib/python3.10/dist-packages/custom_interfaces-0.0.0-py3.10.egg-info/top_level.txt
[3.095s] -- Installing: /home/dhruv/rbe500-ros/src/install/custom_interfaces/local/lib/python3.10/dist-packages/custom_interfaces-0.0.0-py3.10.egg-info/PKG-INFO
[3.095s] -- Installing: /home/dhruv/rbe500-ros/src/install/custom_interfaces/local/lib/python3.10/dist-packages/custom_interfaces-0.0.0-py3.10.egg-info/SOURCES.txt
[3.095s] -- Installing: /home/dhruv/rbe500-ros/src/install/custom_interfaces/local/lib/python3.10/dist-packages/custom_interfaces-0.0.0-py3.10.egg-info/dependency_links.txt
[3.095s] -- Installing: /home/dhruv/rbe500-ros/src/install/custom_interfaces/local/lib/python3.10/dist-packages/custom_interfaces
[3.095s] -- Installing: /home/dhruv/rbe500-ros/src/install/custom_interfaces/local/lib/python3.10/dist-packages/custom_interfaces/__init__.py
[3.096s] -- Installing: /home/dhruv/rbe500-ros/src/install/custom_interfaces/local/lib/python3.10/dist-packages/custom_interfaces/_custom_interfaces_s.ep.rosidl_typesupport_c.c
[3.096s] -- Installing: /home/dhruv/rbe500-ros/src/install/custom_interfaces/local/lib/python3.10/dist-packages/custom_interfaces/libcustom_interfaces__rosidl_generator_py.so
[3.096s] -- Installing: /home/dhruv/rbe500-ros/src/install/custom_interfaces/local/lib/python3.10/dist-packages/custom_interfaces/srv
[3.096s] -- Installing: /home/dhruv/rbe500-ros/src/install/custom_interfaces/local/lib/python3.10/dist-packages/custom_interfaces/srv/__init__.py
[3.096s] -- Installing: /home/dhruv/rbe500-ros/src/install/custom_interfaces/local/lib/python3.10/dist-packages/custom_interfaces/srv/_inv_kin_s.c
[3.096s] -- Installing: /home/dhruv/rbe500-ros/src/install/custom_interfaces/local/lib/python3.10/dist-packages/custom_interfaces/srv/_inv_kin.py
[3.096s] -- Installing: /home/dhruv/rbe500-ros/src/install/custom_interfaces/local/lib/python3.10/dist-packages/custom_interfaces/_custom_interfaces_s.ep.rosidl_typesupport_fastrtps_c.c
[3.096s] -- Installing: /home/dhruv/rbe500-ros/src/install/custom_interfaces/local/lib/python3.10/dist-packages/custom_interfaces/custom_interfaces_s__rosidl_typesupport_introspection_c.cpython-310-x86_64-linux-gnu.so
[3.096s] -- Installing: /home/dhruv/rbe500-ros/src/install/custom_interfaces/local/lib/python3.10/dist-packages/custom_interfaces/custom_interfaces_s__rosidl_typesupport_fastrtps_c.cpython-310-x86_64-linux-gnu.so
[3.096s] -- Installing: /home/dhruv/rbe500-ros/src/install/custom_interfaces/local/lib/python3.10/dist-packages/custom_interfaces/custom_interfaces_s__rosidl_typesupport_c.cpython-310-x86_64-linux-gnu.so
[3.097s] -- Installing: /home/dhruv/rbe500-ros/src/install/custom_interfaces/local/lib/python3.10/dist-packages/custom_interfaces/_custom_interfaces_s.ep.rosidl_typesupport_introspection_c.c
[3.132s] Listing '/home/dhruv/rbe500-ros/src/install/custom_interfaces/local/lib/python3.10/dist-packages/custom_interfaces'...
[3.132s] Compiling '/home/dhruv/rbe500-ros/src/install/custom_interfaces/local/lib/python3.10/dist-packages/custom_interfaces/__init__.py'...
[3.133s] Listing '/home/dhruv/rbe500-ros/src/install/custom_interfaces/local/lib/python3.10/dist-packages/custom_interfaces/srv'...
[3.133s] Compiling '/home/dhruv/rbe500-ros/src/install/custom_interfaces/local/lib/python3.10/dist-packages/custom_interfaces/srv/__init__.py'...
[3.133s] Compiling '/home/dhruv/rbe500-ros/src/install/custom_interfaces/local/lib/python3.10/dist-packages/custom_interfaces/srv/_inv_kin.py'...
[3.138s] -- Installing: /home/dhruv/rbe500-ros/src/install/custom_interfaces/local/lib/python3.10/dist-packages/custom_interfaces/custom_interfaces_s__rosidl_typesupport_fastrtps_c.cpython-310-x86_64-linux-gnu.so
[3.138s] -- Set runtime path of "/home/dhruv/rbe500-ros/src/install/custom_interfaces/local/lib/python3.10/dist-packages/custom_interfaces/custom_interfaces_s__rosidl_typesupport_fastrtps_c.cpython-310-x86_64-linux-gnu.so" to ""
[3.138s] -- Installing: /home/dhruv/rbe500-ros/src/install/custom_interfaces/local/lib/python3.10/dist-packages/custom_interfaces/custom_interfaces_s__rosidl_typesupport_introspection_c.cpython-310-x86_64-linux-gnu.so
[3.138s] -- Set runtime path of "/home/dhruv/rbe500-ros/src/install/custom_interfaces/local/lib/python3.10/dist-packages/custom_interfaces/custom_interfaces_s__rosidl_typesupport_introspection_c.cpython-310-x86_64-linux-gnu.so" to ""
[3.138s] -- Installing: /home/dhruv/rbe500-ros/src/install/custom_interfaces/local/lib/python3.10/dist-packages/custom_interfaces/custom_interfaces_s__rosidl_typesupport_c.cpython-310-x86_64-linux-gnu.so
[3.139s] -- Set runtime path of "/home/dhruv/rbe500-ros/src/install/custom_interfaces/local/lib/python3.10/dist-packages/custom_interfaces/custom_interfaces_s__rosidl_typesupport_c.cpython-310-x86_64-linux-gnu.so" to ""
[3.139s] -- Installing: /home/dhruv/rbe500-ros/src/install/custom_interfaces/lib/libcustom_interfaces__rosidl_generator_py.so
[3.139s] -- Set runtime path of "/home/dhruv/rbe500-ros/src/install/custom_interfaces/lib/libcustom_interfaces__rosidl_generator_py.so" to ""
[3.139s] -- Installing: /home/dhruv/rbe500-ros/src/install/custom_interfaces/share/custom_interfaces/srv/InvKin.idl
[3.139s] -- Installing: /home/dhruv/rbe500-ros/src/install/custom_interfaces/share/custom_interfaces/srv/InvKin.srv
[3.139s] -- Installing: /home/dhruv/rbe500-ros/src/install/custom_interfaces/share/custom_interfaces/srv/InvKin_Request.msg
[3.139s] -- Installing: /home/dhruv/rbe500-ros/src/install/custom_interfaces/share/custom_interfaces/srv/InvKin_Response.msg
[3.140s] -- Installing: /home/dhruv/rbe500-ros/src/install/custom_interfaces/share/ament_index/resource_index/package_run_dependencies/custom_interfaces
[3.140s] -- Installing: /home/dhruv/rbe500-ros/src/install/custom_interfaces/share/ament_index/resource_index/parent_prefix_path/custom_interfaces
[3.140s] -- Installing: /home/dhruv/rbe500-ros/src/install/custom_interfaces/share/custom_interfaces/environment/ament_prefix_path.sh
[3.140s] -- Installing: /home/dhruv/rbe500-ros/src/install/custom_interfaces/share/custom_interfaces/environment/ament_prefix_path.dsv
[3.140s] -- Installing: /home/dhruv/rbe500-ros/src/install/custom_interfaces/share/custom_interfaces/environment/path.sh
[3.140s] -- Installing: /home/dhruv/rbe500-ros/src/install/custom_interfaces/share/custom_interfaces/environment/path.dsv
[3.140s] -- Installing: /home/dhruv/rbe500-ros/src/install/custom_interfaces/share/custom_interfaces/local_setup.bash
[3.140s] -- Installing: /home/dhruv/rbe500-ros/src/install/custom_interfaces/share/custom_interfaces/local_setup.sh
[3.141s] -- Installing: /home/dhruv/rbe500-ros/src/install/custom_interfaces/share/custom_interfaces/local_setup.zsh
[3.141s] -- Installing: /home/dhruv/rbe500-ros/src/install/custom_interfaces/share/custom_interfaces/local_setup.dsv
[3.141s] -- Installing: /home/dhruv/rbe500-ros/src/install/custom_interfaces/share/custom_interfaces/package.dsv
[3.141s] -- Installing: /home/dhruv/rbe500-ros/src/install/custom_interfaces/share/ament_index/resource_index/packages/custom_interfaces
[3.141s] -- Installing: /home/dhruv/rbe500-ros/src/install/custom_interfaces/share/custom_interfaces/cmake/export_custom_interfaces__rosidl_generator_cExport.cmake
[3.141s] -- Installing: /home/dhruv/rbe500-ros/src/install/custom_interfaces/share/custom_interfaces/cmake/export_custom_interfaces__rosidl_generator_cExport-noconfig.cmake
[3.141s] -- Installing: /home/dhruv/rbe500-ros/src/install/custom_interfaces/share/custom_interfaces/cmake/export_custom_interfaces__rosidl_typesupport_fastrtps_cExport.cmake
[3.142s] -- Installing: /home/dhruv/rbe500-ros/src/install/custom_interfaces/share/custom_interfaces/cmake/export_custom_interfaces__rosidl_typesupport_fastrtps_cExport-noconfig.cmake
[3.142s] -- Installing: /home/dhruv/rbe500-ros/src/install/custom_interfaces/share/custom_interfaces/cmake/export_custom_interfaces__rosidl_generator_cppExport.cmake
[3.142s] -- Installing: /home/dhruv/rbe500-ros/src/install/custom_interfaces/share/custom_interfaces/cmake/export_custom_interfaces__rosidl_typesupport_fastrtps_cppExport.cmake
[3.142s] -- Installing: /home/dhruv/rbe500-ros/src/install/custom_interfaces/share/custom_interfaces/cmake/export_custom_interfaces__rosidl_typesupport_fastrtps_cppExport-noconfig.cmake
[3.142s] -- Installing: /home/dhruv/rbe500-ros/src/install/custom_interfaces/share/custom_interfaces/cmake/custom_interfaces__rosidl_typesupport_introspection_cExport.cmake
[3.142s] -- Installing: /home/dhruv/rbe500-ros/src/install/custom_interfaces/share/custom_interfaces/cmake/custom_interfaces__rosidl_typesupport_introspection_cExport-noconfig.cmake
[3.142s] -- Installing: /home/dhruv/rbe500-ros/src/install/custom_interfaces/share/custom_interfaces/cmake/custom_interfaces__rosidl_typesupport_cExport.cmake
[3.142s] -- Installing: /home/dhruv/rbe500-ros/src/install/custom_interfaces/share/custom_interfaces/cmake/custom_interfaces__rosidl_typesupport_cExport-noconfig.cmake
[3.143s] -- Installing: /home/dhruv/rbe500-ros/src/install/custom_interfaces/share/custom_interfaces/cmake/custom_interfaces__rosidl_typesupport_introspection_cppExport.cmake
[3.143s] -- Installing: /home/dhruv/rbe500-ros/src/install/custom_interfaces/share/custom_interfaces/cmake/custom_interfaces__rosidl_typesupport_introspection_cppExport-noconfig.cmake
[3.143s] -- Installing: /home/dhruv/rbe500-ros/src/install/custom_interfaces/share/custom_interfaces/cmake/custom_interfaces__rosidl_typesupport_cppExport.cmake
[3.143s] -- Installing: /home/dhruv/rbe500-ros/src/install/custom_interfaces/share/custom_interfaces/cmake/custom_interfaces__rosidl_typesupport_cppExport-noconfig.cmake
[3.143s] -- Installing: /home/dhruv/rbe500-ros/src/install/custom_interfaces/share/custom_interfaces/cmake/export_custom_interfaces__rosidl_generator_pyExport.cmake
[3.143s] -- Installing: /home/dhruv/rbe500-ros/src/install/custom_interfaces/share/custom_interfaces/cmake/export_custom_interfaces__rosidl_generator_pyExport-noconfig.cmake
[3.143s] -- Installing: /home/dhruv/rbe500-ros/src/install/custom_interfaces/share/custom_interfaces/cmake/rosidl_cmake-extras.cmake
[3.143s] -- Installing: /home/dhruv/rbe500-ros/src/install/custom_interfaces/share/custom_interfaces/cmake/ament_cmake_export_dependencies-extras.cmake
[3.143s] -- Installing: /home/dhruv/rbe500-ros/src/install/custom_interfaces/share/custom_interfaces/cmake/ament_cmake_export_include_directories-extras.cmake
[3.143s] -- Installing: /home/dhruv/rbe500-ros/src/install/custom_interfaces/share/custom_interfaces/cmake/ament_cmake_export_libraries-extras.cmake
[3.144s] -- Installing: /home/dhruv/rbe500-ros/src/install/custom_interfaces/share/custom_interfaces/cmake/ament_cmake_export_targets-extras.cmake
[3.144s] -- Installing: /home/dhruv/rbe500-ros/src/install/custom_interfaces/share/custom_interfaces/cmake/rosidl_cmake_export_typesupport_targets-extras.cmake
[3.144s] -- Installing: /home/dhruv/rbe500-ros/src/install/custom_interfaces/share/custom_interfaces/cmake/rosidl_cmake_export_typesupport_libraries-extras.cmake
[3.144s] -- Installing: /home/dhruv/rbe500-ros/src/install/custom_interfaces/share/custom_interfaces/cmake/custom_interfacesConfig.cmake
[3.144s] -- Installing: /home/dhruv/rbe500-ros/src/install/custom_interfaces/share/custom_interfaces/cmake/custom_interfacesConfig-version.cmake
[3.144s] -- Installing: /home/dhruv/rbe500-ros/src/install/custom_interfaces/share/custom_interfaces/package.xml
[3.147s] Invoked command in '/home/dhruv/rbe500-ros/src/build/custom_interfaces' returned '0': CMAKE_PREFIX_PATH=${CMAKE_PREFIX_PATH}:/home/dhruv/rbe500-ros/install/rbe500_example_py:/home/dhruv/rbe500-ros/install/grp_assn_1:/opt/ros/humble /usr/bin/cmake --install /home/dhruv/rbe500-ros/src/build/custom_interfaces
