[0.500s] Invoking command in '/home/dhruv/rbe500-ros/src/rbe500_example_py': PYTHONPATH=/home/dhruv/rbe500-ros/src/build/rbe500_example_py/prefix_override:/usr/lib/python3/dist-packages/colcon_core/task/python/colcon_distutils_commands:/home/dhruv/rbe500-ros/src/install/rbe500_example_py/lib/python3.10/site-packages:${PYTHONPATH} /usr/bin/python3 -W ignore:setup.py install is deprecated setup.py egg_info --egg-base ../build/rbe500_example_py build --build-base /home/dhruv/rbe500-ros/src/build/rbe500_example_py/build install --record /home/dhruv/rbe500-ros/src/build/rbe500_example_py/install.log --single-version-externally-managed install_data
[0.647s] running egg_info
[0.647s] creating ../build/rbe500_example_py/rbe500_example_py.egg-info
[0.647s] writing ../build/rbe500_example_py/rbe500_example_py.egg-info/PKG-INFO
[0.647s] writing dependency_links to ../build/rbe500_example_py/rbe500_example_py.egg-info/dependency_links.txt
[0.647s] writing entry points to ../build/rbe500_example_py/rbe500_example_py.egg-info/entry_points.txt
[0.647s] writing requirements to ../build/rbe500_example_py/rbe500_example_py.egg-info/requires.txt
[0.647s] writing top-level names to ../build/rbe500_example_py/rbe500_example_py.egg-info/top_level.txt
[0.647s] writing manifest file '../build/rbe500_example_py/rbe500_example_py.egg-info/SOURCES.txt'
[0.648s] reading manifest file '../build/rbe500_example_py/rbe500_example_py.egg-info/SOURCES.txt'
[0.648s] writing manifest file '../build/rbe500_example_py/rbe500_example_py.egg-info/SOURCES.txt'
[0.648s] running build
[0.648s] running build_py
[0.648s] creating /home/dhruv/rbe500-ros/src/build/rbe500_example_py/build
[0.649s] creating /home/dhruv/rbe500-ros/src/build/rbe500_example_py/build/lib
[0.649s] creating /home/dhruv/rbe500-ros/src/build/rbe500_example_py/build/lib/rbe500_example_py
[0.649s] copying rbe500_example_py/__init__.py -> /home/dhruv/rbe500-ros/src/build/rbe500_example_py/build/lib/rbe500_example_py
[0.649s] copying rbe500_example_py/basic_robot_control.py -> /home/dhruv/rbe500-ros/src/build/rbe500_example_py/build/lib/rbe500_example_py
[0.649s] running install
[0.649s] running install_lib
[0.649s] creating /home/dhruv/rbe500-ros/src/install/rbe500_example_py/lib/python3.10/site-packages/rbe500_example_py
[0.649s] copying /home/dhruv/rbe500-ros/src/build/rbe500_example_py/build/lib/rbe500_example_py/__init__.py -> /home/dhruv/rbe500-ros/src/install/rbe500_example_py/lib/python3.10/site-packages/rbe500_example_py
[0.649s] copying /home/dhruv/rbe500-ros/src/build/rbe500_example_py/build/lib/rbe500_example_py/basic_robot_control.py -> /home/dhruv/rbe500-ros/src/install/rbe500_example_py/lib/python3.10/site-packages/rbe500_example_py
[0.651s] byte-compiling /home/dhruv/rbe500-ros/src/install/rbe500_example_py/lib/python3.10/site-packages/rbe500_example_py/__init__.py to __init__.cpython-310.pyc
[0.651s] byte-compiling /home/dhruv/rbe500-ros/src/install/rbe500_example_py/lib/python3.10/site-packages/rbe500_example_py/basic_robot_control.py to basic_robot_control.cpython-310.pyc
[0.651s] running install_data
[0.651s] creating /home/dhruv/rbe500-ros/src/install/rbe500_example_py/share/ament_index
[0.651s] creating /home/dhruv/rbe500-ros/src/install/rbe500_example_py/share/ament_index/resource_index
[0.651s] creating /home/dhruv/rbe500-ros/src/install/rbe500_example_py/share/ament_index/resource_index/packages
[0.651s] copying resource/rbe500_example_py -> /home/dhruv/rbe500-ros/src/install/rbe500_example_py/share/ament_index/resource_index/packages
[0.651s] copying package.xml -> /home/dhruv/rbe500-ros/src/install/rbe500_example_py/share/rbe500_example_py
[0.652s] running install_egg_info
[0.652s] Copying ../build/rbe500_example_py/rbe500_example_py.egg-info to /home/dhruv/rbe500-ros/src/install/rbe500_example_py/lib/python3.10/site-packages/rbe500_example_py-0.0.0-py3.10.egg-info
[0.652s] running install_scripts
[0.665s] Installing basic_robot_control script to /home/dhruv/rbe500-ros/src/install/rbe500_example_py/lib/rbe500_example_py
[0.665s] writing list of installed files to '/home/dhruv/rbe500-ros/src/build/rbe500_example_py/install.log'
[0.681s] Invoked command in '/home/dhruv/rbe500-ros/src/rbe500_example_py' returned '0': PYTHONPATH=/home/dhruv/rbe500-ros/src/build/rbe500_example_py/prefix_override:/usr/lib/python3/dist-packages/colcon_core/task/python/colcon_distutils_commands:/home/dhruv/rbe500-ros/src/install/rbe500_example_py/lib/python3.10/site-packages:${PYTHONPATH} /usr/bin/python3 -W ignore:setup.py install is deprecated setup.py egg_info --egg-base ../build/rbe500_example_py build --build-base /home/dhruv/rbe500-ros/src/build/rbe500_example_py/build install --record /home/dhruv/rbe500-ros/src/build/rbe500_example_py/install.log --single-version-externally-managed install_data
