[0.027s] Invoking command in '/home/dhruv/rbe500-ros/src/build/cmake_modules': CMAKE_PREFIX_PATH=${CMAKE_PREFIX_PATH}:/home/dhruv/rbe500-ros/install/rbe500_example_py:/home/dhruv/rbe500-ros/install/open_manipulator_x_description:/home/dhruv/rbe500-ros/install/grp_assn_1:/home/dhruv/rbe500-ros/install/dynamixel_workbench:/home/dhruv/rbe500-ros/install/dynamixel_sdk:/opt/ros/humble /usr/bin/cmake --build /home/dhruv/rbe500-ros/src/build/cmake_modules -- -j32 -l32
[0.237s] Invoked command in '/home/dhruv/rbe500-ros/src/build/cmake_modules' returned '0': CMAKE_PREFIX_PATH=${CMAKE_PREFIX_PATH}:/home/dhruv/rbe500-ros/install/rbe500_example_py:/home/dhruv/rbe500-ros/install/open_manipulator_x_description:/home/dhruv/rbe500-ros/install/grp_assn_1:/home/dhruv/rbe500-ros/install/dynamixel_workbench:/home/dhruv/rbe500-ros/install/dynamixel_sdk:/opt/ros/humble /usr/bin/cmake --build /home/dhruv/rbe500-ros/src/build/cmake_modules -- -j32 -l32
[0.265s] Invoking command in '/home/dhruv/rbe500-ros/src/build/cmake_modules': CMAKE_PREFIX_PATH=${CMAKE_PREFIX_PATH}:/home/dhruv/rbe500-ros/install/rbe500_example_py:/home/dhruv/rbe500-ros/install/open_manipulator_x_description:/home/dhruv/rbe500-ros/install/grp_assn_1:/home/dhruv/rbe500-ros/install/dynamixel_workbench:/home/dhruv/rbe500-ros/install/dynamixel_sdk:/opt/ros/humble /usr/bin/cmake --install /home/dhruv/rbe500-ros/src/build/cmake_modules
[0.271s] -- Install configuration: ""
[0.273s] -- Up-to-date: /home/dhruv/rbe500-ros/src/install/cmake_modules/share/cmake_modules/cmake/Modules
[0.273s] -- Up-to-date: /home/dhruv/rbe500-ros/src/install/cmake_modules/share/cmake_modules/cmake/Modules/FindTinyXML.cmake
[0.273s] -- Up-to-date: /home/dhruv/rbe500-ros/src/install/cmake_modules/share/cmake_modules/cmake/Modules/FindTBB.cmake
[0.273s] -- Up-to-date: /home/dhruv/rbe500-ros/src/install/cmake_modules/share/cmake_modules/cmake/Modules/FindPoco.cmake
[0.273s] -- Up-to-date: /home/dhruv/rbe500-ros/src/install/cmake_modules/share/cmake_modules/cmake/Modules/FindUUID.cmake
[0.273s] -- Up-to-date: /home/dhruv/rbe500-ros/src/install/cmake_modules/share/cmake_modules/cmake/Modules/FindXenomai.cmake
[0.273s] -- Up-to-date: /home/dhruv/rbe500-ros/src/install/cmake_modules/share/cmake_modules/cmake/Modules/FindGflags.cmake
[0.273s] -- Up-to-date: /home/dhruv/rbe500-ros/src/install/cmake_modules/share/cmake_modules/cmake/Modules/FindNUMPY.cmake
[0.273s] -- Up-to-date: /home/dhruv/rbe500-ros/src/install/cmake_modules/share/cmake_modules/cmake/Modules/FindGSL.cmake
[0.273s] -- Up-to-date: /home/dhruv/rbe500-ros/src/install/cmake_modules/share/cmake_modules/cmake/Modules/FindTinyXML2.cmake
[0.273s] -- Up-to-date: /home/dhruv/rbe500-ros/src/install/cmake_modules/share/ament_index/resource_index/package_run_dependencies/cmake_modules
[0.273s] -- Up-to-date: /home/dhruv/rbe500-ros/src/install/cmake_modules/share/ament_index/resource_index/parent_prefix_path/cmake_modules
[0.273s] -- Up-to-date: /home/dhruv/rbe500-ros/src/install/cmake_modules/share/cmake_modules/environment/ament_prefix_path.sh
[0.273s] -- Up-to-date: /home/dhruv/rbe500-ros/src/install/cmake_modules/share/cmake_modules/environment/ament_prefix_path.dsv
[0.273s] -- Up-to-date: /home/dhruv/rbe500-ros/src/install/cmake_modules/share/cmake_modules/environment/path.sh
[0.274s] -- Up-to-date: /home/dhruv/rbe500-ros/src/install/cmake_modules/share/cmake_modules/environment/path.dsv
[0.274s] -- Up-to-date: /home/dhruv/rbe500-ros/src/install/cmake_modules/share/cmake_modules/local_setup.bash
[0.274s] -- Up-to-date: /home/dhruv/rbe500-ros/src/install/cmake_modules/share/cmake_modules/local_setup.sh
[0.274s] -- Up-to-date: /home/dhruv/rbe500-ros/src/install/cmake_modules/share/cmake_modules/local_setup.zsh
[0.274s] -- Up-to-date: /home/dhruv/rbe500-ros/src/install/cmake_modules/share/cmake_modules/local_setup.dsv
[0.274s] -- Installing: /home/dhruv/rbe500-ros/src/install/cmake_modules/share/cmake_modules/package.dsv
[0.274s] -- Up-to-date: /home/dhruv/rbe500-ros/src/install/cmake_modules/share/ament_index/resource_index/packages/cmake_modules
[0.274s] -- Up-to-date: /home/dhruv/rbe500-ros/src/install/cmake_modules/share/cmake_modules/cmake/cmake_modules-extras.cmake
[0.274s] -- Up-to-date: /home/dhruv/rbe500-ros/src/install/cmake_modules/share/cmake_modules/cmake/ament_cmake_export_dependencies-extras.cmake
[0.274s] -- Up-to-date: /home/dhruv/rbe500-ros/src/install/cmake_modules/share/cmake_modules/cmake/cmake_modulesConfig.cmake
[0.274s] -- Up-to-date: /home/dhruv/rbe500-ros/src/install/cmake_modules/share/cmake_modules/cmake/cmake_modulesConfig-version.cmake
[0.274s] -- Up-to-date: /home/dhruv/rbe500-ros/src/install/cmake_modules/share/cmake_modules/package.xml
[0.282s] Invoked command in '/home/dhruv/rbe500-ros/src/build/cmake_modules' returned '0': CMAKE_PREFIX_PATH=${CMAKE_PREFIX_PATH}:/home/dhruv/rbe500-ros/install/rbe500_example_py:/home/dhruv/rbe500-ros/install/open_manipulator_x_description:/home/dhruv/rbe500-ros/install/grp_assn_1:/home/dhruv/rbe500-ros/install/dynamixel_workbench:/home/dhruv/rbe500-ros/install/dynamixel_sdk:/opt/ros/humble /usr/bin/cmake --install /home/dhruv/rbe500-ros/src/build/cmake_modules
