[0.009s] Invoking command in '/home/dhruv/rbe500-ros/src/build/rbe500-example': AMENT_PREFIX_PATH=/home/dhruv/rbe500-ros/src/install/open_manipulator_msgs:${AMENT_PREFIX_PATH} CMAKE_PREFIX_PATH=/home/dhruv/rbe500-ros/src/install/open_manipulator_msgs:/home/dhruv/rbe500-ros/install/open_manipulator:/home/dhruv/rbe500-ros/install/open_manipulator_x_controller:/home/dhruv/rbe500-ros/install/open_manipulator_x_libs:/home/dhruv/rbe500-ros/install/robotis_manipulator:/home/dhruv/rbe500-ros/install/rbe500-example:/home/dhruv/rbe500-ros/install/open_manipulator_x_description:/home/dhruv/rbe500-ros/install/open_manipulator_msgs:/home/dhruv/rbe500-ros/install/dynamixel_workbench:/home/dhruv/rbe500-ros/install/dynamixel_workbench_toolbox:/home/dhruv/rbe500-ros/install/dynamixel_sdk_examples:/home/dhruv/rbe500-ros/install/dynamixel_sdk_custom_interfaces:/home/dhruv/rbe500-ros/install/dynamixel_sdk:/home/dhruv/rbe500-ros/install/custom_interfaces:/home/dhruv/rbe500-ros/install/cmake_modules:/home/dhruv/rbe500-ros/install/rbe500_example_py:/home/dhruv/rbe500-ros/install/grp_assn_1:/opt/ros/humble LD_LIBRARY_PATH=/home/dhruv/rbe500-ros/src/install/open_manipulator_msgs/lib:${LD_LIBRARY_PATH} PYTHONPATH=/home/dhruv/rbe500-ros/src/install/open_manipulator_msgs/local/lib/python3.10/dist-packages:${PYTHONPATH} /usr/bin/cmake /home/dhruv/rbe500-ros/src/rbe500-example -DCMAKE_INSTALL_PREFIX=/home/dhruv/rbe500-ros/src/install/rbe500-example
[0.056s] -- The C compiler identification is GNU 11.4.0
[0.105s] -- The CXX compiler identification is GNU 11.4.0
[0.113s] -- Detecting C compiler ABI info
[0.177s] -- Detecting C compiler ABI info - done
[0.182s] -- Check for working C compiler: /usr/bin/cc - skipped
[0.182s] -- Detecting C compile features
[0.182s] -- Detecting C compile features - done
[0.185s] -- Detecting CXX compiler ABI info
[0.249s] -- Detecting CXX compiler ABI info - done
[0.254s] -- Check for working CXX compiler: /usr/bin/c++ - skipped
[0.254s] -- Detecting CXX compile features
[0.254s] -- Detecting CXX compile features - done
[0.257s] -- Found ament_cmake: 1.3.10 (/opt/ros/humble/share/ament_cmake/cmake)
[0.382s] -- Found Python3: /usr/bin/python3 (found version "3.10.12") found components: Interpreter 
[0.452s] -- Found rclcpp: 16.0.10 (/opt/ros/humble/share/rclcpp/cmake)
[0.491s] -- Found rosidl_generator_c: 3.1.5 (/opt/ros/humble/share/rosidl_generator_c/cmake)
[0.495s] -- Found rosidl_adapter: 3.1.5 (/opt/ros/humble/share/rosidl_adapter/cmake)
[0.501s] -- Found rosidl_generator_cpp: 3.1.5 (/opt/ros/humble/share/rosidl_generator_cpp/cmake)
[0.510s] -- Using all available rosidl_typesupport_c: rosidl_typesupport_fastrtps_c;rosidl_typesupport_introspection_c
[0.522s] -- Using all available rosidl_typesupport_cpp: rosidl_typesupport_fastrtps_cpp;rosidl_typesupport_introspection_cpp
[0.556s] -- Found rmw_implementation_cmake: 6.1.2 (/opt/ros/humble/share/rmw_implementation_cmake/cmake)
[0.558s] -- Found rmw_fastrtps_cpp: 6.2.7 (/opt/ros/humble/share/rmw_fastrtps_cpp/cmake)
[0.637s] -- Found OpenSSL: /usr/lib/x86_64-linux-gnu/libcrypto.so (found version "3.0.2")  
[0.664s] -- Found FastRTPS: /opt/ros/humble/include  
[0.696s] -- Using RMW implementation 'rmw_fastrtps_cpp' as default
[0.703s] -- Looking for pthread.h
[0.762s] -- Looking for pthread.h - found
[0.762s] -- Performing Test CMAKE_HAVE_LIBC_PTHREAD
[0.827s] -- Performing Test CMAKE_HAVE_LIBC_PTHREAD - Success
[0.827s] -- Found Threads: TRUE  
[0.863s] -- Found example_interfaces: 0.9.3 (/opt/ros/humble/share/example_interfaces/cmake)
[0.897s] -- Found open_manipulator_msgs: 2.2.0 (/home/dhruv/rbe500-ros/src/install/open_manipulator_msgs/share/open_manipulator_msgs/cmake)
[0.920s] -- Found ament_lint_auto: 0.12.11 (/opt/ros/humble/share/ament_lint_auto/cmake)
[0.979s] -- Added test 'cppcheck' to perform static code analysis on C / C++ code
[0.979s] -- Configured cppcheck include dirs: $<BUILD_INTERFACE:/home/dhruv/rbe500-ros/src/rbe500-example/include>;/home/dhruv/rbe500-ros/src/rbe500-example/open_manipulator_msgs/srv
[0.979s] -- Configured cppcheck exclude dirs and/or files: 
[0.980s] -- Added test 'lint_cmake' to check CMake code style
[0.980s] -- Added test 'uncrustify' to check C / C++ code style
[0.980s] -- Configured uncrustify additional arguments: 
[0.981s] -- Added test 'xmllint' to check XML markup files
[0.981s] -- Configuring done
[0.987s] -- Generating done
[0.989s] -- Build files have been written to: /home/dhruv/rbe500-ros/src/build/rbe500-example
[0.996s] Invoked command in '/home/dhruv/rbe500-ros/src/build/rbe500-example' returned '0': AMENT_PREFIX_PATH=/home/dhruv/rbe500-ros/src/install/open_manipulator_msgs:${AMENT_PREFIX_PATH} CMAKE_PREFIX_PATH=/home/dhruv/rbe500-ros/src/install/open_manipulator_msgs:/home/dhruv/rbe500-ros/install/open_manipulator:/home/dhruv/rbe500-ros/install/open_manipulator_x_controller:/home/dhruv/rbe500-ros/install/open_manipulator_x_libs:/home/dhruv/rbe500-ros/install/robotis_manipulator:/home/dhruv/rbe500-ros/install/rbe500-example:/home/dhruv/rbe500-ros/install/open_manipulator_x_description:/home/dhruv/rbe500-ros/install/open_manipulator_msgs:/home/dhruv/rbe500-ros/install/dynamixel_workbench:/home/dhruv/rbe500-ros/install/dynamixel_workbench_toolbox:/home/dhruv/rbe500-ros/install/dynamixel_sdk_examples:/home/dhruv/rbe500-ros/install/dynamixel_sdk_custom_interfaces:/home/dhruv/rbe500-ros/install/dynamixel_sdk:/home/dhruv/rbe500-ros/install/custom_interfaces:/home/dhruv/rbe500-ros/install/cmake_modules:/home/dhruv/rbe500-ros/install/rbe500_example_py:/home/dhruv/rbe500-ros/install/grp_assn_1:/opt/ros/humble LD_LIBRARY_PATH=/home/dhruv/rbe500-ros/src/install/open_manipulator_msgs/lib:${LD_LIBRARY_PATH} PYTHONPATH=/home/dhruv/rbe500-ros/src/install/open_manipulator_msgs/local/lib/python3.10/dist-packages:${PYTHONPATH} /usr/bin/cmake /home/dhruv/rbe500-ros/src/rbe500-example -DCMAKE_INSTALL_PREFIX=/home/dhruv/rbe500-ros/src/install/rbe500-example
[0.997s] Invoking command in '/home/dhruv/rbe500-ros/src/build/rbe500-example': AMENT_PREFIX_PATH=/home/dhruv/rbe500-ros/src/install/open_manipulator_msgs:${AMENT_PREFIX_PATH} CMAKE_PREFIX_PATH=/home/dhruv/rbe500-ros/src/install/open_manipulator_msgs:/home/dhruv/rbe500-ros/install/open_manipulator:/home/dhruv/rbe500-ros/install/open_manipulator_x_controller:/home/dhruv/rbe500-ros/install/open_manipulator_x_libs:/home/dhruv/rbe500-ros/install/robotis_manipulator:/home/dhruv/rbe500-ros/install/rbe500-example:/home/dhruv/rbe500-ros/install/open_manipulator_x_description:/home/dhruv/rbe500-ros/install/open_manipulator_msgs:/home/dhruv/rbe500-ros/install/dynamixel_workbench:/home/dhruv/rbe500-ros/install/dynamixel_workbench_toolbox:/home/dhruv/rbe500-ros/install/dynamixel_sdk_examples:/home/dhruv/rbe500-ros/install/dynamixel_sdk_custom_interfaces:/home/dhruv/rbe500-ros/install/dynamixel_sdk:/home/dhruv/rbe500-ros/install/custom_interfaces:/home/dhruv/rbe500-ros/install/cmake_modules:/home/dhruv/rbe500-ros/install/rbe500_example_py:/home/dhruv/rbe500-ros/install/grp_assn_1:/opt/ros/humble LD_LIBRARY_PATH=/home/dhruv/rbe500-ros/src/install/open_manipulator_msgs/lib:${LD_LIBRARY_PATH} PYTHONPATH=/home/dhruv/rbe500-ros/src/install/open_manipulator_msgs/local/lib/python3.10/dist-packages:${PYTHONPATH} /usr/bin/cmake --build /home/dhruv/rbe500-ros/src/build/rbe500-example -- -j32 -l32
[1.042s] [ 50%] [32mBuilding CXX object CMakeFiles/basic_robot_control.dir/src/basic_robot_control.cpp.o[0m
[3.098s] [100%] [32m[1mLinking CXX executable basic_robot_control[0m
[3.216s] [100%] Built target basic_robot_control
[3.226s] Invoked command in '/home/dhruv/rbe500-ros/src/build/rbe500-example' returned '0': AMENT_PREFIX_PATH=/home/dhruv/rbe500-ros/src/install/open_manipulator_msgs:${AMENT_PREFIX_PATH} CMAKE_PREFIX_PATH=/home/dhruv/rbe500-ros/src/install/open_manipulator_msgs:/home/dhruv/rbe500-ros/install/open_manipulator:/home/dhruv/rbe500-ros/install/open_manipulator_x_controller:/home/dhruv/rbe500-ros/install/open_manipulator_x_libs:/home/dhruv/rbe500-ros/install/robotis_manipulator:/home/dhruv/rbe500-ros/install/rbe500-example:/home/dhruv/rbe500-ros/install/open_manipulator_x_description:/home/dhruv/rbe500-ros/install/open_manipulator_msgs:/home/dhruv/rbe500-ros/install/dynamixel_workbench:/home/dhruv/rbe500-ros/install/dynamixel_workbench_toolbox:/home/dhruv/rbe500-ros/install/dynamixel_sdk_examples:/home/dhruv/rbe500-ros/install/dynamixel_sdk_custom_interfaces:/home/dhruv/rbe500-ros/install/dynamixel_sdk:/home/dhruv/rbe500-ros/install/custom_interfaces:/home/dhruv/rbe500-ros/install/cmake_modules:/home/dhruv/rbe500-ros/install/rbe500_example_py:/home/dhruv/rbe500-ros/install/grp_assn_1:/opt/ros/humble LD_LIBRARY_PATH=/home/dhruv/rbe500-ros/src/install/open_manipulator_msgs/lib:${LD_LIBRARY_PATH} PYTHONPATH=/home/dhruv/rbe500-ros/src/install/open_manipulator_msgs/local/lib/python3.10/dist-packages:${PYTHONPATH} /usr/bin/cmake --build /home/dhruv/rbe500-ros/src/build/rbe500-example -- -j32 -l32
[3.252s] Invoking command in '/home/dhruv/rbe500-ros/src/build/rbe500-example': AMENT_PREFIX_PATH=/home/dhruv/rbe500-ros/src/install/open_manipulator_msgs:${AMENT_PREFIX_PATH} CMAKE_PREFIX_PATH=/home/dhruv/rbe500-ros/src/install/open_manipulator_msgs:/home/dhruv/rbe500-ros/install/open_manipulator:/home/dhruv/rbe500-ros/install/open_manipulator_x_controller:/home/dhruv/rbe500-ros/install/open_manipulator_x_libs:/home/dhruv/rbe500-ros/install/robotis_manipulator:/home/dhruv/rbe500-ros/install/rbe500-example:/home/dhruv/rbe500-ros/install/open_manipulator_x_description:/home/dhruv/rbe500-ros/install/open_manipulator_msgs:/home/dhruv/rbe500-ros/install/dynamixel_workbench:/home/dhruv/rbe500-ros/install/dynamixel_workbench_toolbox:/home/dhruv/rbe500-ros/install/dynamixel_sdk_examples:/home/dhruv/rbe500-ros/install/dynamixel_sdk_custom_interfaces:/home/dhruv/rbe500-ros/install/dynamixel_sdk:/home/dhruv/rbe500-ros/install/custom_interfaces:/home/dhruv/rbe500-ros/install/cmake_modules:/home/dhruv/rbe500-ros/install/rbe500_example_py:/home/dhruv/rbe500-ros/install/grp_assn_1:/opt/ros/humble LD_LIBRARY_PATH=/home/dhruv/rbe500-ros/src/install/open_manipulator_msgs/lib:${LD_LIBRARY_PATH} PYTHONPATH=/home/dhruv/rbe500-ros/src/install/open_manipulator_msgs/local/lib/python3.10/dist-packages:${PYTHONPATH} /usr/bin/cmake --install /home/dhruv/rbe500-ros/src/build/rbe500-example
[3.257s] -- Install configuration: ""
[3.257s] -- Installing: /home/dhruv/rbe500-ros/src/install/rbe500-example/lib/rbe500-example/basic_robot_control
[3.258s] -- Set runtime path of "/home/dhruv/rbe500-ros/src/install/rbe500-example/lib/rbe500-example/basic_robot_control" to ""
[3.258s] -- Installing: /home/dhruv/rbe500-ros/src/install/rbe500-example/share/ament_index/resource_index/package_run_dependencies/rbe500-example
[3.258s] -- Installing: /home/dhruv/rbe500-ros/src/install/rbe500-example/share/ament_index/resource_index/parent_prefix_path/rbe500-example
[3.258s] -- Installing: /home/dhruv/rbe500-ros/src/install/rbe500-example/share/rbe500-example/environment/ament_prefix_path.sh
[3.258s] -- Installing: /home/dhruv/rbe500-ros/src/install/rbe500-example/share/rbe500-example/environment/ament_prefix_path.dsv
[3.258s] -- Installing: /home/dhruv/rbe500-ros/src/install/rbe500-example/share/rbe500-example/environment/path.sh
[3.258s] -- Installing: /home/dhruv/rbe500-ros/src/install/rbe500-example/share/rbe500-example/environment/path.dsv
[3.258s] -- Installing: /home/dhruv/rbe500-ros/src/install/rbe500-example/share/rbe500-example/local_setup.bash
[3.258s] -- Installing: /home/dhruv/rbe500-ros/src/install/rbe500-example/share/rbe500-example/local_setup.sh
[3.259s] -- Installing: /home/dhruv/rbe500-ros/src/install/rbe500-example/share/rbe500-example/local_setup.zsh
[3.259s] -- Installing: /home/dhruv/rbe500-ros/src/install/rbe500-example/share/rbe500-example/local_setup.dsv
[3.259s] -- Installing: /home/dhruv/rbe500-ros/src/install/rbe500-example/share/rbe500-example/package.dsv
[3.259s] -- Installing: /home/dhruv/rbe500-ros/src/install/rbe500-example/share/ament_index/resource_index/packages/rbe500-example
[3.259s] -- Installing: /home/dhruv/rbe500-ros/src/install/rbe500-example/share/rbe500-example/cmake/rbe500-exampleConfig.cmake
[3.259s] -- Installing: /home/dhruv/rbe500-ros/src/install/rbe500-example/share/rbe500-example/cmake/rbe500-exampleConfig-version.cmake
[3.260s] -- Installing: /home/dhruv/rbe500-ros/src/install/rbe500-example/share/rbe500-example/package.xml
[3.261s] Invoked command in '/home/dhruv/rbe500-ros/src/build/rbe500-example' returned '0': AMENT_PREFIX_PATH=/home/dhruv/rbe500-ros/src/install/open_manipulator_msgs:${AMENT_PREFIX_PATH} CMAKE_PREFIX_PATH=/home/dhruv/rbe500-ros/src/install/open_manipulator_msgs:/home/dhruv/rbe500-ros/install/open_manipulator:/home/dhruv/rbe500-ros/install/open_manipulator_x_controller:/home/dhruv/rbe500-ros/install/open_manipulator_x_libs:/home/dhruv/rbe500-ros/install/robotis_manipulator:/home/dhruv/rbe500-ros/install/rbe500-example:/home/dhruv/rbe500-ros/install/open_manipulator_x_description:/home/dhruv/rbe500-ros/install/open_manipulator_msgs:/home/dhruv/rbe500-ros/install/dynamixel_workbench:/home/dhruv/rbe500-ros/install/dynamixel_workbench_toolbox:/home/dhruv/rbe500-ros/install/dynamixel_sdk_examples:/home/dhruv/rbe500-ros/install/dynamixel_sdk_custom_interfaces:/home/dhruv/rbe500-ros/install/dynamixel_sdk:/home/dhruv/rbe500-ros/install/custom_interfaces:/home/dhruv/rbe500-ros/install/cmake_modules:/home/dhruv/rbe500-ros/install/rbe500_example_py:/home/dhruv/rbe500-ros/install/grp_assn_1:/opt/ros/humble LD_LIBRARY_PATH=/home/dhruv/rbe500-ros/src/install/open_manipulator_msgs/lib:${LD_LIBRARY_PATH} PYTHONPATH=/home/dhruv/rbe500-ros/src/install/open_manipulator_msgs/local/lib/python3.10/dist-packages:${PYTHONPATH} /usr/bin/cmake --install /home/dhruv/rbe500-ros/src/build/rbe500-example
